Config: 
 {
  "model_name": "dsc_cifar_100p_data_100p_params",
  "num_classes": 10,
  "in_features": 1024,
  "epochs": 100,
  "batch_size": 32,
  "lr": 0.01,
  "lr_decay": false,
  "train_p": 90.0,
  "test_p": 100,
  "dnn_config": {
    "layers": [
      150,
      100,
      10
    ]
  },
  "early_stopping": true,
  "patience": 5,
  "valid_p": 10.0,
  "optimizer": "adam"
} 

CIFAR-10 Dataset:
Training on 45000 samples (90.0% of 50000) 
Valid on 5000 samples (10.0% of 50000)
Test on 10000 samples (100% of 10000)

Files already downloaded and verified
Files already downloaded and verified
Running test for every 1 epoch
Model: 

LinearClassifierDSC(
  (layers): ModuleList(
    (0): Linear(in_features=1024, out_features=150, bias=True)
    (1): Linear(in_features=1174, out_features=100, bias=True)
    (2): Linear(in_features=1274, out_features=10, bias=True)
  )
  (relu_activation): ReLU()
  (softmax_activation): LogSoftmax()
)


Summary: 

----------------------------------------------------------------
        Layer (type)               Output Shape         Param #
================================================================
            Linear-1                  [-1, 150]         153,750
              ReLU-2                  [-1, 150]               0
            Linear-3                  [-1, 100]         117,500
              ReLU-4                  [-1, 100]               0
            Linear-5                   [-1, 10]          12,750
            Linear-6                   [-1, 10]          12,750
        LogSoftmax-7                   [-1, 10]               0
================================================================
Total params: 296,750
Trainable params: 296,750
Non-trainable params: 0
----------------------------------------------------------------
Input size (MB): 0.00
Forward/backward pass size (MB): 0.00
Params size (MB): 1.13
Estimated Total Size (MB): 1.14
----------------------------------------------------------------


Train Epoch: 1 | Loss: 2.101033 | Acc: 0.3038| MSE: 0.0848 || V Loss: 1.8425| V Acc: 0.3591| V MSE: 0.0785| CS: ({'0': 0.46, '1': 0.56, '2': 0.51, '3': 0.4, '4': 0.33, '5': 0.59, '6': 0.39, '7': 0.55, '8': 0.51, '9': 0.53}, 0.48)
Test | NLL Loss: 1.848959 | Acc: 0.3630 | MSE: 0.07852635469537574| CS: ({'0': 0.47, '1': 0.57, '2': 0.51, '3': 0.41, '4': 0.33, '5': 0.62, '6': 0.37, '7': 0.51, '8': 0.49, '9': 0.55}, 0.48)
Train Epoch: 2 | Loss: 1.737903 | Acc: 0.3911| MSE: 0.0748 || V Loss: 1.7031| V Acc: 0.4059| V MSE: 0.0733| CS: ({'0': 0.44, '1': 0.59, '2': 0.39, '3': 0.45, '4': 0.32, '5': 0.48, '6': 0.41, '7': 0.59, '8': 0.6, '9': 0.57}, 0.48)
Test | NLL Loss: 1.711874 | Acc: 0.4010 | MSE: 0.07377421108488076| CS: ({'0': 0.44, '1': 0.59, '2': 0.41, '3': 0.41, '4': 0.34, '5': 0.5, '6': 0.4, '7': 0.56, '8': 0.6, '9': 0.58}, 0.48)
Train Epoch: 3 | Loss: 1.635221 | Acc: 0.4239| MSE: 0.0714 || V Loss: 1.6549| V Acc: 0.4150| V MSE: 0.0721| CS: ({'0': 0.57, '1': 0.62, '2': 0.42, '3': 0.4, '4': 0.33, '5': 0.52, '6': 0.51, '7': 0.67, '8': 0.52, '9': 0.56}, 0.51)
Test | NLL Loss: 1.678906 | Acc: 0.4085 | MSE: 0.07283249252234784| CS: ({'0': 0.57, '1': 0.61, '2': 0.41, '3': 0.39, '4': 0.34, '5': 0.55, '6': 0.5, '7': 0.62, '8': 0.52, '9': 0.59}, 0.51)
Train Epoch: 4 | Loss: 1.564397 | Acc: 0.4492| MSE: 0.0690 || V Loss: 1.6275| V Acc: 0.4329| V MSE: 0.0708| CS: ({'0': 0.59, '1': 0.63, '2': 0.48, '3': 0.4, '4': 0.39, '5': 0.51, '6': 0.5, '7': 0.66, '8': 0.58, '9': 0.55}, 0.53)
Test | NLL Loss: 1.639466 | Acc: 0.4264 | MSE: 0.07136782538443327| CS: ({'0': 0.61, '1': 0.64, '2': 0.49, '3': 0.4, '4': 0.39, '5': 0.52, '6': 0.5, '7': 0.65, '8': 0.58, '9': 0.58}, 0.54)
Train Epoch: 5 | Loss: 1.504047 | Acc: 0.4722| MSE: 0.0667 || V Loss: 1.5948| V Acc: 0.4498| V MSE: 0.0693| CS: ({'0': 0.58, '1': 0.68, '2': 0.47, '3': 0.46, '4': 0.4, '5': 0.48, '6': 0.5, '7': 0.66, '8': 0.58, '9': 0.61}, 0.54)
Test | NLL Loss: 1.617293 | Acc: 0.4323 | MSE: 0.07062591377871867| CS: ({'0': 0.57, '1': 0.68, '2': 0.47, '3': 0.43, '4': 0.39, '5': 0.5, '6': 0.52, '7': 0.66, '8': 0.58, '9': 0.62}, 0.54)
Train Epoch: 6 | Loss: 1.454689 | Acc: 0.4871| MSE: 0.0649 || V Loss: 1.5807| V Acc: 0.4506| V MSE: 0.0690| CS: ({'0': 0.57, '1': 0.67, '2': 0.49, '3': 0.44, '4': 0.42, '5': 0.52, '6': 0.56, '7': 0.7, '8': 0.58, '9': 0.61}, 0.56)
Test | NLL Loss: 1.591861 | Acc: 0.4459 | MSE: 0.06946763639061596| CS: ({'0': 0.57, '1': 0.66, '2': 0.48, '3': 0.42, '4': 0.42, '5': 0.57, '6': 0.55, '7': 0.67, '8': 0.57, '9': 0.63}, 0.55)
Train Epoch: 7 | Loss: 1.403954 | Acc: 0.5058| MSE: 0.0631 || V Loss: 1.6104| V Acc: 0.4445| V MSE: 0.0700| CS: ({'0': 0.62, '1': 0.71, '2': 0.54, '3': 0.46, '4': 0.44, '5': 0.54, '6': 0.6, '7': 0.68, '8': 0.64, '9': 0.59}, 0.58)
Test | NLL Loss: 1.625937 | Acc: 0.4346 | MSE: 0.07070793643498573| CS: ({'0': 0.62, '1': 0.69, '2': 0.55, '3': 0.46, '4': 0.45, '5': 0.56, '6': 0.61, '7': 0.69, '8': 0.63, '9': 0.61}, 0.59)
Train Epoch: 8 | Loss: 1.361023 | Acc: 0.5209| MSE: 0.0613 || V Loss: 1.5893| V Acc: 0.4590| V MSE: 0.0689| CS: ({'0': 0.65, '1': 0.7, '2': 0.48, '3': 0.44, '4': 0.47, '5': 0.55, '6': 0.61, '7': 0.72, '8': 0.62, '9': 0.63}, 0.59)
Test | NLL Loss: 1.626647 | Acc: 0.4368 | MSE: 0.07082776125437154| CS: ({'0': 0.65, '1': 0.69, '2': 0.49, '3': 0.43, '4': 0.46, '5': 0.54, '6': 0.6, '7': 0.71, '8': 0.62, '9': 0.65}, 0.58)
Train Epoch: 9 | Loss: 1.314870 | Acc: 0.5344| MSE: 0.0596 || V Loss: 1.5982| V Acc: 0.4496| V MSE: 0.0691| CS: ({'0': 0.66, '1': 0.74, '2': 0.49, '3': 0.46, '4': 0.47, '5': 0.55, '6': 0.57, '7': 0.71, '8': 0.63, '9': 0.63}, 0.59)
Test | NLL Loss: 1.640254 | Acc: 0.4415 | MSE: 0.07062338328304382| CS: ({'0': 0.66, '1': 0.71, '2': 0.5, '3': 0.43, '4': 0.45, '5': 0.56, '6': 0.57, '7': 0.72, '8': 0.63, '9': 0.64}, 0.59)
Train Epoch: 10 | Loss: 1.276449 | Acc: 0.5494| MSE: 0.0580 || V Loss: 1.6312| V Acc: 0.4429| V MSE: 0.0701| CS: ({'0': 0.64, '1': 0.69, '2': 0.55, '3': 0.48, '4': 0.5, '5': 0.56, '6': 0.6, '7': 0.74, '8': 0.64, '9': 0.61}, 0.6)
Test | NLL Loss: 1.668192 | Acc: 0.4351 | MSE: 0.0714619101498264| CS: ({'0': 0.66, '1': 0.69, '2': 0.54, '3': 0.47, '4': 0.5, '5': 0.57, '6': 0.6, '7': 0.72, '8': 0.65, '9': 0.63}, 0.6)
Train Epoch: 11 | Loss: 1.242031 | Acc: 0.5651| MSE: 0.0565 || V Loss: 1.6348| V Acc: 0.4508| V MSE: 0.0701| CS: ({'0': 0.66, '1': 0.7, '2': 0.54, '3': 0.47, '4': 0.41, '5': 0.58, '6': 0.63, '7': 0.71, '8': 0.65, '9': 0.69}, 0.6)
Test | NLL Loss: 1.660931 | Acc: 0.4388 | MSE: 0.07139920396879078| CS: ({'0': 0.66, '1': 0.7, '2': 0.53, '3': 0.46, '4': 0.44, '5': 0.59, '6': 0.64, '7': 0.71, '8': 0.65, '9': 0.69}, 0.61)
Train Epoch: 12 | Loss: 1.208469 | Acc: 0.5747| MSE: 0.0553 || V Loss: 1.6269| V Acc: 0.4560| V MSE: 0.0697| CS: ({'0': 0.65, '1': 0.7, '2': 0.56, '3': 0.47, '4': 0.47, '5': 0.57, '6': 0.63, '7': 0.76, '8': 0.68, '9': 0.66}, 0.61)
Test | NLL Loss: 1.672465 | Acc: 0.4374 | MSE: 0.07163856197565127| CS: ({'0': 0.65, '1': 0.69, '2': 0.57, '3': 0.49, '4': 0.47, '5': 0.58, '6': 0.62, '7': 0.74, '8': 0.68, '9': 0.65}, 0.61)
Train Epoch: 13 | Loss: 1.174260 | Acc: 0.5878| MSE: 0.0537 || V Loss: 1.6812| V Acc: 0.4482| V MSE: 0.0712| CS: ({'0': 0.7, '1': 0.72, '2': 0.6, '3': 0.47, '4': 0.53, '5': 0.59, '6': 0.67, '7': 0.77, '8': 0.68, '9': 0.67}, 0.64)
Test | NLL Loss: 1.714589 | Acc: 0.4446 | MSE: 0.07209821138233423| CS: ({'0': 0.7, '1': 0.71, '2': 0.6, '3': 0.46, '4': 0.52, '5': 0.62, '6': 0.67, '7': 0.75, '8': 0.67, '9': 0.68}, 0.64)
Train Epoch: 14 | Loss: 1.147234 | Acc: 0.5975| MSE: 0.0527 || V Loss: 1.6944| V Acc: 0.4510| V MSE: 0.0710| CS: ({'0': 0.66, '1': 0.76, '2': 0.55, '3': 0.48, '4': 0.52, '5': 0.63, '6': 0.66, '7': 0.76, '8': 0.69, '9': 0.65}, 0.64)
Test | NLL Loss: 1.751937 | Acc: 0.4326 | MSE: 0.07333668645102376| CS: ({'0': 0.66, '1': 0.74, '2': 0.56, '3': 0.5, '4': 0.51, '5': 0.64, '6': 0.63, '7': 0.75, '8': 0.68, '9': 0.66}, 0.63)
Train Epoch: 15 | Loss: 1.116632 | Acc: 0.6075| MSE: 0.0515 || V Loss: 1.7174| V Acc: 0.4518| V MSE: 0.0714| CS: ({'0': 0.7, '1': 0.75, '2': 0.57, '3': 0.5, '4': 0.49, '5': 0.58, '6': 0.7, '7': 0.76, '8': 0.72, '9': 0.69}, 0.65)
Test | NLL Loss: 1.750981 | Acc: 0.4297 | MSE: 0.07321433632518537| CS: ({'0': 0.69, '1': 0.74, '2': 0.58, '3': 0.49, '4': 0.5, '5': 0.59, '6': 0.69, '7': 0.75, '8': 0.71, '9': 0.72}, 0.65)
Train Epoch: 16 | Loss: 1.087335 | Acc: 0.6194| MSE: 0.0502 || V Loss: 1.7512| V Acc: 0.4496| V MSE: 0.0725| CS: ({'0': 0.67, '1': 0.78, '2': 0.63, '3': 0.49, '4': 0.58, '5': 0.62, '6': 0.69, '7': 0.76, '8': 0.69, '9': 0.68}, 0.66)
Test | NLL Loss: 1.821104 | Acc: 0.4292 | MSE: 0.07493836712389708| CS: ({'0': 0.69, '1': 0.76, '2': 0.62, '3': 0.5, '4': 0.56, '5': 0.65, '6': 0.7, '7': 0.76, '8': 0.68, '9': 0.7}, 0.66)
Train Epoch: 17 | Loss: 1.061992 | Acc: 0.6252| MSE: 0.0492 || V Loss: 1.7709| V Acc: 0.4441| V MSE: 0.0729| CS: ({'0': 0.7, '1': 0.76, '2': 0.57, '3': 0.54, '4': 0.58, '5': 0.59, '6': 0.71, '7': 0.79, '8': 0.72, '9': 0.72}, 0.67)
Test | NLL Loss: 1.846837 | Acc: 0.4242 | MSE: 0.07517264965481271| CS: ({'0': 0.7, '1': 0.77, '2': 0.59, '3': 0.54, '4': 0.56, '5': 0.61, '6': 0.7, '7': 0.79, '8': 0.74, '9': 0.73}, 0.67)
Train Epoch: 18 | Loss: 1.037907 | Acc: 0.6359| MSE: 0.0482 || V Loss: 1.8178| V Acc: 0.4407| V MSE: 0.0733| CS: ({'0': 0.73, '1': 0.77, '2': 0.62, '3': 0.54, '4': 0.57, '5': 0.6, '6': 0.66, '7': 0.8, '8': 0.76, '9': 0.69}, 0.67)
Test | NLL Loss: 1.861574 | Acc: 0.4289 | MSE: 0.07489806823075389| CS: ({'0': 0.74, '1': 0.77, '2': 0.62, '3': 0.53, '4': 0.55, '5': 0.61, '6': 0.67, '7': 0.77, '8': 0.77, '9': 0.7}, 0.67)
Train Epoch: 19 | Loss: 1.017370 | Acc: 0.6401| MSE: 0.0473 || V Loss: 1.8365| V Acc: 0.4411| V MSE: 0.0739| CS: ({'0': 0.74, '1': 0.75, '2': 0.63, '3': 0.54, '4': 0.56, '5': 0.61, '6': 0.7, '7': 0.81, '8': 0.75, '9': 0.73}, 0.68)
Test | NLL Loss: 1.863886 | Acc: 0.4287 | MSE: 0.07503645961134198| CS: ({'0': 0.75, '1': 0.74, '2': 0.64, '3': 0.52, '4': 0.56, '5': 0.63, '6': 0.69, '7': 0.81, '8': 0.76, '9': 0.73}, 0.68)
Train Epoch: 20 | Loss: 0.991757 | Acc: 0.6533| MSE: 0.0463 || V Loss: 1.8637| V Acc: 0.4457| V MSE: 0.0740| CS: ({'0': 0.7, '1': 0.77, '2': 0.64, '3': 0.55, '4': 0.57, '5': 0.63, '6': 0.71, '7': 0.8, '8': 0.77, '9': 0.72}, 0.69)
Test | NLL Loss: 1.903751 | Acc: 0.4269 | MSE: 0.07571107666856183| CS: ({'0': 0.73, '1': 0.75, '2': 0.65, '3': 0.53, '4': 0.59, '5': 0.64, '6': 0.72, '7': 0.8, '8': 0.79, '9': 0.73}, 0.69)
Train Epoch: 21 | Loss: 0.974293 | Acc: 0.6607| MSE: 0.0453 || V Loss: 1.8787| V Acc: 0.4465| V MSE: 0.0745| CS: ({'0': 0.72, '1': 0.78, '2': 0.63, '3': 0.57, '4': 0.62, '5': 0.62, '6': 0.7, '7': 0.83, '8': 0.77, '9': 0.74}, 0.7)
Test | NLL Loss: 1.944840 | Acc: 0.4258 | MSE: 0.07637942419313014| CS: ({'0': 0.74, '1': 0.77, '2': 0.63, '3': 0.56, '4': 0.61, '5': 0.64, '6': 0.7, '7': 0.81, '8': 0.77, '9': 0.74}, 0.7)
Train Epoch: 22 | Loss: 0.955781 | Acc: 0.6643| MSE: 0.0448 || V Loss: 1.8987| V Acc: 0.4397| V MSE: 0.0752| CS: ({'0': 0.74, '1': 0.81, '2': 0.66, '3': 0.55, '4': 0.6, '5': 0.64, '6': 0.68, '7': 0.81, '8': 0.73, '9': 0.75}, 0.7)
Test | NLL Loss: 1.956555 | Acc: 0.4222 | MSE: 0.07685195674863868| CS: ({'0': 0.75, '1': 0.8, '2': 0.68, '3': 0.55, '4': 0.58, '5': 0.66, '6': 0.69, '7': 0.8, '8': 0.74, '9': 0.75}, 0.7)
Train Epoch: 23 | Loss: 0.931036 | Acc: 0.6729| MSE: 0.0436 || V Loss: 1.9443| V Acc: 0.4494| V MSE: 0.0749| CS: ({'0': 0.76, '1': 0.79, '2': 0.65, '3': 0.58, '4': 0.63, '5': 0.63, '6': 0.7, '7': 0.82, '8': 0.76, '9': 0.73}, 0.71)
Test | NLL Loss: 2.014611 | Acc: 0.4249 | MSE: 0.07755901193180785| CS: ({'0': 0.78, '1': 0.77, '2': 0.66, '3': 0.55, '4': 0.61, '5': 0.64, '6': 0.71, '7': 0.81, '8': 0.79, '9': 0.77}, 0.71)
Train Epoch: 24 | Loss: 0.912960 | Acc: 0.6799| MSE: 0.0429 || V Loss: 1.9735| V Acc: 0.4403| V MSE: 0.0761| CS: ({'0': 0.75, '1': 0.78, '2': 0.63, '3': 0.54, '4': 0.64, '5': 0.64, '6': 0.75, '7': 0.81, '8': 0.75, '9': 0.76}, 0.7)
Test | NLL Loss: 2.012997 | Acc: 0.4228 | MSE: 0.07748868454473849| CS: ({'0': 0.75, '1': 0.78, '2': 0.65, '3': 0.55, '4': 0.63, '5': 0.64, '6': 0.73, '7': 0.82, '8': 0.78, '9': 0.77}, 0.71)
Train Epoch: 25 | Loss: 0.893560 | Acc: 0.6888| MSE: 0.0419 || V Loss: 1.9813| V Acc: 0.4349| V MSE: 0.0759| CS: ({'0': 0.75, '1': 0.82, '2': 0.67, '3': 0.58, '4': 0.64, '5': 0.66, '6': 0.71, '7': 0.82, '8': 0.74, '9': 0.74}, 0.71)
Test | NLL Loss: 2.075875 | Acc: 0.4155 | MSE: 0.07887763793047625| CS: ({'0': 0.76, '1': 0.8, '2': 0.67, '3': 0.58, '4': 0.63, '5': 0.66, '6': 0.71, '7': 0.82, '8': 0.75, '9': 0.76}, 0.71)
Train Epoch: 26 | Loss: 0.880371 | Acc: 0.6917| MSE: 0.0414 || V Loss: 2.0441| V Acc: 0.4395| V MSE: 0.0768| CS: ({'0': 0.74, '1': 0.83, '2': 0.63, '3': 0.62, '4': 0.62, '5': 0.67, '6': 0.76, '7': 0.83, '8': 0.76, '9': 0.75}, 0.72)
Test | NLL Loss: 2.104482 | Acc: 0.4251 | MSE: 0.07864086909558826| CS: ({'0': 0.76, '1': 0.83, '2': 0.64, '3': 0.59, '4': 0.6, '5': 0.69, '6': 0.75, '7': 0.83, '8': 0.78, '9': 0.75}, 0.72)
Train Epoch: 27 | Loss: 0.861572 | Acc: 0.7008| MSE: 0.0406 || V Loss: 2.0626| V Acc: 0.4323| V MSE: 0.0775| CS: ({'0': 0.73, '1': 0.83, '2': 0.71, '3': 0.57, '4': 0.67, '5': 0.65, '6': 0.72, '7': 0.82, '8': 0.74, '9': 0.74}, 0.72)
Test | NLL Loss: 2.123946 | Acc: 0.4147 | MSE: 0.07966562459310784| CS: ({'0': 0.74, '1': 0.8, '2': 0.71, '3': 0.57, '4': 0.62, '5': 0.65, '6': 0.71, '7': 0.82, '8': 0.77, '9': 0.76}, 0.71)
Train Epoch: 28 | Loss: 0.849543 | Acc: 0.7034| MSE: 0.0402 || V Loss: 2.1095| V Acc: 0.4287| V MSE: 0.0783| CS: ({'0': 0.78, '1': 0.83, '2': 0.69, '3': 0.62, '4': 0.68, '5': 0.67, '6': 0.75, '7': 0.85, '8': 0.78, '9': 0.78}, 0.74)
Test | NLL Loss: 2.190642 | Acc: 0.4186 | MSE: 0.0803317030588278| CS: ({'0': 0.81, '1': 0.82, '2': 0.67, '3': 0.59, '4': 0.66, '5': 0.68, '6': 0.77, '7': 0.83, '8': 0.79, '9': 0.77}, 0.74)
Train Epoch: 29 | Loss: 0.834100 | Acc: 0.7087| MSE: 0.0394 || V Loss: 2.1134| V Acc: 0.4391| V MSE: 0.0772| CS: ({'0': 0.78, '1': 0.82, '2': 0.67, '3': 0.63, '4': 0.67, '5': 0.67, '6': 0.74, '7': 0.82, '8': 0.82, '9': 0.76}, 0.74)
Test | NLL Loss: 2.193394 | Acc: 0.4188 | MSE: 0.08041135540690285| CS: ({'0': 0.77, '1': 0.82, '2': 0.69, '3': 0.57, '4': 0.64, '5': 0.69, '6': 0.75, '7': 0.83, '8': 0.82, '9': 0.77}, 0.73)
Train Epoch: 30 | Loss: 0.818653 | Acc: 0.7139| MSE: 0.0387 || V Loss: 2.1315| V Acc: 0.4373| V MSE: 0.0780| CS: ({'0': 0.75, '1': 0.83, '2': 0.7, '3': 0.59, '4': 0.67, '5': 0.65, '6': 0.77, '7': 0.84, '8': 0.81, '9': 0.79}, 0.74)
Test | NLL Loss: 2.228733 | Acc: 0.4158 | MSE: 0.08092349423720432| CS: ({'0': 0.77, '1': 0.8, '2': 0.71, '3': 0.58, '4': 0.65, '5': 0.67, '6': 0.76, '7': 0.85, '8': 0.82, '9': 0.78}, 0.74)
Train Epoch: 31 | Loss: 0.806409 | Acc: 0.7177| MSE: 0.0383 || V Loss: 2.2454| V Acc: 0.4250| V MSE: 0.0798| CS: ({'0': 0.78, '1': 0.84, '2': 0.69, '3': 0.62, '4': 0.65, '5': 0.71, '6': 0.74, '7': 0.85, '8': 0.82, '9': 0.77}, 0.75)
Test | NLL Loss: 2.298125 | Acc: 0.4090 | MSE: 0.08232047709936913| CS: ({'0': 0.8, '1': 0.83, '2': 0.71, '3': 0.56, '4': 0.63, '5': 0.71, '6': 0.77, '7': 0.85, '8': 0.82, '9': 0.78}, 0.75)
Train Epoch: 32 | Loss: 0.791947 | Acc: 0.7229| MSE: 0.0375 || V Loss: 2.2533| V Acc: 0.4277| V MSE: 0.0798| CS: ({'0': 0.81, '1': 0.84, '2': 0.7, '3': 0.64, '4': 0.65, '5': 0.67, '6': 0.76, '7': 0.84, '8': 0.78, '9': 0.78}, 0.75)
Test | NLL Loss: 2.331738 | Acc: 0.4126 | MSE: 0.08234418687014915| CS: ({'0': 0.8, '1': 0.84, '2': 0.73, '3': 0.62, '4': 0.64, '5': 0.67, '6': 0.76, '7': 0.86, '8': 0.8, '9': 0.79}, 0.75)
Train Epoch: 33 | Loss: 0.776141 | Acc: 0.7281| MSE: 0.0369 || V Loss: 2.2685| V Acc: 0.4359| V MSE: 0.0798| CS: ({'0': 0.78, '1': 0.86, '2': 0.67, '3': 0.64, '4': 0.67, '5': 0.65, '6': 0.77, '7': 0.84, '8': 0.81, '9': 0.79}, 0.75)
Test | NLL Loss: 2.319595 | Acc: 0.4198 | MSE: 0.08175576694857198| CS: ({'0': 0.8, '1': 0.83, '2': 0.69, '3': 0.64, '4': 0.65, '5': 0.67, '6': 0.77, '7': 0.84, '8': 0.82, '9': 0.8}, 0.75)
Train Epoch: 34 | Loss: 0.764443 | Acc: 0.7348| MSE: 0.0363 || V Loss: 2.2871| V Acc: 0.4319| V MSE: 0.0798| CS: ({'0': 0.79, '1': 0.83, '2': 0.72, '3': 0.61, '4': 0.69, '5': 0.71, '6': 0.78, '7': 0.83, '8': 0.8, '9': 0.77}, 0.75)
Test | NLL Loss: 2.336586 | Acc: 0.4192 | MSE: 0.08202387868596342| CS: ({'0': 0.81, '1': 0.82, '2': 0.73, '3': 0.6, '4': 0.66, '5': 0.7, '6': 0.78, '7': 0.84, '8': 0.81, '9': 0.78}, 0.75)
Train Epoch: 35 | Loss: 0.751139 | Acc: 0.7376| MSE: 0.0358 || V Loss: 2.3380| V Acc: 0.4301| V MSE: 0.0814| CS: ({'0': 0.79, '1': 0.85, '2': 0.72, '3': 0.59, '4': 0.68, '5': 0.68, '6': 0.77, '7': 0.83, '8': 0.82, '9': 0.78}, 0.75)
Test | NLL Loss: 2.384624 | Acc: 0.4138 | MSE: 0.08303594583282456| CS: ({'0': 0.77, '1': 0.83, '2': 0.75, '3': 0.59, '4': 0.66, '5': 0.69, '6': 0.78, '7': 0.84, '8': 0.84, '9': 0.81}, 0.76)
Train Epoch: 36 | Loss: 0.740178 | Acc: 0.7424| MSE: 0.0353 || V Loss: 2.3492| V Acc: 0.4208| V MSE: 0.0817| CS: ({'0': 0.76, '1': 0.85, '2': 0.73, '3': 0.63, '4': 0.71, '5': 0.71, '6': 0.8, '7': 0.85, '8': 0.81, '9': 0.8}, 0.76)
Test | NLL Loss: 2.431967 | Acc: 0.4097 | MSE: 0.08382983286731159| CS: ({'0': 0.79, '1': 0.84, '2': 0.71, '3': 0.65, '4': 0.69, '5': 0.71, '6': 0.79, '7': 0.85, '8': 0.82, '9': 0.81}, 0.77)
Train Epoch: 37 | Loss: 0.729590 | Acc: 0.7460| MSE: 0.0348 || V Loss: 2.3261| V Acc: 0.4305| V MSE: 0.0807| CS: ({'0': 0.84, '1': 0.84, '2': 0.73, '3': 0.63, '4': 0.67, '5': 0.67, '6': 0.77, '7': 0.85, '8': 0.82, '9': 0.81}, 0.76)
Test | NLL Loss: 2.420903 | Acc: 0.4093 | MSE: 0.08369356066512224| CS: ({'0': 0.83, '1': 0.83, '2': 0.73, '3': 0.63, '4': 0.67, '5': 0.67, '6': 0.78, '7': 0.85, '8': 0.85, '9': 0.82}, 0.77)
Train Epoch: 38 | Loss: 0.715041 | Acc: 0.7510| MSE: 0.0342 || V Loss: 2.4798| V Acc: 0.4252| V MSE: 0.0824| CS: ({'0': 0.81, '1': 0.84, '2': 0.7, '3': 0.66, '4': 0.72, '5': 0.71, '6': 0.81, '7': 0.85, '8': 0.82, '9': 0.83}, 0.78)
Test | NLL Loss: 2.529254 | Acc: 0.4101 | MSE: 0.08464806704237439| CS: ({'0': 0.81, '1': 0.83, '2': 0.71, '3': 0.64, '4': 0.7, '5': 0.73, '6': 0.81, '7': 0.87, '8': 0.82, '9': 0.81}, 0.77)
Train Epoch: 39 | Loss: 0.707535 | Acc: 0.7551| MSE: 0.0338 || V Loss: 2.4603| V Acc: 0.4202| V MSE: 0.0825| CS: ({'0': 0.78, '1': 0.88, '2': 0.71, '3': 0.68, '4': 0.68, '5': 0.71, '6': 0.81, '7': 0.85, '8': 0.78, '9': 0.82}, 0.77)
Test | NLL Loss: 2.529925 | Acc: 0.4127 | MSE: 0.08440130883560013| CS: ({'0': 0.8, '1': 0.85, '2': 0.73, '3': 0.66, '4': 0.67, '5': 0.73, '6': 0.79, '7': 0.85, '8': 0.82, '9': 0.82}, 0.77)
Train Epoch: 40 | Loss: 0.691645 | Acc: 0.7586| MSE: 0.0332 || V Loss: 2.4329| V Acc: 0.4329| V MSE: 0.0816| CS: ({'0': 0.8, '1': 0.87, '2': 0.71, '3': 0.66, '4': 0.7, '5': 0.73, '6': 0.79, '7': 0.83, '8': 0.82, '9': 0.81}, 0.77)
Test | NLL Loss: 2.486240 | Acc: 0.4181 | MSE: 0.08384046528619318| CS: ({'0': 0.82, '1': 0.84, '2': 0.74, '3': 0.64, '4': 0.65, '5': 0.74, '6': 0.79, '7': 0.85, '8': 0.84, '9': 0.82}, 0.77)
Train Epoch: 41 | Loss: 0.683724 | Acc: 0.7602| MSE: 0.0328 || V Loss: 2.5555| V Acc: 0.4164| V MSE: 0.0836| CS: ({'0': 0.81, '1': 0.87, '2': 0.76, '3': 0.66, '4': 0.72, '5': 0.69, '6': 0.8, '7': 0.87, '8': 0.81, '9': 0.84}, 0.78)
Test | NLL Loss: 2.618060 | Acc: 0.4011 | MSE: 0.08599023225779731| CS: ({'0': 0.82, '1': 0.84, '2': 0.75, '3': 0.64, '4': 0.69, '5': 0.72, '6': 0.76, '7': 0.87, '8': 0.83, '9': 0.83}, 0.78)
Train Epoch: 42 | Loss: 0.676522 | Acc: 0.7639| MSE: 0.0324 || V Loss: 2.5398| V Acc: 0.4220| V MSE: 0.0832| CS: ({'0': 0.82, '1': 0.88, '2': 0.76, '3': 0.66, '4': 0.73, '5': 0.68, '6': 0.79, '7': 0.85, '8': 0.82, '9': 0.82}, 0.78)
Test | NLL Loss: 2.602691 | Acc: 0.4044 | MSE: 0.08561988258228516| CS: ({'0': 0.81, '1': 0.85, '2': 0.77, '3': 0.65, '4': 0.72, '5': 0.71, '6': 0.78, '7': 0.87, '8': 0.82, '9': 0.84}, 0.78)
Train Epoch: 43 | Loss: 0.661103 | Acc: 0.7701| MSE: 0.0318 || V Loss: 2.5118| V Acc: 0.4260| V MSE: 0.0833| CS: ({'0': 0.79, '1': 0.87, '2': 0.75, '3': 0.67, '4': 0.72, '5': 0.74, '6': 0.79, '7': 0.88, '8': 0.82, '9': 0.8}, 0.78)
Test | NLL Loss: 2.604098 | Acc: 0.4089 | MSE: 0.08539013399150425| CS: ({'0': 0.82, '1': 0.85, '2': 0.75, '3': 0.63, '4': 0.71, '5': 0.76, '6': 0.8, '7': 0.86, '8': 0.83, '9': 0.84}, 0.78)
Train Epoch: 44 | Loss: 0.648621 | Acc: 0.7739| MSE: 0.0311 || V Loss: 2.5963| V Acc: 0.4194| V MSE: 0.0840| CS: ({'0': 0.83, '1': 0.86, '2': 0.77, '3': 0.66, '4': 0.74, '5': 0.74, '6': 0.82, '7': 0.88, '8': 0.82, '9': 0.81}, 0.79)
Test | NLL Loss: 2.666672 | Acc: 0.4084 | MSE: 0.0857379087767662| CS: ({'0': 0.84, '1': 0.86, '2': 0.78, '3': 0.65, '4': 0.72, '5': 0.74, '6': 0.8, '7': 0.87, '8': 0.83, '9': 0.83}, 0.79)
Train Epoch: 45 | Loss: 0.642461 | Acc: 0.7774| MSE: 0.0310 || V Loss: 2.6373| V Acc: 0.4262| V MSE: 0.0838| CS: ({'0': 0.84, '1': 0.87, '2': 0.77, '3': 0.69, '4': 0.75, '5': 0.73, '6': 0.8, '7': 0.87, '8': 0.85, '9': 0.84}, 0.8)
Test | NLL Loss: 2.727354 | Acc: 0.4149 | MSE: 0.08616476904707976| CS: ({'0': 0.83, '1': 0.86, '2': 0.77, '3': 0.66, '4': 0.72, '5': 0.75, '6': 0.8, '7': 0.88, '8': 0.86, '9': 0.84}, 0.8)
Train Epoch: 46 | Loss: 0.634616 | Acc: 0.7777| MSE: 0.0307 || V Loss: 2.6503| V Acc: 0.4234| V MSE: 0.0842| CS: ({'0': 0.82, '1': 0.89, '2': 0.76, '3': 0.67, '4': 0.7, '5': 0.73, '6': 0.82, '7': 0.86, '8': 0.83, '9': 0.83}, 0.79)
Test | NLL Loss: 2.765149 | Acc: 0.4038 | MSE: 0.0876257787473476| CS: ({'0': 0.83, '1': 0.87, '2': 0.75, '3': 0.66, '4': 0.72, '5': 0.74, '6': 0.81, '7': 0.87, '8': 0.84, '9': 0.83}, 0.79)
Train Epoch: 47 | Loss: 0.624095 | Acc: 0.7822| MSE: 0.0301 || V Loss: 2.7001| V Acc: 0.4210| V MSE: 0.0852| CS: ({'0': 0.83, '1': 0.88, '2': 0.78, '3': 0.66, '4': 0.76, '5': 0.74, '6': 0.83, '7': 0.87, '8': 0.83, '9': 0.84}, 0.8)
Test | NLL Loss: 2.771295 | Acc: 0.4124 | MSE: 0.08701868562367016| CS: ({'0': 0.83, '1': 0.86, '2': 0.77, '3': 0.64, '4': 0.73, '5': 0.76, '6': 0.8, '7': 0.86, '8': 0.84, '9': 0.84}, 0.79)
Train Epoch: 48 | Loss: 0.613326 | Acc: 0.7869| MSE: 0.0296 || V Loss: 2.7552| V Acc: 0.4200| V MSE: 0.0859| CS: ({'0': 0.83, '1': 0.88, '2': 0.75, '3': 0.67, '4': 0.75, '5': 0.73, '6': 0.79, '7': 0.86, '8': 0.82, '9': 0.83}, 0.79)
Test | NLL Loss: 2.829616 | Acc: 0.4085 | MSE: 0.08737139281230613| CS: ({'0': 0.84, '1': 0.88, '2': 0.76, '3': 0.64, '4': 0.74, '5': 0.75, '6': 0.83, '7': 0.88, '8': 0.83, '9': 0.82}, 0.8)
Train Epoch: 49 | Loss: 0.610252 | Acc: 0.7889| MSE: 0.0294 || V Loss: 2.7310| V Acc: 0.4176| V MSE: 0.0857| CS: ({'0': 0.83, '1': 0.89, '2': 0.78, '3': 0.71, '4': 0.72, '5': 0.75, '6': 0.8, '7': 0.88, '8': 0.85, '9': 0.82}, 0.8)
Test | NLL Loss: 2.844076 | Acc: 0.4115 | MSE: 0.08738567236180123| CS: ({'0': 0.83, '1': 0.86, '2': 0.77, '3': 0.67, '4': 0.72, '5': 0.75, '6': 0.81, '7': 0.88, '8': 0.87, '9': 0.84}, 0.8)
Train Epoch: 50 | Loss: 0.595356 | Acc: 0.7928| MSE: 0.0288 || V Loss: 2.7563| V Acc: 0.4194| V MSE: 0.0859| CS: ({'0': 0.84, '1': 0.89, '2': 0.78, '3': 0.68, '4': 0.73, '5': 0.75, '6': 0.8, '7': 0.87, '8': 0.87, '9': 0.85}, 0.81)
Test | NLL Loss: 2.852315 | Acc: 0.4094 | MSE: 0.08743586403112442| CS: ({'0': 0.83, '1': 0.88, '2': 0.77, '3': 0.65, '4': 0.71, '5': 0.76, '6': 0.84, '7': 0.88, '8': 0.88, '9': 0.85}, 0.81)
Train Epoch: 51 | Loss: 0.588664 | Acc: 0.7959| MSE: 0.0284 || V Loss: 2.8266| V Acc: 0.4248| V MSE: 0.0858| CS: ({'0': 0.83, '1': 0.87, '2': 0.79, '3': 0.69, '4': 0.76, '5': 0.74, '6': 0.83, '7': 0.89, '8': 0.85, '9': 0.84}, 0.81)
Test | NLL Loss: 2.932555 | Acc: 0.4088 | MSE: 0.08845440297128675| CS: ({'0': 0.84, '1': 0.86, '2': 0.78, '3': 0.67, '4': 0.76, '5': 0.75, '6': 0.83, '7': 0.88, '8': 0.85, '9': 0.85}, 0.81)
Train Epoch: 52 | Loss: 0.578895 | Acc: 0.7986| MSE: 0.0281 || V Loss: 2.9479| V Acc: 0.4096| V MSE: 0.0880| CS: ({'0': 0.83, '1': 0.9, '2': 0.73, '3': 0.72, '4': 0.77, '5': 0.72, '6': 0.83, '7': 0.87, '8': 0.86, '9': 0.83}, 0.81)
Test | NLL Loss: 3.028937 | Acc: 0.4047 | MSE: 0.08925713549930447| CS: ({'0': 0.83, '1': 0.89, '2': 0.76, '3': 0.7, '4': 0.75, '5': 0.74, '6': 0.84, '7': 0.88, '8': 0.88, '9': 0.84}, 0.81)
Train Epoch: 53 | Loss: 0.575203 | Acc: 0.7976| MSE: 0.0279 || V Loss: 2.8973| V Acc: 0.4156| V MSE: 0.0873| CS: ({'0': 0.82, '1': 0.9, '2': 0.78, '3': 0.69, '4': 0.8, '5': 0.76, '6': 0.85, '7': 0.87, '8': 0.82, '9': 0.86}, 0.82)
Test | NLL Loss: 2.995497 | Acc: 0.4110 | MSE: 0.08888658827628952| CS: ({'0': 0.84, '1': 0.88, '2': 0.77, '3': 0.68, '4': 0.76, '5': 0.77, '6': 0.83, '7': 0.88, '8': 0.84, '9': 0.84}, 0.81)
Train Epoch: 54 | Loss: 0.569077 | Acc: 0.8012| MSE: 0.0277 || V Loss: 2.9486| V Acc: 0.4140| V MSE: 0.0878| CS: ({'0': 0.84, '1': 0.88, '2': 0.77, '3': 0.71, '4': 0.74, '5': 0.74, '6': 0.83, '7': 0.87, '8': 0.84, '9': 0.83}, 0.8)
Test | NLL Loss: 3.042466 | Acc: 0.3966 | MSE: 0.09040946831194738| CS: ({'0': 0.84, '1': 0.87, '2': 0.8, '3': 0.69, '4': 0.73, '5': 0.75, '6': 0.82, '7': 0.88, '8': 0.87, '9': 0.84}, 0.81)
Train Epoch: 55 | Loss: 0.559266 | Acc: 0.8055| MSE: 0.0271 || V Loss: 2.8859| V Acc: 0.4122| V MSE: 0.0874| CS: ({'0': 0.84, '1': 0.89, '2': 0.76, '3': 0.69, '4': 0.74, '5': 0.75, '6': 0.82, '7': 0.87, '8': 0.87, '9': 0.84}, 0.81)
Test | NLL Loss: 2.999785 | Acc: 0.4026 | MSE: 0.08929391893239828| CS: ({'0': 0.83, '1': 0.88, '2': 0.77, '3': 0.68, '4': 0.71, '5': 0.75, '6': 0.82, '7': 0.89, '8': 0.86, '9': 0.85}, 0.8)
Train Epoch: 56 | Loss: 0.550800 | Acc: 0.8122| MSE: 0.0267 || V Loss: 2.9500| V Acc: 0.4194| V MSE: 0.0875| CS: ({'0': 0.83, '1': 0.89, '2': 0.76, '3': 0.7, '4': 0.78, '5': 0.75, '6': 0.8, '7': 0.88, '8': 0.89, '9': 0.86}, 0.81)
Test | NLL Loss: 3.078316 | Acc: 0.4042 | MSE: 0.09019967718436696| CS: ({'0': 0.84, '1': 0.88, '2': 0.78, '3': 0.68, '4': 0.76, '5': 0.79, '6': 0.81, '7': 0.89, '8': 0.88, '9': 0.88}, 0.82)
Train Epoch: 57 | Loss: 0.540614 | Acc: 0.8113| MSE: 0.0263 || V Loss: 3.0623| V Acc: 0.4106| V MSE: 0.0890| CS: ({'0': 0.82, '1': 0.9, '2': 0.8, '3': 0.71, '4': 0.77, '5': 0.75, '6': 0.83, '7': 0.89, '8': 0.86, '9': 0.87}, 0.82)
Test | NLL Loss: 3.147950 | Acc: 0.4015 | MSE: 0.0903410939172434| CS: ({'0': 0.84, '1': 0.89, '2': 0.81, '3': 0.71, '4': 0.76, '5': 0.77, '6': 0.83, '7': 0.89, '8': 0.89, '9': 0.87}, 0.83)
Train Epoch: 58 | Loss: 0.534542 | Acc: 0.8149| MSE: 0.0259 || V Loss: 3.0245| V Acc: 0.4204| V MSE: 0.0879| CS: ({'0': 0.85, '1': 0.89, '2': 0.75, '3': 0.7, '4': 0.75, '5': 0.78, '6': 0.86, '7': 0.89, '8': 0.85, '9': 0.85}, 0.82)
Test | NLL Loss: 3.163389 | Acc: 0.4022 | MSE: 0.09048172436392726| CS: ({'0': 0.86, '1': 0.88, '2': 0.8, '3': 0.67, '4': 0.74, '5': 0.77, '6': 0.84, '7': 0.88, '8': 0.87, '9': 0.87}, 0.82)
Train Epoch: 59 | Loss: 0.526921 | Acc: 0.8177| MSE: 0.0256 || V Loss: 3.1196| V Acc: 0.4160| V MSE: 0.0887| CS: ({'0': 0.88, '1': 0.89, '2': 0.78, '3': 0.72, '4': 0.78, '5': 0.77, '6': 0.83, '7': 0.89, '8': 0.85, '9': 0.87}, 0.83)
Test | NLL Loss: 3.219445 | Acc: 0.4014 | MSE: 0.09122048345760415| CS: ({'0': 0.88, '1': 0.89, '2': 0.78, '3': 0.67, '4': 0.76, '5': 0.8, '6': 0.82, '7': 0.89, '8': 0.87, '9': 0.87}, 0.82)
Train Epoch: 60 | Loss: 0.524111 | Acc: 0.8168| MSE: 0.0255 || V Loss: 3.0958| V Acc: 0.4142| V MSE: 0.0888| CS: ({'0': 0.86, '1': 0.9, '2': 0.77, '3': 0.72, '4': 0.77, '5': 0.76, '6': 0.83, '7': 0.88, '8': 0.85, '9': 0.85}, 0.82)
Test | NLL Loss: 3.227854 | Acc: 0.3970 | MSE: 0.09146558025631661| CS: ({'0': 0.86, '1': 0.87, '2': 0.78, '3': 0.7, '4': 0.74, '5': 0.77, '6': 0.84, '7': 0.9, '8': 0.87, '9': 0.88}, 0.82)
Train Epoch: 61 | Loss: 0.514212 | Acc: 0.8219| MSE: 0.0250 || V Loss: 3.1471| V Acc: 0.4198| V MSE: 0.0886| CS: ({'0': 0.82, '1': 0.9, '2': 0.79, '3': 0.71, '4': 0.77, '5': 0.77, '6': 0.83, '7': 0.89, '8': 0.88, '9': 0.85}, 0.82)
Test | NLL Loss: 3.296462 | Acc: 0.3996 | MSE: 0.09171669567212129| CS: ({'0': 0.85, '1': 0.88, '2': 0.8, '3': 0.69, '4': 0.75, '5': 0.77, '6': 0.85, '7': 0.9, '8': 0.89, '9': 0.86}, 0.82)
Train Epoch: 62 | Loss: 0.506603 | Acc: 0.8246| MSE: 0.0246 || V Loss: 3.2119| V Acc: 0.4236| V MSE: 0.0882| CS: ({'0': 0.87, '1': 0.9, '2': 0.77, '3': 0.74, '4': 0.78, '5': 0.78, '6': 0.86, '7': 0.88, '8': 0.89, '9': 0.86}, 0.83)
Test | NLL Loss: 3.341523 | Acc: 0.3996 | MSE: 0.09205522625067364| CS: ({'0': 0.88, '1': 0.89, '2': 0.81, '3': 0.7, '4': 0.77, '5': 0.8, '6': 0.85, '7': 0.89, '8': 0.9, '9': 0.88}, 0.84)
Train Epoch: 63 | Loss: 0.504859 | Acc: 0.8258| MSE: 0.0247 || V Loss: 3.1397| V Acc: 0.4236| V MSE: 0.0888| CS: ({'0': 0.83, '1': 0.91, '2': 0.8, '3': 0.73, '4': 0.77, '5': 0.79, '6': 0.83, '7': 0.9, '8': 0.88, '9': 0.88}, 0.83)
Test | NLL Loss: 3.300157 | Acc: 0.3998 | MSE: 0.09224650741051942| CS: ({'0': 0.85, '1': 0.9, '2': 0.81, '3': 0.71, '4': 0.76, '5': 0.79, '6': 0.85, '7': 0.9, '8': 0.89, '9': 0.87}, 0.83)
Train Epoch: 64 | Loss: 0.499246 | Acc: 0.8266| MSE: 0.0244 || V Loss: 3.2157| V Acc: 0.4204| V MSE: 0.0894| CS: ({'0': 0.85, '1': 0.9, '2': 0.78, '3': 0.73, '4': 0.81, '5': 0.77, '6': 0.83, '7': 0.89, '8': 0.86, '9': 0.87}, 0.83)
Test | NLL Loss: 3.338064 | Acc: 0.3997 | MSE: 0.09239071479049353| CS: ({'0': 0.86, '1': 0.9, '2': 0.78, '3': 0.69, '4': 0.78, '5': 0.78, '6': 0.85, '7': 0.91, '8': 0.88, '9': 0.87}, 0.83)
Train Epoch: 65 | Loss: 0.495654 | Acc: 0.8293| MSE: 0.0242 || V Loss: 3.1249| V Acc: 0.4118| V MSE: 0.0883| CS: ({'0': 0.84, '1': 0.9, '2': 0.79, '3': 0.74, '4': 0.79, '5': 0.79, '6': 0.85, '7': 0.89, '8': 0.86, '9': 0.85}, 0.83)
Test | NLL Loss: 3.294262 | Acc: 0.3966 | MSE: 0.0923693688413777| CS: ({'0': 0.84, '1': 0.88, '2': 0.81, '3': 0.72, '4': 0.75, '5': 0.79, '6': 0.82, '7': 0.9, '8': 0.87, '9': 0.85}, 0.82)
Train Epoch: 66 | Loss: 0.489385 | Acc: 0.8301| MSE: 0.0238 || V Loss: 3.2581| V Acc: 0.4208| V MSE: 0.0898| CS: ({'0': 0.85, '1': 0.9, '2': 0.79, '3': 0.71, '4': 0.77, '5': 0.78, '6': 0.84, '7': 0.89, '8': 0.89, '9': 0.86}, 0.83)
Test | NLL Loss: 3.383211 | Acc: 0.3961 | MSE: 0.09277630128418676| CS: ({'0': 0.87, '1': 0.89, '2': 0.81, '3': 0.7, '4': 0.77, '5': 0.79, '6': 0.85, '7': 0.9, '8': 0.9, '9': 0.88}, 0.84)
Train Epoch: 67 | Loss: 0.476917 | Acc: 0.8352| MSE: 0.0233 || V Loss: 3.2445| V Acc: 0.4180| V MSE: 0.0900| CS: ({'0': 0.84, '1': 0.9, '2': 0.78, '3': 0.74, '4': 0.79, '5': 0.76, '6': 0.87, '7': 0.9, '8': 0.88, '9': 0.88}, 0.83)
Test | NLL Loss: 3.386309 | Acc: 0.4006 | MSE: 0.09295556665704655| CS: ({'0': 0.86, '1': 0.89, '2': 0.8, '3': 0.71, '4': 0.76, '5': 0.78, '6': 0.86, '7': 0.9, '8': 0.88, '9': 0.88}, 0.83)
Train Epoch: 68 | Loss: 0.474048 | Acc: 0.8361| MSE: 0.0232 || V Loss: 3.3101| V Acc: 0.4098| V MSE: 0.0907| CS: ({'0': 0.86, '1': 0.88, '2': 0.8, '3': 0.72, '4': 0.78, '5': 0.77, '6': 0.85, '7': 0.91, '8': 0.89, '9': 0.88}, 0.83)
Test | NLL Loss: 3.435373 | Acc: 0.3937 | MSE: 0.09336846932387961| CS: ({'0': 0.86, '1': 0.88, '2': 0.82, '3': 0.7, '4': 0.75, '5': 0.81, '6': 0.85, '7': 0.91, '8': 0.89, '9': 0.88}, 0.83)
Train Epoch: 69 | Loss: 0.465677 | Acc: 0.8401| MSE: 0.0228 || V Loss: 3.2854| V Acc: 0.4164| V MSE: 0.0907| CS: ({'0': 0.84, '1': 0.91, '2': 0.82, '3': 0.72, '4': 0.78, '5': 0.79, '6': 0.86, '7': 0.89, '8': 0.88, '9': 0.87}, 0.84)
Test | NLL Loss: 3.440574 | Acc: 0.3987 | MSE: 0.09335748076486511| CS: ({'0': 0.86, '1': 0.9, '2': 0.81, '3': 0.72, '4': 0.8, '5': 0.8, '6': 0.85, '7': 0.91, '8': 0.87, '9': 0.88}, 0.84)
Train Epoch: 70 | Loss: 0.463436 | Acc: 0.8395| MSE: 0.0227 || V Loss: 3.3788| V Acc: 0.4198| V MSE: 0.0903| CS: ({'0': 0.86, '1': 0.9, '2': 0.81, '3': 0.76, '4': 0.81, '5': 0.78, '6': 0.84, '7': 0.9, '8': 0.88, '9': 0.88}, 0.84)
Test | NLL Loss: 3.514395 | Acc: 0.3985 | MSE: 0.09322506270279138| CS: ({'0': 0.87, '1': 0.89, '2': 0.82, '3': 0.72, '4': 0.77, '5': 0.8, '6': 0.87, '7': 0.9, '8': 0.89, '9': 0.88}, 0.84)
Train Epoch: 71 | Loss: 0.458416 | Acc: 0.8404| MSE: 0.0225 || V Loss: 3.3754| V Acc: 0.4204| V MSE: 0.0906| CS: ({'0': 0.86, '1': 0.9, '2': 0.8, '3': 0.75, '4': 0.8, '5': 0.79, '6': 0.84, '7': 0.89, '8': 0.88, '9': 0.9}, 0.84)
Test | NLL Loss: 3.569291 | Acc: 0.4015 | MSE: 0.09397254591456618| CS: ({'0': 0.86, '1': 0.89, '2': 0.82, '3': 0.73, '4': 0.78, '5': 0.79, '6': 0.86, '7': 0.91, '8': 0.89, '9': 0.89}, 0.84)
Train Epoch: 72 | Loss: 0.455401 | Acc: 0.8434| MSE: 0.0223 || V Loss: 3.3853| V Acc: 0.4180| V MSE: 0.0907| CS: ({'0': 0.84, '1': 0.9, '2': 0.82, '3': 0.73, '4': 0.82, '5': 0.79, '6': 0.87, '7': 0.9, '8': 0.88, '9': 0.89}, 0.84)
Test | NLL Loss: 3.572997 | Acc: 0.4005 | MSE: 0.09359586190063351| CS: ({'0': 0.86, '1': 0.9, '2': 0.83, '3': 0.76, '4': 0.78, '5': 0.79, '6': 0.86, '7': 0.91, '8': 0.9, '9': 0.88}, 0.85)
Train Epoch: 73 | Loss: 0.442035 | Acc: 0.8482| MSE: 0.0216 || V Loss: 3.5093| V Acc: 0.4102| V MSE: 0.0924| CS: ({'0': 0.87, '1': 0.9, '2': 0.82, '3': 0.75, '4': 0.79, '5': 0.77, '6': 0.85, '7': 0.9, '8': 0.85, '9': 0.87}, 0.84)
Test | NLL Loss: 3.683848 | Acc: 0.3950 | MSE: 0.09514718467054276| CS: ({'0': 0.87, '1': 0.9, '2': 0.82, '3': 0.73, '4': 0.79, '5': 0.8, '6': 0.83, '7': 0.92, '8': 0.87, '9': 0.89}, 0.84)
Train Epoch: 74 | Loss: 0.438762 | Acc: 0.8481| MSE: 0.0216 || V Loss: 3.5712| V Acc: 0.4118| V MSE: 0.0925| CS: ({'0': 0.86, '1': 0.92, '2': 0.83, '3': 0.76, '4': 0.78, '5': 0.8, '6': 0.85, '7': 0.91, '8': 0.88, '9': 0.9}, 0.85)
Test | NLL Loss: 3.711405 | Acc: 0.4014 | MSE: 0.09487239207132175| CS: ({'0': 0.86, '1': 0.9, '2': 0.85, '3': 0.74, '4': 0.78, '5': 0.8, '6': 0.85, '7': 0.91, '8': 0.89, '9': 0.88}, 0.85)
Train Epoch: 75 | Loss: 0.435175 | Acc: 0.8526| MSE: 0.0213 || V Loss: 3.4608| V Acc: 0.4132| V MSE: 0.0922| CS: ({'0': 0.87, '1': 0.93, '2': 0.78, '3': 0.76, '4': 0.79, '5': 0.8, '6': 0.87, '7': 0.9, '8': 0.89, '9': 0.88}, 0.85)
Test | NLL Loss: 3.627809 | Acc: 0.3996 | MSE: 0.09478444622728391| CS: ({'0': 0.88, '1': 0.91, '2': 0.79, '3': 0.75, '4': 0.79, '5': 0.82, '6': 0.87, '7': 0.91, '8': 0.88, '9': 0.88}, 0.85)
Train Epoch: 76 | Loss: 0.432741 | Acc: 0.8492| MSE: 0.0213 || V Loss: 3.5446| V Acc: 0.4166| V MSE: 0.0922| CS: ({'0': 0.85, '1': 0.91, '2': 0.82, '3': 0.76, '4': 0.8, '5': 0.81, '6': 0.87, '7': 0.9, '8': 0.88, '9': 0.87}, 0.85)
Test | NLL Loss: 3.693142 | Acc: 0.4042 | MSE: 0.09411288497927851| CS: ({'0': 0.87, '1': 0.9, '2': 0.85, '3': 0.75, '4': 0.79, '5': 0.83, '6': 0.87, '7': 0.9, '8': 0.89, '9': 0.9}, 0.85)
Train Epoch: 77 | Loss: 0.423424 | Acc: 0.8536| MSE: 0.0208 || V Loss: 3.5939| V Acc: 0.4116| V MSE: 0.0926| CS: ({'0': 0.87, '1': 0.9, '2': 0.8, '3': 0.77, '4': 0.82, '5': 0.8, '6': 0.86, '7': 0.91, '8': 0.88, '9': 0.88}, 0.85)
Test | NLL Loss: 3.766809 | Acc: 0.3952 | MSE: 0.09585254716749389| CS: ({'0': 0.87, '1': 0.9, '2': 0.82, '3': 0.73, '4': 0.81, '5': 0.79, '6': 0.87, '7': 0.9, '8': 0.89, '9': 0.9}, 0.85)
Train Epoch: 78 | Loss: 0.419769 | Acc: 0.8543| MSE: 0.0207 || V Loss: 3.4818| V Acc: 0.4174| V MSE: 0.0919| CS: ({'0': 0.86, '1': 0.92, '2': 0.84, '3': 0.76, '4': 0.77, '5': 0.77, '6': 0.86, '7': 0.9, '8': 0.87, '9': 0.9}, 0.84)
Test | NLL Loss: 3.663655 | Acc: 0.3975 | MSE: 0.0947292289628198| CS: ({'0': 0.87, '1': 0.91, '2': 0.84, '3': 0.74, '4': 0.77, '5': 0.81, '6': 0.86, '7': 0.9, '8': 0.9, '9': 0.88}, 0.85)
Train Epoch: 79 | Loss: 0.408849 | Acc: 0.8582| MSE: 0.0201 || V Loss: 3.6749| V Acc: 0.4204| V MSE: 0.0920| CS: ({'0': 0.88, '1': 0.9, '2': 0.81, '3': 0.78, '4': 0.84, '5': 0.82, '6': 0.88, '7': 0.91, '8': 0.9, '9': 0.89}, 0.86)
Test | NLL Loss: 3.939420 | Acc: 0.3952 | MSE: 0.09650394446647967| CS: ({'0': 0.9, '1': 0.92, '2': 0.83, '3': 0.76, '4': 0.8, '5': 0.82, '6': 0.87, '7': 0.92, '8': 0.91, '9': 0.9}, 0.86)
Train Epoch: 80 | Loss: 0.411926 | Acc: 0.8588| MSE: 0.0201 || V Loss: 3.5606| V Acc: 0.4174| V MSE: 0.0919| CS: ({'0': 0.87, '1': 0.93, '2': 0.83, '3': 0.75, '4': 0.81, '5': 0.82, '6': 0.87, '7': 0.9, '8': 0.89, '9': 0.88}, 0.85)
Test | NLL Loss: 3.793443 | Acc: 0.3978 | MSE: 0.09537696326597811| CS: ({'0': 0.86, '1': 0.91, '2': 0.82, '3': 0.75, '4': 0.79, '5': 0.82, '6': 0.87, '7': 0.92, '8': 0.89, '9': 0.9}, 0.85)
Train Epoch: 81 | Loss: 0.404579 | Acc: 0.8608| MSE: 0.0198 || V Loss: 3.5758| V Acc: 0.4144| V MSE: 0.0920| CS: ({'0': 0.86, '1': 0.91, '2': 0.84, '3': 0.76, '4': 0.83, '5': 0.8, '6': 0.83, '7': 0.9, '8': 0.88, '9': 0.88}, 0.85)
Test | NLL Loss: 3.783457 | Acc: 0.3989 | MSE: 0.09518236111099727| CS: ({'0': 0.88, '1': 0.91, '2': 0.85, '3': 0.76, '4': 0.8, '5': 0.82, '6': 0.85, '7': 0.91, '8': 0.9, '9': 0.87}, 0.85)
Train Epoch: 82 | Loss: 0.401487 | Acc: 0.8620| MSE: 0.0197 || V Loss: 3.6623| V Acc: 0.4218| V MSE: 0.0920| CS: ({'0': 0.89, '1': 0.92, '2': 0.82, '3': 0.78, '4': 0.81, '5': 0.8, '6': 0.89, '7': 0.9, '8': 0.88, '9': 0.9}, 0.86)
Test | NLL Loss: 3.879878 | Acc: 0.4033 | MSE: 0.09539468025866027| CS: ({'0': 0.89, '1': 0.91, '2': 0.83, '3': 0.74, '4': 0.77, '5': 0.84, '6': 0.85, '7': 0.91, '8': 0.9, '9': 0.89}, 0.85)
Train Epoch: 83 | Loss: 0.395570 | Acc: 0.8639| MSE: 0.0195 || V Loss: 3.7494| V Acc: 0.4146| V MSE: 0.0931| CS: ({'0': 0.88, '1': 0.91, '2': 0.85, '3': 0.75, '4': 0.83, '5': 0.83, '6': 0.87, '7': 0.89, '8': 0.88, '9': 0.88}, 0.86)
Test | NLL Loss: 3.925267 | Acc: 0.3997 | MSE: 0.09574396670245515| CS: ({'0': 0.89, '1': 0.9, '2': 0.85, '3': 0.77, '4': 0.81, '5': 0.83, '6': 0.87, '7': 0.91, '8': 0.9, '9': 0.89}, 0.86)
Train Epoch: 84 | Loss: 0.397490 | Acc: 0.8616| MSE: 0.0196 || V Loss: 3.7668| V Acc: 0.4098| V MSE: 0.0944| CS: ({'0': 0.87, '1': 0.91, '2': 0.84, '3': 0.79, '4': 0.83, '5': 0.8, '6': 0.87, '7': 0.92, '8': 0.9, '9': 0.89}, 0.86)
Test | NLL Loss: 3.931389 | Acc: 0.3925 | MSE: 0.09717609670263129| CS: ({'0': 0.87, '1': 0.92, '2': 0.85, '3': 0.77, '4': 0.81, '5': 0.81, '6': 0.88, '7': 0.91, '8': 0.92, '9': 0.9}, 0.86)
Train Epoch: 85 | Loss: 0.386491 | Acc: 0.8680| MSE: 0.0190 || V Loss: 3.8251| V Acc: 0.4078| V MSE: 0.0945| CS: ({'0': 0.89, '1': 0.92, '2': 0.82, '3': 0.77, '4': 0.82, '5': 0.85, '6': 0.88, '7': 0.91, '8': 0.9, '9': 0.89}, 0.86)
Test | NLL Loss: 3.993723 | Acc: 0.3977 | MSE: 0.09686854159155973| CS: ({'0': 0.89, '1': 0.92, '2': 0.84, '3': 0.73, '4': 0.8, '5': 0.83, '6': 0.89, '7': 0.9, '8': 0.9, '9': 0.9}, 0.86)
Train Epoch: 86 | Loss: 0.377656 | Acc: 0.8703| MSE: 0.0186 || V Loss: 3.8446| V Acc: 0.4116| V MSE: 0.0937| CS: ({'0': 0.88, '1': 0.92, '2': 0.84, '3': 0.78, '4': 0.83, '5': 0.82, '6': 0.88, '7': 0.92, '8': 0.88, '9': 0.87}, 0.86)
Test | NLL Loss: 4.096846 | Acc: 0.3942 | MSE: 0.09709149620498712| CS: ({'0': 0.9, '1': 0.91, '2': 0.83, '3': 0.77, '4': 0.78, '5': 0.84, '6': 0.87, '7': 0.92, '8': 0.89, '9': 0.88}, 0.86)
Train Epoch: 87 | Loss: 0.381678 | Acc: 0.8696| MSE: 0.0188 || V Loss: 3.8893| V Acc: 0.4094| V MSE: 0.0945| CS: ({'0': 0.87, '1': 0.92, '2': 0.85, '3': 0.81, '4': 0.84, '5': 0.81, '6': 0.87, '7': 0.92, '8': 0.89, '9': 0.89}, 0.87)
Test | NLL Loss: 4.122509 | Acc: 0.3949 | MSE: 0.09739911478881638| CS: ({'0': 0.87, '1': 0.92, '2': 0.86, '3': 0.77, '4': 0.82, '5': 0.84, '6': 0.88, '7': 0.92, '8': 0.9, '9': 0.91}, 0.87)
Train Epoch: 88 | Loss: 0.374576 | Acc: 0.8708| MSE: 0.0185 || V Loss: 3.8911| V Acc: 0.4086| V MSE: 0.0950| CS: ({'0': 0.89, '1': 0.91, '2': 0.82, '3': 0.77, '4': 0.83, '5': 0.83, '6': 0.85, '7': 0.93, '8': 0.89, '9': 0.91}, 0.86)
Test | NLL Loss: 4.119053 | Acc: 0.3942 | MSE: 0.09754878131393045| CS: ({'0': 0.89, '1': 0.9, '2': 0.83, '3': 0.75, '4': 0.82, '5': 0.84, '6': 0.88, '7': 0.94, '8': 0.9, '9': 0.9}, 0.86)
Train Epoch: 89 | Loss: 0.378295 | Acc: 0.8712| MSE: 0.0186 || V Loss: 3.8283| V Acc: 0.4098| V MSE: 0.0947| CS: ({'0': 0.9, '1': 0.92, '2': 0.82, '3': 0.77, '4': 0.82, '5': 0.81, '6': 0.86, '7': 0.9, '8': 0.89, '9': 0.9}, 0.86)
Test | NLL Loss: 3.998573 | Acc: 0.3988 | MSE: 0.09679064287926062| CS: ({'0': 0.88, '1': 0.91, '2': 0.83, '3': 0.76, '4': 0.81, '5': 0.82, '6': 0.87, '7': 0.92, '8': 0.89, '9': 0.9}, 0.86)
Train Epoch: 90 | Loss: 0.369462 | Acc: 0.8723| MSE: 0.0182 || V Loss: 3.9841| V Acc: 0.4053| V MSE: 0.0953| CS: ({'0': 0.9, '1': 0.92, '2': 0.85, '3': 0.82, '4': 0.86, '5': 0.82, '6': 0.87, '7': 0.91, '8': 0.88, '9': 0.9}, 0.87)
Test | NLL Loss: 4.226600 | Acc: 0.3912 | MSE: 0.09862280753664315| CS: ({'0': 0.89, '1': 0.92, '2': 0.83, '3': 0.77, '4': 0.83, '5': 0.84, '6': 0.88, '7': 0.91, '8': 0.9, '9': 0.92}, 0.87)
Train Epoch: 91 | Loss: 0.368379 | Acc: 0.8713| MSE: 0.0183 || V Loss: 3.9487| V Acc: 0.4140| V MSE: 0.0944| CS: ({'0': 0.88, '1': 0.93, '2': 0.83, '3': 0.8, '4': 0.84, '5': 0.82, '6': 0.84, '7': 0.91, '8': 0.9, '9': 0.89}, 0.86)
Test | NLL Loss: 4.187075 | Acc: 0.3936 | MSE: 0.09779378571830237| CS: ({'0': 0.9, '1': 0.92, '2': 0.85, '3': 0.77, '4': 0.82, '5': 0.84, '6': 0.89, '7': 0.9, '8': 0.92, '9': 0.91}, 0.87)
Train Epoch: 92 | Loss: 0.357345 | Acc: 0.8763| MSE: 0.0177 || V Loss: 3.9858| V Acc: 0.4176| V MSE: 0.0940| CS: ({'0': 0.89, '1': 0.92, '2': 0.83, '3': 0.79, '4': 0.81, '5': 0.82, '6': 0.86, '7': 0.92, '8': 0.9, '9': 0.89}, 0.86)
Test | NLL Loss: 4.239567 | Acc: 0.3901 | MSE: 0.09866066701924459| CS: ({'0': 0.9, '1': 0.91, '2': 0.85, '3': 0.77, '4': 0.81, '5': 0.84, '6': 0.88, '7': 0.92, '8': 0.9, '9': 0.91}, 0.87)
Train Epoch: 93 | Loss: 0.359500 | Acc: 0.8783| MSE: 0.0176 || V Loss: 4.0050| V Acc: 0.4092| V MSE: 0.0945| CS: ({'0': 0.88, '1': 0.92, '2': 0.82, '3': 0.79, '4': 0.84, '5': 0.84, '6': 0.88, '7': 0.93, '8': 0.91, '9': 0.89}, 0.87)
Test | NLL Loss: 4.275002 | Acc: 0.3934 | MSE: 0.0990123376250267| CS: ({'0': 0.89, '1': 0.92, '2': 0.83, '3': 0.77, '4': 0.81, '5': 0.85, '6': 0.88, '7': 0.92, '8': 0.9, '9': 0.9}, 0.87)
Train Epoch: 94 | Loss: 0.355996 | Acc: 0.8780| MSE: 0.0176 || V Loss: 3.9715| V Acc: 0.4094| V MSE: 0.0951| CS: ({'0': 0.89, '1': 0.94, '2': 0.83, '3': 0.77, '4': 0.83, '5': 0.82, '6': 0.86, '7': 0.91, '8': 0.89, '9': 0.89}, 0.86)
Test | NLL Loss: 4.225183 | Acc: 0.3862 | MSE: 0.09917040583424674| CS: ({'0': 0.89, '1': 0.91, '2': 0.83, '3': 0.75, '4': 0.81, '5': 0.82, '6': 0.87, '7': 0.92, '8': 0.9, '9': 0.91}, 0.86)
Train Epoch: 95 | Loss: 0.350224 | Acc: 0.8787| MSE: 0.0174 || V Loss: 4.1203| V Acc: 0.4082| V MSE: 0.0962| CS: ({'0': 0.9, '1': 0.91, '2': 0.83, '3': 0.79, '4': 0.83, '5': 0.85, '6': 0.88, '7': 0.91, '8': 0.9, '9': 0.91}, 0.87)
Test | NLL Loss: 4.365263 | Acc: 0.3910 | MSE: 0.09955784488028993| CS: ({'0': 0.89, '1': 0.92, '2': 0.86, '3': 0.76, '4': 0.82, '5': 0.85, '6': 0.89, '7': 0.92, '8': 0.9, '9': 0.91}, 0.87)
Train Epoch: 96 | Loss: 0.343543 | Acc: 0.8833| MSE: 0.0169 || V Loss: 4.0874| V Acc: 0.4160| V MSE: 0.0946| CS: ({'0': 0.9, '1': 0.92, '2': 0.82, '3': 0.78, '4': 0.82, '5': 0.83, '6': 0.9, '7': 0.92, '8': 0.89, '9': 0.91}, 0.87)
Test | NLL Loss: 4.309028 | Acc: 0.4005 | MSE: 0.09796291940842573| CS: ({'0': 0.9, '1': 0.92, '2': 0.85, '3': 0.75, '4': 0.81, '5': 0.85, '6': 0.89, '7': 0.91, '8': 0.88, '9': 0.91}, 0.87)
Train Epoch: 97 | Loss: 0.346321 | Acc: 0.8812| MSE: 0.0171 || V Loss: 4.2149| V Acc: 0.4086| V MSE: 0.0960| CS: ({'0': 0.91, '1': 0.93, '2': 0.83, '3': 0.78, '4': 0.84, '5': 0.84, '6': 0.9, '7': 0.92, '8': 0.9, '9': 0.9}, 0.88)
Test | NLL Loss: 4.368585 | Acc: 0.3909 | MSE: 0.0992221911541951| CS: ({'0': 0.9, '1': 0.92, '2': 0.87, '3': 0.77, '4': 0.8, '5': 0.84, '6': 0.89, '7': 0.92, '8': 0.91, '9': 0.9}, 0.87)
Train Epoch: 98 | Loss: 0.339432 | Acc: 0.8850| MSE: 0.0168 || V Loss: 4.1315| V Acc: 0.4084| V MSE: 0.0957| CS: ({'0': 0.88, '1': 0.92, '2': 0.85, '3': 0.81, '4': 0.84, '5': 0.84, '6': 0.87, '7': 0.93, '8': 0.9, '9': 0.89}, 0.87)
Test | NLL Loss: 4.364002 | Acc: 0.3900 | MSE: 0.09895288024228602| CS: ({'0': 0.9, '1': 0.93, '2': 0.85, '3': 0.78, '4': 0.82, '5': 0.84, '6': 0.86, '7': 0.93, '8': 0.91, '9': 0.91}, 0.87)
Train Epoch: 99 | Loss: 0.337549 | Acc: 0.8860| MSE: 0.0167 || V Loss: 4.1786| V Acc: 0.4084| V MSE: 0.0960| CS: ({'0': 0.89, '1': 0.92, '2': 0.84, '3': 0.8, '4': 0.84, '5': 0.85, '6': 0.9, '7': 0.91, '8': 0.88, '9': 0.9}, 0.87)
Test | NLL Loss: 4.372304 | Acc: 0.3881 | MSE: 0.09966473070720133| CS: ({'0': 0.89, '1': 0.92, '2': 0.87, '3': 0.75, '4': 0.82, '5': 0.87, '6': 0.87, '7': 0.92, '8': 0.9, '9': 0.9}, 0.87)
Train Epoch: 100 | Loss: 0.335657 | Acc: 0.8840| MSE: 0.0167 || V Loss: 4.1571| V Acc: 0.4124| V MSE: 0.0952| CS: ({'0': 0.9, '1': 0.92, '2': 0.83, '3': 0.8, '4': 0.84, '5': 0.86, '6': 0.92, '7': 0.91, '8': 0.92, '9': 0.91}, 0.88)
Test | NLL Loss: 4.441337 | Acc: 0.3951 | MSE: 0.0989872627436353| CS: ({'0': 0.9, '1': 0.91, '2': 0.87, '3': 0.77, '4': 0.83, '5': 0.84, '6': 0.89, '7': 0.93, '8': 0.93, '9': 0.91}, 0.88)
Test | NLL Loss: 4.442114 | Acc: 0.3952 | MSE: 0.09899013163373112| CS: ({'0': 0.9, '1': 0.91, '2': 0.87, '3': 0.77, '4': 0.83, '5': 0.84, '6': 0.89, '7': 0.93, '8': 0.93, '9': 0.91}, 0.88)
Took 1731.7405805587769 seconds
