Config: 
 {
  "model_name": "dsc_ffn_10p",
  "num_classes": 10,
  "in_features": 784,
  "epochs": 10,
  "batch_size": 256,
  "lr": 0.01,
  "dnn_config": {
    "layers": [
      10,
      10,
      10
    ]
  }
} 

Model: 

LinearClassifierDSCPruned(
  (layers): ModuleList(
    (0): Linear(in_features=784, out_features=10, bias=True)
    (1): Linear(in_features=794, out_features=10, bias=True)
    (2): Linear(in_features=804, out_features=10, bias=True)
  )
  (relu_activation): ReLU()
  (softmax_activation): Softmax(dim=-1)
)


Summary: 

----------------------------------------------------------------
        Layer (type)               Output Shape         Param #
================================================================
            Linear-1                   [-1, 10]           7,850
              ReLU-2                   [-1, 10]               0
            Linear-3                   [-1, 10]           7,950
              ReLU-4                   [-1, 10]               0
            Linear-5                   [-1, 10]           8,050
           Softmax-6                   [-1, 10]               0
================================================================
Total params: 23,850
Trainable params: 23,850
Non-trainable params: 0
----------------------------------------------------------------
Input size (MB): 0.00
Forward/backward pass size (MB): 0.00
Params size (MB): 0.09
Estimated Total Size (MB): 0.09
----------------------------------------------------------------


Train Epoch: 1 | Loss: -0.817882 | Acc: 0.8246| MSE: 0.0303

Information Transfer:
+----------+----+------+------+------+
| Contents | L0 | L_1  | L_2  | L_3  |
+----------+----+------+------+------+
|    L0    | -- | 0.67 | 0.69 | 0.72 |
|    L1    | -- |  --  | 0.61 | 0.66 |
|    L2    | -- |  --  |  --  | 0.65 |
|    L3    | -- |  --  |  --  |  --  |
+----------+----+------+------+------+
Train Epoch: 2 | Loss: -0.853451 | Acc: 0.8551| MSE: 0.0267

Information Transfer:
+----------+----+------+------+------+
| Contents | L0 | L_1  | L_2  | L_3  |
+----------+----+------+------+------+
|    L0    | -- | 0.64 | 0.66 | 0.7  |
|    L1    | -- |  --  | 0.51 | 0.59 |
|    L2    | -- |  --  |  --  | 0.57 |
|    L3    | -- |  --  |  --  |  --  |
+----------+----+------+------+------+
Train Epoch: 3 | Loss: -0.861310 | Acc: 0.8624| MSE: 0.0259

Information Transfer:
+----------+----+------+------+------+
| Contents | L0 | L_1  | L_2  | L_3  |
+----------+----+------+------+------+
|    L0    | -- | 0.63 | 0.64 | 0.68 |
|    L1    | -- |  --  | 0.5  | 0.53 |
|    L2    | -- |  --  |  --  | 0.52 |
|    L3    | -- |  --  |  --  |  --  |
+----------+----+------+------+------+
Train Epoch: 4 | Loss: -0.865770 | Acc: 0.8666| MSE: 0.0253

Information Transfer:
+----------+----+------+------+------+
| Contents | L0 | L_1  | L_2  | L_3  |
+----------+----+------+------+------+
|    L0    | -- | 0.62 | 0.64 | 0.68 |
|    L1    | -- |  --  | 0.49 | 0.5  |
|    L2    | -- |  --  |  --  | 0.5  |
|    L3    | -- |  --  |  --  |  --  |
+----------+----+------+------+------+
Train Epoch: 5 | Loss: -0.867367 | Acc: 0.8678| MSE: 0.0251

Information Transfer:
+----------+----+------+------+------+
| Contents | L0 | L_1  | L_2  | L_3  |
+----------+----+------+------+------+
|    L0    | -- | 0.62 | 0.64 | 0.67 |
|    L1    | -- |  --  | 0.49 | 0.49 |
|    L2    | -- |  --  |  --  | 0.49 |
|    L3    | -- |  --  |  --  |  --  |
+----------+----+------+------+------+
Train Epoch: 6 | Loss: -0.868988 | Acc: 0.8694| MSE: 0.0250

Information Transfer:
+----------+----+------+------+------+
| Contents | L0 | L_1  | L_2  | L_3  |
+----------+----+------+------+------+
|    L0    | -- | 0.61 | 0.63 | 0.67 |
|    L1    | -- |  --  | 0.49 | 0.5  |
|    L2    | -- |  --  |  --  | 0.49 |
|    L3    | -- |  --  |  --  |  --  |
+----------+----+------+------+------+
Train Epoch: 7 | Loss: -0.870631 | Acc: 0.8712| MSE: 0.0247

Information Transfer:
+----------+----+------+------+------+
| Contents | L0 | L_1  | L_2  | L_3  |
+----------+----+------+------+------+
|    L0    | -- | 0.61 | 0.63 | 0.67 |
|    L1    | -- |  --  | 0.48 | 0.49 |
|    L2    | -- |  --  |  --  | 0.49 |
|    L3    | -- |  --  |  --  |  --  |
+----------+----+------+------+------+
Train Epoch: 8 | Loss: -0.872130 | Acc: 0.8725| MSE: 0.0245

Information Transfer:
+----------+----+------+------+------+
| Contents | L0 | L_1  | L_2  | L_3  |
+----------+----+------+------+------+
|    L0    | -- | 0.6  | 0.63 | 0.67 |
|    L1    | -- |  --  | 0.47 | 0.49 |
|    L2    | -- |  --  |  --  | 0.49 |
|    L3    | -- |  --  |  --  |  --  |
+----------+----+------+------+------+
Train Epoch: 9 | Loss: -0.874071 | Acc: 0.8744| MSE: 0.0243

Information Transfer:
+----------+----+------+------+------+
| Contents | L0 | L_1  | L_2  | L_3  |
+----------+----+------+------+------+
|    L0    | -- | 0.6  | 0.63 | 0.67 |
|    L1    | -- |  --  | 0.47 | 0.49 |
|    L2    | -- |  --  |  --  | 0.48 |
|    L3    | -- |  --  |  --  |  --  |
+----------+----+------+------+------+
Train Epoch: 10 | Loss: -0.875368 | Acc: 0.8755| MSE: 0.0240

Information Transfer:
+----------+----+------+------+------+
| Contents | L0 | L_1  | L_2  | L_3  |
+----------+----+------+------+------+
|    L0    | -- | 0.6  | 0.63 | 0.66 |
|    L1    | -- |  --  | 0.48 | 0.49 |
|    L2    | -- |  --  |  --  | 0.49 |
|    L3    | -- |  --  |  --  |  --  |
+----------+----+------+------+------+
Test | NLL Loss: -217.516563 | Acc: 0.8721 | MSE: 62.58144359588623
Took 194.87474012374878 seconds
