Config: 
 {
  "model_name": "fashion_mnist_dsc_ffn_10p_10pTrain",
  "num_classes": 10,
  "in_features": 784,
  "epochs": 10,
  "batch_size": 256,
  "lr": 0.1,
  "train_p": 10,
  "test_p": 100,
  "dnn_config": {
    "layers": [
      10,
      10,
      10
    ]
  }
} 

FashionMNIST Dataset:
Training on 6000 samples (10% of 60000) 
Test on 10000 samples (100% of 60000)

Model: 

LinearClassifierDSC(
  (layers): ModuleList(
    (0): Linear(in_features=784, out_features=10, bias=True)
    (1): Linear(in_features=794, out_features=10, bias=True)
    (2): Linear(in_features=804, out_features=10, bias=True)
  )
  (relu_activation): ReLU()
  (softmax_activation): LogSoftmax()
)


Summary: 

----------------------------------------------------------------
        Layer (type)               Output Shape         Param #
================================================================
            Linear-1                   [-1, 10]           7,850
              ReLU-2                   [-1, 10]               0
            Linear-3                   [-1, 10]           7,950
              ReLU-4                   [-1, 10]               0
            Linear-5                   [-1, 10]           8,050
            Linear-6                   [-1, 10]           8,050
        LogSoftmax-7                   [-1, 10]               0
================================================================
Total params: 31,900
Trainable params: 31,900
Non-trainable params: 0
----------------------------------------------------------------
Input size (MB): 0.00
Forward/backward pass size (MB): 0.00
Params size (MB): 0.12
Estimated Total Size (MB): 0.13
----------------------------------------------------------------


Train Epoch: 1 | Loss: 5.795775 | Acc: 0.6270| MSE: 3353.5190

Information Transfer:
+----------+----+------+------+------+
| Contents | L0 | L_1  | L_2  | L_3  |
+----------+----+------+------+------+
|    L0    | -- | 0.6  | 0.61 | 0.51 |
|    L1    | -- |  --  | 0.54 | 0.5  |
|    L2    | -- |  --  |  --  | 0.46 |
|    L3    | -- |  --  |  --  |  --  |
+----------+----+------+------+------+
Train Epoch: 2 | Loss: 1.564287 | Acc: 0.7789| MSE: 2563.2425

Information Transfer:
+----------+----+------+------+------+
| Contents | L0 | L_1  | L_2  | L_3  |
+----------+----+------+------+------+
|    L0    | -- | 0.58 | 0.55 | 0.38 |
|    L1    | -- |  --  | 0.49 | 0.4  |
|    L2    | -- |  --  |  --  | 0.38 |
|    L3    | -- |  --  |  --  |  --  |
+----------+----+------+------+------+
Train Epoch: 3 | Loss: 0.917375 | Acc: 0.8117| MSE: 1395.0365

Information Transfer:
+----------+----+------+------+------+
| Contents | L0 | L_1  | L_2  | L_3  |
+----------+----+------+------+------+
|    L0    | -- | 0.55 | 0.51 | 0.31 |
|    L1    | -- |  --  | 0.49 | 0.36 |
|    L2    | -- |  --  |  --  | 0.34 |
|    L3    | -- |  --  |  --  |  --  |
+----------+----+------+------+------+
Train Epoch: 4 | Loss: 0.634999 | Acc: 0.8256| MSE: 830.1269

Information Transfer:
+----------+----+------+------+------+
| Contents | L0 | L_1  | L_2  | L_3  |
+----------+----+------+------+------+
|    L0    | -- | 0.55 | 0.5  | 0.26 |
|    L1    | -- |  --  | 0.47 | 0.32 |
|    L2    | -- |  --  |  --  | 0.32 |
|    L3    | -- |  --  |  --  |  --  |
+----------+----+------+------+------+
Train Epoch: 5 | Loss: 0.475978 | Acc: 0.8513| MSE: 556.3728

Information Transfer:
+----------+----+------+------+------+
| Contents | L0 | L_1  | L_2  | L_3  |
+----------+----+------+------+------+
|    L0    | -- | 0.53 | 0.49 | 0.23 |
|    L1    | -- |  --  | 0.47 | 0.29 |
|    L2    | -- |  --  |  --  | 0.29 |
|    L3    | -- |  --  |  --  |  --  |
+----------+----+------+------+------+
Train Epoch: 6 | Loss: 0.420276 | Acc: 0.8598| MSE: 443.0015

Information Transfer:
+----------+----+------+------+------+
| Contents | L0 | L_1  | L_2  | L_3  |
+----------+----+------+------+------+
|    L0    | -- | 0.53 | 0.49 | 0.22 |
|    L1    | -- |  --  | 0.46 | 0.29 |
|    L2    | -- |  --  |  --  | 0.28 |
|    L3    | -- |  --  |  --  |  --  |
+----------+----+------+------+------+
Train Epoch: 7 | Loss: 0.421111 | Acc: 0.8564| MSE: 375.3663

Information Transfer:
+----------+----+------+------+------+
| Contents | L0 | L_1  | L_2  | L_3  |
+----------+----+------+------+------+
|    L0    | -- | 0.54 | 0.49 | 0.21 |
|    L1    | -- |  --  | 0.45 | 0.28 |
|    L2    | -- |  --  |  --  | 0.27 |
|    L3    | -- |  --  |  --  |  --  |
+----------+----+------+------+------+
Train Epoch: 8 | Loss: 0.406951 | Acc: 0.8568| MSE: 346.6758

Information Transfer:
+----------+----+------+------+------+
| Contents | L0 | L_1  | L_2  | L_3  |
+----------+----+------+------+------+
|    L0    | -- | 0.54 | 0.49 | 0.2  |
|    L1    | -- |  --  | 0.44 | 0.28 |
|    L2    | -- |  --  |  --  | 0.25 |
|    L3    | -- |  --  |  --  |  --  |
+----------+----+------+------+------+
Train Epoch: 9 | Loss: 0.370381 | Acc: 0.8707| MSE: 315.5562

Information Transfer:
+----------+----+------+------+------+
| Contents | L0 | L_1  | L_2  | L_3  |
+----------+----+------+------+------+
|    L0    | -- | 0.54 | 0.49 | 0.2  |
|    L1    | -- |  --  | 0.42 | 0.28 |
|    L2    | -- |  --  |  --  | 0.25 |
|    L3    | -- |  --  |  --  |  --  |
+----------+----+------+------+------+
Train Epoch: 10 | Loss: 0.364210 | Acc: 0.8727| MSE: 303.0608

Information Transfer:
+----------+----+------+------+------+
| Contents | L0 | L_1  | L_2  | L_3  |
+----------+----+------+------+------+
|    L0    | -- | 0.54 | 0.49 | 0.2  |
|    L1    | -- |  --  | 0.43 | 0.28 |
|    L2    | -- |  --  |  --  | 0.24 |
|    L3    | -- |  --  |  --  |  --  |
+----------+----+------+------+------+
Test | NLL Loss: 0.553301 | Acc: 0.8194 | MSE: 293.58974266052246
Took 15.042362213134766 seconds
