Config: 
 {
  "model_name": "dsc_ffn_25p",
  "num_classes": 10,
  "in_features": 784,
  "epochs": 10,
  "batch_size": 256,
  "lr": 0.01,
  "dnn_config": {
    "layers": [
      25,
      10,
      10
    ]
  }
} 

Model: 

LinearClassifierDSC(
  (layers): ModuleList(
    (0): Linear(in_features=784, out_features=25, bias=True)
    (1): Linear(in_features=809, out_features=10, bias=True)
    (2): Linear(in_features=819, out_features=10, bias=True)
  )
  (relu_activation): ReLU()
  (softmax_activation): Softmax(dim=-1)
)


Summary: 

----------------------------------------------------------------
        Layer (type)               Output Shape         Param #
================================================================
            Linear-1                   [-1, 25]          19,625
              ReLU-2                   [-1, 25]               0
            Linear-3                   [-1, 10]           8,100
              ReLU-4                   [-1, 10]               0
            Linear-5                   [-1, 10]           8,200
           Softmax-6                   [-1, 10]               0
================================================================
Total params: 35,925
Trainable params: 35,925
Non-trainable params: 0
----------------------------------------------------------------
Input size (MB): 0.00
Forward/backward pass size (MB): 0.00
Params size (MB): 0.14
Estimated Total Size (MB): 0.14
----------------------------------------------------------------


Train Epoch: 1 | Loss: -0.887150 | Acc: 0.8954| MSE: 0.0166

Information Transfer:
+----------+----+------+------+------+
| Contents | L0 | L_1  | L_2  | L_3  |
+----------+----+------+------+------+
|    L0    | -- | 0.66 | 0.69 | 0.73 |
|    L1    | -- |  --  | 0.59 | 0.65 |
|    L2    | -- |  --  |  --  | 0.64 |
|    L3    | -- |  --  |  --  |  --  |
+----------+----+------+------+------+
Train Epoch: 2 | Loss: -0.939228 | Acc: 0.9414| MSE: 0.0104

Information Transfer:
+----------+----+------+------+------+
| Contents | L0 | L_1  | L_2  | L_3  |
+----------+----+------+------+------+
|    L0    | -- | 0.62 | 0.65 | 0.71 |
|    L1    | -- |  --  | 0.45 | 0.58 |
|    L2    | -- |  --  |  --  | 0.56 |
|    L3    | -- |  --  |  --  |  --  |
+----------+----+------+------+------+
Train Epoch: 3 | Loss: -0.948710 | Acc: 0.9497| MSE: 0.0091

Information Transfer:
+----------+----+------+------+------+
| Contents | L0 | L_1  | L_2  | L_3  |
+----------+----+------+------+------+
|    L0    | -- | 0.59 | 0.6  | 0.69 |
|    L1    | -- |  --  | 0.31 | 0.51 |
|    L2    | -- |  --  |  --  | 0.49 |
|    L3    | -- |  --  |  --  |  --  |
+----------+----+------+------+------+
Train Epoch: 4 | Loss: -0.953255 | Acc: 0.9539| MSE: 0.0084

Information Transfer:
+----------+----+------+------+------+
| Contents | L0 | L_1  | L_2  | L_3  |
+----------+----+------+------+------+
|    L0    | -- | 0.57 | 0.57 | 0.67 |
|    L1    | -- |  --  | 0.23 | 0.46 |
|    L2    | -- |  --  |  --  | 0.44 |
|    L3    | -- |  --  |  --  |  --  |
+----------+----+------+------+------+
Train Epoch: 5 | Loss: -0.956080 | Acc: 0.9567| MSE: 0.0080

Information Transfer:
+----------+----+------+------+------+
| Contents | L0 | L_1  | L_2  | L_3  |
+----------+----+------+------+------+
|    L0    | -- | 0.56 | 0.56 | 0.66 |
|    L1    | -- |  --  | 0.19 | 0.41 |
|    L2    | -- |  --  |  --  | 0.4  |
|    L3    | -- |  --  |  --  |  --  |
+----------+----+------+------+------+
Train Epoch: 6 | Loss: -0.960102 | Acc: 0.9606| MSE: 0.0074

Information Transfer:
+----------+----+------+------+------+
| Contents | L0 | L_1  | L_2  | L_3  |
+----------+----+------+------+------+
|    L0    | -- | 0.55 | 0.55 | 0.65 |
|    L1    | -- |  --  | 0.16 | 0.38 |
|    L2    | -- |  --  |  --  | 0.37 |
|    L3    | -- |  --  |  --  |  --  |
+----------+----+------+------+------+
Train Epoch: 7 | Loss: -0.960048 | Acc: 0.9602| MSE: 0.0074

Information Transfer:
+----------+----+------+------+------+
| Contents | L0 | L_1  | L_2  | L_3  |
+----------+----+------+------+------+
|    L0    | -- | 0.54 | 0.53 | 0.64 |
|    L1    | -- |  --  | 0.14 | 0.35 |
|    L2    | -- |  --  |  --  | 0.34 |
|    L3    | -- |  --  |  --  |  --  |
+----------+----+------+------+------+
Train Epoch: 8 | Loss: -0.960846 | Acc: 0.9612| MSE: 0.0073

Information Transfer:
+----------+----+------+------+------+
| Contents | L0 | L_1  | L_2  | L_3  |
+----------+----+------+------+------+
|    L0    | -- | 0.53 | 0.52 | 0.63 |
|    L1    | -- |  --  | 0.12 | 0.33 |
|    L2    | -- |  --  |  --  | 0.31 |
|    L3    | -- |  --  |  --  |  --  |
+----------+----+------+------+------+
Train Epoch: 9 | Loss: -0.964765 | Acc: 0.9650| MSE: 0.0066

Information Transfer:
+----------+----+------+------+------+
| Contents | L0 | L_1  | L_2  | L_3  |
+----------+----+------+------+------+
|    L0    | -- | 0.52 | 0.52 | 0.63 |
|    L1    | -- |  --  | 0.11 | 0.3  |
|    L2    | -- |  --  |  --  | 0.29 |
|    L3    | -- |  --  |  --  |  --  |
+----------+----+------+------+------+
Train Epoch: 10 | Loss: -0.965241 | Acc: 0.9656| MSE: 0.0065

Information Transfer:
+----------+----+------+------+------+
| Contents | L0 | L_1  | L_2  | L_3  |
+----------+----+------+------+------+
|    L0    | -- | 0.52 | 0.52 | 0.62 |
|    L1    | -- |  --  | 0.1  | 0.28 |
|    L2    | -- |  --  |  --  | 0.27 |
|    L3    | -- |  --  |  --  |  --  |
+----------+----+------+------+------+
Test | NLL Loss: -240.627089 | Acc: 0.9643 | MSE: 17.37148501908328
Took 165.59801292419434 seconds
