Config: 
 {
  "model_name": "gsc_cifar_10p_data_100p_params",
  "num_classes": 10,
  "in_features": 1024,
  "epochs": 100,
  "batch_size": 32,
  "lr": 0.01,
  "lr_decay": false,
  "train_p": 9.0,
  "test_p": 100,
  "dnn_config": {
    "layers": [
      150,
      100,
      10
    ]
  },
  "early_stopping": true,
  "patience": 5,
  "valid_p": 1.0,
  "optimizer": "adam"
} 

CIFAR-10 Dataset:
Training on 4500 samples (9.0% of 50000) 
Valid on 500 samples (1.0% of 50000)
Test on 10000 samples (100% of 10000)

Files already downloaded and verified
Files already downloaded and verified
Running test for every 1 epoch
Model: 

LinearClassifierGSC(
  (layers): ModuleList(
    (0): Linear(in_features=1024, out_features=150, bias=True)
    (1): Linear(in_features=1174, out_features=100, bias=True)
    (2): Linear(in_features=1274, out_features=10, bias=True)
  )
  (relu_activation): ReLU()
  (softmax_activation): LogSoftmax()
)


Summary: 

----------------------------------------------------------------
        Layer (type)               Output Shape         Param #
================================================================
            Linear-1                  [-1, 150]         153,750
              ReLU-2                  [-1, 150]               0
            Linear-3                  [-1, 100]         117,500
              ReLU-4                  [-1, 100]               0
            Linear-5                   [-1, 10]          12,750
        LogSoftmax-6                   [-1, 10]               0
================================================================
Total params: 284,000
Trainable params: 284,000
Non-trainable params: 0
----------------------------------------------------------------
Input size (MB): 0.00
Forward/backward pass size (MB): 0.00
Params size (MB): 1.08
Estimated Total Size (MB): 1.09
----------------------------------------------------------------


Train Epoch: 1 | Loss: 3.216746 | Acc: 0.2025| MSE: 0.1060 || V Loss: 3.2177| V Acc: 0.1980| V MSE: 0.1067| CS: ({'0': 0.69, '1': 0.74, '2': 0.46, '3': 0.4, '4': 0.21, '5': 0.58, '6': 0.48, '7': 0.56, '8': 0.39, '9': 0.78}, 0.53)
Test | NLL Loss: 3.218399 | Acc: 0.2076 | MSE: 0.10646128694946393| CS: ({'0': 0.67, '1': 0.69, '2': 0.48, '3': 0.42, '4': 0.35, '5': 0.62, '6': 0.49, '7': 0.56, '8': 0.57, '9': 0.72}, 0.56)
Train Epoch: 2 | Loss: 2.966911 | Acc: 0.2589| MSE: 0.0996 || V Loss: 3.6562| V Acc: 0.2105| V MSE: 0.1117| CS: ({'0': 0.85, '1': 0.69, '2': 0.56, '3': 0.59, '4': 0.43, '5': 0.67, '6': 0.66, '7': 0.66, '8': 0.62, '9': 0.59}, 0.63)
Test | NLL Loss: 3.769921 | Acc: 0.2106 | MSE: 0.1125715215223285| CS: ({'0': 0.8, '1': 0.7, '2': 0.64, '3': 0.58, '4': 0.34, '5': 0.61, '6': 0.63, '7': 0.65, '8': 0.61, '9': 0.58}, 0.61)
Train Epoch: 3 | Loss: 2.890260 | Acc: 0.2823| MSE: 0.0984 || V Loss: 3.2710| V Acc: 0.2148| V MSE: 0.1088| CS: ({'0': 0.67, '1': 0.55, '2': 0.62, '3': 0.75, '4': 0.56, '5': 0.79, '6': 0.5, '7': 0.69, '8': 0.6, '9': 0.58}, 0.63)
Test | NLL Loss: 3.441792 | Acc: 0.2121 | MSE: 0.10958853851968108| CS: ({'0': 0.63, '1': 0.67, '2': 0.49, '3': 0.74, '4': 0.52, '5': 0.68, '6': 0.34, '7': 0.65, '8': 0.64, '9': 0.64}, 0.6)
Train Epoch: 4 | Loss: 2.831143 | Acc: 0.3138| MSE: 0.0959 || V Loss: 4.1350| V Acc: 0.2371| V MSE: 0.1112| CS: ({'0': 0.74, '1': 0.75, '2': 0.56, '3': 0.65, '5': 0.68, '6': 0.41, '7': 0.78, '8': 0.8, '9': 0.81}, 0.69)
Test | NLL Loss: 4.125201 | Acc: 0.2119 | MSE: 0.11576110995806063| CS: ({'0': 0.66, '1': 0.71, '2': 0.54, '3': 0.72, '4': 0.45, '5': 0.7, '6': 0.53, '7': 0.73, '8': 0.84, '9': 0.76}, 0.66)
Train Epoch: 5 | Loss: 2.923307 | Acc: 0.3262| MSE: 0.0961 || V Loss: 3.5797| V Acc: 0.2547| V MSE: 0.1058| CS: ({'0': 0.76, '1': 0.81, '2': 0.69, '3': 0.7, '4': 0.71, '5': 0.86, '6': 0.58, '7': 0.75, '8': 0.78, '9': 0.82}, 0.75)
Test | NLL Loss: 3.523364 | Acc: 0.2694 | MSE: 0.10610288860032353| CS: ({'0': 0.62, '1': 0.79, '2': 0.67, '3': 0.73, '4': 0.59, '5': 0.76, '6': 0.58, '7': 0.72, '8': 0.79, '9': 0.78}, 0.7)
Train Epoch: 6 | Loss: 2.810860 | Acc: 0.3482| MSE: 0.0942 || V Loss: 3.5771| V Acc: 0.2641| V MSE: 0.1071| CS: ({'0': 0.7, '1': 0.72, '2': 0.65, '3': 0.74, '4': 0.65, '5': 0.74, '6': 0.64, '7': 0.83, '8': 0.62, '9': 0.81}, 0.71)
Test | NLL Loss: 3.604607 | Acc: 0.2501 | MSE: 0.10893074201699644| CS: ({'0': 0.68, '1': 0.76, '2': 0.65, '3': 0.73, '4': 0.51, '5': 0.75, '6': 0.69, '7': 0.76, '8': 0.69, '9': 0.82}, 0.7)
Train Epoch: 7 | Loss: 2.774379 | Acc: 0.3707| MSE: 0.0913 || V Loss: 3.6610| V Acc: 0.2613| V MSE: 0.1084| CS: ({'0': 0.82, '1': 0.66, '2': 0.59, '3': 0.82, '4': 0.6, '5': 0.89, '6': 0.56, '7': 0.67, '8': 0.7, '9': 0.74}, 0.7)
Test | NLL Loss: 3.890785 | Acc: 0.2435 | MSE: 0.11142836920559977| CS: ({'0': 0.7, '1': 0.74, '2': 0.63, '3': 0.7, '4': 0.54, '5': 0.87, '6': 0.71, '7': 0.72, '8': 0.68, '9': 0.75}, 0.7)
Train Epoch: 8 | Loss: 2.760052 | Acc: 0.3946| MSE: 0.0890 || V Loss: 3.8570| V Acc: 0.2910| V MSE: 0.1062| CS: ({'0': 0.77, '1': 0.78, '2': 0.59, '3': 0.74, '4': 0.53, '5': 0.8, '6': 0.62, '7': 0.81, '8': 0.69, '9': 0.85}, 0.72)
Test | NLL Loss: 3.720800 | Acc: 0.2584 | MSE: 0.10953430731456501| CS: ({'0': 0.75, '1': 0.76, '2': 0.62, '3': 0.71, '4': 0.6, '5': 0.79, '6': 0.63, '7': 0.81, '8': 0.73, '9': 0.82}, 0.72)
Train Epoch: 9 | Loss: 2.466827 | Acc: 0.4334| MSE: 0.0830 || V Loss: 4.2853| V Acc: 0.2703| V MSE: 0.1136| CS: ({'0': 0.69, '1': 0.77, '2': 0.55, '3': 0.67, '4': 0.77, '5': 0.78, '6': 0.72, '7': 0.81, '8': 0.72, '9': 0.74}, 0.72)
Test | NLL Loss: 4.468619 | Acc: 0.2310 | MSE: 0.11628008310120708| CS: ({'0': 0.68, '1': 0.75, '2': 0.65, '3': 0.8, '4': 0.73, '5': 0.79, '6': 0.63, '7': 0.79, '8': 0.76, '9': 0.77}, 0.73)
Train Epoch: 10 | Loss: 2.466804 | Acc: 0.4401| MSE: 0.0833 || V Loss: 4.1258| V Acc: 0.2629| V MSE: 0.1124| CS: ({'0': 0.75, '1': 0.78, '2': 0.53, '3': 0.82, '4': 0.77, '5': 0.89, '6': 0.76, '7': 0.79, '8': 0.82, '9': 0.68}, 0.76)
Test | NLL Loss: 4.257800 | Acc: 0.2577 | MSE: 0.11398732162321719| CS: ({'0': 0.81, '1': 0.8, '2': 0.6, '3': 0.69, '4': 0.65, '5': 0.84, '6': 0.77, '7': 0.82, '8': 0.78, '9': 0.77}, 0.75)
Train Epoch: 11 | Loss: 2.455380 | Acc: 0.4539| MSE: 0.0813 || V Loss: 5.0518| V Acc: 0.2840| V MSE: 0.1151| CS: ({'0': 0.75, '1': 0.87, '2': 0.71, '4': 0.88, '5': 0.87, '6': 0.82, '7': 0.79, '8': 0.85, '9': 0.89}, 0.83)
Test | NLL Loss: 5.039746 | Acc: 0.2687 | MSE: 0.11773780999949184| CS: ({'0': 0.77, '1': 0.88, '2': 0.69, '3': 0.61, '4': 0.8, '5': 0.85, '6': 0.81, '7': 0.83, '8': 0.82, '9': 0.81}, 0.79)
Train Epoch: 12 | Loss: 2.321438 | Acc: 0.4819| MSE: 0.0782 || V Loss: 4.3356| V Acc: 0.2715| V MSE: 0.1141| CS: ({'0': 0.77, '1': 0.82, '2': 0.64, '3': 0.79, '4': 0.73, '5': 0.87, '6': 0.85, '7': 0.83, '8': 0.65, '9': 0.73}, 0.77)
Test | NLL Loss: 4.502157 | Acc: 0.2592 | MSE: 0.11503247376352835| CS: ({'0': 0.8, '1': 0.81, '2': 0.68, '3': 0.74, '4': 0.74, '5': 0.87, '6': 0.69, '7': 0.83, '8': 0.74, '9': 0.86}, 0.78)
Train Epoch: 13 | Loss: 2.332514 | Acc: 0.4900| MSE: 0.0769 || V Loss: 5.5074| V Acc: 0.2629| V MSE: 0.1181| CS: ({'0': 0.85, '1': 0.86, '2': 0.79, '3': 0.91, '4': 0.72, '5': 0.91, '6': 0.64, '7': 0.94, '8': 0.86, '9': 0.84}, 0.83)
Test | NLL Loss: 5.726286 | Acc: 0.2487 | MSE: 0.12131470582260491| CS: ({'0': 0.86, '1': 0.85, '2': 0.72, '3': 0.87, '4': 0.7, '5': 0.76, '6': 0.7, '7': 0.84, '8': 0.78, '9': 0.87}, 0.8)
Train Epoch: 14 | Loss: 2.419334 | Acc: 0.4951| MSE: 0.0774 || V Loss: 4.6966| V Acc: 0.2656| V MSE: 0.1167| CS: ({'0': 0.76, '1': 0.94, '2': 0.66, '3': 0.89, '4': 0.73, '5': 0.84, '6': 0.9, '7': 0.85, '8': 0.81, '9': 0.72}, 0.81)
Test | NLL Loss: 4.763413 | Acc: 0.2713 | MSE: 0.11504309060284124| CS: ({'0': 0.82, '1': 0.85, '2': 0.72, '3': 0.83, '4': 0.66, '5': 0.82, '6': 0.72, '7': 0.83, '8': 0.85, '9': 0.79}, 0.79)
Train Epoch: 15 | Loss: 2.089774 | Acc: 0.5422| MSE: 0.0694 || V Loss: 5.5095| V Acc: 0.2629| V MSE: 0.1188| CS: ({'0': 0.76, '1': 0.81, '2': 0.91, '3': 0.86, '4': 0.73, '5': 0.85, '6': 0.8, '7': 0.81, '8': 0.83, '9': 0.93}, 0.83)
Test | NLL Loss: 5.514041 | Acc: 0.2461 | MSE: 0.12226072387002147| CS: ({'0': 0.76, '1': 0.86, '2': 0.86, '3': 0.82, '4': 0.69, '5': 0.86, '6': 0.75, '7': 0.85, '8': 0.85, '9': 0.87}, 0.82)
Train Epoch: 16 | Loss: 1.977812 | Acc: 0.5618| MSE: 0.0674 || V Loss: 5.1496| V Acc: 0.2840| V MSE: 0.1155| CS: ({'0': 0.91, '1': 0.88, '2': 0.88, '3': 0.93, '4': 0.76, '5': 0.91, '6': 0.81, '7': 0.91, '8': 0.85, '9': 0.89}, 0.87)
Test | NLL Loss: 5.343051 | Acc: 0.2767 | MSE: 0.11812089240779511| CS: ({'0': 0.92, '1': 0.84, '2': 0.71, '3': 0.82, '4': 0.75, '5': 0.88, '6': 0.75, '7': 0.89, '8': 0.88, '9': 0.84}, 0.83)
Train Epoch: 17 | Loss: 1.943602 | Acc: 0.5843| MSE: 0.0645 || V Loss: 5.5203| V Acc: 0.2578| V MSE: 0.1206| CS: ({'0': 0.72, '1': 0.91, '2': 0.76, '3': 0.87, '4': 0.8, '5': 0.76, '6': 0.74, '7': 0.93, '8': 0.88, '9': 0.91}, 0.83)
Test | NLL Loss: 5.479995 | Acc: 0.2575 | MSE: 0.12127605806619596| CS: ({'0': 0.69, '1': 0.88, '2': 0.77, '3': 0.83, '4': 0.79, '5': 0.85, '6': 0.75, '7': 0.88, '8': 0.88, '9': 0.89}, 0.82)
Train Epoch: 18 | Loss: 1.840059 | Acc: 0.5971| MSE: 0.0613 || V Loss: 5.5519| V Acc: 0.2902| V MSE: 0.1174| CS: ({'0': 0.86, '1': 0.9, '2': 0.76, '3': 0.81, '4': 0.8, '5': 0.82, '6': 0.86, '7': 0.88, '8': 0.84, '9': 0.79}, 0.83)
Test | NLL Loss: 5.904231 | Acc: 0.2695 | MSE: 0.1217923325043136| CS: ({'0': 0.82, '1': 0.87, '2': 0.77, '3': 0.8, '4': 0.71, '5': 0.81, '6': 0.89, '7': 0.88, '8': 0.9, '9': 0.88}, 0.83)
Train Epoch: 19 | Loss: 1.725031 | Acc: 0.6184| MSE: 0.0576 || V Loss: 6.1339| V Acc: 0.3180| V MSE: 0.1153| CS: ({'0': 0.74, '1': 0.92, '2': 0.87, '3': 0.95, '4': 0.86, '5': 0.87, '6': 0.82, '7': 0.82, '8': 0.9, '9': 0.82}, 0.86)
Test | NLL Loss: 6.349766 | Acc: 0.2735 | MSE: 0.1217429894751634| CS: ({'0': 0.74, '1': 0.89, '2': 0.74, '3': 0.87, '4': 0.77, '5': 0.87, '6': 0.83, '7': 0.92, '8': 0.88, '9': 0.89}, 0.84)
Train Epoch: 20 | Loss: 1.941506 | Acc: 0.6130| MSE: 0.0616 || V Loss: 5.6150| V Acc: 0.2715| V MSE: 0.1196| CS: ({'0': 0.88, '1': 0.75, '2': 0.77, '3': 0.93, '4': 0.81, '5': 0.81, '6': 0.76, '7': 0.93, '8': 0.89, '9': 0.86}, 0.84)
Test | NLL Loss: 5.905243 | Acc: 0.2854 | MSE: 0.11879665711626838| CS: ({'0': 0.89, '1': 0.85, '2': 0.73, '3': 0.86, '4': 0.75, '5': 0.87, '6': 0.86, '7': 0.87, '8': 0.85, '9': 0.89}, 0.84)
Train Epoch: 21 | Loss: 1.871677 | Acc: 0.6208| MSE: 0.0596 || V Loss: 6.5455| V Acc: 0.2855| V MSE: 0.1198| CS: ({'0': 0.94, '1': 0.86, '2': 0.74, '3': 0.86, '4': 0.85, '5': 0.96, '6': 0.85, '7': 0.92, '8': 0.89, '9': 0.94}, 0.88)
Test | NLL Loss: 6.312208 | Acc: 0.2661 | MSE: 0.12239812978635581| CS: ({'0': 0.91, '1': 0.9, '2': 0.77, '3': 0.86, '4': 0.79, '5': 0.87, '6': 0.82, '7': 0.9, '8': 0.86, '9': 0.88}, 0.86)
Train Epoch: 22 | Loss: 2.042176 | Acc: 0.6248| MSE: 0.0601 || V Loss: 6.5060| V Acc: 0.2805| V MSE: 0.1210| CS: ({'0': 0.87, '1': 0.89, '2': 0.82, '3': 0.87, '4': 0.75, '5': 0.95, '6': 0.69, '7': 0.97, '8': 0.85, '9': 0.82}, 0.85)
Test | NLL Loss: 6.457552 | Acc: 0.2760 | MSE: 0.12151594945607475| CS: ({'0': 0.87, '1': 0.89, '2': 0.79, '3': 0.85, '4': 0.81, '5': 0.94, '6': 0.8, '7': 0.89, '8': 0.88, '9': 0.84}, 0.86)
Train Epoch: 23 | Loss: 1.764170 | Acc: 0.6496| MSE: 0.0556 || V Loss: 6.8117| V Acc: 0.3086| V MSE: 0.1159| CS: ({'0': 0.86, '1': 0.92, '2': 0.79, '3': 0.97, '4': 0.86, '5': 0.86, '6': 0.87, '7': 0.94, '8': 0.93, '9': 0.9}, 0.89)
Test | NLL Loss: 7.424014 | Acc: 0.2684 | MSE: 0.12489837424728437| CS: ({'0': 0.86, '1': 0.9, '2': 0.83, '3': 0.8, '4': 0.77, '5': 0.92, '6': 0.87, '7': 0.9, '8': 0.92, '9': 0.91}, 0.87)
Train Epoch: 24 | Loss: 1.646318 | Acc: 0.6798| MSE: 0.0510 || V Loss: 7.6383| V Acc: 0.2609| V MSE: 0.1256| CS: ({'0': 0.99, '1': 0.92, '2': 0.83, '3': 0.87, '4': 0.7, '5': 0.86, '6': 0.78, '7': 0.96, '8': 0.91, '9': 0.93}, 0.88)
Test | NLL Loss: 7.971966 | Acc: 0.2398 | MSE: 0.13018915180961926| CS: ({'0': 0.79, '1': 0.92, '2': 0.84, '3': 0.9, '4': 0.77, '5': 0.87, '6': 0.76, '7': 0.9, '8': 0.88, '9': 0.86}, 0.85)
Train Epoch: 25 | Loss: 2.003470 | Acc: 0.6499| MSE: 0.0564 || V Loss: 7.4431| V Acc: 0.2801| V MSE: 0.1208| CS: ({'0': 0.86, '1': 0.85, '2': 0.81, '3': 0.85, '4': 0.79, '5': 0.95, '6': 0.83, '7': 0.93, '8': 0.9, '9': 0.89}, 0.87)
Test | NLL Loss: 7.931049 | Acc: 0.2577 | MSE: 0.1276685284159054| CS: ({'0': 0.84, '1': 0.92, '2': 0.87, '3': 0.83, '4': 0.82, '5': 0.94, '6': 0.83, '7': 0.91, '8': 0.9, '9': 0.89}, 0.88)
Train Epoch: 26 | Loss: 1.802762 | Acc: 0.6763| MSE: 0.0518 || V Loss: 6.2602| V Acc: 0.2684| V MSE: 0.1217| CS: ({'0': 0.94, '1': 0.9, '2': 0.84, '3': 0.85, '4': 0.86, '5': 0.91, '6': 0.73, '7': 0.91, '8': 0.88, '9': 0.78}, 0.86)
Test | NLL Loss: 6.632514 | Acc: 0.2821 | MSE: 0.12197045762889301| CS: ({'0': 0.89, '1': 0.91, '2': 0.83, '3': 0.85, '4': 0.79, '5': 0.88, '6': 0.83, '7': 0.91, '8': 0.9, '9': 0.9}, 0.87)
Train Epoch: 27 | Loss: 1.331289 | Acc: 0.7241| MSE: 0.0438 || V Loss: 7.2785| V Acc: 0.2934| V MSE: 0.1225| CS: ({'0': 0.87, '1': 0.89, '2': 0.93, '3': 0.9, '4': 0.89, '5': 0.93, '6': 0.87, '7': 0.82, '8': 0.92, '9': 0.88}, 0.89)
Test | NLL Loss: 7.890292 | Acc: 0.2712 | MSE: 0.12619972245666547| CS: ({'0': 0.9, '1': 0.91, '2': 0.88, '3': 0.85, '4': 0.83, '5': 0.88, '6': 0.88, '7': 0.88, '8': 0.92, '9': 0.92}, 0.89)
Train Epoch: 28 | Loss: 1.492421 | Acc: 0.7250| MSE: 0.0444 || V Loss: 7.9080| V Acc: 0.2539| V MSE: 0.1274| CS: ({'0': 0.88, '1': 0.96, '2': 0.78, '3': 0.91, '4': 0.86, '5': 0.94, '6': 0.84, '7': 0.91, '8': 0.92, '9': 0.84}, 0.88)
Test | NLL Loss: 7.902766 | Acc: 0.2719 | MSE: 0.12628646720998205| CS: ({'0': 0.87, '1': 0.88, '2': 0.78, '3': 0.9, '4': 0.82, '5': 0.91, '6': 0.85, '7': 0.92, '8': 0.92, '9': 0.89}, 0.87)
Train Epoch: 29 | Loss: 1.441085 | Acc: 0.7232| MSE: 0.0442 || V Loss: 8.3564| V Acc: 0.2789| V MSE: 0.1225| CS: ({'0': 0.98, '1': 0.9, '2': 0.96, '3': 0.84, '4': 0.87, '5': 0.96, '6': 0.87, '7': 0.97, '8': 0.9, '9': 0.93}, 0.92)
Test | NLL Loss: 8.165559 | Acc: 0.2825 | MSE: 0.12471456352038124| CS: ({'0': 0.87, '1': 0.91, '2': 0.84, '3': 0.91, '4': 0.85, '5': 0.93, '6': 0.85, '7': 0.93, '8': 0.9, '9': 0.92}, 0.89)
Train Epoch: 30 | Loss: 1.625028 | Acc: 0.7082| MSE: 0.0469 || V Loss: 7.9939| V Acc: 0.2863| V MSE: 0.1243| CS: ({'0': 0.88, '1': 0.86, '2': 0.88, '3': 0.87, '4': 0.78, '5': 0.91, '6': 0.91, '7': 0.82, '8': 0.97, '9': 0.86}, 0.87)
Test | NLL Loss: 8.625805 | Acc: 0.2728 | MSE: 0.12700915031920607| CS: ({'0': 0.88, '1': 0.92, '2': 0.83, '3': 0.88, '4': 0.77, '5': 0.9, '6': 0.91, '7': 0.91, '8': 0.93, '9': 0.91}, 0.88)
Train Epoch: 31 | Loss: 1.713362 | Acc: 0.7052| MSE: 0.0480 || V Loss: 8.4385| V Acc: 0.3035| V MSE: 0.1232| CS: ({'0': 0.87, '1': 0.91, '2': 0.85, '3': 0.93, '4': 0.87, '5': 0.93, '6': 0.85, '7': 0.95, '8': 0.93, '9': 0.93}, 0.9)
Test | NLL Loss: 8.967025 | Acc: 0.2785 | MSE: 0.127310623828405| CS: ({'0': 0.87, '1': 0.92, '2': 0.83, '3': 0.93, '4': 0.86, '5': 0.9, '6': 0.89, '7': 0.9, '8': 0.89, '9': 0.94}, 0.89)
Train Epoch: 32 | Loss: 1.505516 | Acc: 0.7379| MSE: 0.0428 || V Loss: 9.6117| V Acc: 0.2672| V MSE: 0.1292| CS: ({'0': 0.83, '1': 0.94, '2': 0.86, '3': 0.97, '4': 0.71, '5': 0.94, '6': 0.93, '7': 0.97, '8': 0.93, '9': 0.94}, 0.9)
Test | NLL Loss: 9.764428 | Acc: 0.2604 | MSE: 0.13080747839741813| CS: ({'0': 0.89, '1': 0.95, '2': 0.9, '3': 0.9, '4': 0.87, '5': 0.91, '6': 0.89, '7': 0.93, '8': 0.91, '9': 0.91}, 0.91)
Train Epoch: 33 | Loss: 1.464483 | Acc: 0.7401| MSE: 0.0423 || V Loss: 9.2720| V Acc: 0.2672| V MSE: 0.1264| CS: ({'0': 0.92, '1': 0.91, '2': 0.93, '3': 0.92, '4': 0.87, '5': 0.9, '6': 0.83, '7': 0.95, '8': 0.94, '9': 0.92}, 0.91)
Test | NLL Loss: 9.383672 | Acc: 0.2820 | MSE: 0.1272588014935914| CS: ({'0': 0.92, '1': 0.94, '2': 0.89, '3': 0.88, '4': 0.84, '5': 0.93, '6': 0.85, '7': 0.94, '8': 0.93, '9': 0.91}, 0.9)
Train Epoch: 34 | Loss: 1.362570 | Acc: 0.7629| MSE: 0.0385 || V Loss: 9.3833| V Acc: 0.2930| V MSE: 0.1256| CS: ({'0': 0.93, '1': 0.99, '2': 0.84, '3': 0.78, '4': 0.88, '5': 0.92, '6': 0.89, '7': 0.93, '8': 0.94, '9': 0.96}, 0.91)
Test | NLL Loss: 9.813259 | Acc: 0.2783 | MSE: 0.12852023042048127| CS: ({'0': 0.86, '1': 0.94, '2': 0.92, '3': 0.9, '4': 0.86, '5': 0.94, '6': 0.89, '7': 0.92, '8': 0.94, '9': 0.94}, 0.91)
Train Epoch: 35 | Loss: 1.244360 | Acc: 0.7684| MSE: 0.0374 || V Loss: 9.3376| V Acc: 0.3164| V MSE: 0.1215| CS: ({'0': 0.88, '1': 0.96, '2': 0.9, '3': 0.89, '4': 0.89, '5': 0.93, '6': 0.98, '7': 0.92, '8': 0.89, '9': 0.91}, 0.92)
Test | NLL Loss: 9.726209 | Acc: 0.2750 | MSE: 0.1288813494693357| CS: ({'0': 0.88, '1': 0.94, '2': 0.89, '3': 0.91, '4': 0.86, '5': 0.94, '6': 0.88, '7': 0.94, '8': 0.9, '9': 0.94}, 0.91)
Train Epoch: 36 | Loss: 1.276675 | Acc: 0.7816| MSE: 0.0360 || V Loss: 9.5706| V Acc: 0.2949| V MSE: 0.1265| CS: ({'0': 0.93, '1': 0.97, '2': 0.87, '3': 0.94, '4': 0.88, '5': 0.97, '6': 0.88, '7': 0.92, '8': 0.85, '9': 0.86}, 0.91)
Test | NLL Loss: 10.103870 | Acc: 0.2714 | MSE: 0.13020921546144607| CS: ({'0': 0.92, '1': 0.93, '2': 0.86, '3': 0.91, '4': 0.87, '5': 0.93, '6': 0.86, '7': 0.91, '8': 0.91, '9': 0.92}, 0.9)
Train Epoch: 37 | Loss: 1.270188 | Acc: 0.7898| MSE: 0.0353 || V Loss: 9.7921| V Acc: 0.3172| V MSE: 0.1228| CS: ({'0': 0.96, '1': 0.95, '2': 0.9, '3': 0.91, '4': 0.92, '5': 0.94, '6': 0.87, '7': 0.9, '8': 0.95, '9': 0.78}, 0.91)
Test | NLL Loss: 11.002306 | Acc: 0.2753 | MSE: 0.13003659217407149| CS: ({'0': 0.94, '1': 0.94, '2': 0.89, '3': 0.91, '4': 0.86, '5': 0.95, '6': 0.87, '7': 0.95, '8': 0.94, '9': 0.91}, 0.92)
Train Epoch: 38 | Loss: 1.541443 | Acc: 0.7648| MSE: 0.0387 || V Loss: 11.0072| V Acc: 0.2789| V MSE: 0.1312| CS: ({'0': 0.96, '1': 0.9, '2': 0.91, '3': 0.95, '4': 0.92, '5': 0.96, '6': 0.87, '7': 0.93, '8': 0.93, '9': 0.85}, 0.92)
Test | NLL Loss: 11.347039 | Acc: 0.2755 | MSE: 0.1306219071673509| CS: ({'0': 0.96, '1': 0.93, '2': 0.89, '3': 0.92, '4': 0.84, '5': 0.9, '6': 0.89, '7': 0.94, '8': 0.95, '9': 0.93}, 0.92)
Train Epoch: 39 | Loss: 1.459154 | Acc: 0.7729| MSE: 0.0379 || V Loss: 10.9307| V Acc: 0.3250| V MSE: 0.1211| CS: ({'0': 0.89, '1': 0.97, '2': 0.9, '3': 0.96, '4': 0.89, '5': 0.94, '6': 0.93, '7': 0.95, '8': 0.93, '9': 0.92}, 0.93)
Test | NLL Loss: 11.267039 | Acc: 0.2799 | MSE: 0.13004125699924585| CS: ({'0': 0.92, '1': 0.93, '2': 0.88, '3': 0.92, '4': 0.9, '5': 0.95, '6': 0.92, '7': 0.94, '8': 0.93, '9': 0.94}, 0.92)
Train Epoch: 40 | Loss: 1.115004 | Acc: 0.8053| MSE: 0.0320 || V Loss: 10.4921| V Acc: 0.2734| V MSE: 0.1293| CS: ({'0': 0.95, '1': 0.97, '2': 0.9, '3': 0.94, '4': 0.9, '5': 0.97, '6': 0.86, '7': 0.93, '8': 0.96, '9': 0.97}, 0.93)
Test | NLL Loss: 10.879678 | Acc: 0.2848 | MSE: 0.12911926386074518| CS: ({'0': 0.91, '1': 0.94, '2': 0.89, '3': 0.93, '4': 0.88, '5': 0.94, '6': 0.9, '7': 0.94, '8': 0.94, '9': 0.96}, 0.92)
Train Epoch: 41 | Loss: 1.117531 | Acc: 0.8036| MSE: 0.0316 || V Loss: 11.3702| V Acc: 0.2887| V MSE: 0.1294| CS: ({'0': 0.94, '1': 0.92, '2': 0.89, '3': 0.88, '4': 0.91, '5': 0.95, '6': 0.89, '7': 0.93, '8': 0.91, '9': 0.93}, 0.91)
Test | NLL Loss: 11.220350 | Acc: 0.2725 | MSE: 0.13119805099579473| CS: ({'0': 0.95, '1': 0.95, '2': 0.92, '3': 0.9, '4': 0.89, '5': 0.94, '6': 0.89, '7': 0.95, '8': 0.91, '9': 0.93}, 0.92)
Train Epoch: 42 | Loss: 1.104736 | Acc: 0.8187| MSE: 0.0301 || V Loss: 11.0612| V Acc: 0.2859| V MSE: 0.1280| CS: ({'0': 0.91, '1': 0.97, '2': 0.85, '3': 0.93, '4': 0.96, '5': 0.98, '6': 0.92, '7': 0.98, '8': 0.92, '9': 0.99}, 0.94)
Test | NLL Loss: 11.792731 | Acc: 0.2778 | MSE: 0.13084323178179347| CS: ({'0': 0.89, '1': 0.95, '2': 0.89, '3': 0.93, '4': 0.89, '5': 0.92, '6': 0.9, '7': 0.95, '8': 0.94, '9': 0.93}, 0.92)
Train Epoch: 43 | Loss: 1.357889 | Acc: 0.7991| MSE: 0.0341 || V Loss: 10.8078| V Acc: 0.2898| V MSE: 0.1279| CS: ({'0': 0.92, '1': 0.93, '2': 0.91, '3': 0.97, '4': 0.9, '5': 0.9, '6': 0.87, '7': 0.92, '8': 0.9, '9': 0.95}, 0.92)
Test | NLL Loss: 11.840325 | Acc: 0.2806 | MSE: 0.13106358070343066| CS: ({'0': 0.93, '1': 0.96, '2': 0.92, '3': 0.92, '4': 0.87, '5': 0.93, '6': 0.89, '7': 0.94, '8': 0.94, '9': 0.94}, 0.92)
Train Epoch: 44 | Loss: 1.021652 | Acc: 0.8275| MSE: 0.0284 || V Loss: 12.3787| V Acc: 0.2598| V MSE: 0.1356| CS: ({'0': 0.93, '1': 0.97, '2': 0.99, '3': 0.9, '4': 0.91, '5': 0.97, '6': 0.93, '7': 0.95, '8': 0.92, '9': 0.9}, 0.94)
Test | NLL Loss: 12.777224 | Acc: 0.2703 | MSE: 0.13346961133491497| CS: ({'0': 0.93, '1': 0.94, '2': 0.94, '3': 0.95, '4': 0.91, '5': 0.94, '6': 0.9, '7': 0.95, '8': 0.93, '9': 0.94}, 0.93)
Train Epoch: 45 | Loss: 1.472817 | Acc: 0.7917| MSE: 0.0351 || V Loss: 11.6695| V Acc: 0.2879| V MSE: 0.1296| CS: ({'0': 0.9, '1': 0.96, '2': 0.89, '3': 0.89, '4': 0.94, '5': 0.95, '6': 0.77, '7': 0.92, '8': 0.95, '9': 0.93}, 0.91)
Test | NLL Loss: 12.440444 | Acc: 0.2712 | MSE: 0.1326460594567247| CS: ({'0': 0.9, '1': 0.95, '2': 0.91, '3': 0.93, '4': 0.89, '5': 0.94, '6': 0.9, '7': 0.94, '8': 0.95, '9': 0.93}, 0.92)
Train Epoch: 46 | Loss: 1.496127 | Acc: 0.7908| MSE: 0.0360 || V Loss: 14.1919| V Acc: 0.3105| V MSE: 0.1266| CS: ({'0': 0.87, '1': 0.95, '2': 0.85, '3': 0.93, '4': 0.85, '5': 0.96, '6': 0.91, '7': 0.95, '8': 0.95, '9': 0.93}, 0.91)
Test | NLL Loss: 14.689480 | Acc: 0.2718 | MSE: 0.13457412275072103| CS: ({'0': 0.94, '1': 0.95, '2': 0.9, '3': 0.93, '4': 0.89, '5': 0.94, '6': 0.91, '7': 0.97, '8': 0.95, '9': 0.94}, 0.93)
Train Epoch: 47 | Loss: 1.446385 | Acc: 0.7988| MSE: 0.0339 || V Loss: 13.7244| V Acc: 0.3207| V MSE: 0.1271| CS: ({'0': 0.93, '1': 0.96, '2': 0.98, '3': 0.95, '4': 0.98, '5': 0.96, '6': 0.88, '7': 0.88, '8': 0.95, '9': 0.91}, 0.94)
Test | NLL Loss: 13.774625 | Acc: 0.2750 | MSE: 0.13395060544101575| CS: ({'0': 0.91, '1': 0.94, '2': 0.88, '3': 0.93, '4': 0.92, '5': 0.95, '6': 0.95, '7': 0.96, '8': 0.96, '9': 0.95}, 0.93)
Train Epoch: 48 | Loss: 1.199800 | Acc: 0.8068| MSE: 0.0321 || V Loss: 13.3600| V Acc: 0.3047| V MSE: 0.1292| CS: ({'0': 0.85, '1': 0.94, '2': 0.88, '3': 0.98, '4': 0.93, '5': 0.91, '6': 0.92, '7': 0.88, '8': 0.99, '9': 0.9}, 0.92)
Test | NLL Loss: 14.035619 | Acc: 0.2686 | MSE: 0.13421420743480658| CS: ({'0': 0.91, '1': 0.95, '2': 0.91, '3': 0.93, '4': 0.92, '5': 0.94, '6': 0.91, '7': 0.95, '8': 0.95, '9': 0.94}, 0.93)
Train Epoch: 49 | Loss: 1.201663 | Acc: 0.8275| MSE: 0.0292 || V Loss: 13.6495| V Acc: 0.2848| V MSE: 0.1304| CS: ({'0': 0.97, '1': 0.97, '2': 0.91, '3': 0.82, '4': 0.91, '5': 0.99, '6': 0.94, '7': 0.96, '8': 0.94, '9': 0.92}, 0.93)
Test | NLL Loss: 13.928688 | Acc: 0.2758 | MSE: 0.1331028516728657| CS: ({'0': 0.95, '1': 0.95, '2': 0.92, '3': 0.92, '4': 0.89, '5': 0.96, '6': 0.91, '7': 0.95, '8': 0.93, '9': 0.94}, 0.93)
Train Epoch: 50 | Loss: 1.242007 | Acc: 0.8228| MSE: 0.0302 || V Loss: 13.7090| V Acc: 0.2867| V MSE: 0.1308| CS: ({'0': 0.98, '1': 0.96, '2': 0.89, '3': 0.92, '4': 0.97, '5': 0.96, '6': 0.84, '7': 0.95, '8': 0.95, '9': 0.98}, 0.94)
Test | NLL Loss: 14.261546 | Acc: 0.2766 | MSE: 0.13313826252096378| CS: ({'0': 0.92, '1': 0.96, '2': 0.88, '3': 0.92, '4': 0.9, '5': 0.95, '6': 0.91, '7': 0.95, '8': 0.96, '9': 0.95}, 0.93)
Train Epoch: 51 | Loss: 1.038005 | Acc: 0.8445| MSE: 0.0263 || V Loss: 15.5145| V Acc: 0.2629| V MSE: 0.1356| CS: ({'0': 0.95, '1': 1.0, '2': 0.97, '3': 0.97, '4': 0.92, '5': 0.98, '6': 0.77, '7': 0.96, '8': 0.95, '9': 0.94}, 0.94)
Test | NLL Loss: 15.552636 | Acc: 0.2882 | MSE: 0.13231578581154155| CS: ({'0': 0.96, '1': 0.95, '2': 0.9, '3': 0.94, '4': 0.93, '5': 0.96, '6': 0.89, '7': 0.96, '8': 0.94, '9': 0.95}, 0.94)
Train Epoch: 52 | Loss: 1.185397 | Acc: 0.8349| MSE: 0.0276 || V Loss: 14.1099| V Acc: 0.3086| V MSE: 0.1288| CS: ({'0': 1.0, '1': 0.96, '2': 0.96, '3': 0.99, '4': 0.88, '5': 0.95, '6': 0.99, '7': 0.92, '8': 0.93, '9': 0.94}, 0.95)
Test | NLL Loss: 15.055170 | Acc: 0.2824 | MSE: 0.13316170716533265| CS: ({'0': 0.94, '1': 0.94, '2': 0.94, '3': 0.94, '4': 0.92, '5': 0.96, '6': 0.95, '7': 0.95, '8': 0.95, '9': 0.95}, 0.94)
Train Epoch: 53 | Loss: 0.899208 | Acc: 0.8546| MSE: 0.0245 || V Loss: 15.0701| V Acc: 0.2887| V MSE: 0.1328| CS: ({'0': 0.96, '1': 0.94, '2': 0.84, '3': 1.0, '4': 0.79, '5': 0.93, '6': 0.93, '7': 0.97, '8': 0.96, '9': 0.86}, 0.92)
Test | NLL Loss: 15.415015 | Acc: 0.2693 | MSE: 0.13498554162133616| CS: ({'0': 0.91, '1': 0.96, '2': 0.92, '3': 0.95, '4': 0.88, '5': 0.95, '6': 0.94, '7': 0.95, '8': 0.96, '9': 0.94}, 0.94)
Train Epoch: 54 | Loss: 1.135558 | Acc: 0.8484| MSE: 0.0260 || V Loss: 15.4114| V Acc: 0.2812| V MSE: 0.1333| CS: ({'0': 0.96, '1': 0.97, '2': 0.91, '3': 0.96, '4': 0.97, '5': 0.99, '6': 0.91, '7': 0.95, '8': 0.92, '9': 0.97}, 0.95)
Test | NLL Loss: 15.835769 | Acc: 0.2800 | MSE: 0.13365022447733835| CS: ({'0': 0.94, '1': 0.95, '2': 0.93, '3': 0.93, '4': 0.94, '5': 0.97, '6': 0.93, '7': 0.95, '8': 0.95, '9': 0.96}, 0.94)
Train Epoch: 55 | Loss: 1.175770 | Acc: 0.8338| MSE: 0.0281 || V Loss: 15.1305| V Acc: 0.2758| V MSE: 0.1344| CS: ({'0': 0.92, '1': 0.99, '2': 1.0, '3': 1.0, '4': 0.88, '5': 0.99, '6': 0.87, '7': 0.94, '8': 0.96, '9': 0.95}, 0.95)
Test | NLL Loss: 16.586692 | Acc: 0.2770 | MSE: 0.13415010313922987| CS: ({'0': 0.94, '1': 0.97, '2': 0.94, '3': 0.95, '4': 0.92, '5': 0.95, '6': 0.92, '7': 0.95, '8': 0.95, '9': 0.97}, 0.95)
Train Epoch: 56 | Loss: 0.977543 | Acc: 0.8570| MSE: 0.0239 || V Loss: 16.1818| V Acc: 0.2477| V MSE: 0.1396| CS: ({'0': 0.95, '1': 0.94, '2': 0.9, '3': 1.0, '4': 0.99, '5': 0.97, '6': 0.93, '7': 0.91, '8': 0.96, '9': 0.96}, 0.95)
Test | NLL Loss: 16.485570 | Acc: 0.2721 | MSE: 0.13513655251207443| CS: ({'0': 0.95, '1': 0.95, '2': 0.91, '3': 0.95, '4': 0.92, '5': 0.97, '6': 0.9, '7': 0.95, '8': 0.95, '9': 0.95}, 0.94)
Train Epoch: 57 | Loss: 0.954271 | Acc: 0.8614| MSE: 0.0232 || V Loss: 18.1627| V Acc: 0.2367| V MSE: 0.1414| CS: ({'0': 1.0, '1': 0.97, '2': 0.93, '3': 1.0, '4': 0.99, '5': 0.97, '6': 0.95, '7': 0.99, '8': 0.94, '9': 0.99}, 0.97)
Test | NLL Loss: 17.824484 | Acc: 0.2710 | MSE: 0.1361372050005026| CS: ({'0': 0.92, '1': 0.97, '2': 0.93, '3': 0.95, '4': 0.92, '5': 0.96, '6': 0.95, '7': 0.97, '8': 0.95, '9': 0.97}, 0.95)
Train Epoch: 58 | Loss: 1.486740 | Acc: 0.8301| MSE: 0.0296 || V Loss: 16.7804| V Acc: 0.3004| V MSE: 0.1308| CS: ({'0': 0.96, '1': 0.95, '2': 0.94, '3': 1.0, '4': 0.84, '5': 0.97, '6': 0.93, '7': 0.96, '8': 0.96, '9': 0.97}, 0.95)
Test | NLL Loss: 17.572494 | Acc: 0.2750 | MSE: 0.13572590057842268| CS: ({'0': 0.94, '1': 0.96, '2': 0.92, '3': 0.94, '4': 0.91, '5': 0.97, '6': 0.95, '7': 0.97, '8': 0.97, '9': 0.95}, 0.95)
Train Epoch: 59 | Loss: 1.710028 | Acc: 0.8254| MSE: 0.0304 || V Loss: 16.9949| V Acc: 0.2961| V MSE: 0.1315| CS: ({'0': 0.92, '1': 0.95, '2': 0.79, '3': 0.98, '4': 0.89, '5': 0.97, '6': 0.95, '7': 0.9, '8': 0.93, '9': 0.96}, 0.92)
Test | NLL Loss: 17.310221 | Acc: 0.2827 | MSE: 0.1340402019338105| CS: ({'0': 0.97, '1': 0.97, '2': 0.93, '3': 0.95, '4': 0.92, '5': 0.96, '6': 0.94, '7': 0.96, '8': 0.96, '9': 0.96}, 0.95)
Train Epoch: 60 | Loss: 1.408862 | Acc: 0.8353| MSE: 0.0290 || V Loss: 18.9889| V Acc: 0.2855| V MSE: 0.1324| CS: ({'0': 0.93, '1': 0.93, '2': 0.96, '3': 1.0, '4': 0.87, '5': 1.0, '6': 0.88, '7': 0.95, '8': 0.94, '9': 0.99}, 0.95)
Test | NLL Loss: 19.051993 | Acc: 0.2709 | MSE: 0.13677278691873002| CS: ({'0': 0.94, '1': 0.96, '2': 0.94, '3': 0.97, '4': 0.92, '5': 0.97, '6': 0.91, '7': 0.96, '8': 0.97, '9': 0.96}, 0.95)
Train Epoch: 61 | Loss: 0.940493 | Acc: 0.8711| MSE: 0.0222 || V Loss: 16.4840| V Acc: 0.3203| V MSE: 0.1272| CS: ({'0': 0.89, '1': 0.99, '2': 0.9, '3': 0.99, '4': 0.96, '5': 0.98, '6': 0.93, '7': 0.98, '8': 0.96, '9': 0.9}, 0.95)
Test | NLL Loss: 17.817315 | Acc: 0.2908 | MSE: 0.13291812550050383| CS: ({'0': 0.95, '1': 0.96, '2': 0.93, '3': 0.94, '4': 0.95, '5': 0.97, '6': 0.93, '7': 0.96, '8': 0.97, '9': 0.96}, 0.95)
Train Epoch: 62 | Loss: 0.867148 | Acc: 0.8797| MSE: 0.0206 || V Loss: 16.2450| V Acc: 0.2969| V MSE: 0.1320| CS: ({'0': 0.92, '1': 0.98, '2': 0.97, '3': 0.97, '4': 0.93, '5': 0.98, '6': 0.95, '7': 0.97, '8': 0.96, '9': 0.96}, 0.96)
Test | NLL Loss: 17.587541 | Acc: 0.2768 | MSE: 0.1347970720440054| CS: ({'0': 0.95, '1': 0.97, '2': 0.93, '3': 0.94, '4': 0.91, '5': 0.96, '6': 0.93, '7': 0.96, '8': 0.96, '9': 0.95}, 0.95)
Train Epoch: 63 | Loss: 0.743931 | Acc: 0.8860| MSE: 0.0197 || V Loss: 17.2918| V Acc: 0.2973| V MSE: 0.1318| CS: ({'0': 0.9, '1': 0.98, '2': 0.84, '3': 1.0, '4': 0.99, '5': 0.94, '6': 0.96, '7': 0.95, '8': 0.95, '9': 0.98}, 0.95)
Test | NLL Loss: 18.418082 | Acc: 0.2766 | MSE: 0.13534223262113504| CS: ({'0': 0.93, '1': 0.96, '2': 0.94, '3': 0.96, '4': 0.93, '5': 0.97, '6': 0.92, '7': 0.96, '8': 0.96, '9': 0.97}, 0.95)
Train Epoch: 64 | Loss: 0.855091 | Acc: 0.8896| MSE: 0.0189 || V Loss: 18.2435| V Acc: 0.3059| V MSE: 0.1281| CS: ({'0': 0.97, '1': 0.97, '2': 1.0, '3': 0.93, '4': 0.91, '5': 0.88, '6': 0.97, '7': 1.0, '8': 0.99, '9': 0.97}, 0.96)
Test | NLL Loss: 19.866783 | Acc: 0.2967 | MSE: 0.13243953605143788| CS: ({'0': 0.95, '1': 0.97, '2': 0.95, '3': 0.95, '4': 0.93, '5': 0.96, '6': 0.95, '7': 0.96, '8': 0.97, '9': 0.98}, 0.96)
Train Epoch: 65 | Loss: 1.121298 | Acc: 0.8625| MSE: 0.0239 || V Loss: 21.0342| V Acc: 0.2828| V MSE: 0.1348| CS: ({'0': 0.94, '1': 0.92, '2': 0.88, '3': 0.91, '4': 0.93, '5': 0.99, '6': 0.96, '7': 0.99, '8': 0.93, '9': 0.97}, 0.94)
Test | NLL Loss: 20.447260 | Acc: 0.2614 | MSE: 0.13896777114262596| CS: ({'0': 0.94, '1': 0.97, '2': 0.92, '3': 0.96, '4': 0.94, '5': 0.96, '6': 0.95, '7': 0.97, '8': 0.94, '9': 0.96}, 0.95)
Train Epoch: 66 | Loss: 1.197608 | Acc: 0.8608| MSE: 0.0245 || V Loss: 19.5347| V Acc: 0.3102| V MSE: 0.1308| CS: ({'0': 0.87, '1': 0.96, '2': 0.99, '3': 0.91, '4': 0.91, '5': 0.96, '6': 0.96, '7': 0.95, '8': 0.98, '9': 0.96}, 0.94)
Test | NLL Loss: 20.644246 | Acc: 0.2794 | MSE: 0.13574117529220855| CS: ({'0': 0.94, '1': 0.97, '2': 0.94, '3': 0.97, '4': 0.91, '5': 0.97, '6': 0.95, '7': 0.96, '8': 0.98, '9': 0.97}, 0.96)
Train Epoch: 67 | Loss: 1.072631 | Acc: 0.8657| MSE: 0.0236 || V Loss: 19.2965| V Acc: 0.3051| V MSE: 0.1297| CS: ({'0': 0.97, '1': 1.0, '2': 0.98, '3': 0.98, '4': 0.98, '5': 0.97, '6': 0.94, '7': 0.94, '8': 0.89, '9': 0.97}, 0.96)
Test | NLL Loss: 19.925707 | Acc: 0.2909 | MSE: 0.13329989194108274| CS: ({'0': 0.96, '1': 0.97, '2': 0.95, '3': 0.95, '4': 0.93, '5': 0.97, '6': 0.93, '7': 0.97, '8': 0.95, '9': 0.97}, 0.96)
Train Epoch: 68 | Loss: 1.245293 | Acc: 0.8682| MSE: 0.0233 || V Loss: 21.3416| V Acc: 0.2957| V MSE: 0.1327| CS: ({'0': 0.98, '1': 0.96, '2': 0.98, '3': 0.95, '4': 0.94, '5': 0.97, '6': 0.93, '7': 0.91, '8': 0.96, '9': 0.94}, 0.95)
Test | NLL Loss: 21.295460 | Acc: 0.2774 | MSE: 0.13596771100458627| CS: ({'0': 0.97, '1': 0.96, '2': 0.95, '3': 0.95, '4': 0.95, '5': 0.97, '6': 0.96, '7': 0.97, '8': 0.96, '9': 0.96}, 0.96)
Train Epoch: 69 | Loss: 0.806605 | Acc: 0.8922| MSE: 0.0183 || V Loss: 20.8818| V Acc: 0.3023| V MSE: 0.1324| CS: ({'0': 0.93, '1': 0.95, '2': 0.97, '3': 0.98, '4': 0.91, '5': 0.99, '6': 0.93, '7': 0.94, '8': 0.98, '9': 0.93}, 0.95)
Test | NLL Loss: 21.204280 | Acc: 0.2890 | MSE: 0.13514187782050702| CS: ({'0': 0.95, '1': 0.96, '2': 0.96, '3': 0.94, '4': 0.94, '5': 0.97, '6': 0.96, '7': 0.97, '8': 0.97, '9': 0.97}, 0.96)
Train Epoch: 70 | Loss: 1.057098 | Acc: 0.8706| MSE: 0.0224 || V Loss: 20.8712| V Acc: 0.3301| V MSE: 0.1279| CS: ({'0': 0.99, '1': 0.97, '2': 0.92, '3': 0.95, '4': 0.92, '5': 0.97, '6': 0.97, '7': 0.96, '8': 0.98, '9': 0.95}, 0.96)
Test | NLL Loss: 22.301014 | Acc: 0.2878 | MSE: 0.13481105314180875| CS: ({'0': 0.94, '1': 0.98, '2': 0.97, '3': 0.95, '4': 0.93, '5': 0.97, '6': 0.95, '7': 0.96, '8': 0.97, '9': 0.97}, 0.96)
Train Epoch: 71 | Loss: 1.408299 | Acc: 0.8569| MSE: 0.0251 || V Loss: 22.1323| V Acc: 0.3031| V MSE: 0.1325| CS: ({'0': 0.97, '1': 0.94, '2': 1.0, '3': 0.99, '4': 0.95, '5': 0.96, '6': 0.9, '7': 0.93, '8': 0.99, '9': 0.89}, 0.95)
Test | NLL Loss: 23.149833 | Acc: 0.2753 | MSE: 0.13743212216863998| CS: ({'0': 0.96, '1': 0.96, '2': 0.97, '3': 0.94, '4': 0.96, '5': 0.96, '6': 0.95, '7': 0.96, '8': 0.97, '9': 0.97}, 0.96)
Train Epoch: 72 | Loss: 1.162614 | Acc: 0.8705| MSE: 0.0228 || V Loss: 20.9519| V Acc: 0.2906| V MSE: 0.1341| CS: ({'0': 0.94, '1': 0.96, '2': 0.93, '3': 0.92, '4': 0.85, '5': 1.0, '6': 0.97, '7': 0.91, '8': 0.98, '9': 0.96}, 0.94)
Test | NLL Loss: 22.064590 | Acc: 0.2872 | MSE: 0.13504931606804602| CS: ({'0': 0.96, '1': 0.98, '2': 0.97, '3': 0.95, '4': 0.94, '5': 0.97, '6': 0.95, '7': 0.97, '8': 0.96, '9': 0.97}, 0.96)
Train Epoch: 73 | Loss: 1.025334 | Acc: 0.8801| MSE: 0.0210 || V Loss: 23.8448| V Acc: 0.2871| V MSE: 0.1359| CS: ({'0': 1.0, '1': 1.0, '2': 0.96, '3': 0.93, '4': 0.94, '5': 1.0, '6': 0.96, '7': 0.95, '8': 0.98, '9': 0.97}, 0.97)
Test | NLL Loss: 23.879311 | Acc: 0.2743 | MSE: 0.13827119453456074| CS: ({'0': 0.96, '1': 0.98, '2': 0.95, '3': 0.96, '4': 0.95, '5': 0.97, '6': 0.96, '7': 0.97, '8': 0.95, '9': 0.96}, 0.96)
Train Epoch: 74 | Loss: 0.806540 | Acc: 0.9005| MSE: 0.0173 || V Loss: 21.6407| V Acc: 0.3031| V MSE: 0.1315| CS: ({'0': 0.97, '1': 0.91, '2': 0.95, '3': 0.98, '4': 0.97, '5': 0.99, '6': 0.95, '7': 0.92, '8': 0.98, '9': 0.96}, 0.96)
Test | NLL Loss: 22.931160 | Acc: 0.2831 | MSE: 0.13625988861718497| CS: ({'0': 0.97, '1': 0.98, '2': 0.94, '3': 0.96, '4': 0.93, '5': 0.98, '6': 0.94, '7': 0.97, '8': 0.97, '9': 0.96}, 0.96)
Train Epoch: 75 | Loss: 0.933529 | Acc: 0.8934| MSE: 0.0184 || V Loss: 22.1488| V Acc: 0.3238| V MSE: 0.1281| CS: ({'0': 0.97, '1': 0.96, '2': 0.9, '3': 1.0, '4': 0.87, '5': 0.99, '6': 0.95, '7': 0.96, '8': 0.96, '9': 0.99}, 0.95)
Test | NLL Loss: 23.342439 | Acc: 0.2819 | MSE: 0.13624608135832766| CS: ({'0': 0.97, '1': 0.97, '2': 0.95, '3': 0.97, '4': 0.92, '5': 0.97, '6': 0.96, '7': 0.98, '8': 0.98, '9': 0.97}, 0.96)
Train Epoch: 76 | Loss: 0.959520 | Acc: 0.8921| MSE: 0.0192 || V Loss: 22.8502| V Acc: 0.2902| V MSE: 0.1340| CS: ({'0': 1.0, '1': 0.99, '2': 0.99, '3': 0.95, '4': 0.95, '5': 0.97, '6': 0.99, '7': 0.95, '8': 0.95, '9': 0.97}, 0.97)
Test | NLL Loss: 23.973219 | Acc: 0.2777 | MSE: 0.13717813508960006| CS: ({'0': 0.97, '1': 0.97, '2': 0.93, '3': 0.96, '4': 0.95, '5': 0.96, '6': 0.96, '7': 0.97, '8': 0.97, '9': 0.97}, 0.96)
Train Epoch: 77 | Loss: 0.992282 | Acc: 0.8878| MSE: 0.0196 || V Loss: 23.6534| V Acc: 0.2887| V MSE: 0.1356| CS: ({'0': 0.93, '1': 0.98, '2': 0.98, '3': 1.0, '4': 0.94, '5': 0.99, '6': 0.99, '7': 0.98, '8': 0.94, '9': 0.92}, 0.97)
Test | NLL Loss: 24.407032 | Acc: 0.2776 | MSE: 0.1376157889303308| CS: ({'0': 0.95, '1': 0.98, '2': 0.96, '3': 0.97, '4': 0.94, '5': 0.98, '6': 0.93, '7': 0.97, '8': 0.97, '9': 0.97}, 0.96)
Train Epoch: 78 | Loss: 0.726298 | Acc: 0.9060| MSE: 0.0161 || V Loss: 22.7620| V Acc: 0.3219| V MSE: 0.1285| CS: ({'0': 0.92, '1': 0.96, '2': 0.92, '3': 0.98, '4': 0.95, '5': 0.97, '6': 0.98, '7': 1.0, '8': 0.96, '9': 1.0}, 0.96)
Test | NLL Loss: 23.957553 | Acc: 0.2773 | MSE: 0.13713804337258537| CS: ({'0': 0.97, '1': 0.98, '2': 0.94, '3': 0.97, '4': 0.95, '5': 0.97, '6': 0.95, '7': 0.97, '8': 0.98, '9': 0.97}, 0.97)
Train Epoch: 79 | Loss: 0.764788 | Acc: 0.9113| MSE: 0.0154 || V Loss: 22.6609| V Acc: 0.3125| V MSE: 0.1309| CS: ({'0': 0.94, '1': 1.0, '2': 0.97, '3': 0.97, '4': 0.99, '5': 1.0, '6': 0.92, '7': 0.98, '8': 0.96, '9': 0.98}, 0.97)
Test | NLL Loss: 24.750949 | Acc: 0.2735 | MSE: 0.13788357919778305| CS: ({'0': 0.97, '1': 0.96, '2': 0.94, '3': 0.97, '4': 0.9, '5': 0.97, '6': 0.94, '7': 0.97, '8': 0.98, '9': 0.94}, 0.95)
Train Epoch: 80 | Loss: 0.709531 | Acc: 0.9086| MSE: 0.0159 || V Loss: 23.3263| V Acc: 0.3117| V MSE: 0.1311| CS: ({'0': 0.93, '1': 0.98, '2': 0.96, '3': 1.0, '4': 0.92, '5': 0.99, '6': 0.95, '7': 0.96, '8': 0.97, '9': 0.97}, 0.96)
Test | NLL Loss: 24.307185 | Acc: 0.2918 | MSE: 0.13490980696944763| CS: ({'0': 0.97, '1': 0.98, '2': 0.94, '3': 0.95, '4': 0.94, '5': 0.98, '6': 0.95, '7': 0.97, '8': 0.98, '9': 0.97}, 0.96)
Train Epoch: 81 | Loss: 0.954724 | Acc: 0.9023| MSE: 0.0169 || V Loss: 24.5420| V Acc: 0.3102| V MSE: 0.1326| CS: ({'0': 0.94, '1': 0.98, '2': 0.91, '3': 1.0, '4': 0.89, '5': 0.96, '6': 0.96, '7': 0.99, '8': 0.95, '9': 0.99}, 0.96)
Test | NLL Loss: 25.704833 | Acc: 0.2792 | MSE: 0.1374489066604608| CS: ({'0': 0.97, '1': 0.97, '2': 0.96, '3': 0.97, '4': 0.92, '5': 0.97, '6': 0.96, '7': 0.97, '8': 0.97, '9': 0.97}, 0.96)
Train Epoch: 82 | Loss: 0.784901 | Acc: 0.9140| MSE: 0.0152 || V Loss: 24.4487| V Acc: 0.3117| V MSE: 0.1302| CS: ({'0': 0.88, '1': 0.99, '2': 0.99, '3': 0.99, '4': 0.97, '5': 0.98, '6': 0.98, '7': 0.99, '8': 0.98, '9': 0.89}, 0.96)
Test | NLL Loss: 25.326239 | Acc: 0.2849 | MSE: 0.1363059055928986| CS: ({'0': 0.97, '1': 0.98, '2': 0.96, '3': 0.98, '4': 0.94, '5': 0.97, '6': 0.95, '7': 0.97, '8': 0.98, '9': 0.96}, 0.97)
Train Epoch: 83 | Loss: 1.102875 | Acc: 0.8879| MSE: 0.0199 || V Loss: 26.5526| V Acc: 0.3059| V MSE: 0.1331| CS: ({'0': 0.99, '1': 0.94, '2': 0.93, '3': 0.9, '4': 0.91, '5': 0.98, '6': 0.98, '7': 0.98, '8': 0.99, '9': 0.94}, 0.95)
Test | NLL Loss: 28.653851 | Acc: 0.2792 | MSE: 0.13773662573137221| CS: ({'0': 0.97, '1': 0.98, '2': 0.97, '3': 0.97, '4': 0.95, '5': 0.97, '6': 0.95, '7': 0.98, '8': 0.98, '9': 0.98}, 0.97)
Train Epoch: 84 | Loss: 1.255847 | Acc: 0.8805| MSE: 0.0215 || V Loss: 27.0245| V Acc: 0.2992| V MSE: 0.1312| CS: ({'0': 0.99, '1': 0.99, '2': 0.92, '3': 0.97, '4': 0.99, '5': 1.0, '6': 0.94, '7': 0.97, '8': 0.99, '9': 0.97}, 0.97)
Test | NLL Loss: 27.908114 | Acc: 0.2812 | MSE: 0.13741387050753584| CS: ({'0': 0.97, '1': 0.97, '2': 0.95, '3': 0.98, '4': 0.96, '5': 0.97, '6': 0.96, '7': 0.97, '8': 0.98, '9': 0.98}, 0.97)
Train Epoch: 85 | Loss: 0.868432 | Acc: 0.8988| MSE: 0.0176 || V Loss: 26.5037| V Acc: 0.3340| V MSE: 0.1266| CS: ({'0': 0.96, '1': 0.94, '2': 0.85, '3': 1.0, '4': 0.97, '5': 0.97, '6': 0.94, '7': 0.93, '8': 0.98, '9': 1.0}, 0.95)
Test | NLL Loss: 28.282172 | Acc: 0.2826 | MSE: 0.1374116599226531| CS: ({'0': 0.99, '1': 0.97, '2': 0.94, '3': 0.98, '4': 0.95, '5': 0.98, '6': 0.95, '7': 0.97, '8': 0.96, '9': 0.97}, 0.97)
Train Epoch: 86 | Loss: 0.513390 | Acc: 0.9286| MSE: 0.0122 || V Loss: 26.5840| V Acc: 0.2906| V MSE: 0.1345| CS: ({'0': 1.0, '1': 0.99, '2': 0.92, '3': 0.97, '4': 1.0, '5': 1.0, '6': 0.93, '7': 0.98, '8': 0.97, '9': 0.98}, 0.97)
Test | NLL Loss: 27.464856 | Acc: 0.2859 | MSE: 0.13647819243776152| CS: ({'0': 0.97, '1': 0.98, '2': 0.95, '3': 0.96, '4': 0.97, '5': 0.98, '6': 0.95, '7': 0.98, '8': 0.98, '9': 0.98}, 0.97)
Train Epoch: 87 | Loss: 0.466219 | Acc: 0.9346| MSE: 0.0112 || V Loss: 26.9893| V Acc: 0.3355| V MSE: 0.1269| CS: ({'0': 0.97, '1': 0.96, '2': 0.93, '3': 0.96, '4': 0.96, '5': 0.99, '6': 0.99, '7': 0.97, '8': 0.97, '9': 0.96}, 0.97)
Test | NLL Loss: 28.768865 | Acc: 0.2879 | MSE: 0.13621757455622427| CS: ({'0': 0.98, '1': 0.97, '2': 0.95, '3': 0.97, '4': 0.96, '5': 0.97, '6': 0.96, '7': 0.98, '8': 0.98, '9': 0.97}, 0.97)
Train Epoch: 88 | Loss: 1.210897 | Acc: 0.8938| MSE: 0.0190 || V Loss: 27.6133| V Acc: 0.3234| V MSE: 0.1298| CS: ({'0': 0.98, '1': 1.0, '2': 0.93, '3': 1.0, '4': 0.98, '5': 0.99, '6': 0.86, '7': 0.96, '8': 0.98, '9': 0.94}, 0.96)
Test | NLL Loss: 29.850542 | Acc: 0.2928 | MSE: 0.1357946534173938| CS: ({'0': 0.98, '1': 0.98, '2': 0.94, '3': 0.97, '4': 0.95, '5': 0.99, '6': 0.95, '7': 0.98, '8': 0.98, '9': 0.97}, 0.97)
Train Epoch: 89 | Loss: 1.074731 | Acc: 0.8977| MSE: 0.0182 || V Loss: 26.4879| V Acc: 0.3293| V MSE: 0.1294| CS: ({'0': 0.97, '1': 0.98, '2': 0.89, '3': 0.95, '4': 0.93, '5': 1.0, '6': 0.98, '7': 0.96, '8': 0.97, '9': 0.95}, 0.96)
Test | NLL Loss: 29.595112 | Acc: 0.2794 | MSE: 0.13828766234100057| CS: ({'0': 0.97, '1': 0.98, '2': 0.97, '3': 0.96, '4': 0.95, '5': 0.99, '6': 0.95, '7': 0.97, '8': 0.97, '9': 0.97}, 0.97)
Train Epoch: 90 | Loss: 1.502830 | Acc: 0.8819| MSE: 0.0212 || V Loss: 28.3850| V Acc: 0.3262| V MSE: 0.1286| CS: ({'0': 0.93, '1': 0.96, '2': 0.93, '3': 0.93, '4': 0.93, '5': 1.0, '6': 0.99, '7': 0.99, '8': 0.99, '9': 1.0}, 0.97)
Test | NLL Loss: 30.583607 | Acc: 0.2712 | MSE: 0.13982428988804832| CS: ({'0': 0.97, '1': 0.97, '2': 0.95, '3': 0.97, '4': 0.95, '5': 0.97, '6': 0.96, '7': 0.98, '8': 0.98, '9': 0.98}, 0.97)
Train Epoch: 91 | Loss: 1.081289 | Acc: 0.8908| MSE: 0.0193 || V Loss: 29.3296| V Acc: 0.3008| V MSE: 0.1333| CS: ({'0': 0.98, '1': 0.99, '2': 0.94, '3': 1.0, '4': 0.96, '5': 0.97, '6': 1.0, '7': 0.95, '8': 0.96, '9': 0.99}, 0.97)
Test | NLL Loss: 29.855572 | Acc: 0.2844 | MSE: 0.13736153712954385| CS: ({'0': 0.98, '1': 0.98, '2': 0.96, '3': 0.97, '4': 0.96, '5': 0.98, '6': 0.96, '7': 0.98, '8': 0.98, '9': 0.97}, 0.97)
Train Epoch: 92 | Loss: 0.982187 | Acc: 0.9071| MSE: 0.0166 || V Loss: 27.9563| V Acc: 0.3055| V MSE: 0.1335| CS: ({'0': 0.88, '1': 1.0, '2': 0.94, '3': 1.0, '4': 0.94, '5': 0.94, '6': 1.0, '7': 0.98, '8': 0.97, '9': 0.99}, 0.96)
Test | NLL Loss: 29.706403 | Acc: 0.2885 | MSE: 0.13656024542003395| CS: ({'0': 0.96, '1': 0.98, '2': 0.96, '3': 0.97, '4': 0.95, '5': 0.96, '6': 0.96, '7': 0.98, '8': 0.97, '9': 0.98}, 0.97)
Train Epoch: 93 | Loss: 0.860205 | Acc: 0.9170| MSE: 0.0150 || V Loss: 29.2553| V Acc: 0.2891| V MSE: 0.1341| CS: ({'0': 0.92, '1': 0.98, '2': 1.0, '3': 1.0, '4': 0.98, '5': 1.0, '6': 0.93, '7': 1.0, '8': 0.99, '9': 0.95}, 0.97)
Test | NLL Loss: 30.710075 | Acc: 0.2909 | MSE: 0.13636286878071655| CS: ({'0': 0.97, '1': 0.98, '2': 0.96, '3': 0.98, '4': 0.96, '5': 0.98, '6': 0.95, '7': 0.97, '8': 0.98, '9': 0.98}, 0.97)
Train Epoch: 94 | Loss: 1.028622 | Acc: 0.9092| MSE: 0.0163 || V Loss: 30.4997| V Acc: 0.2836| V MSE: 0.1376| CS: ({'0': 0.97, '1': 0.96, '2': 0.92, '3': 1.0, '4': 0.96, '5': 1.0, '6': 0.96, '7': 0.99, '8': 0.99, '9': 0.97}, 0.97)
Test | NLL Loss: 30.874680 | Acc: 0.2839 | MSE: 0.1374740440386553| CS: ({'0': 0.97, '1': 0.98, '2': 0.95, '3': 0.98, '4': 0.95, '5': 0.97, '6': 0.97, '7': 0.98, '8': 0.97, '9': 0.97}, 0.97)
Train Epoch: 95 | Loss: 0.736597 | Acc: 0.9219| MSE: 0.0138 || V Loss: 30.6092| V Acc: 0.3109| V MSE: 0.1314| CS: ({'0': 1.0, '1': 0.96, '2': 0.91, '3': 1.0, '4': 0.99, '5': 0.96, '6': 0.94, '7': 0.96, '8': 0.95, '9': 0.93}, 0.96)
Test | NLL Loss: 29.732852 | Acc: 0.2838 | MSE: 0.13752102054441318| CS: ({'0': 0.97, '1': 0.98, '2': 0.95, '3': 0.98, '4': 0.93, '5': 0.97, '6': 0.97, '7': 0.97, '8': 0.97, '9': 0.97}, 0.97)
Train Epoch: 96 | Loss: 0.760767 | Acc: 0.9176| MSE: 0.0142 || V Loss: 32.2121| V Acc: 0.2715| V MSE: 0.1390| CS: ({'0': 0.92, '1': 0.99, '2': 0.94, '3': 1.0, '4': 0.98, '5': 0.97, '6': 0.97, '7': 1.0, '8': 0.98, '9': 1.0}, 0.97)
Test | NLL Loss: 31.601171 | Acc: 0.2853 | MSE: 0.13751777842307625| CS: ({'0': 0.98, '1': 0.98, '2': 0.96, '3': 0.97, '4': 0.96, '5': 0.97, '6': 0.97, '7': 0.97, '8': 0.97, '9': 0.97}, 0.97)
Train Epoch: 97 | Loss: 0.965043 | Acc: 0.9125| MSE: 0.0158 || V Loss: 31.1688| V Acc: 0.3137| V MSE: 0.1326| CS: ({'0': 0.96, '1': 0.98, '2': 0.88, '3': 1.0, '4': 0.97, '5': 0.95, '6': 0.96, '7': 0.98, '8': 0.99, '9': 0.98}, 0.97)
Test | NLL Loss: 31.478170 | Acc: 0.2806 | MSE: 0.1386115840448739| CS: ({'0': 0.97, '1': 0.98, '2': 0.97, '3': 0.97, '4': 0.96, '5': 0.98, '6': 0.96, '7': 0.98, '8': 0.98, '9': 0.97}, 0.97)
Train Epoch: 98 | Loss: 0.772799 | Acc: 0.9207| MSE: 0.0140 || V Loss: 31.8051| V Acc: 0.3000| V MSE: 0.1348| CS: ({'0': 0.94, '1': 0.96, '2': 0.99, '3': 0.99, '4': 0.99, '5': 0.95, '6': 0.98, '7': 0.97, '8': 0.99, '9': 0.99}, 0.97)
Test | NLL Loss: 32.681137 | Acc: 0.2892 | MSE: 0.13681639740451837| CS: ({'0': 0.98, '1': 0.98, '2': 0.96, '3': 0.98, '4': 0.95, '5': 0.98, '6': 0.95, '7': 0.98, '8': 0.98, '9': 0.98}, 0.97)
Train Epoch: 99 | Loss: 0.824207 | Acc: 0.9274| MSE: 0.0131 || V Loss: 32.5043| V Acc: 0.2918| V MSE: 0.1369| CS: ({'0': 0.97, '1': 1.0, '2': 0.99, '3': 1.0, '4': 0.92, '5': 0.98, '6': 0.95, '7': 1.0, '8': 0.97, '9': 0.98}, 0.98)
Test | NLL Loss: 33.143778 | Acc: 0.2763 | MSE: 0.13917835025836867| CS: ({'0': 0.97, '1': 0.98, '2': 0.95, '3': 0.98, '4': 0.95, '5': 0.98, '6': 0.96, '7': 0.98, '8': 0.98, '9': 0.98}, 0.97)
Train Epoch: 100 | Loss: 0.714833 | Acc: 0.9304| MSE: 0.0122 || V Loss: 30.3846| V Acc: 0.3285| V MSE: 0.1285| CS: ({'0': 0.98, '1': 1.0, '2': 0.86, '3': 1.0, '4': 0.99, '5': 1.0, '6': 0.93, '7': 0.96, '8': 0.96, '9': 0.95}, 0.96)
Test | NLL Loss: 32.525182 | Acc: 0.2816 | MSE: 0.13826030535629383| CS: ({'0': 0.98, '1': 0.98, '2': 0.95, '3': 0.97, '4': 0.95, '5': 0.98, '6': 0.96, '7': 0.98, '8': 0.96, '9': 0.98}, 0.97)
Test | NLL Loss: 32.519228 | Acc: 0.2811 | MSE: 0.13838061971215013| CS: ({'0': 0.98, '1': 0.98, '2': 0.95, '3': 0.97, '4': 0.95, '5': 0.98, '6': 0.96, '7': 0.98, '8': 0.96, '9': 0.98}, 0.97)
Took 414.35593032836914 seconds
