Config: 
 {
  "model_name": "simpleffn_cifar_10p_data_10p_params",
  "num_classes": 10,
  "in_features": 1024,
  "epochs": 100,
  "batch_size": 32,
  "lr": 0.01,
  "lr_decay": false,
  "train_p": 9.0,
  "test_p": 100,
  "dnn_config": {
    "layers": [
      30,
      15,
      10
    ]
  },
  "early_stopping": true,
  "patience": 5,
  "valid_p": 1.0,
  "optimizer": "adam"
} 

CIFAR-10 Dataset:
Training on 4500 samples (9.0% of 50000) 
Valid on 500 samples (1.0% of 50000)
Test on 10000 samples (100% of 10000)

Files already downloaded and verified
Files already downloaded and verified
Running test for every 1 epoch
Model: 

LinearClassifier(
  (layers): ModuleList(
    (0): Linear(in_features=1024, out_features=30, bias=True)
    (1): Linear(in_features=30, out_features=15, bias=True)
    (2): Linear(in_features=15, out_features=10, bias=True)
  )
  (relu_activation): ReLU()
  (softmax_activation): LogSoftmax()
)


Summary: 

----------------------------------------------------------------
        Layer (type)               Output Shape         Param #
================================================================
            Linear-1                   [-1, 30]          30,750
              ReLU-2                   [-1, 30]               0
            Linear-3                   [-1, 15]             465
              ReLU-4                   [-1, 15]               0
            Linear-5                   [-1, 10]             160
        LogSoftmax-6                   [-1, 10]               0
================================================================
Total params: 31,375
Trainable params: 31,375
Non-trainable params: 0
----------------------------------------------------------------
Input size (MB): 0.00
Forward/backward pass size (MB): 0.00
Params size (MB): 0.12
Estimated Total Size (MB): 0.12
----------------------------------------------------------------


Train Epoch: 1 | Loss: 2.131667 | Acc: 0.2332| MSE: 0.0861 || V Loss: 2.0611| V Acc: 0.2273| V MSE: 0.0844| CS: ({'0': 0.3, '1': 0.41, '2': 0.24, '3': 0.42, '4': 0.24, '5': 0.17, '6': 0.23, '7': 0.3, '8': 0.24, '9': 0.41}, 0.3)
Test | NLL Loss: 2.039092 | Acc: 0.2550 | MSE: 0.08399073115457742| CS: ({'0': 0.28, '1': 0.34, '2': 0.22, '3': 0.29, '4': 0.23, '5': 0.19, '6': 0.24, '7': 0.22, '8': 0.25, '9': 0.37}, 0.26)
Train Epoch: 2 | Loss: 2.023183 | Acc: 0.2662| MSE: 0.0835 || V Loss: 2.0744| V Acc: 0.2754| V MSE: 0.0848| CS: ({'0': 0.54, '1': 0.39, '2': 0.21, '3': 0.25, '4': 0.25, '5': 0.48, '6': 0.25, '7': 0.39, '8': 0.3, '9': 0.67}, 0.37)
Test | NLL Loss: 2.096688 | Acc: 0.2601 | MSE: 0.08559156792422834| CS: ({'0': 0.45, '1': 0.38, '2': 0.21, '3': 0.28, '4': 0.26, '5': 0.47, '6': 0.26, '7': 0.37, '8': 0.32, '9': 0.63}, 0.36)
Train Epoch: 3 | Loss: 1.954103 | Acc: 0.2940| MSE: 0.0818 || V Loss: 2.0800| V Acc: 0.2855| V MSE: 0.0846| CS: ({'0': 0.4, '1': 0.47, '2': 0.26, '4': 0.2, '5': 0.51, '6': 0.28, '7': 0.23, '8': 0.27, '9': 0.5}, 0.35)
Test | NLL Loss: 2.053940 | Acc: 0.2625 | MSE: 0.084207595941929| CS: ({'0': 0.43, '1': 0.46, '2': 0.28, '4': 0.2, '5': 0.49, '6': 0.31, '7': 0.28, '8': 0.27, '9': 0.48}, 0.36)
Train Epoch: 4 | Loss: 1.917297 | Acc: 0.3016| MSE: 0.0808 || V Loss: 2.0263| V Acc: 0.2820| V MSE: 0.0821| CS: ({'0': 0.47, '1': 0.45, '2': 0.22, '4': 0.23, '5': 0.53, '6': 0.19, '7': 0.64, '8': 0.28, '9': 0.44}, 0.38)
Test | NLL Loss: 2.031828 | Acc: 0.2723 | MSE: 0.08342080053906091| CS: ({'0': 0.45, '1': 0.42, '2': 0.23, '3': 0.24, '4': 0.23, '5': 0.49, '6': 0.2, '7': 0.53, '8': 0.28, '9': 0.42}, 0.35)
Train Epoch: 5 | Loss: 1.876717 | Acc: 0.3136| MSE: 0.0795 || V Loss: 2.1174| V Acc: 0.2285| V MSE: 0.0858| CS: ({'0': 0.37, '1': 0.65, '2': 0.22, '3': 0.47, '4': 0.31, '5': 0.46, '6': 0.23, '7': 0.38, '8': 0.29, '9': 0.57}, 0.39)
Test | NLL Loss: 2.103223 | Acc: 0.2462 | MSE: 0.08579165155228716| CS: ({'0': 0.35, '1': 0.53, '2': 0.25, '3': 0.36, '4': 0.3, '5': 0.42, '6': 0.24, '7': 0.33, '8': 0.27, '9': 0.52}, 0.36)
Train Epoch: 6 | Loss: 1.861662 | Acc: 0.3268| MSE: 0.0790 || V Loss: 2.0958| V Acc: 0.2859| V MSE: 0.0836| CS: ({'0': 0.42, '1': 0.52, '2': 0.27, '3': 0.55, '4': 0.24, '5': 0.3, '6': 0.19, '7': 0.52, '8': 0.39, '9': 0.52}, 0.39)
Test | NLL Loss: 2.069741 | Acc: 0.2706 | MSE: 0.08363484674558853| CS: ({'0': 0.44, '1': 0.6, '2': 0.27, '3': 0.42, '4': 0.25, '5': 0.28, '6': 0.2, '7': 0.58, '8': 0.41, '9': 0.51}, 0.4)
Train Epoch: 7 | Loss: 1.816752 | Acc: 0.3331| MSE: 0.0778 || V Loss: 2.0267| V Acc: 0.2996| V MSE: 0.0816| CS: ({'0': 0.43, '1': 0.55, '2': 0.37, '3': 0.48, '4': 0.27, '5': 0.46, '6': 0.25, '7': 0.68, '8': 0.38, '9': 0.54}, 0.44)
Test | NLL Loss: 2.052051 | Acc: 0.2812 | MSE: 0.0833672213192565| CS: ({'0': 0.4, '1': 0.58, '2': 0.38, '3': 0.34, '4': 0.28, '5': 0.44, '6': 0.29, '7': 0.57, '8': 0.37, '9': 0.53}, 0.42)
Train Epoch: 8 | Loss: 1.782914 | Acc: 0.3495| MSE: 0.0766 || V Loss: 2.1065| V Acc: 0.2547| V MSE: 0.0842| CS: ({'0': 0.42, '1': 0.59, '2': 0.42, '3': 0.29, '4': 0.22, '5': 0.54, '6': 0.23, '7': 0.52, '8': 0.34, '9': 0.69}, 0.43)
Test | NLL Loss: 2.148291 | Acc: 0.2493 | MSE: 0.08553926696697363| CS: ({'0': 0.41, '1': 0.57, '2': 0.39, '3': 0.33, '4': 0.23, '5': 0.48, '6': 0.27, '7': 0.5, '8': 0.33, '9': 0.51}, 0.4)
Train Epoch: 9 | Loss: 1.771027 | Acc: 0.3532| MSE: 0.0761 || V Loss: 2.1614| V Acc: 0.2684| V MSE: 0.0845| CS: ({'0': 0.31, '1': 0.59, '2': 0.21, '3': 0.58, '4': 0.24, '5': 0.43, '6': 0.23, '7': 0.64, '8': 0.49, '9': 0.56}, 0.43)
Test | NLL Loss: 2.122039 | Acc: 0.2648 | MSE: 0.08492139584054581| CS: ({'0': 0.35, '1': 0.55, '2': 0.28, '3': 0.38, '4': 0.23, '5': 0.38, '6': 0.23, '7': 0.58, '8': 0.48, '9': 0.52}, 0.4)
Train Epoch: 10 | Loss: 1.718140 | Acc: 0.3747| MSE: 0.0747 || V Loss: 2.1869| V Acc: 0.2988| V MSE: 0.0848| CS: ({'0': 0.53, '1': 0.6, '2': 0.3, '3': 0.78, '4': 0.23, '5': 0.6, '6': 0.28, '7': 0.6, '8': 0.41, '9': 0.6}, 0.49)
Test | NLL Loss: 2.185207 | Acc: 0.2738 | MSE: 0.08570657325343202| CS: ({'0': 0.54, '1': 0.63, '2': 0.26, '3': 0.44, '4': 0.23, '5': 0.56, '6': 0.3, '7': 0.54, '8': 0.47, '9': 0.58}, 0.45)
Train Epoch: 11 | Loss: 1.682222 | Acc: 0.3916| MSE: 0.0735 || V Loss: 2.1137| V Acc: 0.3070| V MSE: 0.0825| CS: ({'0': 0.5, '1': 0.69, '2': 0.26, '3': 0.41, '4': 0.29, '5': 0.47, '6': 0.27, '7': 0.66, '8': 0.49, '9': 0.6}, 0.46)
Test | NLL Loss: 2.162525 | Acc: 0.2788 | MSE: 0.084854937209108| CS: ({'0': 0.52, '1': 0.7, '2': 0.28, '3': 0.39, '4': 0.3, '5': 0.49, '6': 0.28, '7': 0.67, '8': 0.5, '9': 0.6}, 0.47)
Train Epoch: 12 | Loss: 1.688923 | Acc: 0.3828| MSE: 0.0733 || V Loss: 2.1476| V Acc: 0.2793| V MSE: 0.0839| CS: ({'0': 0.6, '1': 0.6, '2': 0.48, '3': 0.54, '4': 0.23, '5': 0.58, '6': 0.27, '7': 0.6, '8': 0.54, '9': 0.58}, 0.5)
Test | NLL Loss: 2.221252 | Acc: 0.2620 | MSE: 0.08669620690444788| CS: ({'0': 0.54, '1': 0.69, '2': 0.42, '3': 0.37, '4': 0.25, '5': 0.55, '6': 0.32, '7': 0.53, '8': 0.54, '9': 0.55}, 0.48)
Train Epoch: 13 | Loss: 1.630742 | Acc: 0.3997| MSE: 0.0717 || V Loss: 2.2476| V Acc: 0.3039| V MSE: 0.0846| CS: ({'0': 0.63, '1': 0.61, '2': 0.44, '3': 0.41, '4': 0.32, '5': 0.58, '6': 0.3, '7': 0.59, '8': 0.48, '9': 0.64}, 0.5)
Test | NLL Loss: 2.217118 | Acc: 0.2800 | MSE: 0.08585938718467474| CS: ({'0': 0.56, '1': 0.66, '2': 0.38, '3': 0.39, '4': 0.34, '5': 0.56, '6': 0.32, '7': 0.63, '8': 0.46, '9': 0.56}, 0.49)
Train Epoch: 14 | Loss: 1.604369 | Acc: 0.4115| MSE: 0.0709 || V Loss: 2.3683| V Acc: 0.2840| V MSE: 0.0877| CS: ({'0': 0.39, '1': 0.75, '2': 0.21, '3': 0.42, '4': 0.3, '5': 0.4, '6': 0.35, '7': 0.59, '8': 0.5, '9': 0.72}, 0.46)
Test | NLL Loss: 2.329876 | Acc: 0.2724 | MSE: 0.0872727282131061| CS: ({'0': 0.48, '1': 0.75, '2': 0.23, '3': 0.34, '4': 0.32, '5': 0.42, '6': 0.31, '7': 0.65, '8': 0.49, '9': 0.63}, 0.46)
Train Epoch: 15 | Loss: 1.578201 | Acc: 0.4180| MSE: 0.0701 || V Loss: 2.2270| V Acc: 0.2812| V MSE: 0.0840| CS: ({'0': 0.55, '1': 0.72, '2': 0.32, '3': 0.3, '4': 0.24, '5': 0.53, '6': 0.34, '7': 0.66, '8': 0.39, '9': 0.66}, 0.47)
Test | NLL Loss: 2.220699 | Acc: 0.2704 | MSE: 0.0854082862837627| CS: ({'0': 0.54, '1': 0.69, '2': 0.3, '3': 0.3, '4': 0.25, '5': 0.43, '6': 0.35, '7': 0.66, '8': 0.38, '9': 0.6}, 0.45)
Train Epoch: 16 | Loss: 1.574831 | Acc: 0.4167| MSE: 0.0703 || V Loss: 2.3144| V Acc: 0.2859| V MSE: 0.0876| CS: ({'0': 0.55, '1': 0.78, '2': 0.32, '3': 0.52, '4': 0.26, '5': 0.58, '6': 0.35, '7': 0.64, '8': 0.49, '9': 0.77}, 0.53)
Test | NLL Loss: 2.345024 | Acc: 0.2752 | MSE: 0.08791598737144622| CS: ({'0': 0.51, '1': 0.67, '2': 0.26, '3': 0.45, '4': 0.3, '5': 0.56, '6': 0.38, '7': 0.7, '8': 0.5, '9': 0.7}, 0.5)
Train Epoch: 17 | Loss: 1.535327 | Acc: 0.4388| MSE: 0.0686 || V Loss: 2.2851| V Acc: 0.2797| V MSE: 0.0856| CS: ({'0': 0.66, '1': 0.75, '2': 0.39, '3': 0.49, '4': 0.27, '5': 0.45, '6': 0.33, '7': 0.88, '8': 0.46, '9': 0.67}, 0.53)
Test | NLL Loss: 2.332384 | Acc: 0.2820 | MSE: 0.08656258033677793| CS: ({'0': 0.61, '1': 0.73, '2': 0.37, '3': 0.38, '4': 0.27, '5': 0.46, '6': 0.32, '7': 0.68, '8': 0.5, '9': 0.68}, 0.5)
Train Epoch: 18 | Loss: 1.521531 | Acc: 0.4399| MSE: 0.0679 || V Loss: 2.3944| V Acc: 0.2617| V MSE: 0.0874| CS: ({'0': 0.67, '1': 0.72, '2': 0.31, '3': 0.51, '4': 0.28, '5': 0.39, '6': 0.4, '7': 0.73, '8': 0.56, '9': 0.65}, 0.52)
Test | NLL Loss: 2.416372 | Acc: 0.2619 | MSE: 0.08832598053894866| CS: ({'0': 0.7, '1': 0.73, '2': 0.33, '3': 0.45, '4': 0.28, '5': 0.41, '6': 0.39, '7': 0.68, '8': 0.59, '9': 0.6}, 0.52)
Train Epoch: 19 | Loss: 1.489176 | Acc: 0.4499| MSE: 0.0669 || V Loss: 2.4451| V Acc: 0.2832| V MSE: 0.0882| CS: ({'0': 0.53, '1': 0.78, '2': 0.52, '3': 0.68, '4': 0.32, '5': 0.57, '6': 0.38, '7': 0.79, '8': 0.5, '9': 0.72}, 0.58)
Test | NLL Loss: 2.437891 | Acc: 0.2738 | MSE: 0.0885705994055294| CS: ({'0': 0.51, '1': 0.72, '2': 0.43, '3': 0.52, '4': 0.34, '5': 0.57, '6': 0.4, '7': 0.7, '8': 0.5, '9': 0.73}, 0.54)
Train Epoch: 20 | Loss: 1.456507 | Acc: 0.4596| MSE: 0.0659 || V Loss: 2.5247| V Acc: 0.2605| V MSE: 0.0909| CS: ({'0': 0.5, '1': 0.77, '2': 0.49, '3': 0.45, '4': 0.29, '5': 0.55, '6': 0.34, '7': 0.61, '8': 0.51, '9': 0.71}, 0.52)
Test | NLL Loss: 2.533402 | Acc: 0.2635 | MSE: 0.08974246947338786| CS: ({'0': 0.59, '1': 0.75, '2': 0.43, '3': 0.42, '4': 0.32, '5': 0.53, '6': 0.32, '7': 0.72, '8': 0.5, '9': 0.73}, 0.53)
Train Epoch: 21 | Loss: 1.441505 | Acc: 0.4627| MSE: 0.0650 || V Loss: 2.5907| V Acc: 0.2836| V MSE: 0.0908| CS: ({'0': 0.53, '1': 0.84, '2': 0.35, '3': 0.6, '4': 0.27, '5': 0.6, '6': 0.35, '7': 0.72, '8': 0.58, '9': 0.81}, 0.57)
Test | NLL Loss: 2.598155 | Acc: 0.2781 | MSE: 0.09082191447004342| CS: ({'0': 0.55, '1': 0.81, '2': 0.3, '3': 0.49, '4': 0.28, '5': 0.52, '6': 0.4, '7': 0.75, '8': 0.62, '9': 0.78}, 0.55)
Train Epoch: 22 | Loss: 1.450132 | Acc: 0.4759| MSE: 0.0651 || V Loss: 2.6205| V Acc: 0.2520| V MSE: 0.0922| CS: ({'0': 0.6, '1': 0.76, '2': 0.53, '3': 0.35, '4': 0.31, '5': 0.65, '6': 0.37, '7': 0.89, '8': 0.42, '9': 0.69}, 0.56)
Test | NLL Loss: 2.517025 | Acc: 0.2748 | MSE: 0.08909296932311865| CS: ({'0': 0.61, '1': 0.73, '2': 0.37, '3': 0.42, '4': 0.31, '5': 0.64, '6': 0.38, '7': 0.79, '8': 0.5, '9': 0.66}, 0.54)
Train Epoch: 23 | Loss: 1.405523 | Acc: 0.4802| MSE: 0.0638 || V Loss: 2.6442| V Acc: 0.2629| V MSE: 0.0910| CS: ({'0': 0.4, '1': 0.76, '2': 0.45, '3': 0.42, '4': 0.27, '5': 0.7, '6': 0.4, '7': 0.67, '8': 0.55, '9': 0.78}, 0.54)
Test | NLL Loss: 2.576738 | Acc: 0.2708 | MSE: 0.09003453930250753| CS: ({'0': 0.44, '1': 0.79, '2': 0.37, '3': 0.44, '4': 0.31, '5': 0.62, '6': 0.43, '7': 0.71, '8': 0.49, '9': 0.74}, 0.53)
Train Epoch: 24 | Loss: 1.343979 | Acc: 0.4920| MSE: 0.0618 || V Loss: 2.7136| V Acc: 0.3012| V MSE: 0.0916| CS: ({'0': 0.61, '1': 0.84, '2': 0.43, '3': 0.57, '4': 0.29, '5': 0.57, '6': 0.55, '7': 0.75, '8': 0.58, '9': 0.71}, 0.59)
Test | NLL Loss: 2.786759 | Acc: 0.2735 | MSE: 0.09331624540753258| CS: ({'0': 0.67, '1': 0.82, '2': 0.37, '3': 0.49, '4': 0.3, '5': 0.55, '6': 0.56, '7': 0.74, '8': 0.64, '9': 0.76}, 0.59)
Train Epoch: 25 | Loss: 1.383415 | Acc: 0.4909| MSE: 0.0627 || V Loss: 2.5286| V Acc: 0.2910| V MSE: 0.0890| CS: ({'0': 0.61, '1': 0.75, '2': 0.31, '3': 0.55, '4': 0.29, '5': 0.68, '6': 0.37, '7': 0.77, '8': 0.54, '9': 0.77}, 0.56)
Test | NLL Loss: 2.552745 | Acc: 0.2647 | MSE: 0.08986645068128268| CS: ({'0': 0.56, '1': 0.79, '2': 0.33, '3': 0.45, '4': 0.3, '5': 0.61, '6': 0.42, '7': 0.73, '8': 0.59, '9': 0.75}, 0.55)
Train Epoch: 26 | Loss: 1.336376 | Acc: 0.5094| MSE: 0.0614 || V Loss: 2.6402| V Acc: 0.2992| V MSE: 0.0897| CS: ({'0': 0.57, '1': 0.84, '2': 0.3, '3': 0.3, '4': 0.3, '5': 0.65, '6': 0.51, '7': 0.7, '8': 0.59, '9': 0.73}, 0.55)
Test | NLL Loss: 2.754295 | Acc: 0.2824 | MSE: 0.09137710805137317| CS: ({'0': 0.66, '1': 0.81, '2': 0.3, '3': 0.44, '4': 0.31, '5': 0.62, '6': 0.5, '7': 0.76, '8': 0.62, '9': 0.73}, 0.57)
Train Epoch: 27 | Loss: 1.327571 | Acc: 0.5054| MSE: 0.0610 || V Loss: 3.0700| V Acc: 0.2578| V MSE: 0.0962| CS: ({'0': 0.75, '1': 0.77, '2': 0.33, '3': 0.44, '4': 0.4, '5': 0.7, '6': 0.35, '7': 0.96, '8': 0.61, '9': 0.78}, 0.61)
Test | NLL Loss: 2.873673 | Acc: 0.2688 | MSE: 0.093832552528229| CS: ({'0': 0.74, '1': 0.77, '2': 0.32, '3': 0.47, '4': 0.38, '5': 0.63, '6': 0.44, '7': 0.74, '8': 0.65, '9': 0.77}, 0.59)
Train Epoch: 28 | Loss: 1.303444 | Acc: 0.5119| MSE: 0.0605 || V Loss: 2.8574| V Acc: 0.2680| V MSE: 0.0927| CS: ({'0': 0.63, '1': 0.76, '2': 0.46, '3': 0.46, '4': 0.3, '5': 0.6, '6': 0.38, '7': 0.74, '8': 0.65, '9': 0.78}, 0.58)
Test | NLL Loss: 2.773893 | Acc: 0.2797 | MSE: 0.09142624320218358| CS: ({'0': 0.69, '1': 0.76, '2': 0.54, '3': 0.47, '4': 0.31, '5': 0.59, '6': 0.43, '7': 0.75, '8': 0.61, '9': 0.76}, 0.59)
Train Epoch: 29 | Loss: 1.265756 | Acc: 0.5251| MSE: 0.0585 || V Loss: 3.0484| V Acc: 0.2605| V MSE: 0.0955| CS: ({'0': 0.63, '1': 0.83, '2': 0.48, '3': 0.5, '4': 0.33, '5': 0.73, '6': 0.35, '7': 0.86, '8': 0.51, '9': 0.73}, 0.59)
Test | NLL Loss: 2.911474 | Acc: 0.2768 | MSE: 0.09314420225378424| CS: ({'0': 0.68, '1': 0.81, '2': 0.44, '3': 0.5, '4': 0.35, '5': 0.63, '6': 0.42, '7': 0.76, '8': 0.59, '9': 0.77}, 0.59)
Train Epoch: 30 | Loss: 1.289285 | Acc: 0.5145| MSE: 0.0596 || V Loss: 2.8434| V Acc: 0.2652| V MSE: 0.0917| CS: ({'0': 0.6, '1': 0.82, '2': 0.42, '3': 0.57, '4': 0.29, '5': 0.63, '6': 0.34, '7': 0.74, '8': 0.53, '9': 0.74}, 0.57)
Test | NLL Loss: 2.879962 | Acc: 0.2689 | MSE: 0.09169890781561026| CS: ({'0': 0.63, '1': 0.75, '2': 0.41, '3': 0.47, '4': 0.31, '5': 0.56, '6': 0.35, '7': 0.79, '8': 0.6, '9': 0.75}, 0.56)
Train Epoch: 31 | Loss: 1.280062 | Acc: 0.5174| MSE: 0.0591 || V Loss: 3.0560| V Acc: 0.2684| V MSE: 0.0949| CS: ({'0': 0.66, '1': 0.7, '2': 0.33, '3': 0.54, '4': 0.39, '5': 0.59, '6': 0.34, '7': 0.8, '8': 0.63, '9': 0.78}, 0.58)
Test | NLL Loss: 2.956383 | Acc: 0.2610 | MSE: 0.09294107680122693| CS: ({'0': 0.68, '1': 0.82, '2': 0.35, '3': 0.44, '4': 0.35, '5': 0.58, '6': 0.39, '7': 0.78, '8': 0.63, '9': 0.79}, 0.58)
Train Epoch: 32 | Loss: 1.281503 | Acc: 0.5151| MSE: 0.0596 || V Loss: 3.1903| V Acc: 0.2352| V MSE: 0.0959| CS: ({'0': 0.68, '1': 0.85, '2': 0.56, '3': 0.53, '4': 0.38, '5': 0.6, '6': 0.36, '7': 0.85, '8': 0.55, '9': 0.77}, 0.61)
Test | NLL Loss: 2.958933 | Acc: 0.2580 | MSE: 0.09352954619894394| CS: ({'0': 0.64, '1': 0.82, '2': 0.51, '3': 0.47, '4': 0.37, '5': 0.61, '6': 0.4, '7': 0.8, '8': 0.6, '9': 0.76}, 0.6)
Train Epoch: 33 | Loss: 1.251515 | Acc: 0.5215| MSE: 0.0589 || V Loss: 3.4689| V Acc: 0.2758| V MSE: 0.0970| CS: ({'0': 0.71, '1': 0.89, '2': 0.39, '3': 0.99, '4': 0.37, '5': 0.72, '6': 0.38, '7': 0.76, '8': 0.58, '9': 0.79}, 0.66)
Test | NLL Loss: 3.184491 | Acc: 0.2752 | MSE: 0.09475311651207007| CS: ({'0': 0.73, '1': 0.8, '2': 0.42, '3': 0.59, '4': 0.36, '5': 0.68, '6': 0.44, '7': 0.78, '8': 0.62, '9': 0.79}, 0.62)
Train Epoch: 34 | Loss: 1.234664 | Acc: 0.5432| MSE: 0.0572 || V Loss: 3.1903| V Acc: 0.2797| V MSE: 0.0940| CS: ({'0': 0.66, '1': 0.84, '2': 0.45, '3': 0.5, '4': 0.37, '5': 0.7, '6': 0.53, '7': 0.85, '8': 0.58, '9': 0.77}, 0.62)
Test | NLL Loss: 3.134981 | Acc: 0.2806 | MSE: 0.09467231544157187| CS: ({'0': 0.71, '1': 0.82, '2': 0.39, '3': 0.5, '4': 0.35, '5': 0.67, '6': 0.51, '7': 0.79, '8': 0.6, '9': 0.79}, 0.61)
Train Epoch: 35 | Loss: 1.184757 | Acc: 0.5484| MSE: 0.0558 || V Loss: 3.3217| V Acc: 0.2836| V MSE: 0.0953| CS: ({'0': 0.59, '1': 0.84, '2': 0.33, '3': 0.56, '4': 0.48, '5': 0.7, '6': 0.46, '7': 0.79, '8': 0.61, '9': 0.75}, 0.61)
Test | NLL Loss: 3.277841 | Acc: 0.2636 | MSE: 0.09502460333866813| CS: ({'0': 0.65, '1': 0.81, '2': 0.39, '3': 0.5, '4': 0.37, '5': 0.66, '6': 0.49, '7': 0.81, '8': 0.6, '9': 0.76}, 0.6)
Train Epoch: 36 | Loss: 1.227797 | Acc: 0.5426| MSE: 0.0572 || V Loss: 3.0930| V Acc: 0.2461| V MSE: 0.0971| CS: ({'0': 0.63, '1': 0.89, '2': 0.56, '3': 0.68, '4': 0.42, '5': 0.61, '6': 0.46, '7': 0.97, '8': 0.63, '9': 0.76}, 0.66)
Test | NLL Loss: 3.157982 | Acc: 0.2659 | MSE: 0.09542925310687135| CS: ({'0': 0.6, '1': 0.79, '2': 0.47, '3': 0.55, '4': 0.39, '5': 0.62, '6': 0.45, '7': 0.76, '8': 0.62, '9': 0.78}, 0.6)
Train Epoch: 37 | Loss: 1.224386 | Acc: 0.5411| MSE: 0.0573 || V Loss: 3.2469| V Acc: 0.2719| V MSE: 0.0938| CS: ({'0': 0.67, '1': 0.85, '2': 0.57, '3': 0.64, '4': 0.31, '5': 0.64, '6': 0.42, '7': 0.8, '8': 0.65, '9': 0.7}, 0.63)
Test | NLL Loss: 3.202602 | Acc: 0.2678 | MSE: 0.0950998176162997| CS: ({'0': 0.68, '1': 0.79, '2': 0.5, '3': 0.57, '4': 0.32, '5': 0.63, '6': 0.43, '7': 0.74, '8': 0.65, '9': 0.79}, 0.61)
Train Epoch: 38 | Loss: 1.213574 | Acc: 0.5528| MSE: 0.0561 || V Loss: 3.1599| V Acc: 0.2687| V MSE: 0.0947| CS: ({'0': 0.75, '1': 0.8, '2': 0.67, '3': 0.56, '4': 0.36, '5': 0.56, '6': 0.45, '7': 0.84, '8': 0.73, '9': 0.84}, 0.66)
Test | NLL Loss: 3.154808 | Acc: 0.2658 | MSE: 0.0954564606991058| CS: ({'0': 0.67, '1': 0.78, '2': 0.44, '3': 0.52, '4': 0.33, '5': 0.59, '6': 0.44, '7': 0.76, '8': 0.73, '9': 0.81}, 0.61)
Train Epoch: 39 | Loss: 1.203608 | Acc: 0.5549| MSE: 0.0561 || V Loss: 3.4221| V Acc: 0.2410| V MSE: 0.0988| CS: ({'0': 0.75, '1': 0.8, '2': 0.7, '3': 0.64, '4': 0.38, '5': 0.73, '6': 0.53, '7': 0.73, '8': 0.6, '9': 0.83}, 0.67)
Test | NLL Loss: 3.425666 | Acc: 0.2593 | MSE: 0.09802698855773329| CS: ({'0': 0.74, '1': 0.84, '2': 0.41, '3': 0.63, '4': 0.35, '5': 0.65, '6': 0.51, '7': 0.77, '8': 0.66, '9': 0.8}, 0.64)
Train Epoch: 40 | Loss: 1.152633 | Acc: 0.5624| MSE: 0.0545 || V Loss: 3.3272| V Acc: 0.2687| V MSE: 0.0965| CS: ({'0': 0.71, '1': 0.92, '2': 0.44, '3': 0.45, '4': 0.38, '5': 0.71, '6': 0.53, '7': 0.63, '8': 0.61, '9': 0.72}, 0.61)
Test | NLL Loss: 3.334618 | Acc: 0.2667 | MSE: 0.09608037407977131| CS: ({'0': 0.66, '1': 0.83, '2': 0.43, '3': 0.53, '4': 0.38, '5': 0.68, '6': 0.53, '7': 0.74, '8': 0.64, '9': 0.79}, 0.62)
Train Epoch: 41 | Loss: 1.134269 | Acc: 0.5728| MSE: 0.0536 || V Loss: 3.4282| V Acc: 0.2582| V MSE: 0.0973| CS: ({'0': 0.65, '1': 0.86, '2': 0.62, '3': 0.4, '4': 0.44, '5': 0.79, '6': 0.56, '7': 0.78, '8': 0.56, '9': 0.71}, 0.64)
Test | NLL Loss: 3.371136 | Acc: 0.2663 | MSE: 0.0967685712364535| CS: ({'0': 0.68, '1': 0.84, '2': 0.49, '3': 0.48, '4': 0.38, '5': 0.7, '6': 0.59, '7': 0.8, '8': 0.63, '9': 0.76}, 0.64)
Train Epoch: 42 | Loss: 1.117180 | Acc: 0.5806| MSE: 0.0524 || V Loss: 3.8035| V Acc: 0.2652| V MSE: 0.0982| CS: ({'0': 0.75, '1': 0.87, '2': 0.34, '3': 0.35, '4': 0.37, '5': 0.69, '6': 0.48, '7': 0.84, '8': 0.65, '9': 0.84}, 0.62)
Test | NLL Loss: 3.533945 | Acc: 0.2794 | MSE: 0.09654539496230241| CS: ({'0': 0.74, '1': 0.86, '2': 0.46, '3': 0.47, '4': 0.35, '5': 0.62, '6': 0.51, '7': 0.8, '8': 0.67, '9': 0.83}, 0.63)
Train Epoch: 43 | Loss: 1.196029 | Acc: 0.5614| MSE: 0.0558 || V Loss: 3.5242| V Acc: 0.2324| V MSE: 0.0997| CS: ({'0': 0.64, '1': 0.86, '2': 0.53, '3': 0.69, '4': 0.38, '5': 0.64, '6': 0.57, '7': 0.79, '8': 0.48, '9': 0.74}, 0.63)
Test | NLL Loss: 3.296382 | Acc: 0.2519 | MSE: 0.09746244862770882| CS: ({'0': 0.56, '1': 0.84, '2': 0.54, '3': 0.62, '4': 0.34, '5': 0.64, '6': 0.57, '7': 0.76, '8': 0.6, '9': 0.79}, 0.63)
Train Epoch: 44 | Loss: 1.106479 | Acc: 0.5878| MSE: 0.0521 || V Loss: 3.5724| V Acc: 0.2766| V MSE: 0.0977| CS: ({'0': 0.59, '1': 0.85, '2': 0.61, '3': 0.48, '4': 0.34, '5': 0.6, '6': 0.56, '7': 0.92, '8': 0.66, '9': 0.82}, 0.64)
Test | NLL Loss: 3.521798 | Acc: 0.2685 | MSE: 0.09721740937461487| CS: ({'0': 0.7, '1': 0.86, '2': 0.55, '3': 0.49, '4': 0.37, '5': 0.6, '6': 0.6, '7': 0.83, '8': 0.67, '9': 0.82}, 0.65)
Train Epoch: 45 | Loss: 1.101598 | Acc: 0.5890| MSE: 0.0520 || V Loss: 3.8562| V Acc: 0.2414| V MSE: 0.1016| CS: ({'0': 0.77, '1': 0.92, '2': 0.57, '3': 0.51, '4': 0.41, '5': 0.68, '6': 0.43, '7': 0.81, '8': 0.61, '9': 0.86}, 0.66)
Test | NLL Loss: 3.669582 | Acc: 0.2702 | MSE: 0.09836223990486834| CS: ({'0': 0.66, '1': 0.84, '2': 0.59, '3': 0.65, '4': 0.37, '5': 0.72, '6': 0.52, '7': 0.81, '8': 0.59, '9': 0.8}, 0.66)
Train Epoch: 46 | Loss: 1.139313 | Acc: 0.5716| MSE: 0.0539 || V Loss: 3.7346| V Acc: 0.2687| V MSE: 0.0991| CS: ({'0': 0.92, '1': 0.82, '2': 0.47, '3': 0.6, '4': 0.41, '5': 0.68, '6': 0.5, '7': 0.89, '8': 0.58, '9': 0.9}, 0.68)
Test | NLL Loss: 3.624611 | Acc: 0.2704 | MSE: 0.09796279097517459| CS: ({'0': 0.79, '1': 0.83, '2': 0.43, '3': 0.6, '4': 0.37, '5': 0.7, '6': 0.55, '7': 0.75, '8': 0.63, '9': 0.85}, 0.65)
Train Epoch: 47 | Loss: 1.157794 | Acc: 0.5727| MSE: 0.0534 || V Loss: 3.8236| V Acc: 0.2715| V MSE: 0.0990| CS: ({'0': 0.75, '1': 0.9, '2': 0.5, '3': 0.49, '4': 0.39, '5': 0.74, '6': 0.54, '7': 0.78, '8': 0.64, '9': 0.9}, 0.66)
Test | NLL Loss: 3.614101 | Acc: 0.2701 | MSE: 0.09851024533136965| CS: ({'0': 0.63, '1': 0.83, '2': 0.5, '3': 0.53, '4': 0.37, '5': 0.68, '6': 0.57, '7': 0.8, '8': 0.67, '9': 0.9}, 0.65)
Train Epoch: 48 | Loss: 1.126430 | Acc: 0.5839| MSE: 0.0530 || V Loss: 3.4530| V Acc: 0.2770| V MSE: 0.0972| CS: ({'0': 0.52, '1': 0.88, '2': 0.56, '3': 0.43, '4': 0.36, '5': 0.74, '6': 0.55, '7': 0.87, '8': 0.63, '9': 0.88}, 0.64)
Test | NLL Loss: 3.456153 | Acc: 0.2660 | MSE: 0.097176692023064| CS: ({'0': 0.62, '1': 0.84, '2': 0.52, '3': 0.51, '4': 0.36, '5': 0.72, '6': 0.56, '7': 0.77, '8': 0.67, '9': 0.83}, 0.64)
Train Epoch: 49 | Loss: 1.083820 | Acc: 0.5865| MSE: 0.0515 || V Loss: 3.6483| V Acc: 0.2516| V MSE: 0.1007| CS: ({'0': 0.59, '1': 0.83, '2': 0.47, '3': 0.49, '4': 0.41, '5': 0.69, '6': 0.55, '7': 0.8, '8': 0.63, '9': 0.85}, 0.63)
Test | NLL Loss: 3.585563 | Acc: 0.2626 | MSE: 0.09808684145204556| CS: ({'0': 0.67, '1': 0.83, '2': 0.45, '3': 0.47, '4': 0.38, '5': 0.62, '6': 0.49, '7': 0.79, '8': 0.67, '9': 0.86}, 0.62)
Train Epoch: 50 | Loss: 1.064172 | Acc: 0.6006| MSE: 0.0506 || V Loss: 3.9040| V Acc: 0.2441| V MSE: 0.1026| CS: ({'0': 0.64, '1': 0.83, '2': 0.44, '3': 0.53, '4': 0.46, '5': 0.8, '6': 0.51, '7': 0.8, '8': 0.61, '9': 0.87}, 0.65)
Test | NLL Loss: 3.767489 | Acc: 0.2619 | MSE: 0.09864553894859533| CS: ({'0': 0.7, '1': 0.82, '2': 0.5, '3': 0.66, '4': 0.46, '5': 0.67, '6': 0.57, '7': 0.81, '8': 0.64, '9': 0.83}, 0.67)
Train Epoch: 51 | Loss: 1.103849 | Acc: 0.5842| MSE: 0.0515 || V Loss: 3.8592| V Acc: 0.2699| V MSE: 0.0984| CS: ({'0': 0.71, '1': 0.86, '2': 0.38, '3': 0.61, '4': 0.34, '5': 0.75, '6': 0.49, '7': 0.86, '8': 0.57, '9': 0.81}, 0.64)
Test | NLL Loss: 3.737291 | Acc: 0.2607 | MSE: 0.09925902049286298| CS: ({'0': 0.76, '1': 0.88, '2': 0.45, '3': 0.53, '4': 0.36, '5': 0.6, '6': 0.55, '7': 0.83, '8': 0.58, '9': 0.84}, 0.64)
Train Epoch: 52 | Loss: 1.048262 | Acc: 0.6026| MSE: 0.0498 || V Loss: 4.1318| V Acc: 0.2391| V MSE: 0.1021| CS: ({'0': 0.87, '1': 0.95, '2': 0.32, '3': 0.62, '4': 0.36, '5': 0.71, '6': 0.5, '7': 0.89, '8': 0.65, '9': 0.81}, 0.67)
Test | NLL Loss: 3.795264 | Acc: 0.2591 | MSE: 0.09953221404990449| CS: ({'0': 0.76, '1': 0.86, '2': 0.41, '3': 0.52, '4': 0.35, '5': 0.66, '6': 0.51, '7': 0.82, '8': 0.69, '9': 0.82}, 0.64)
Train Epoch: 53 | Loss: 1.031425 | Acc: 0.6147| MSE: 0.0493 || V Loss: 3.9556| V Acc: 0.2629| V MSE: 0.1013| CS: ({'0': 0.64, '1': 0.82, '2': 0.51, '4': 0.38, '5': 0.8, '6': 0.6, '7': 0.96, '8': 0.66, '9': 0.79}, 0.68)
Test | NLL Loss: 3.860840 | Acc: 0.2697 | MSE: 0.09910101605394778| CS: ({'0': 0.67, '1': 0.8, '2': 0.51, '3': 0.7, '4': 0.37, '5': 0.74, '6': 0.56, '7': 0.79, '8': 0.65, '9': 0.81}, 0.66)
Train Epoch: 54 | Loss: 1.012558 | Acc: 0.6181| MSE: 0.0484 || V Loss: 4.0213| V Acc: 0.2527| V MSE: 0.1014| CS: ({'0': 0.61, '1': 0.87, '2': 0.48, '3': 0.54, '4': 0.38, '5': 0.81, '6': 0.56, '7': 0.82, '8': 0.6, '9': 0.84}, 0.65)
Test | NLL Loss: 3.939817 | Acc: 0.2586 | MSE: 0.0991872505734142| CS: ({'0': 0.67, '1': 0.82, '2': 0.55, '3': 0.56, '4': 0.37, '5': 0.72, '6': 0.56, '7': 0.81, '8': 0.66, '9': 0.84}, 0.66)
Train Epoch: 55 | Loss: 1.022992 | Acc: 0.6203| MSE: 0.0482 || V Loss: 4.0729| V Acc: 0.2242| V MSE: 0.1015| CS: ({'0': 0.79, '1': 0.87, '2': 0.51, '3': 0.63, '4': 0.36, '5': 0.72, '6': 0.54, '7': 0.93, '8': 0.74, '9': 0.91}, 0.7)
Test | NLL Loss: 4.028894 | Acc: 0.2577 | MSE: 0.10020756057371347| CS: ({'0': 0.79, '1': 0.83, '2': 0.51, '3': 0.57, '4': 0.37, '5': 0.67, '6': 0.49, '7': 0.87, '8': 0.7, '9': 0.83}, 0.66)
Train Epoch: 56 | Loss: 1.065717 | Acc: 0.5885| MSE: 0.0509 || V Loss: 4.0399| V Acc: 0.2402| V MSE: 0.1012| CS: ({'0': 0.72, '1': 0.95, '2': 0.56, '3': 0.53, '4': 0.43, '5': 0.74, '6': 0.56, '7': 0.83, '8': 0.63, '9': 0.87}, 0.68)
Test | NLL Loss: 3.878116 | Acc: 0.2610 | MSE: 0.09890604385743126| CS: ({'0': 0.64, '1': 0.89, '2': 0.49, '3': 0.54, '4': 0.38, '5': 0.67, '6': 0.57, '7': 0.82, '8': 0.64, '9': 0.85}, 0.65)
Train Epoch: 57 | Loss: 1.046347 | Acc: 0.6062| MSE: 0.0497 || V Loss: 4.0510| V Acc: 0.2488| V MSE: 0.1028| CS: ({'0': 0.75, '1': 0.88, '2': 0.7, '3': 0.58, '4': 0.39, '5': 0.73, '6': 0.49, '7': 0.81, '8': 0.66, '9': 0.81}, 0.68)
Test | NLL Loss: 3.996467 | Acc: 0.2537 | MSE: 0.10046276335899061| CS: ({'0': 0.69, '1': 0.89, '2': 0.57, '3': 0.58, '4': 0.38, '5': 0.65, '6': 0.64, '7': 0.79, '8': 0.66, '9': 0.85}, 0.67)
Train Epoch: 58 | Loss: 1.048917 | Acc: 0.6125| MSE: 0.0499 || V Loss: 4.1334| V Acc: 0.2605| V MSE: 0.1024| CS: ({'0': 0.6, '1': 0.91, '2': 0.57, '3': 0.62, '4': 0.44, '5': 0.85, '6': 0.55, '7': 0.81, '8': 0.75, '9': 0.78}, 0.69)
Test | NLL Loss: 4.141261 | Acc: 0.2679 | MSE: 0.10119619246679373| CS: ({'0': 0.63, '1': 0.88, '2': 0.62, '3': 0.59, '4': 0.41, '5': 0.8, '6': 0.67, '7': 0.83, '8': 0.66, '9': 0.83}, 0.69)
Train Epoch: 59 | Loss: 1.044784 | Acc: 0.6059| MSE: 0.0493 || V Loss: 4.4948| V Acc: 0.2430| V MSE: 0.1029| CS: ({'0': 0.72, '1': 0.84, '2': 0.55, '3': 0.63, '4': 0.43, '5': 0.79, '6': 0.57, '7': 0.87, '8': 0.69, '9': 0.81}, 0.69)
Test | NLL Loss: 4.254432 | Acc: 0.2629 | MSE: 0.10146593390562283| CS: ({'0': 0.73, '1': 0.87, '2': 0.58, '3': 0.61, '4': 0.37, '5': 0.74, '6': 0.67, '7': 0.82, '8': 0.69, '9': 0.85}, 0.69)
Train Epoch: 60 | Loss: 1.006533 | Acc: 0.6264| MSE: 0.0475 || V Loss: 4.0722| V Acc: 0.2594| V MSE: 0.1003| CS: ({'0': 0.85, '1': 0.91, '2': 0.51, '3': 0.62, '4': 0.42, '5': 0.78, '6': 0.67, '7': 0.87, '8': 0.73, '9': 0.85}, 0.72)
Test | NLL Loss: 4.087005 | Acc: 0.2624 | MSE: 0.1009368479204254| CS: ({'0': 0.79, '1': 0.84, '2': 0.55, '3': 0.61, '4': 0.4, '5': 0.71, '6': 0.6, '7': 0.88, '8': 0.73, '9': 0.82}, 0.69)
Train Epoch: 61 | Loss: 1.047782 | Acc: 0.6126| MSE: 0.0493 || V Loss: 3.9879| V Acc: 0.2215| V MSE: 0.1026| CS: ({'0': 0.59, '1': 0.9, '2': 0.56, '3': 0.64, '4': 0.36, '5': 0.81, '6': 0.65, '7': 0.86, '8': 0.63, '9': 0.86}, 0.69)
Test | NLL Loss: 3.830348 | Acc: 0.2454 | MSE: 0.10029100957579506| CS: ({'0': 0.63, '1': 0.86, '2': 0.51, '3': 0.55, '4': 0.38, '5': 0.74, '6': 0.62, '7': 0.86, '8': 0.68, '9': 0.85}, 0.67)
Train Epoch: 62 | Loss: 1.048985 | Acc: 0.6137| MSE: 0.0489 || V Loss: 4.3402| V Acc: 0.2609| V MSE: 0.1035| CS: ({'0': 0.65, '1': 0.95, '2': 0.58, '3': 0.66, '4': 0.45, '5': 0.8, '6': 0.6, '7': 0.82, '8': 0.57, '9': 0.88}, 0.7)
Test | NLL Loss: 4.141240 | Acc: 0.2669 | MSE: 0.10077254007609127| CS: ({'0': 0.73, '1': 0.89, '2': 0.47, '3': 0.59, '4': 0.4, '5': 0.71, '6': 0.6, '7': 0.81, '8': 0.65, '9': 0.86}, 0.67)
Train Epoch: 63 | Loss: 0.968559 | Acc: 0.6377| MSE: 0.0465 || V Loss: 4.5699| V Acc: 0.2617| V MSE: 0.1030| CS: ({'0': 0.69, '1': 0.87, '2': 0.37, '3': 0.54, '4': 0.56, '5': 0.82, '6': 0.57, '7': 0.84, '8': 0.6, '9': 0.9}, 0.68)
Test | NLL Loss: 4.354805 | Acc: 0.2582 | MSE: 0.10184967501190142| CS: ({'0': 0.66, '1': 0.9, '2': 0.42, '3': 0.5, '4': 0.52, '5': 0.73, '6': 0.62, '7': 0.83, '8': 0.63, '9': 0.88}, 0.67)
Train Epoch: 64 | Loss: 0.971039 | Acc: 0.6281| MSE: 0.0467 || V Loss: 4.3354| V Acc: 0.2504| V MSE: 0.1037| CS: ({'0': 0.77, '1': 0.88, '2': 0.77, '3': 0.63, '4': 0.45, '5': 0.81, '6': 0.54, '7': 0.79, '8': 0.74, '9': 0.86}, 0.72)
Test | NLL Loss: 4.559280 | Acc: 0.2678 | MSE: 0.10349728371769476| CS: ({'0': 0.77, '1': 0.88, '2': 0.66, '3': 0.64, '4': 0.39, '5': 0.74, '6': 0.65, '7': 0.81, '8': 0.74, '9': 0.84}, 0.71)
Train Epoch: 65 | Loss: 0.960861 | Acc: 0.6318| MSE: 0.0464 || V Loss: 4.3924| V Acc: 0.2406| V MSE: 0.1039| CS: ({'0': 0.68, '1': 0.89, '2': 0.53, '3': 0.49, '4': 0.47, '5': 0.78, '6': 0.59, '7': 0.84, '8': 0.65, '9': 0.88}, 0.68)
Test | NLL Loss: 4.426831 | Acc: 0.2737 | MSE: 0.10134333833909263| CS: ({'0': 0.72, '1': 0.82, '2': 0.52, '3': 0.62, '4': 0.39, '5': 0.76, '6': 0.61, '7': 0.84, '8': 0.7, '9': 0.85}, 0.68)
Train Epoch: 66 | Loss: 1.022695 | Acc: 0.6203| MSE: 0.0478 || V Loss: 4.5194| V Acc: 0.2293| V MSE: 0.1053| CS: ({'0': 0.86, '1': 0.82, '2': 0.48, '3': 0.45, '4': 0.37, '5': 0.71, '6': 0.54, '7': 0.85, '8': 0.77, '9': 0.9}, 0.68)
Test | NLL Loss: 4.344084 | Acc: 0.2533 | MSE: 0.1028243812937706| CS: ({'0': 0.74, '1': 0.9, '2': 0.57, '3': 0.56, '4': 0.37, '5': 0.63, '6': 0.6, '7': 0.84, '8': 0.71, '9': 0.86}, 0.68)
Train Epoch: 67 | Loss: 0.969650 | Acc: 0.6341| MSE: 0.0465 || V Loss: 4.5944| V Acc: 0.2465| V MSE: 0.1039| CS: ({'0': 0.76, '1': 0.83, '2': 0.58, '3': 0.53, '4': 0.47, '5': 0.81, '6': 0.58, '7': 0.8, '8': 0.68, '9': 0.9}, 0.69)
Test | NLL Loss: 4.471615 | Acc: 0.2561 | MSE: 0.10207638212333853| CS: ({'0': 0.76, '1': 0.86, '2': 0.51, '3': 0.59, '4': 0.39, '5': 0.74, '6': 0.64, '7': 0.84, '8': 0.68, '9': 0.88}, 0.69)
Train Epoch: 68 | Loss: 0.954323 | Acc: 0.6316| MSE: 0.0459 || V Loss: 4.8573| V Acc: 0.2598| V MSE: 0.1048| CS: ({'0': 0.67, '1': 0.9, '2': 0.61, '3': 0.57, '4': 0.37, '5': 0.8, '6': 0.58, '7': 0.92, '8': 0.68, '9': 0.89}, 0.7)
Test | NLL Loss: 4.564193 | Acc: 0.2676 | MSE: 0.1025753063848986| CS: ({'0': 0.69, '1': 0.87, '2': 0.59, '3': 0.58, '4': 0.37, '5': 0.77, '6': 0.64, '7': 0.85, '8': 0.68, '9': 0.87}, 0.69)
Train Epoch: 69 | Loss: 0.901686 | Acc: 0.6480| MSE: 0.0437 || V Loss: 4.7250| V Acc: 0.2605| V MSE: 0.1058| CS: ({'0': 0.82, '1': 0.92, '2': 0.4, '3': 0.38, '4': 0.48, '5': 0.86, '6': 0.72, '7': 0.86, '8': 0.73, '9': 0.87}, 0.7)
Test | NLL Loss: 4.720026 | Acc: 0.2763 | MSE: 0.10377108253324374| CS: ({'0': 0.81, '1': 0.85, '2': 0.52, '3': 0.59, '4': 0.41, '5': 0.8, '6': 0.72, '7': 0.85, '8': 0.72, '9': 0.83}, 0.71)
Train Epoch: 70 | Loss: 0.961583 | Acc: 0.6435| MSE: 0.0456 || V Loss: 4.6597| V Acc: 0.2531| V MSE: 0.1051| CS: ({'0': 0.68, '1': 0.85, '2': 0.54, '3': 0.72, '4': 0.4, '5': 0.81, '6': 0.63, '7': 0.81, '8': 0.7, '9': 0.83}, 0.7)
Test | NLL Loss: 4.609468 | Acc: 0.2638 | MSE: 0.10369932054045101| CS: ({'0': 0.67, '1': 0.84, '2': 0.51, '3': 0.69, '4': 0.38, '5': 0.79, '6': 0.61, '7': 0.86, '8': 0.71, '9': 0.86}, 0.69)
Train Epoch: 71 | Loss: 1.020582 | Acc: 0.6293| MSE: 0.0476 || V Loss: 4.5974| V Acc: 0.2664| V MSE: 0.1016| CS: ({'0': 0.67, '1': 0.88, '2': 0.49, '3': 0.53, '4': 0.4, '5': 0.78, '6': 0.69, '7': 0.81, '8': 0.67, '9': 0.76}, 0.67)
Test | NLL Loss: 4.407047 | Acc: 0.2531 | MSE: 0.10176831855179784| CS: ({'0': 0.67, '1': 0.82, '2': 0.5, '3': 0.59, '4': 0.39, '5': 0.75, '6': 0.63, '7': 0.85, '8': 0.69, '9': 0.85}, 0.67)
Train Epoch: 72 | Loss: 0.981844 | Acc: 0.6273| MSE: 0.0471 || V Loss: 4.8027| V Acc: 0.2426| V MSE: 0.1064| CS: ({'0': 0.65, '1': 0.91, '2': 0.59, '3': 0.63, '4': 0.43, '5': 0.74, '6': 0.62, '7': 0.87, '8': 0.62, '9': 0.86}, 0.69)
Test | NLL Loss: 4.576795 | Acc: 0.2545 | MSE: 0.10336186436894602| CS: ({'0': 0.72, '1': 0.86, '2': 0.65, '3': 0.63, '4': 0.41, '5': 0.73, '6': 0.64, '7': 0.84, '8': 0.71, '9': 0.83}, 0.7)
Train Epoch: 73 | Loss: 0.933122 | Acc: 0.6467| MSE: 0.0448 || V Loss: 4.8906| V Acc: 0.2543| V MSE: 0.1054| CS: ({'0': 0.88, '1': 0.97, '2': 0.62, '3': 0.63, '4': 0.56, '5': 0.88, '6': 0.57, '7': 0.9, '8': 0.77, '9': 0.83}, 0.76)
Test | NLL Loss: 4.857020 | Acc: 0.2529 | MSE: 0.10598791354951767| CS: ({'0': 0.72, '1': 0.87, '2': 0.53, '3': 0.62, '4': 0.45, '5': 0.84, '6': 0.63, '7': 0.84, '8': 0.78, '9': 0.86}, 0.71)
Train Epoch: 74 | Loss: 0.949719 | Acc: 0.6426| MSE: 0.0451 || V Loss: 4.8877| V Acc: 0.2789| V MSE: 0.1050| CS: ({'0': 0.68, '1': 0.9, '2': 0.57, '3': 0.66, '4': 0.42, '5': 0.81, '6': 0.53, '7': 0.95, '8': 0.69, '9': 0.87}, 0.71)
Test | NLL Loss: 4.903216 | Acc: 0.2616 | MSE: 0.10488194265304662| CS: ({'0': 0.78, '1': 0.87, '2': 0.61, '3': 0.46, '4': 0.43, '5': 0.78, '6': 0.63, '7': 0.88, '8': 0.7, '9': 0.89}, 0.7)
Train Epoch: 75 | Loss: 0.951938 | Acc: 0.6396| MSE: 0.0457 || V Loss: 5.3083| V Acc: 0.2398| V MSE: 0.1104| CS: ({'0': 0.75, '1': 0.88, '2': 0.53, '3': 0.59, '4': 0.38, '5': 0.77, '6': 0.77, '7': 0.87, '8': 0.84, '9': 0.86}, 0.72)
Test | NLL Loss: 5.049966 | Acc: 0.2669 | MSE: 0.10472992657662962| CS: ({'0': 0.77, '1': 0.89, '2': 0.59, '3': 0.66, '4': 0.43, '5': 0.74, '6': 0.67, '7': 0.83, '8': 0.8, '9': 0.88}, 0.73)
Train Epoch: 76 | Loss: 0.996881 | Acc: 0.6301| MSE: 0.0471 || V Loss: 4.6683| V Acc: 0.2520| V MSE: 0.1002| CS: ({'0': 0.73, '1': 0.9, '2': 0.58, '3': 0.5, '4': 0.39, '5': 0.84, '6': 0.57, '7': 0.86, '8': 0.69, '9': 0.87}, 0.69)
Test | NLL Loss: 4.492018 | Acc: 0.2611 | MSE: 0.10144261039864903| CS: ({'0': 0.73, '1': 0.87, '2': 0.56, '3': 0.58, '4': 0.35, '5': 0.75, '6': 0.57, '7': 0.84, '8': 0.68, '9': 0.86}, 0.68)
Train Epoch: 77 | Loss: 0.954089 | Acc: 0.6410| MSE: 0.0456 || V Loss: 4.5052| V Acc: 0.2699| V MSE: 0.1016| CS: ({'0': 0.89, '1': 0.95, '2': 0.39, '3': 0.65, '4': 0.52, '5': 0.83, '6': 0.63, '7': 0.77, '8': 0.7, '9': 0.86}, 0.72)
Test | NLL Loss: 4.563997 | Acc: 0.2554 | MSE: 0.10291198721994607| CS: ({'0': 0.77, '1': 0.89, '2': 0.41, '3': 0.57, '4': 0.48, '5': 0.77, '6': 0.6, '7': 0.84, '8': 0.7, '9': 0.87}, 0.69)
Train Epoch: 78 | Loss: 0.915227 | Acc: 0.6631| MSE: 0.0434 || V Loss: 4.8809| V Acc: 0.2570| V MSE: 0.1044| CS: ({'0': 0.86, '1': 0.82, '2': 0.41, '3': 0.63, '4': 0.5, '5': 0.83, '6': 0.63, '7': 0.93, '8': 0.74, '9': 0.8}, 0.71)
Test | NLL Loss: 4.856244 | Acc: 0.2601 | MSE: 0.10383667518346074| CS: ({'0': 0.71, '1': 0.85, '2': 0.46, '3': 0.61, '4': 0.47, '5': 0.73, '6': 0.64, '7': 0.85, '8': 0.78, '9': 0.83}, 0.69)
Train Epoch: 79 | Loss: 0.951077 | Acc: 0.6385| MSE: 0.0455 || V Loss: 5.0058| V Acc: 0.2465| V MSE: 0.1071| CS: ({'0': 0.67, '1': 0.92, '2': 0.64, '3': 0.43, '4': 0.46, '5': 0.83, '6': 0.57, '7': 0.87, '8': 0.67, '9': 0.89}, 0.7)
Test | NLL Loss: 4.690601 | Acc: 0.2546 | MSE: 0.1031313832765951| CS: ({'0': 0.68, '1': 0.86, '2': 0.56, '3': 0.54, '4': 0.45, '5': 0.71, '6': 0.59, '7': 0.83, '8': 0.69, '9': 0.89}, 0.68)
Train Epoch: 80 | Loss: 0.924042 | Acc: 0.6492| MSE: 0.0446 || V Loss: 4.9631| V Acc: 0.2480| V MSE: 0.1064| CS: ({'0': 0.64, '1': 0.93, '2': 0.67, '3': 0.67, '4': 0.42, '5': 0.86, '6': 0.56, '7': 0.84, '8': 0.77, '9': 0.82}, 0.72)
Test | NLL Loss: 5.018655 | Acc: 0.2620 | MSE: 0.10458980274562257| CS: ({'0': 0.71, '1': 0.91, '2': 0.68, '3': 0.61, '4': 0.37, '5': 0.78, '6': 0.67, '7': 0.85, '8': 0.7, '9': 0.83}, 0.71)
Train Epoch: 81 | Loss: 0.955267 | Acc: 0.6398| MSE: 0.0452 || V Loss: 5.0411| V Acc: 0.2437| V MSE: 0.1068| CS: ({'0': 0.78, '1': 0.95, '2': 0.63, '3': 0.58, '4': 0.31, '5': 0.83, '6': 0.62, '7': 0.94, '8': 0.66, '9': 0.82}, 0.71)
Test | NLL Loss: 4.866227 | Acc: 0.2684 | MSE: 0.10282210429636435| CS: ({'0': 0.78, '1': 0.89, '2': 0.57, '3': 0.59, '4': 0.39, '5': 0.75, '6': 0.67, '7': 0.84, '8': 0.73, '9': 0.85}, 0.71)
Train Epoch: 82 | Loss: 0.961008 | Acc: 0.6464| MSE: 0.0451 || V Loss: 4.9525| V Acc: 0.2574| V MSE: 0.1040| CS: ({'0': 0.65, '1': 0.87, '2': 0.7, '3': 0.64, '4': 0.34, '5': 0.77, '6': 0.69, '7': 0.97, '8': 0.72, '9': 0.95}, 0.73)
Test | NLL Loss: 5.054903 | Acc: 0.2664 | MSE: 0.10409262973946123| CS: ({'0': 0.73, '1': 0.87, '2': 0.54, '3': 0.61, '4': 0.35, '5': 0.72, '6': 0.6, '7': 0.87, '8': 0.73, '9': 0.87}, 0.69)
Train Epoch: 83 | Loss: 0.964738 | Acc: 0.6307| MSE: 0.0461 || V Loss: 4.9472| V Acc: 0.2379| V MSE: 0.1056| CS: ({'0': 0.77, '1': 0.89, '2': 0.62, '3': 0.58, '4': 0.44, '5': 0.86, '6': 0.61, '7': 0.93, '8': 0.7, '9': 0.93}, 0.73)
Test | NLL Loss: 4.960777 | Acc: 0.2602 | MSE: 0.10394727355375076| CS: ({'0': 0.72, '1': 0.87, '2': 0.6, '3': 0.6, '4': 0.43, '5': 0.81, '6': 0.64, '7': 0.85, '8': 0.66, '9': 0.86}, 0.7)
Train Epoch: 84 | Loss: 0.908391 | Acc: 0.6516| MSE: 0.0437 || V Loss: 4.8042| V Acc: 0.2605| V MSE: 0.1038| CS: ({'0': 0.7, '1': 0.88, '2': 0.59, '3': 0.71, '4': 0.47, '5': 0.82, '6': 0.63, '7': 0.82, '8': 0.64, '9': 0.85}, 0.71)
Test | NLL Loss: 4.883843 | Acc: 0.2402 | MSE: 0.10561931352264965| CS: ({'0': 0.76, '1': 0.88, '2': 0.64, '3': 0.7, '4': 0.41, '5': 0.76, '6': 0.63, '7': 0.85, '8': 0.68, '9': 0.87}, 0.72)
Train Epoch: 85 | Loss: 0.936609 | Acc: 0.6526| MSE: 0.0445 || V Loss: 5.2098| V Acc: 0.2613| V MSE: 0.1047| CS: ({'0': 0.7, '1': 0.92, '2': 0.52, '3': 0.58, '4': 0.47, '5': 0.79, '6': 0.56, '7': 0.8, '8': 0.71, '9': 0.87}, 0.69)
Test | NLL Loss: 5.187233 | Acc: 0.2584 | MSE: 0.10466535639362975| CS: ({'0': 0.75, '1': 0.88, '2': 0.62, '3': 0.62, '4': 0.41, '5': 0.75, '6': 0.67, '7': 0.82, '8': 0.7, '9': 0.87}, 0.71)
Train Epoch: 86 | Loss: 0.911201 | Acc: 0.6551| MSE: 0.0436 || V Loss: 5.4463| V Acc: 0.2453| V MSE: 0.1074| CS: ({'0': 0.65, '1': 0.82, '2': 0.61, '3': 0.61, '4': 0.47, '5': 0.64, '6': 0.59, '7': 0.84, '8': 0.75, '9': 0.86}, 0.68)
Test | NLL Loss: 5.257816 | Acc: 0.2631 | MSE: 0.10497531266258167| CS: ({'0': 0.76, '1': 0.88, '2': 0.66, '3': 0.59, '4': 0.46, '5': 0.63, '6': 0.67, '7': 0.82, '8': 0.71, '9': 0.88}, 0.71)
Train Epoch: 87 | Loss: 0.942134 | Acc: 0.6470| MSE: 0.0443 || V Loss: 5.2352| V Acc: 0.2562| V MSE: 0.1066| CS: ({'0': 0.86, '1': 0.9, '2': 0.59, '3': 0.53, '4': 0.47, '5': 0.84, '6': 0.58, '7': 0.92, '8': 0.62, '9': 0.86}, 0.72)
Test | NLL Loss: 4.973984 | Acc: 0.2696 | MSE: 0.1035063808766036| CS: ({'0': 0.79, '1': 0.89, '2': 0.59, '3': 0.58, '4': 0.4, '5': 0.77, '6': 0.63, '7': 0.84, '8': 0.68, '9': 0.9}, 0.71)
Train Epoch: 88 | Loss: 0.909839 | Acc: 0.6573| MSE: 0.0435 || V Loss: 5.4350| V Acc: 0.2512| V MSE: 0.1091| CS: ({'0': 0.88, '1': 0.95, '2': 0.4, '3': 0.86, '4': 0.59, '5': 0.82, '6': 0.63, '7': 0.87, '8': 0.75, '9': 0.88}, 0.76)
Test | NLL Loss: 5.330183 | Acc: 0.2670 | MSE: 0.10516931578374138| CS: ({'0': 0.77, '1': 0.87, '2': 0.46, '3': 0.65, '4': 0.51, '5': 0.78, '6': 0.59, '7': 0.89, '8': 0.77, '9': 0.87}, 0.72)
Train Epoch: 89 | Loss: 0.906919 | Acc: 0.6656| MSE: 0.0430 || V Loss: 5.2509| V Acc: 0.2398| V MSE: 0.1077| CS: ({'0': 0.86, '1': 0.92, '2': 0.42, '3': 0.56, '4': 0.65, '5': 0.66, '6': 0.63, '7': 0.89, '8': 0.63, '9': 0.85}, 0.71)
Test | NLL Loss: 5.238209 | Acc: 0.2534 | MSE: 0.10471935696400012| CS: ({'0': 0.8, '1': 0.87, '2': 0.47, '3': 0.55, '4': 0.43, '5': 0.68, '6': 0.63, '7': 0.89, '8': 0.71, '9': 0.84}, 0.69)
Train Epoch: 90 | Loss: 0.966317 | Acc: 0.6396| MSE: 0.0454 || V Loss: 5.1926| V Acc: 0.2602| V MSE: 0.1048| CS: ({'0': 0.72, '1': 0.88, '2': 0.65, '3': 0.58, '4': 0.43, '5': 0.77, '6': 0.65, '7': 0.92, '8': 0.73, '9': 0.9}, 0.72)
Test | NLL Loss: 5.204969 | Acc: 0.2648 | MSE: 0.10558392888250442| CS: ({'0': 0.78, '1': 0.88, '2': 0.65, '3': 0.64, '4': 0.42, '5': 0.77, '6': 0.7, '7': 0.88, '8': 0.72, '9': 0.86}, 0.73)
Train Epoch: 91 | Loss: 0.861399 | Acc: 0.6731| MSE: 0.0413 || V Loss: 5.4438| V Acc: 0.2805| V MSE: 0.1059| CS: ({'0': 0.71, '1': 0.88, '2': 0.58, '3': 0.6, '4': 0.4, '5': 0.78, '6': 0.62, '7': 0.91, '8': 0.76, '9': 0.87}, 0.71)
Test | NLL Loss: 5.353304 | Acc: 0.2669 | MSE: 0.10562109018857486| CS: ({'0': 0.83, '1': 0.87, '2': 0.65, '3': 0.59, '4': 0.42, '5': 0.75, '6': 0.7, '7': 0.87, '8': 0.77, '9': 0.86}, 0.73)
Train Epoch: 92 | Loss: 0.916775 | Acc: 0.6562| MSE: 0.0434 || V Loss: 5.5016| V Acc: 0.2562| V MSE: 0.1075| CS: ({'0': 0.83, '1': 0.91, '2': 0.52, '3': 0.66, '4': 0.34, '5': 0.83, '6': 0.63, '7': 0.95, '8': 0.68, '9': 0.88}, 0.72)
Test | NLL Loss: 5.296822 | Acc: 0.2599 | MSE: 0.10578537277710705| CS: ({'0': 0.82, '1': 0.89, '2': 0.61, '3': 0.66, '4': 0.4, '5': 0.74, '6': 0.73, '7': 0.86, '8': 0.74, '9': 0.85}, 0.73)
Train Epoch: 93 | Loss: 0.944958 | Acc: 0.6493| MSE: 0.0449 || V Loss: 5.8344| V Acc: 0.2586| V MSE: 0.1073| CS: ({'0': 0.72, '1': 0.92, '2': 0.53, '3': 0.59, '4': 0.43, '5': 0.89, '6': 0.64, '7': 0.81, '8': 0.69, '9': 0.94}, 0.72)
Test | NLL Loss: 5.640775 | Acc: 0.2644 | MSE: 0.10550007762048191| CS: ({'0': 0.73, '1': 0.88, '2': 0.62, '3': 0.59, '4': 0.45, '5': 0.82, '6': 0.68, '7': 0.9, '8': 0.72, '9': 0.89}, 0.73)
Train Epoch: 94 | Loss: 0.849082 | Acc: 0.6781| MSE: 0.0412 || V Loss: 5.7403| V Acc: 0.2695| V MSE: 0.1060| CS: ({'0': 0.92, '1': 0.94, '2': 0.62, '3': 0.59, '4': 0.45, '5': 0.76, '6': 0.62, '7': 0.9, '8': 0.8, '9': 0.88}, 0.75)
Test | NLL Loss: 5.527415 | Acc: 0.2677 | MSE: 0.1062409261259408| CS: ({'0': 0.84, '1': 0.91, '2': 0.65, '3': 0.6, '4': 0.44, '5': 0.71, '6': 0.69, '7': 0.86, '8': 0.75, '9': 0.88}, 0.73)
Train Epoch: 95 | Loss: 0.863743 | Acc: 0.6705| MSE: 0.0412 || V Loss: 5.4419| V Acc: 0.2336| V MSE: 0.1070| CS: ({'0': 0.74, '1': 0.93, '2': 0.64, '3': 0.8, '4': 0.48, '5': 0.93, '6': 0.59, '7': 0.85, '8': 0.73, '9': 0.89}, 0.76)
Test | NLL Loss: 5.393316 | Acc: 0.2531 | MSE: 0.10660640731120642| CS: ({'0': 0.72, '1': 0.89, '2': 0.67, '3': 0.58, '4': 0.44, '5': 0.81, '6': 0.64, '7': 0.83, '8': 0.73, '9': 0.88}, 0.72)
Train Epoch: 96 | Loss: 0.903010 | Acc: 0.6558| MSE: 0.0437 || V Loss: 5.5500| V Acc: 0.2711| V MSE: 0.1052| CS: ({'0': 0.85, '1': 0.93, '2': 0.74, '3': 0.64, '4': 0.52, '5': 0.8, '6': 0.52, '7': 0.91, '8': 0.78, '9': 0.92}, 0.76)
Test | NLL Loss: 5.478759 | Acc: 0.2606 | MSE: 0.10635029853056795| CS: ({'0': 0.88, '1': 0.87, '2': 0.66, '3': 0.59, '4': 0.45, '5': 0.73, '6': 0.65, '7': 0.85, '8': 0.84, '9': 0.86}, 0.74)
Train Epoch: 97 | Loss: 0.914094 | Acc: 0.6605| MSE: 0.0433 || V Loss: 5.9143| V Acc: 0.2465| V MSE: 0.1089| CS: ({'0': 0.81, '1': 0.93, '2': 0.44, '3': 0.64, '4': 0.45, '5': 0.81, '6': 0.66, '7': 0.88, '8': 0.73, '9': 0.9}, 0.72)
Test | NLL Loss: 5.899617 | Acc: 0.2604 | MSE: 0.10748839145079969| CS: ({'0': 0.81, '1': 0.9, '2': 0.63, '3': 0.61, '4': 0.44, '5': 0.74, '6': 0.69, '7': 0.86, '8': 0.78, '9': 0.86}, 0.73)
Train Epoch: 98 | Loss: 0.934967 | Acc: 0.6526| MSE: 0.0444 || V Loss: 5.0875| V Acc: 0.2543| V MSE: 0.1031| CS: ({'0': 0.73, '1': 0.91, '2': 0.58, '3': 0.58, '4': 0.39, '5': 0.8, '6': 0.58, '7': 0.89, '8': 0.68, '9': 0.89}, 0.7)
Test | NLL Loss: 5.072175 | Acc: 0.2637 | MSE: 0.10351480027071584| CS: ({'0': 0.77, '1': 0.88, '2': 0.55, '3': 0.59, '4': 0.39, '5': 0.74, '6': 0.66, '7': 0.82, '8': 0.71, '9': 0.89}, 0.7)
Train Epoch: 99 | Loss: 0.875785 | Acc: 0.6587| MSE: 0.0424 || V Loss: 5.8366| V Acc: 0.2508| V MSE: 0.1087| CS: ({'0': 0.78, '1': 0.93, '2': 0.62, '3': 0.8, '4': 0.37, '5': 0.81, '6': 0.62, '7': 0.85, '8': 0.78, '9': 0.9}, 0.75)
Test | NLL Loss: 5.524891 | Acc: 0.2677 | MSE: 0.10581764462180793| CS: ({'0': 0.78, '1': 0.91, '2': 0.62, '3': 0.58, '4': 0.4, '5': 0.79, '6': 0.67, '7': 0.87, '8': 0.8, '9': 0.89}, 0.73)
Train Epoch: 100 | Loss: 0.869124 | Acc: 0.6690| MSE: 0.0417 || V Loss: 5.7810| V Acc: 0.2348| V MSE: 0.1087| CS: ({'0': 0.9, '1': 0.88, '2': 0.8, '3': 0.68, '4': 0.43, '5': 0.87, '6': 0.63, '7': 0.85, '8': 0.75, '9': 0.92}, 0.77)
Test | NLL Loss: 5.710082 | Acc: 0.2608 | MSE: 0.10727550365483038| CS: ({'0': 0.7, '1': 0.88, '2': 0.59, '3': 0.66, '4': 0.44, '5': 0.8, '6': 0.71, '7': 0.87, '8': 0.78, '9': 0.87}, 0.73)
Test | NLL Loss: 5.710674 | Acc: 0.2609 | MSE: 0.10728325944739028| CS: ({'0': 0.7, '1': 0.88, '2': 0.59, '3': 0.66, '4': 0.44, '5': 0.8, '6': 0.71, '7': 0.87, '8': 0.78, '9': 0.87}, 0.73)
Took 413.43473505973816 seconds
