Config: 
 {
  "model_name": "fashion_mnist_dsc_ffn",
  "num_classes": 10,
  "in_features": 784,
  "epochs": 10,
  "batch_size": 256,
  "lr": 0.01,
  "dnn_config": {
    "layers": [
      100,
      50,
      10
    ]
  }
} 

Model: 

LinearClassifierDSC(
  (layers): ModuleList(
    (0): Linear(in_features=784, out_features=100, bias=True)
    (1): Linear(in_features=884, out_features=50, bias=True)
    (2): Linear(in_features=934, out_features=10, bias=True)
  )
  (relu_activation): ReLU()
  (softmax_activation): Softmax(dim=-1)
)


Summary: 

----------------------------------------------------------------
        Layer (type)               Output Shape         Param #
================================================================
            Linear-1                  [-1, 100]          78,500
              ReLU-2                  [-1, 100]               0
            Linear-3                   [-1, 50]          44,250
              ReLU-4                   [-1, 50]               0
            Linear-5                   [-1, 10]           9,350
            Linear-6                   [-1, 10]           9,350
           Softmax-7                   [-1, 10]               0
================================================================
Total params: 141,450
Trainable params: 141,450
Non-trainable params: 0
----------------------------------------------------------------
Input size (MB): 0.00
Forward/backward pass size (MB): 0.00
Params size (MB): 0.54
Estimated Total Size (MB): 0.55
----------------------------------------------------------------


Train Epoch: 1 | Loss: -0.736333 | Acc: 0.7412| MSE: 0.0467

Information Transfer:
+----------+----+------+------+------+
| Contents | L0 | L_1  | L_2  | L_3  |
+----------+----+------+------+------+
|    L0    | -- | 0.7  | 0.71 | 0.74 |
|    L1    | -- |  --  | 0.69 | 0.72 |
|    L2    | -- |  --  |  --  | 0.74 |
|    L3    | -- |  --  |  --  |  --  |
+----------+----+------+------+------+
Train Epoch: 2 | Loss: -0.775290 | Acc: 0.7764| MSE: 0.0418

Information Transfer:
+----------+----+------+------+------+
| Contents | L0 | L_1  | L_2  | L_3  |
+----------+----+------+------+------+
|    L0    | -- | 0.67 | 0.69 | 0.74 |
|    L1    | -- |  --  | 0.65 | 0.7  |
|    L2    | -- |  --  |  --  | 0.73 |
|    L3    | -- |  --  |  --  |  --  |
+----------+----+------+------+------+
Train Epoch: 3 | Loss: -0.780674 | Acc: 0.7819| MSE: 0.0415

Information Transfer:
+----------+----+------+------+------+
| Contents | L0 | L_1  | L_2  | L_3  |
+----------+----+------+------+------+
|    L0    | -- | 0.64 | 0.67 | 0.74 |
|    L1    | -- |  --  | 0.62 | 0.69 |
|    L2    | -- |  --  |  --  | 0.73 |
|    L3    | -- |  --  |  --  |  --  |
+----------+----+------+------+------+
Train Epoch: 4 | Loss: -0.788213 | Acc: 0.7885| MSE: 0.0405

Information Transfer:
+----------+----+------+------+------+
| Contents | L0 | L_1  | L_2  | L_3  |
+----------+----+------+------+------+
|    L0    | -- | 0.62 | 0.65 | 0.73 |
|    L1    | -- |  --  | 0.61 | 0.67 |
|    L2    | -- |  --  |  --  | 0.73 |
|    L3    | -- |  --  |  --  |  --  |
+----------+----+------+------+------+
Train Epoch: 5 | Loss: -0.794652 | Acc: 0.7949| MSE: 0.0395

Information Transfer:
+----------+----+------+------+------+
| Contents | L0 | L_1  | L_2  | L_3  |
+----------+----+------+------+------+
|    L0    | -- | 0.61 | 0.64 | 0.73 |
|    L1    | -- |  --  | 0.59 | 0.65 |
|    L2    | -- |  --  |  --  | 0.72 |
|    L3    | -- |  --  |  --  |  --  |
+----------+----+------+------+------+
Train Epoch: 6 | Loss: -0.792835 | Acc: 0.7932| MSE: 0.0400

Information Transfer:
+----------+----+------+------+------+
| Contents | L0 | L_1  | L_2  | L_3  |
+----------+----+------+------+------+
|    L0    | -- | 0.59 | 0.63 | 0.72 |
|    L1    | -- |  --  | 0.57 | 0.64 |
|    L2    | -- |  --  |  --  | 0.71 |
|    L3    | -- |  --  |  --  |  --  |
+----------+----+------+------+------+
Train Epoch: 7 | Loss: -0.796960 | Acc: 0.7978| MSE: 0.0393

Information Transfer:
+----------+----+------+------+------+
| Contents | L0 | L_1  | L_2  | L_3  |
+----------+----+------+------+------+
|    L0    | -- | 0.58 | 0.62 | 0.71 |
|    L1    | -- |  --  | 0.56 | 0.62 |
|    L2    | -- |  --  |  --  | 0.71 |
|    L3    | -- |  --  |  --  |  --  |
+----------+----+------+------+------+
Train Epoch: 8 | Loss: -0.796510 | Acc: 0.7967| MSE: 0.0396

Information Transfer:
+----------+----+------+------+------+
| Contents | L0 | L_1  | L_2  | L_3  |
+----------+----+------+------+------+
|    L0    | -- | 0.57 | 0.61 | 0.71 |
|    L1    | -- |  --  | 0.55 | 0.61 |
|    L2    | -- |  --  |  --  | 0.7  |
|    L3    | -- |  --  |  --  |  --  |
+----------+----+------+------+------+
Train Epoch: 9 | Loss: -0.797311 | Acc: 0.7976| MSE: 0.0395

Information Transfer:
+----------+----+------+------+------+
| Contents | L0 | L_1  | L_2  | L_3  |
+----------+----+------+------+------+
|    L0    | -- | 0.57 | 0.61 | 0.71 |
|    L1    | -- |  --  | 0.54 | 0.6  |
|    L2    | -- |  --  |  --  | 0.69 |
|    L3    | -- |  --  |  --  |  --  |
+----------+----+------+------+------+
Train Epoch: 10 | Loss: -0.799180 | Acc: 0.7994| MSE: 0.0392

Information Transfer:
+----------+----+------+------+------+
| Contents | L0 | L_1  | L_2  | L_3  |
+----------+----+------+------+------+
|    L0    | -- | 0.56 | 0.6  | 0.7  |
|    L1    | -- |  --  | 0.53 | 0.58 |
|    L2    | -- |  --  |  --  | 0.68 |
|    L3    | -- |  --  |  --  |  --  |
+----------+----+------+------+------+
Test | NLL Loss: 11.275510 | Acc: 0.7879 | MSE: 0.041546201100572944
Took 170.01396298408508 seconds
