Config: 
 {
  "model_name": "dsc_ffn_pruned_25p",
  "num_classes": 10,
  "in_features": 784,
  "epochs": 10,
  "batch_size": 256,
  "lr": 0.01,
  "dnn_config": {
    "layers": [
      25,
      10,
      10
    ]
  }
} 

Model: 

LinearClassifierDSCPruned(
  (layers): ModuleList(
    (0): Linear(in_features=784, out_features=25, bias=True)
    (1): Linear(in_features=809, out_features=10, bias=True)
    (2): Linear(in_features=819, out_features=10, bias=True)
  )
  (relu_activation): ReLU()
  (softmax_activation): Softmax(dim=-1)
)


Summary: 

----------------------------------------------------------------
        Layer (type)               Output Shape         Param #
================================================================
            Linear-1                   [-1, 25]          19,625
              ReLU-2                   [-1, 25]               0
            Linear-3                   [-1, 10]           8,100
              ReLU-4                   [-1, 10]               0
            Linear-5                   [-1, 10]           8,200
           Softmax-6                   [-1, 10]               0
================================================================
Total params: 35,925
Trainable params: 35,925
Non-trainable params: 0
----------------------------------------------------------------
Input size (MB): 0.00
Forward/backward pass size (MB): 0.00
Params size (MB): 0.14
Estimated Total Size (MB): 0.14
----------------------------------------------------------------


Train Epoch: 1 | Loss: -0.887078 | Acc: 0.8938| MSE: 0.0174

Information Transfer:
+----------+----+------+------+------+
| Contents | L0 | L_1  | L_2  | L_3  |
+----------+----+------+------+------+
|    L0    | -- | 0.66 | 0.69 | 0.72 |
|    L1    | -- |  --  | 0.6  | 0.66 |
|    L2    | -- |  --  |  --  | 0.65 |
|    L3    | -- |  --  |  --  |  --  |
+----------+----+------+------+------+
Train Epoch: 2 | Loss: -0.939586 | Acc: 0.9412| MSE: 0.0105

Information Transfer:
+----------+----+------+------+------+
| Contents | L0 | L_1  | L_2  | L_3  |
+----------+----+------+------+------+
|    L0    | -- | 0.64 | 0.65 | 0.7  |
|    L1    | -- |  --  | 0.51 | 0.59 |
|    L2    | -- |  --  |  --  | 0.58 |
|    L3    | -- |  --  |  --  |  --  |
+----------+----+------+------+------+
Train Epoch: 3 | Loss: -0.948398 | Acc: 0.9496| MSE: 0.0092

Information Transfer:
+----------+----+------+------+------+
| Contents | L0 | L_1  | L_2  | L_3  |
+----------+----+------+------+------+
|    L0    | -- | 0.63 | 0.65 | 0.69 |
|    L1    | -- |  --  | 0.5  | 0.54 |
|    L2    | -- |  --  |  --  | 0.52 |
|    L3    | -- |  --  |  --  |  --  |
+----------+----+------+------+------+
Train Epoch: 4 | Loss: -0.953703 | Acc: 0.9543| MSE: 0.0084

Information Transfer:
+----------+----+------+------+------+
| Contents | L0 | L_1  | L_2  | L_3  |
+----------+----+------+------+------+
|    L0    | -- | 0.63 | 0.64 | 0.68 |
|    L1    | -- |  --  | 0.49 | 0.52 |
|    L2    | -- |  --  |  --  | 0.51 |
|    L3    | -- |  --  |  --  |  --  |
+----------+----+------+------+------+
Train Epoch: 5 | Loss: -0.954901 | Acc: 0.9554| MSE: 0.0083

Information Transfer:
+----------+----+------+------+------+
| Contents | L0 | L_1  | L_2  | L_3  |
+----------+----+------+------+------+
|    L0    | -- | 0.62 | 0.64 | 0.68 |
|    L1    | -- |  --  | 0.49 | 0.51 |
|    L2    | -- |  --  |  --  | 0.5  |
|    L3    | -- |  --  |  --  |  --  |
+----------+----+------+------+------+
Train Epoch: 6 | Loss: -0.957250 | Acc: 0.9579| MSE: 0.0079

Information Transfer:
+----------+----+------+------+------+
| Contents | L0 | L_1  | L_2  | L_3  |
+----------+----+------+------+------+
|    L0    | -- | 0.61 | 0.63 | 0.68 |
|    L1    | -- |  --  | 0.48 | 0.5  |
|    L2    | -- |  --  |  --  | 0.5  |
|    L3    | -- |  --  |  --  |  --  |
+----------+----+------+------+------+
Train Epoch: 7 | Loss: -0.959729 | Acc: 0.9601| MSE: 0.0075

Information Transfer:
+----------+----+------+------+------+
| Contents | L0 | L_1  | L_2  | L_3  |
+----------+----+------+------+------+
|    L0    | -- | 0.61 | 0.63 | 0.68 |
|    L1    | -- |  --  | 0.49 | 0.5  |
|    L2    | -- |  --  |  --  | 0.5  |
|    L3    | -- |  --  |  --  |  --  |
+----------+----+------+------+------+
Train Epoch: 8 | Loss: -0.960554 | Acc: 0.9610| MSE: 0.0074

Information Transfer:
+----------+----+------+------+------+
| Contents | L0 | L_1  | L_2  | L_3  |
+----------+----+------+------+------+
|    L0    | -- | 0.61 | 0.63 | 0.67 |
|    L1    | -- |  --  | 0.48 | 0.49 |
|    L2    | -- |  --  |  --  | 0.49 |
|    L3    | -- |  --  |  --  |  --  |
+----------+----+------+------+------+
Train Epoch: 9 | Loss: -0.961614 | Acc: 0.9619| MSE: 0.0072

Information Transfer:
+----------+----+------+------+------+
| Contents | L0 | L_1  | L_2  | L_3  |
+----------+----+------+------+------+
|    L0    | -- | 0.61 | 0.62 | 0.68 |
|    L1    | -- |  --  | 0.47 | 0.5  |
|    L2    | -- |  --  |  --  | 0.5  |
|    L3    | -- |  --  |  --  |  --  |
+----------+----+------+------+------+
Train Epoch: 10 | Loss: -0.962253 | Acc: 0.9624| MSE: 0.0071

Information Transfer:
+----------+----+------+------+------+
| Contents | L0 | L_1  | L_2  | L_3  |
+----------+----+------+------+------+
|    L0    | -- | 0.6  | 0.62 | 0.68 |
|    L1    | -- |  --  | 0.46 | 0.49 |
|    L2    | -- |  --  |  --  | 0.49 |
|    L3    | -- |  --  |  --  |  --  |
+----------+----+------+------+------+
Test | NLL Loss: -240.292920 | Acc: 0.9608 | MSE: 18.527148652076722
Took 185.84889388084412 seconds
