Config: 
 {
  "model_name": "dsc_ffn_50p",
  "num_classes": 10,
  "in_features": 784,
  "epochs": 10,
  "batch_size": 256,
  "lr": 0.01,
  "dnn_config": {
    "layers": [
      50,
      25,
      10
    ]
  }
} 

Model: 

LinearClassifierDSC(
  (layers): ModuleList(
    (0): Linear(in_features=784, out_features=50, bias=True)
    (1): Linear(in_features=834, out_features=25, bias=True)
    (2): Linear(in_features=859, out_features=10, bias=True)
  )
  (relu_activation): ReLU()
  (softmax_activation): Softmax(dim=-1)
)


Summary: 

----------------------------------------------------------------
        Layer (type)               Output Shape         Param #
================================================================
            Linear-1                   [-1, 50]          39,250
              ReLU-2                   [-1, 50]               0
            Linear-3                   [-1, 25]          20,875
              ReLU-4                   [-1, 25]               0
            Linear-5                   [-1, 10]           8,600
           Softmax-6                   [-1, 10]               0
================================================================
Total params: 68,725
Trainable params: 68,725
Non-trainable params: 0
----------------------------------------------------------------
Input size (MB): 0.00
Forward/backward pass size (MB): 0.00
Params size (MB): 0.26
Estimated Total Size (MB): 0.27
----------------------------------------------------------------


Train Epoch: 1 | Loss: -0.881035 | Acc: 0.8875| MSE: 0.0186

Information Transfer:
+----------+----+------+------+------+
| Contents | L0 | L_1  | L_2  | L_3  |
+----------+----+------+------+------+
|    L0    | -- | 0.65 | 0.7  | 0.72 |
|    L1    | -- |  --  | 0.61 | 0.7  |
|    L2    | -- |  --  |  --  | 0.66 |
|    L3    | -- |  --  |  --  |  --  |
+----------+----+------+------+------+
Train Epoch: 2 | Loss: -0.942510 | Acc: 0.9439| MSE: 0.0100

Information Transfer:
+----------+----+------+------+------+
| Contents | L0 | L_1  | L_2  | L_3  |
+----------+----+------+------+------+
|    L0    | -- | 0.6  | 0.66 | 0.71 |
|    L1    | -- |  --  | 0.5  | 0.67 |
|    L2    | -- |  --  |  --  | 0.61 |
|    L3    | -- |  --  |  --  |  --  |
+----------+----+------+------+------+
Train Epoch: 3 | Loss: -0.951182 | Acc: 0.9522| MSE: 0.0088

Information Transfer:
+----------+----+------+------+------+
| Contents | L0 | L_1  | L_2  | L_3  |
+----------+----+------+------+------+
|    L0    | -- | 0.56 | 0.63 | 0.7  |
|    L1    | -- |  --  | 0.43 | 0.65 |
|    L2    | -- |  --  |  --  | 0.56 |
|    L3    | -- |  --  |  --  |  --  |
+----------+----+------+------+------+
Train Epoch: 4 | Loss: -0.956997 | Acc: 0.9574| MSE: 0.0079

Information Transfer:
+----------+----+------+------+------+
| Contents | L0 | L_1  | L_2  | L_3  |
+----------+----+------+------+------+
|    L0    | -- | 0.54 | 0.62 | 0.69 |
|    L1    | -- |  --  | 0.38 | 0.63 |
|    L2    | -- |  --  |  --  | 0.53 |
|    L3    | -- |  --  |  --  |  --  |
+----------+----+------+------+------+
Train Epoch: 5 | Loss: -0.960958 | Acc: 0.9615| MSE: 0.0072

Information Transfer:
+----------+----+------+------+------+
| Contents | L0 | L_1  | L_2  | L_3  |
+----------+----+------+------+------+
|    L0    | -- | 0.52 | 0.6  | 0.68 |
|    L1    | -- |  --  | 0.33 | 0.62 |
|    L2    | -- |  --  |  --  | 0.49 |
|    L3    | -- |  --  |  --  |  --  |
+----------+----+------+------+------+
Train Epoch: 6 | Loss: -0.962328 | Acc: 0.9626| MSE: 0.0070

Information Transfer:
+----------+----+------+------+------+
| Contents | L0 | L_1  | L_2  | L_3  |
+----------+----+------+------+------+
|    L0    | -- | 0.51 | 0.59 | 0.67 |
|    L1    | -- |  --  | 0.31 | 0.61 |
|    L2    | -- |  --  |  --  | 0.47 |
|    L3    | -- |  --  |  --  |  --  |
+----------+----+------+------+------+
Train Epoch: 7 | Loss: -0.964368 | Acc: 0.9646| MSE: 0.0067

Information Transfer:
+----------+----+------+------+------+
| Contents | L0 | L_1  | L_2  | L_3  |
+----------+----+------+------+------+
|    L0    | -- | 0.51 | 0.58 | 0.66 |
|    L1    | -- |  --  | 0.29 | 0.59 |
|    L2    | -- |  --  |  --  | 0.44 |
|    L3    | -- |  --  |  --  |  --  |
+----------+----+------+------+------+
Train Epoch: 8 | Loss: -0.967050 | Acc: 0.9672| MSE: 0.0062

Information Transfer:
+----------+----+------+------+------+
| Contents | L0 | L_1  | L_2  | L_3  |
+----------+----+------+------+------+
|    L0    | -- | 0.49 | 0.57 | 0.66 |
|    L1    | -- |  --  | 0.28 | 0.59 |
|    L2    | -- |  --  |  --  | 0.43 |
|    L3    | -- |  --  |  --  |  --  |
+----------+----+------+------+------+
Train Epoch: 9 | Loss: -0.967216 | Acc: 0.9675| MSE: 0.0062

Information Transfer:
+----------+----+------+------+------+
| Contents | L0 | L_1  | L_2  | L_3  |
+----------+----+------+------+------+
|    L0    | -- | 0.48 | 0.57 | 0.66 |
|    L1    | -- |  --  | 0.27 | 0.59 |
|    L2    | -- |  --  |  --  | 0.43 |
|    L3    | -- |  --  |  --  |  --  |
+----------+----+------+------+------+
Train Epoch: 10 | Loss: -0.967156 | Acc: 0.9673| MSE: 0.0063

Information Transfer:
+----------+----+------+------+------+
| Contents | L0 | L_1  | L_2  | L_3  |
+----------+----+------+------+------+
|    L0    | -- | 0.48 | 0.56 | 0.66 |
|    L1    | -- |  --  | 0.26 | 0.59 |
|    L2    | -- |  --  |  --  | 0.41 |
|    L3    | -- |  --  |  --  |  --  |
+----------+----+------+------+------+
Test | NLL Loss: -240.302792 | Acc: 0.9607 | MSE: 18.590506398677825
Took 151.0951223373413 seconds
