Config: 
 {
  "model_name": "dsc_cifar_10p_data_10p_params",
  "num_classes": 10,
  "in_features": 1024,
  "epochs": 100,
  "batch_size": 32,
  "lr": 0.01,
  "lr_decay": false,
  "train_p": 9.0,
  "test_p": 100,
  "dnn_config": {
    "layers": [
      15,
      10,
      10
    ]
  },
  "early_stopping": true,
  "patience": 5,
  "valid_p": 1.0,
  "optimizer": "adam"
} 

CIFAR-10 Dataset:
Training on 4500 samples (9.0% of 50000) 
Valid on 500 samples (1.0% of 50000)
Test on 10000 samples (100% of 10000)

Files already downloaded and verified
Files already downloaded and verified
Running test for every 1 epoch
Model: 

LinearClassifierDSC(
  (layers): ModuleList(
    (0): Linear(in_features=1024, out_features=15, bias=True)
    (1): Linear(in_features=1039, out_features=10, bias=True)
    (2): Linear(in_features=1049, out_features=10, bias=True)
  )
  (relu_activation): ReLU()
  (softmax_activation): LogSoftmax()
)


Summary: 

----------------------------------------------------------------
        Layer (type)               Output Shape         Param #
================================================================
            Linear-1                   [-1, 15]          15,375
              ReLU-2                   [-1, 15]               0
            Linear-3                   [-1, 10]          10,400
              ReLU-4                   [-1, 10]               0
            Linear-5                   [-1, 10]          10,500
            Linear-6                   [-1, 10]          10,500
        LogSoftmax-7                   [-1, 10]               0
================================================================
Total params: 46,775
Trainable params: 46,775
Non-trainable params: 0
----------------------------------------------------------------
Input size (MB): 0.00
Forward/backward pass size (MB): 0.00
Params size (MB): 0.18
Estimated Total Size (MB): 0.18
----------------------------------------------------------------


Train Epoch: 1 | Loss: 2.427700 | Acc: 0.2158| MSE: 0.0933 || V Loss: 2.4916| V Acc: 0.2367| V MSE: 0.0939| CS: ({'0': 0.65, '1': 0.55, '2': 0.49, '3': 0.4, '4': 0.47, '5': 0.43, '6': 0.37, '7': 0.45, '8': 0.47, '9': 0.47}, 0.47)
Test | NLL Loss: 2.513530 | Acc: 0.2281 | MSE: 0.09444210661676364| CS: ({'0': 0.58, '1': 0.59, '2': 0.42, '3': 0.42, '4': 0.39, '5': 0.44, '6': 0.43, '7': 0.45, '8': 0.51, '9': 0.45}, 0.47)
Train Epoch: 2 | Loss: 2.175469 | Acc: 0.2854| MSE: 0.0868 || V Loss: 2.1801| V Acc: 0.3102| V MSE: 0.0865| CS: ({'0': 0.55, '1': 0.54, '2': 0.29, '3': 0.4, '4': 0.43, '5': 0.53, '6': 0.29, '7': 0.4, '8': 0.46, '9': 0.5}, 0.44)
Test | NLL Loss: 2.240294 | Acc: 0.2559 | MSE: 0.08888916975964373| CS: ({'0': 0.52, '1': 0.54, '2': 0.32, '3': 0.42, '4': 0.44, '5': 0.47, '6': 0.3, '7': 0.45, '8': 0.5, '9': 0.47}, 0.44)
Train Epoch: 3 | Loss: 1.988127 | Acc: 0.3324| MSE: 0.0820 || V Loss: 2.2528| V Acc: 0.2641| V MSE: 0.0883| CS: ({'0': 0.48, '1': 0.55, '2': 0.4, '3': 0.39, '4': 0.36, '5': 0.52, '6': 0.37, '7': 0.49, '8': 0.38, '9': 0.5}, 0.44)
Test | NLL Loss: 2.264319 | Acc: 0.2441 | MSE: 0.08997104973933948| CS: ({'0': 0.4, '1': 0.55, '2': 0.39, '3': 0.36, '4': 0.3, '5': 0.5, '6': 0.37, '7': 0.51, '8': 0.42, '9': 0.49}, 0.43)
Train Epoch: 4 | Loss: 1.842907 | Acc: 0.3668| MSE: 0.0783 || V Loss: 2.2178| V Acc: 0.2891| V MSE: 0.0886| CS: ({'0': 0.51, '1': 0.42, '2': 0.41, '3': 0.73, '4': 0.42, '5': 0.55, '6': 0.44, '7': 0.49, '8': 0.38, '9': 0.61}, 0.5)
Test | NLL Loss: 2.270217 | Acc: 0.2581 | MSE: 0.08978134472244464| CS: ({'0': 0.43, '1': 0.51, '2': 0.43, '3': 0.47, '4': 0.42, '5': 0.56, '6': 0.49, '7': 0.51, '8': 0.48, '9': 0.59}, 0.49)
Train Epoch: 5 | Loss: 1.754356 | Acc: 0.3950| MSE: 0.0755 || V Loss: 2.3515| V Acc: 0.2797| V MSE: 0.0911| CS: ({'0': 0.61, '1': 0.55, '2': 0.36, '3': 0.64, '4': 0.43, '5': 0.71, '6': 0.41, '7': 0.72, '8': 0.58, '9': 0.72}, 0.57)
Test | NLL Loss: 2.282541 | Acc: 0.2881 | MSE: 0.08875660598278046| CS: ({'0': 0.53, '1': 0.55, '2': 0.39, '3': 0.47, '4': 0.42, '5': 0.65, '6': 0.45, '7': 0.64, '8': 0.53, '9': 0.65}, 0.53)
Train Epoch: 6 | Loss: 1.668146 | Acc: 0.4346| MSE: 0.0723 || V Loss: 2.2237| V Acc: 0.3273| V MSE: 0.0860| CS: ({'0': 0.61, '1': 0.66, '2': 0.52, '3': 0.58, '4': 0.47, '5': 0.61, '6': 0.45, '7': 0.61, '8': 0.55, '9': 0.58}, 0.56)
Test | NLL Loss: 2.271432 | Acc: 0.2886 | MSE: 0.08858618723413053| CS: ({'0': 0.51, '1': 0.64, '2': 0.51, '3': 0.49, '4': 0.43, '5': 0.51, '6': 0.42, '7': 0.65, '8': 0.6, '9': 0.59}, 0.53)
Train Epoch: 7 | Loss: 1.606388 | Acc: 0.4402| MSE: 0.0705 || V Loss: 2.2494| V Acc: 0.2789| V MSE: 0.0887| CS: ({'0': 0.57, '1': 0.61, '2': 0.52, '3': 0.65, '4': 0.41, '5': 0.78, '6': 0.46, '7': 0.57, '8': 0.59, '9': 0.8}, 0.6)
Test | NLL Loss: 2.229786 | Acc: 0.2929 | MSE: 0.08859549760342406| CS: ({'0': 0.53, '1': 0.59, '2': 0.52, '3': 0.55, '4': 0.37, '5': 0.62, '6': 0.4, '7': 0.65, '8': 0.54, '9': 0.69}, 0.55)
Train Epoch: 8 | Loss: 1.520223 | Acc: 0.4761| MSE: 0.0673 || V Loss: 2.3066| V Acc: 0.3301| V MSE: 0.0874| CS: ({'0': 0.67, '1': 0.51, '2': 0.47, '3': 0.55, '4': 0.55, '5': 0.73, '6': 0.46, '7': 0.55, '8': 0.61, '9': 0.67}, 0.58)
Test | NLL Loss: 2.362917 | Acc: 0.3015 | MSE: 0.09003755957269059| CS: ({'0': 0.61, '1': 0.63, '2': 0.49, '3': 0.49, '4': 0.51, '5': 0.65, '6': 0.52, '7': 0.67, '8': 0.65, '9': 0.66}, 0.59)
Train Epoch: 9 | Loss: 1.467003 | Acc: 0.4955| MSE: 0.0656 || V Loss: 2.2524| V Acc: 0.3156| V MSE: 0.0873| CS: ({'0': 0.6, '1': 0.6, '2': 0.45, '3': 0.6, '4': 0.59, '5': 0.7, '6': 0.51, '7': 0.66, '8': 0.55, '9': 0.58}, 0.58)
Test | NLL Loss: 2.317963 | Acc: 0.2987 | MSE: 0.0890404067862148| CS: ({'0': 0.57, '1': 0.65, '2': 0.48, '3': 0.53, '4': 0.49, '5': 0.67, '6': 0.48, '7': 0.65, '8': 0.58, '9': 0.6}, 0.57)
Train Epoch: 10 | Loss: 1.397424 | Acc: 0.5162| MSE: 0.0628 || V Loss: 2.4304| V Acc: 0.3152| V MSE: 0.0904| CS: ({'0': 0.58, '1': 0.62, '2': 0.42, '3': 0.67, '4': 0.45, '5': 0.64, '6': 0.47, '7': 0.72, '8': 0.58, '9': 0.64}, 0.58)
Test | NLL Loss: 2.403213 | Acc: 0.2776 | MSE: 0.09164312800850731| CS: ({'0': 0.57, '1': 0.67, '2': 0.47, '3': 0.57, '4': 0.5, '5': 0.62, '6': 0.52, '7': 0.71, '8': 0.52, '9': 0.68}, 0.58)
Train Epoch: 11 | Loss: 1.338992 | Acc: 0.5424| MSE: 0.0608 || V Loss: 2.5249| V Acc: 0.3023| V MSE: 0.0927| CS: ({'0': 0.6, '1': 0.64, '2': 0.38, '3': 0.71, '4': 0.56, '5': 0.61, '6': 0.53, '7': 0.66, '8': 0.68, '9': 0.81}, 0.62)
Test | NLL Loss: 2.466567 | Acc: 0.3003 | MSE: 0.09214128466983573| CS: ({'0': 0.64, '1': 0.67, '2': 0.51, '3': 0.59, '4': 0.5, '5': 0.59, '6': 0.58, '7': 0.71, '8': 0.62, '9': 0.73}, 0.61)
Train Epoch: 12 | Loss: 1.287120 | Acc: 0.5568| MSE: 0.0586 || V Loss: 2.4641| V Acc: 0.3191| V MSE: 0.0895| CS: ({'0': 0.65, '1': 0.67, '2': 0.41, '3': 0.67, '4': 0.46, '5': 0.55, '6': 0.66, '7': 0.71, '8': 0.65, '9': 0.64}, 0.61)
Test | NLL Loss: 2.478199 | Acc: 0.2922 | MSE: 0.0923713178347094| CS: ({'0': 0.59, '1': 0.67, '2': 0.5, '3': 0.57, '4': 0.49, '5': 0.59, '6': 0.55, '7': 0.72, '8': 0.62, '9': 0.7}, 0.6)
Train Epoch: 13 | Loss: 1.231846 | Acc: 0.5716| MSE: 0.0564 || V Loss: 2.5240| V Acc: 0.3012| V MSE: 0.0911| CS: ({'0': 0.69, '1': 0.68, '2': 0.39, '3': 0.74, '4': 0.51, '5': 0.74, '6': 0.59, '7': 0.64, '8': 0.58, '9': 0.74}, 0.63)
Test | NLL Loss: 2.566262 | Acc: 0.2880 | MSE: 0.09384368914670457| CS: ({'0': 0.66, '1': 0.68, '2': 0.51, '3': 0.6, '4': 0.5, '5': 0.63, '6': 0.61, '7': 0.68, '8': 0.63, '9': 0.72}, 0.62)
Train Epoch: 14 | Loss: 1.221182 | Acc: 0.5779| MSE: 0.0562 || V Loss: 2.6268| V Acc: 0.3059| V MSE: 0.0935| CS: ({'0': 0.66, '1': 0.71, '2': 0.53, '3': 0.63, '4': 0.46, '5': 0.76, '6': 0.63, '7': 0.72, '8': 0.53, '9': 0.73}, 0.64)
Test | NLL Loss: 2.645641 | Acc: 0.2893 | MSE: 0.09477535949442714| CS: ({'0': 0.65, '1': 0.69, '2': 0.62, '3': 0.6, '4': 0.5, '5': 0.67, '6': 0.62, '7': 0.73, '8': 0.59, '9': 0.75}, 0.64)
Train Epoch: 15 | Loss: 1.172891 | Acc: 0.5934| MSE: 0.0544 || V Loss: 2.6576| V Acc: 0.3094| V MSE: 0.0940| CS: ({'0': 0.72, '1': 0.75, '2': 0.43, '3': 0.68, '4': 0.55, '5': 0.62, '6': 0.57, '7': 0.66, '8': 0.61, '9': 0.68}, 0.63)
Test | NLL Loss: 2.682937 | Acc: 0.2968 | MSE: 0.0949818215097863| CS: ({'0': 0.75, '1': 0.72, '2': 0.54, '3': 0.62, '4': 0.56, '5': 0.62, '6': 0.6, '7': 0.74, '8': 0.61, '9': 0.72}, 0.65)
Train Epoch: 16 | Loss: 1.112666 | Acc: 0.6194| MSE: 0.0519 || V Loss: 2.6730| V Acc: 0.3207| V MSE: 0.0925| CS: ({'0': 0.67, '1': 0.77, '2': 0.45, '3': 0.66, '4': 0.59, '5': 0.69, '6': 0.57, '7': 0.74, '8': 0.62, '9': 0.76}, 0.65)
Test | NLL Loss: 2.680162 | Acc: 0.2911 | MSE: 0.09536285269945956| CS: ({'0': 0.7, '1': 0.72, '2': 0.53, '3': 0.58, '4': 0.56, '5': 0.64, '6': 0.6, '7': 0.75, '8': 0.65, '9': 0.73}, 0.65)
Train Epoch: 17 | Loss: 1.084281 | Acc: 0.6324| MSE: 0.0505 || V Loss: 2.8264| V Acc: 0.3027| V MSE: 0.0982| CS: ({'0': 0.68, '1': 0.81, '2': 0.53, '3': 0.56, '4': 0.54, '5': 0.71, '6': 0.66, '7': 0.69, '8': 0.57, '9': 0.7}, 0.65)
Test | NLL Loss: 2.818154 | Acc: 0.2705 | MSE: 0.09886908445495386| CS: ({'0': 0.66, '1': 0.74, '2': 0.58, '3': 0.56, '4': 0.54, '5': 0.73, '6': 0.63, '7': 0.72, '8': 0.62, '9': 0.75}, 0.65)
Train Epoch: 18 | Loss: 1.038025 | Acc: 0.6409| MSE: 0.0487 || V Loss: 2.7675| V Acc: 0.2977| V MSE: 0.0942| CS: ({'0': 0.72, '1': 0.71, '2': 0.43, '3': 0.65, '4': 0.56, '5': 0.73, '6': 0.63, '7': 0.76, '8': 0.72, '9': 0.7}, 0.66)
Test | NLL Loss: 2.798496 | Acc: 0.2945 | MSE: 0.09602149261738926| CS: ({'0': 0.65, '1': 0.72, '2': 0.61, '3': 0.65, '4': 0.55, '5': 0.64, '6': 0.61, '7': 0.77, '8': 0.65, '9': 0.73}, 0.66)
Train Epoch: 19 | Loss: 1.012536 | Acc: 0.6510| MSE: 0.0476 || V Loss: 2.7787| V Acc: 0.3289| V MSE: 0.0929| CS: ({'0': 0.72, '1': 0.75, '2': 0.48, '3': 0.75, '4': 0.61, '5': 0.71, '6': 0.64, '7': 0.7, '8': 0.68, '9': 0.84}, 0.69)
Test | NLL Loss: 2.888507 | Acc: 0.2859 | MSE: 0.09887965778097177| CS: ({'0': 0.74, '1': 0.72, '2': 0.58, '3': 0.64, '4': 0.58, '5': 0.67, '6': 0.64, '7': 0.76, '8': 0.71, '9': 0.79}, 0.68)
Train Epoch: 20 | Loss: 0.973825 | Acc: 0.6614| MSE: 0.0459 || V Loss: 3.0090| V Acc: 0.3121| V MSE: 0.0956| CS: ({'0': 0.74, '1': 0.81, '2': 0.56, '3': 0.79, '4': 0.61, '5': 0.8, '6': 0.69, '7': 0.78, '8': 0.74, '9': 0.84}, 0.74)
Test | NLL Loss: 3.065323 | Acc: 0.2868 | MSE: 0.10129709675098761| CS: ({'0': 0.73, '1': 0.76, '2': 0.63, '3': 0.64, '4': 0.55, '5': 0.76, '6': 0.66, '7': 0.77, '8': 0.71, '9': 0.76}, 0.7)
Train Epoch: 21 | Loss: 0.956609 | Acc: 0.6691| MSE: 0.0454 || V Loss: 3.0562| V Acc: 0.2895| V MSE: 0.0990| CS: ({'0': 0.74, '1': 0.77, '2': 0.47, '3': 0.68, '4': 0.62, '5': 0.73, '6': 0.59, '7': 0.77, '8': 0.72, '9': 0.83}, 0.69)
Test | NLL Loss: 3.038582 | Acc: 0.2831 | MSE: 0.10018319229538829| CS: ({'0': 0.66, '1': 0.75, '2': 0.66, '3': 0.62, '4': 0.56, '5': 0.64, '6': 0.6, '7': 0.77, '8': 0.73, '9': 0.79}, 0.68)
Train Epoch: 22 | Loss: 0.910579 | Acc: 0.6862| MSE: 0.0431 || V Loss: 3.1288| V Acc: 0.2914| V MSE: 0.0979| CS: ({'0': 0.82, '1': 0.82, '2': 0.48, '3': 0.84, '4': 0.73, '5': 0.77, '6': 0.64, '7': 0.78, '8': 0.71, '9': 0.79}, 0.74)
Test | NLL Loss: 3.129123 | Acc: 0.2908 | MSE: 0.1000741240315544| CS: ({'0': 0.77, '1': 0.78, '2': 0.65, '3': 0.6, '4': 0.63, '5': 0.71, '6': 0.63, '7': 0.79, '8': 0.68, '9': 0.78}, 0.7)
Train Epoch: 23 | Loss: 0.903320 | Acc: 0.6906| MSE: 0.0427 || V Loss: 3.2071| V Acc: 0.2949| V MSE: 0.0992| CS: ({'0': 0.71, '1': 0.76, '2': 0.44, '3': 0.81, '4': 0.68, '5': 0.72, '6': 0.78, '7': 0.69, '8': 0.76, '9': 0.86}, 0.72)
Test | NLL Loss: 3.175031 | Acc: 0.2872 | MSE: 0.10093609429300783| CS: ({'0': 0.76, '1': 0.76, '2': 0.6, '3': 0.64, '4': 0.58, '5': 0.71, '6': 0.66, '7': 0.78, '8': 0.67, '9': 0.79}, 0.7)
Train Epoch: 24 | Loss: 0.861165 | Acc: 0.6990| MSE: 0.0411 || V Loss: 3.2523| V Acc: 0.2957| V MSE: 0.1005| CS: ({'0': 0.74, '1': 0.76, '2': 0.51, '3': 0.85, '4': 0.72, '5': 0.72, '6': 0.65, '7': 0.77, '8': 0.66, '9': 0.86}, 0.72)
Test | NLL Loss: 3.246221 | Acc: 0.2984 | MSE: 0.10134307664042463| CS: ({'0': 0.73, '1': 0.75, '2': 0.67, '3': 0.67, '4': 0.61, '5': 0.73, '6': 0.66, '7': 0.79, '8': 0.67, '9': 0.81}, 0.71)
Train Epoch: 25 | Loss: 0.846864 | Acc: 0.7135| MSE: 0.0403 || V Loss: 3.4603| V Acc: 0.2883| V MSE: 0.1028| CS: ({'0': 0.78, '1': 0.81, '2': 0.46, '3': 0.71, '4': 0.71, '5': 0.8, '6': 0.68, '7': 0.88, '8': 0.71, '9': 0.76}, 0.73)
Test | NLL Loss: 3.395818 | Acc: 0.2820 | MSE: 0.10337009921241493| CS: ({'0': 0.81, '1': 0.79, '2': 0.62, '3': 0.68, '4': 0.61, '5': 0.73, '6': 0.72, '7': 0.78, '8': 0.72, '9': 0.79}, 0.72)
Train Epoch: 26 | Loss: 0.844492 | Acc: 0.7090| MSE: 0.0404 || V Loss: 3.5035| V Acc: 0.2684| V MSE: 0.1042| CS: ({'0': 0.72, '1': 0.77, '2': 0.44, '3': 0.85, '4': 0.62, '5': 0.78, '6': 0.78, '7': 0.8, '8': 0.76, '9': 0.79}, 0.73)
Test | NLL Loss: 3.498948 | Acc: 0.2629 | MSE: 0.1054810910417249| CS: ({'0': 0.67, '1': 0.77, '2': 0.66, '3': 0.68, '4': 0.62, '5': 0.73, '6': 0.64, '7': 0.8, '8': 0.69, '9': 0.8}, 0.71)
Train Epoch: 27 | Loss: 0.807565 | Acc: 0.7170| MSE: 0.0391 || V Loss: 3.4689| V Acc: 0.3063| V MSE: 0.1015| CS: ({'0': 0.82, '1': 0.85, '2': 0.55, '3': 0.81, '4': 0.68, '5': 0.71, '6': 0.73, '7': 0.79, '8': 0.7, '9': 0.88}, 0.75)
Test | NLL Loss: 3.510715 | Acc: 0.2936 | MSE: 0.10331947351701724| CS: ({'0': 0.82, '1': 0.8, '2': 0.68, '3': 0.65, '4': 0.61, '5': 0.76, '6': 0.69, '7': 0.82, '8': 0.74, '9': 0.81}, 0.74)
Train Epoch: 28 | Loss: 0.771853 | Acc: 0.7347| MSE: 0.0372 || V Loss: 3.6012| V Acc: 0.3156| V MSE: 0.1005| CS: ({'0': 0.81, '1': 0.77, '2': 0.54, '3': 0.86, '4': 0.71, '5': 0.76, '6': 0.74, '7': 0.79, '8': 0.74, '9': 0.83}, 0.76)
Test | NLL Loss: 3.574137 | Acc: 0.2892 | MSE: 0.10413712177413721| CS: ({'0': 0.82, '1': 0.78, '2': 0.67, '3': 0.68, '4': 0.63, '5': 0.74, '6': 0.71, '7': 0.83, '8': 0.77, '9': 0.82}, 0.75)
Train Epoch: 29 | Loss: 0.799997 | Acc: 0.7206| MSE: 0.0387 || V Loss: 3.5658| V Acc: 0.3129| V MSE: 0.1018| CS: ({'0': 0.8, '1': 0.75, '2': 0.54, '3': 0.83, '4': 0.68, '5': 0.81, '6': 0.74, '7': 0.8, '8': 0.67, '9': 0.79}, 0.74)
Test | NLL Loss: 3.596483 | Acc: 0.2857 | MSE: 0.10484880223251379| CS: ({'0': 0.77, '1': 0.79, '2': 0.71, '3': 0.67, '4': 0.62, '5': 0.77, '6': 0.7, '7': 0.83, '8': 0.7, '9': 0.82}, 0.74)
Train Epoch: 30 | Loss: 0.772196 | Acc: 0.7301| MSE: 0.0374 || V Loss: 3.8128| V Acc: 0.3035| V MSE: 0.1043| CS: ({'0': 0.86, '1': 0.79, '2': 0.46, '3': 0.81, '4': 0.73, '5': 0.83, '6': 0.84, '7': 0.84, '8': 0.73, '9': 0.76}, 0.77)
Test | NLL Loss: 3.770561 | Acc: 0.2898 | MSE: 0.10575959888605264| CS: ({'0': 0.79, '1': 0.8, '2': 0.69, '3': 0.72, '4': 0.67, '5': 0.71, '6': 0.71, '7': 0.83, '8': 0.75, '9': 0.82}, 0.75)
Train Epoch: 31 | Loss: 0.694578 | Acc: 0.7610| MSE: 0.0340 || V Loss: 3.8556| V Acc: 0.2969| V MSE: 0.1046| CS: ({'0': 0.84, '1': 0.82, '2': 0.61, '3': 0.75, '4': 0.75, '5': 0.83, '6': 0.65, '7': 0.83, '8': 0.71, '9': 0.9}, 0.77)
Test | NLL Loss: 3.791336 | Acc: 0.2866 | MSE: 0.106443879941401| CS: ({'0': 0.77, '1': 0.77, '2': 0.7, '3': 0.69, '4': 0.7, '5': 0.78, '6': 0.7, '7': 0.83, '8': 0.75, '9': 0.83}, 0.75)
Train Epoch: 32 | Loss: 0.691461 | Acc: 0.7638| MSE: 0.0334 || V Loss: 3.9484| V Acc: 0.2805| V MSE: 0.1060| CS: ({'0': 0.8, '1': 0.88, '2': 0.56, '3': 0.85, '4': 0.76, '5': 0.84, '6': 0.74, '7': 0.87, '8': 0.76, '9': 0.84}, 0.79)
Test | NLL Loss: 3.973341 | Acc: 0.2776 | MSE: 0.10913302413762187| CS: ({'0': 0.82, '1': 0.82, '2': 0.7, '3': 0.73, '4': 0.65, '5': 0.72, '6': 0.73, '7': 0.82, '8': 0.76, '9': 0.83}, 0.76)
Train Epoch: 33 | Loss: 0.753853 | Acc: 0.7447| MSE: 0.0363 || V Loss: 3.8199| V Acc: 0.3145| V MSE: 0.1037| CS: ({'0': 0.76, '1': 0.86, '2': 0.55, '3': 0.72, '4': 0.74, '5': 0.77, '6': 0.77, '7': 0.84, '8': 0.79, '9': 0.75}, 0.76)
Test | NLL Loss: 3.833137 | Acc: 0.2752 | MSE: 0.10820055086487018| CS: ({'0': 0.79, '1': 0.82, '2': 0.65, '3': 0.72, '4': 0.66, '5': 0.75, '6': 0.7, '7': 0.83, '8': 0.78, '9': 0.82}, 0.75)
Train Epoch: 34 | Loss: 0.678828 | Acc: 0.7713| MSE: 0.0328 || V Loss: 4.0250| V Acc: 0.3094| V MSE: 0.1046| CS: ({'0': 0.82, '1': 0.78, '2': 0.57, '3': 0.74, '4': 0.67, '5': 0.74, '6': 0.72, '7': 0.9, '8': 0.76, '9': 0.86}, 0.76)
Test | NLL Loss: 4.054795 | Acc: 0.2748 | MSE: 0.10900005948143646| CS: ({'0': 0.78, '1': 0.81, '2': 0.72, '3': 0.72, '4': 0.67, '5': 0.73, '6': 0.74, '7': 0.84, '8': 0.79, '9': 0.81}, 0.76)
Train Epoch: 35 | Loss: 0.649134 | Acc: 0.7790| MSE: 0.0316 || V Loss: 4.0535| V Acc: 0.2785| V MSE: 0.1072| CS: ({'0': 0.85, '1': 0.83, '2': 0.66, '3': 0.85, '4': 0.73, '5': 0.78, '6': 0.73, '7': 0.84, '8': 0.74, '9': 0.8}, 0.78)
Test | NLL Loss: 4.089892 | Acc: 0.2771 | MSE: 0.10906879701458227| CS: ({'0': 0.84, '1': 0.81, '2': 0.75, '3': 0.73, '4': 0.67, '5': 0.74, '6': 0.75, '7': 0.84, '8': 0.75, '9': 0.81}, 0.77)
Train Epoch: 36 | Loss: 0.630641 | Acc: 0.7796| MSE: 0.0309 || V Loss: 4.1569| V Acc: 0.3043| V MSE: 0.1064| CS: ({'0': 0.73, '1': 0.8, '2': 0.54, '3': 0.82, '4': 0.75, '5': 0.9, '6': 0.77, '7': 0.89, '8': 0.8, '9': 0.85}, 0.78)
Test | NLL Loss: 4.053952 | Acc: 0.2836 | MSE: 0.1084058960548605| CS: ({'0': 0.77, '1': 0.81, '2': 0.73, '3': 0.7, '4': 0.66, '5': 0.79, '6': 0.73, '7': 0.84, '8': 0.78, '9': 0.84}, 0.76)
Train Epoch: 37 | Loss: 0.599320 | Acc: 0.7915| MSE: 0.0295 || V Loss: 4.3576| V Acc: 0.2980| V MSE: 0.1082| CS: ({'0': 0.8, '1': 0.83, '2': 0.65, '3': 0.68, '4': 0.73, '5': 0.76, '6': 0.75, '7': 0.89, '8': 0.79, '9': 0.86}, 0.77)
Test | NLL Loss: 4.354108 | Acc: 0.2770 | MSE: 0.11052103004992579| CS: ({'0': 0.83, '1': 0.82, '2': 0.76, '3': 0.72, '4': 0.71, '5': 0.78, '6': 0.74, '7': 0.84, '8': 0.78, '9': 0.84}, 0.78)
Train Epoch: 38 | Loss: 0.659253 | Acc: 0.7757| MSE: 0.0321 || V Loss: 4.3350| V Acc: 0.2871| V MSE: 0.1096| CS: ({'0': 0.73, '1': 0.8, '2': 0.59, '3': 0.69, '4': 0.7, '5': 0.75, '6': 0.71, '7': 0.85, '8': 0.8, '9': 0.91}, 0.75)
Test | NLL Loss: 4.263987 | Acc: 0.2823 | MSE: 0.11037215576194727| CS: ({'0': 0.76, '1': 0.83, '2': 0.76, '3': 0.76, '4': 0.68, '5': 0.71, '6': 0.73, '7': 0.84, '8': 0.79, '9': 0.87}, 0.77)
Train Epoch: 39 | Loss: 0.598007 | Acc: 0.7998| MSE: 0.0290 || V Loss: 4.2845| V Acc: 0.3008| V MSE: 0.1085| CS: ({'0': 0.72, '1': 0.8, '2': 0.55, '3': 0.77, '4': 0.75, '5': 0.86, '6': 0.83, '7': 0.84, '8': 0.79, '9': 0.8}, 0.77)
Test | NLL Loss: 4.364315 | Acc: 0.2754 | MSE: 0.11099334589589518| CS: ({'0': 0.75, '1': 0.84, '2': 0.72, '3': 0.72, '4': 0.7, '5': 0.81, '6': 0.75, '7': 0.84, '8': 0.82, '9': 0.84}, 0.78)
Train Epoch: 40 | Loss: 0.540158 | Acc: 0.8179| MSE: 0.0263 || V Loss: 4.5824| V Acc: 0.2773| V MSE: 0.1121| CS: ({'0': 0.71, '1': 0.81, '2': 0.52, '3': 0.88, '4': 0.8, '5': 0.84, '6': 0.73, '7': 0.75, '8': 0.84, '9': 0.9}, 0.78)
Test | NLL Loss: 4.462723 | Acc: 0.2730 | MSE: 0.11218844075648549| CS: ({'0': 0.75, '1': 0.84, '2': 0.76, '3': 0.73, '4': 0.71, '5': 0.78, '6': 0.77, '7': 0.87, '8': 0.76, '9': 0.88}, 0.78)
Train Epoch: 41 | Loss: 0.648604 | Acc: 0.7773| MSE: 0.0315 || V Loss: 4.4357| V Acc: 0.2805| V MSE: 0.1108| CS: ({'0': 0.83, '1': 0.91, '2': 0.54, '3': 0.79, '4': 0.83, '5': 0.83, '6': 0.7, '7': 0.83, '8': 0.84, '9': 0.75}, 0.78)
Test | NLL Loss: 4.591292 | Acc: 0.2782 | MSE: 0.11192451074671822| CS: ({'0': 0.84, '1': 0.85, '2': 0.73, '3': 0.77, '4': 0.72, '5': 0.76, '6': 0.73, '7': 0.87, '8': 0.82, '9': 0.83}, 0.79)
Train Epoch: 42 | Loss: 0.551279 | Acc: 0.8109| MSE: 0.0272 || V Loss: 4.7539| V Acc: 0.2816| V MSE: 0.1124| CS: ({'0': 0.73, '1': 0.86, '2': 0.67, '3': 0.83, '4': 0.72, '5': 0.84, '6': 0.76, '7': 0.88, '8': 0.73, '9': 0.92}, 0.79)
Test | NLL Loss: 4.702731 | Acc: 0.2694 | MSE: 0.1135709658027076| CS: ({'0': 0.81, '1': 0.84, '2': 0.78, '3': 0.74, '4': 0.7, '5': 0.75, '6': 0.79, '7': 0.87, '8': 0.78, '9': 0.87}, 0.79)
Train Epoch: 43 | Loss: 0.552243 | Acc: 0.8082| MSE: 0.0272 || V Loss: 4.6893| V Acc: 0.2902| V MSE: 0.1109| CS: ({'0': 0.72, '1': 0.9, '2': 0.62, '3': 0.88, '4': 0.67, '5': 0.85, '6': 0.71, '7': 0.88, '8': 0.81, '9': 0.9}, 0.79)
Test | NLL Loss: 4.716618 | Acc: 0.2669 | MSE: 0.11362566894140487| CS: ({'0': 0.76, '1': 0.84, '2': 0.75, '3': 0.76, '4': 0.71, '5': 0.79, '6': 0.79, '7': 0.88, '8': 0.82, '9': 0.85}, 0.8)
Train Epoch: 44 | Loss: 0.543412 | Acc: 0.8122| MSE: 0.0269 || V Loss: 4.8103| V Acc: 0.2906| V MSE: 0.1134| CS: ({'0': 0.89, '1': 0.85, '2': 0.62, '3': 0.7, '4': 0.74, '5': 0.8, '6': 0.81, '7': 0.91, '8': 0.74, '9': 0.79}, 0.79)
Test | NLL Loss: 4.738672 | Acc: 0.2765 | MSE: 0.11340092260616656| CS: ({'0': 0.85, '1': 0.84, '2': 0.76, '3': 0.75, '4': 0.72, '5': 0.78, '6': 0.79, '7': 0.85, '8': 0.76, '9': 0.85}, 0.79)
Train Epoch: 45 | Loss: 0.524169 | Acc: 0.8270| MSE: 0.0254 || V Loss: 4.7583| V Acc: 0.3145| V MSE: 0.1095| CS: ({'0': 0.82, '1': 0.85, '2': 0.61, '3': 0.85, '4': 0.65, '5': 0.87, '6': 0.75, '7': 0.87, '8': 0.8, '9': 0.81}, 0.79)
Test | NLL Loss: 4.853198 | Acc: 0.2847 | MSE: 0.11267932666281161| CS: ({'0': 0.87, '1': 0.86, '2': 0.75, '3': 0.73, '4': 0.71, '5': 0.8, '6': 0.78, '7': 0.87, '8': 0.8, '9': 0.85}, 0.8)
Train Epoch: 46 | Loss: 0.453224 | Acc: 0.8444| MSE: 0.0223 || V Loss: 4.9538| V Acc: 0.2715| V MSE: 0.1146| CS: ({'0': 0.84, '1': 0.92, '2': 0.68, '3': 0.81, '4': 0.8, '5': 0.8, '6': 0.77, '7': 0.9, '8': 0.8, '9': 0.86}, 0.82)
Test | NLL Loss: 5.066779 | Acc: 0.2746 | MSE: 0.11523591429471208| CS: ({'0': 0.88, '1': 0.84, '2': 0.76, '3': 0.74, '4': 0.74, '5': 0.78, '6': 0.78, '7': 0.87, '8': 0.79, '9': 0.85}, 0.8)
Train Epoch: 47 | Loss: 0.483639 | Acc: 0.8369| MSE: 0.0238 || V Loss: 5.2520| V Acc: 0.2738| V MSE: 0.1165| CS: ({'0': 0.78, '1': 0.83, '2': 0.65, '3': 0.81, '4': 0.78, '5': 0.86, '6': 0.85, '7': 0.95, '8': 0.79, '9': 0.88}, 0.82)
Test | NLL Loss: 5.085157 | Acc: 0.2694 | MSE: 0.11586267317826755| CS: ({'0': 0.81, '1': 0.87, '2': 0.77, '3': 0.75, '4': 0.75, '5': 0.8, '6': 0.83, '7': 0.87, '8': 0.8, '9': 0.89}, 0.81)
Train Epoch: 48 | Loss: 0.551419 | Acc: 0.8116| MSE: 0.0273 || V Loss: 5.1861| V Acc: 0.2922| V MSE: 0.1130| CS: ({'0': 0.9, '1': 0.9, '2': 0.56, '3': 0.84, '4': 0.76, '5': 0.87, '6': 0.77, '7': 0.89, '8': 0.76, '9': 0.86}, 0.81)
Test | NLL Loss: 5.098288 | Acc: 0.2699 | MSE: 0.11517029650771199| CS: ({'0': 0.85, '1': 0.85, '2': 0.79, '3': 0.75, '4': 0.71, '5': 0.81, '6': 0.77, '7': 0.87, '8': 0.8, '9': 0.88}, 0.81)
Train Epoch: 49 | Loss: 0.515687 | Acc: 0.8198| MSE: 0.0253 || V Loss: 5.1809| V Acc: 0.2676| V MSE: 0.1156| CS: ({'0': 0.83, '1': 0.94, '2': 0.65, '3': 0.99, '4': 0.77, '5': 0.85, '6': 0.84, '7': 0.82, '8': 0.79, '9': 0.92}, 0.84)
Test | NLL Loss: 5.207529 | Acc: 0.2727 | MSE: 0.11569236804502078| CS: ({'0': 0.84, '1': 0.85, '2': 0.79, '3': 0.77, '4': 0.72, '5': 0.82, '6': 0.77, '7': 0.88, '8': 0.81, '9': 0.85}, 0.81)
Train Epoch: 50 | Loss: 0.470079 | Acc: 0.8383| MSE: 0.0234 || V Loss: 5.5607| V Acc: 0.2910| V MSE: 0.1146| CS: ({'0': 0.8, '1': 0.93, '2': 0.6, '3': 0.87, '4': 0.76, '5': 0.86, '6': 0.75, '7': 0.9, '8': 0.83, '9': 0.9}, 0.82)
Test | NLL Loss: 5.405899 | Acc: 0.2713 | MSE: 0.11668343080308871| CS: ({'0': 0.81, '1': 0.86, '2': 0.81, '3': 0.81, '4': 0.72, '5': 0.8, '6': 0.78, '7': 0.88, '8': 0.83, '9': 0.84}, 0.81)
Train Epoch: 51 | Loss: 0.487006 | Acc: 0.8372| MSE: 0.0242 || V Loss: 5.3204| V Acc: 0.2832| V MSE: 0.1139| CS: ({'0': 0.84, '1': 0.96, '2': 0.6, '3': 0.89, '4': 0.72, '5': 0.91, '6': 0.8, '7': 0.88, '8': 0.78, '9': 0.91}, 0.83)
Test | NLL Loss: 5.321171 | Acc: 0.2738 | MSE: 0.11585414400115943| CS: ({'0': 0.85, '1': 0.88, '2': 0.77, '3': 0.74, '4': 0.73, '5': 0.82, '6': 0.77, '7': 0.88, '8': 0.82, '9': 0.89}, 0.82)
Train Epoch: 52 | Loss: 0.450682 | Acc: 0.8493| MSE: 0.0222 || V Loss: 5.2187| V Acc: 0.2832| V MSE: 0.1145| CS: ({'0': 0.76, '1': 0.81, '2': 0.57, '3': 0.93, '4': 0.75, '5': 0.82, '6': 0.83, '7': 0.83, '8': 0.9, '9': 0.92}, 0.81)
Test | NLL Loss: 5.364354 | Acc: 0.2697 | MSE: 0.11688933590540108| CS: ({'0': 0.81, '1': 0.86, '2': 0.8, '3': 0.79, '4': 0.75, '5': 0.78, '6': 0.8, '7': 0.88, '8': 0.85, '9': 0.86}, 0.82)
Train Epoch: 53 | Loss: 0.413402 | Acc: 0.8634| MSE: 0.0204 || V Loss: 5.3296| V Acc: 0.2574| V MSE: 0.1165| CS: ({'0': 0.87, '1': 0.91, '2': 0.68, '3': 0.92, '4': 0.86, '5': 0.86, '6': 0.81, '7': 0.88, '8': 0.84, '9': 0.93}, 0.86)
Test | NLL Loss: 5.492539 | Acc: 0.2748 | MSE: 0.11669042894539361| CS: ({'0': 0.86, '1': 0.87, '2': 0.8, '3': 0.77, '4': 0.76, '5': 0.82, '6': 0.78, '7': 0.89, '8': 0.83, '9': 0.88}, 0.83)
Train Epoch: 54 | Loss: 0.436872 | Acc: 0.8488| MSE: 0.0219 || V Loss: 5.3732| V Acc: 0.3121| V MSE: 0.1137| CS: ({'0': 0.81, '1': 0.87, '2': 0.65, '3': 0.8, '4': 0.83, '5': 0.86, '6': 0.8, '7': 0.91, '8': 0.78, '9': 0.85}, 0.82)
Test | NLL Loss: 5.524223 | Acc: 0.2791 | MSE: 0.11682577645435882| CS: ({'0': 0.87, '1': 0.88, '2': 0.79, '3': 0.79, '4': 0.76, '5': 0.81, '6': 0.81, '7': 0.88, '8': 0.81, '9': 0.87}, 0.83)
Train Epoch: 55 | Loss: 0.477064 | Acc: 0.8367| MSE: 0.0237 || V Loss: 5.8103| V Acc: 0.2602| V MSE: 0.1198| CS: ({'0': 0.84, '1': 0.86, '2': 0.61, '3': 0.87, '4': 0.73, '5': 0.86, '6': 0.84, '7': 0.87, '8': 0.79, '9': 0.9}, 0.82)
Test | NLL Loss: 5.562582 | Acc: 0.2709 | MSE: 0.11801910647949852| CS: ({'0': 0.83, '1': 0.89, '2': 0.78, '3': 0.76, '4': 0.73, '5': 0.82, '6': 0.83, '7': 0.9, '8': 0.8, '9': 0.9}, 0.82)
Train Epoch: 56 | Loss: 0.431170 | Acc: 0.8477| MSE: 0.0217 || V Loss: 5.7565| V Acc: 0.2695| V MSE: 0.1198| CS: ({'0': 0.81, '1': 0.92, '2': 0.69, '3': 0.78, '4': 0.75, '5': 0.85, '6': 0.86, '7': 0.92, '8': 0.84, '9': 0.89}, 0.83)
Test | NLL Loss: 5.677492 | Acc: 0.2713 | MSE: 0.119011205225326| CS: ({'0': 0.84, '1': 0.87, '2': 0.8, '3': 0.81, '4': 0.76, '5': 0.82, '6': 0.82, '7': 0.86, '8': 0.84, '9': 0.9}, 0.83)
Train Epoch: 57 | Loss: 0.399312 | Acc: 0.8636| MSE: 0.0201 || V Loss: 5.7228| V Acc: 0.2875| V MSE: 0.1168| CS: ({'0': 0.79, '1': 0.88, '2': 0.59, '3': 0.82, '4': 0.74, '5': 0.86, '6': 0.78, '7': 0.91, '8': 0.81, '9': 0.89}, 0.81)
Test | NLL Loss: 5.712360 | Acc: 0.2744 | MSE: 0.11841072094516632| CS: ({'0': 0.87, '1': 0.88, '2': 0.83, '3': 0.79, '4': 0.76, '5': 0.8, '6': 0.79, '7': 0.88, '8': 0.8, '9': 0.9}, 0.83)
Train Epoch: 58 | Loss: 0.373113 | Acc: 0.8682| MSE: 0.0192 || V Loss: 6.1226| V Acc: 0.2926| V MSE: 0.1186| CS: ({'0': 0.87, '1': 0.9, '2': 0.58, '3': 0.9, '4': 0.73, '5': 0.91, '6': 0.8, '7': 0.85, '8': 0.77, '9': 0.89}, 0.82)
Test | NLL Loss: 6.112972 | Acc: 0.2633 | MSE: 0.1206663089057508| CS: ({'0': 0.87, '1': 0.87, '2': 0.82, '3': 0.83, '4': 0.76, '5': 0.83, '6': 0.82, '7': 0.87, '8': 0.82, '9': 0.89}, 0.84)
Train Epoch: 59 | Loss: 0.423070 | Acc: 0.8588| MSE: 0.0210 || V Loss: 6.1139| V Acc: 0.3027| V MSE: 0.1161| CS: ({'0': 0.8, '1': 0.89, '2': 0.62, '3': 0.89, '4': 0.73, '5': 0.86, '6': 0.79, '7': 0.91, '8': 0.83, '9': 0.85}, 0.82)
Test | NLL Loss: 6.099718 | Acc: 0.2750 | MSE: 0.11928568237696212| CS: ({'0': 0.87, '1': 0.87, '2': 0.83, '3': 0.82, '4': 0.79, '5': 0.84, '6': 0.84, '7': 0.89, '8': 0.82, '9': 0.88}, 0.85)
Train Epoch: 60 | Loss: 0.380355 | Acc: 0.8712| MSE: 0.0189 || V Loss: 6.2106| V Acc: 0.2859| V MSE: 0.1188| CS: ({'0': 0.84, '1': 0.89, '2': 0.76, '3': 0.84, '4': 0.75, '5': 0.84, '6': 0.8, '7': 0.88, '8': 0.78, '9': 0.84}, 0.82)
Test | NLL Loss: 6.143373 | Acc: 0.2685 | MSE: 0.12041408061600341| CS: ({'0': 0.85, '1': 0.86, '2': 0.8, '3': 0.78, '4': 0.8, '5': 0.83, '6': 0.84, '7': 0.91, '8': 0.81, '9': 0.9}, 0.84)
Train Epoch: 61 | Loss: 0.374442 | Acc: 0.8757| MSE: 0.0187 || V Loss: 6.2326| V Acc: 0.2590| V MSE: 0.1224| CS: ({'0': 0.85, '1': 0.88, '2': 0.69, '3': 0.87, '4': 0.75, '5': 0.89, '6': 0.8, '7': 0.89, '8': 0.87, '9': 0.91}, 0.84)
Test | NLL Loss: 6.208591 | Acc: 0.2589 | MSE: 0.12216899772516836| CS: ({'0': 0.8, '1': 0.88, '2': 0.86, '3': 0.82, '4': 0.76, '5': 0.82, '6': 0.82, '7': 0.9, '8': 0.82, '9': 0.89}, 0.84)
Train Epoch: 62 | Loss: 0.388137 | Acc: 0.8740| MSE: 0.0192 || V Loss: 5.9668| V Acc: 0.3031| V MSE: 0.1149| CS: ({'0': 0.86, '1': 0.94, '2': 0.61, '3': 0.76, '4': 0.74, '5': 0.85, '6': 0.92, '7': 0.92, '8': 0.83, '9': 0.82}, 0.82)
Test | NLL Loss: 6.043537 | Acc: 0.2712 | MSE: 0.11949110964235787| CS: ({'0': 0.88, '1': 0.87, '2': 0.81, '3': 0.79, '4': 0.76, '5': 0.85, '6': 0.8, '7': 0.89, '8': 0.82, '9': 0.88}, 0.84)
Train Epoch: 63 | Loss: 0.316608 | Acc: 0.8919| MSE: 0.0160 || V Loss: 6.1980| V Acc: 0.2793| V MSE: 0.1188| CS: ({'0': 0.85, '1': 0.97, '2': 0.74, '3': 0.88, '4': 0.79, '5': 0.87, '6': 0.89, '7': 0.93, '8': 0.85, '9': 0.93}, 0.87)
Test | NLL Loss: 6.216105 | Acc: 0.2705 | MSE: 0.12050510783450671| CS: ({'0': 0.89, '1': 0.88, '2': 0.83, '3': 0.83, '4': 0.78, '5': 0.82, '6': 0.82, '7': 0.91, '8': 0.83, '9': 0.89}, 0.85)
Train Epoch: 64 | Loss: 0.392715 | Acc: 0.8691| MSE: 0.0195 || V Loss: 6.1903| V Acc: 0.2754| V MSE: 0.1182| CS: ({'0': 0.81, '1': 0.9, '2': 0.71, '3': 0.86, '4': 0.79, '5': 0.92, '6': 0.85, '7': 0.92, '8': 0.84, '9': 0.93}, 0.85)
Test | NLL Loss: 6.224183 | Acc: 0.2711 | MSE: 0.1204877262250684| CS: ({'0': 0.85, '1': 0.88, '2': 0.81, '3': 0.81, '4': 0.77, '5': 0.82, '6': 0.85, '7': 0.91, '8': 0.82, '9': 0.9}, 0.84)
Train Epoch: 65 | Loss: 0.426636 | Acc: 0.8528| MSE: 0.0212 || V Loss: 6.3710| V Acc: 0.2672| V MSE: 0.1233| CS: ({'0': 0.89, '1': 0.93, '2': 0.66, '3': 0.75, '4': 0.82, '5': 0.79, '6': 0.85, '7': 0.94, '8': 0.84, '9': 0.95}, 0.84)
Test | NLL Loss: 6.400046 | Acc: 0.2719 | MSE: 0.12113179547337298| CS: ({'0': 0.9, '1': 0.88, '2': 0.79, '3': 0.83, '4': 0.79, '5': 0.8, '6': 0.84, '7': 0.91, '8': 0.83, '9': 0.9}, 0.85)
Train Epoch: 66 | Loss: 0.308459 | Acc: 0.8999| MSE: 0.0154 || V Loss: 6.3261| V Acc: 0.2809| V MSE: 0.1184| CS: ({'0': 0.83, '1': 0.92, '2': 0.73, '3': 0.86, '4': 0.73, '5': 0.9, '6': 0.88, '7': 0.87, '8': 0.85, '9': 0.85}, 0.84)
Test | NLL Loss: 6.324269 | Acc: 0.2662 | MSE: 0.12150079809343473| CS: ({'0': 0.86, '1': 0.88, '2': 0.84, '3': 0.78, '4': 0.77, '5': 0.84, '6': 0.82, '7': 0.9, '8': 0.83, '9': 0.9}, 0.84)
Train Epoch: 67 | Loss: 0.304750 | Acc: 0.8920| MSE: 0.0156 || V Loss: 6.7656| V Acc: 0.2602| V MSE: 0.1222| CS: ({'0': 0.81, '1': 0.96, '2': 0.65, '3': 0.95, '4': 0.76, '5': 0.92, '6': 0.73, '7': 0.94, '8': 0.82, '9': 0.89}, 0.84)
Test | NLL Loss: 6.656254 | Acc: 0.2661 | MSE: 0.12201952091611612| CS: ({'0': 0.87, '1': 0.9, '2': 0.83, '3': 0.8, '4': 0.79, '5': 0.85, '6': 0.82, '7': 0.91, '8': 0.83, '9': 0.89}, 0.85)
Train Epoch: 68 | Loss: 0.370000 | Acc: 0.8720| MSE: 0.0188 || V Loss: 6.6317| V Acc: 0.3063| V MSE: 0.1178| CS: ({'0': 0.85, '1': 0.89, '2': 0.65, '3': 0.81, '4': 0.8, '5': 0.93, '6': 0.9, '7': 0.9, '8': 0.84, '9': 0.85}, 0.84)
Test | NLL Loss: 6.598953 | Acc: 0.2732 | MSE: 0.12166606184963982| CS: ({'0': 0.88, '1': 0.86, '2': 0.83, '3': 0.8, '4': 0.83, '5': 0.85, '6': 0.82, '7': 0.9, '8': 0.86, '9': 0.88}, 0.85)
Train Epoch: 69 | Loss: 0.359951 | Acc: 0.8780| MSE: 0.0180 || V Loss: 6.5769| V Acc: 0.2727| V MSE: 0.1202| CS: ({'0': 0.8, '1': 0.9, '2': 0.63, '3': 1.0, '4': 0.78, '5': 0.93, '6': 0.88, '7': 0.92, '8': 0.87, '9': 0.88}, 0.86)
Test | NLL Loss: 6.678217 | Acc: 0.2745 | MSE: 0.12141984734481896| CS: ({'0': 0.9, '1': 0.89, '2': 0.82, '3': 0.85, '4': 0.76, '5': 0.84, '6': 0.85, '7': 0.9, '8': 0.87, '9': 0.9}, 0.86)
Train Epoch: 70 | Loss: 0.389936 | Acc: 0.8672| MSE: 0.0194 || V Loss: 6.6251| V Acc: 0.3137| V MSE: 0.1185| CS: ({'0': 0.8, '1': 0.93, '2': 0.67, '3': 0.96, '4': 0.82, '5': 0.89, '6': 0.75, '7': 0.85, '8': 0.86, '9': 0.89}, 0.84)
Test | NLL Loss: 6.756885 | Acc: 0.2810 | MSE: 0.12110471773071411| CS: ({'0': 0.88, '1': 0.89, '2': 0.84, '3': 0.84, '4': 0.77, '5': 0.83, '6': 0.85, '7': 0.91, '8': 0.87, '9': 0.91}, 0.86)
Train Epoch: 71 | Loss: 0.312571 | Acc: 0.8962| MSE: 0.0157 || V Loss: 6.8101| V Acc: 0.2801| V MSE: 0.1216| CS: ({'0': 0.9, '1': 0.84, '2': 0.83, '3': 0.8, '4': 0.75, '5': 0.88, '6': 0.88, '7': 0.93, '8': 0.88, '9': 0.83}, 0.85)
Test | NLL Loss: 6.800104 | Acc: 0.2619 | MSE: 0.12380890738659392| CS: ({'0': 0.88, '1': 0.88, '2': 0.84, '3': 0.81, '4': 0.77, '5': 0.84, '6': 0.84, '7': 0.91, '8': 0.87, '9': 0.89}, 0.85)
Train Epoch: 72 | Loss: 0.338101 | Acc: 0.8849| MSE: 0.0167 || V Loss: 6.7132| V Acc: 0.2902| V MSE: 0.1197| CS: ({'0': 0.87, '1': 0.89, '2': 0.78, '3': 0.92, '4': 0.84, '5': 0.89, '6': 0.83, '7': 0.88, '8': 0.85, '9': 0.86}, 0.86)
Test | NLL Loss: 6.676888 | Acc: 0.2757 | MSE: 0.12116724957292453| CS: ({'0': 0.89, '1': 0.9, '2': 0.84, '3': 0.82, '4': 0.77, '5': 0.87, '6': 0.85, '7': 0.9, '8': 0.87, '9': 0.92}, 0.86)
Train Epoch: 73 | Loss: 0.280442 | Acc: 0.9051| MSE: 0.0143 || V Loss: 7.0733| V Acc: 0.2578| V MSE: 0.1228| CS: ({'0': 0.87, '1': 0.92, '2': 0.77, '3': 0.95, '4': 0.85, '5': 0.91, '6': 0.88, '7': 0.91, '8': 0.85, '9': 0.9}, 0.88)
Test | NLL Loss: 7.013599 | Acc: 0.2601 | MSE: 0.12443241715050353| CS: ({'0': 0.87, '1': 0.89, '2': 0.82, '3': 0.81, '4': 0.77, '5': 0.84, '6': 0.86, '7': 0.91, '8': 0.85, '9': 0.88}, 0.85)
Train Epoch: 74 | Loss: 0.358976 | Acc: 0.8827| MSE: 0.0180 || V Loss: 7.0548| V Acc: 0.2746| V MSE: 0.1212| CS: ({'0': 0.8, '1': 0.99, '2': 0.79, '3': 0.9, '4': 0.87, '5': 0.92, '6': 0.76, '7': 0.88, '8': 0.83, '9': 0.94}, 0.87)
Test | NLL Loss: 7.143554 | Acc: 0.2635 | MSE: 0.12418528129688848| CS: ({'0': 0.83, '1': 0.9, '2': 0.87, '3': 0.83, '4': 0.79, '5': 0.88, '6': 0.85, '7': 0.92, '8': 0.86, '9': 0.9}, 0.86)
Train Epoch: 75 | Loss: 0.355305 | Acc: 0.8844| MSE: 0.0175 || V Loss: 7.0989| V Acc: 0.2734| V MSE: 0.1231| CS: ({'0': 0.91, '1': 0.9, '2': 0.82, '3': 0.81, '4': 0.84, '5': 0.88, '6': 0.83, '7': 0.96, '8': 0.86, '9': 0.91}, 0.87)
Test | NLL Loss: 7.156026 | Acc: 0.2645 | MSE: 0.12350247883663391| CS: ({'0': 0.87, '1': 0.91, '2': 0.85, '3': 0.83, '4': 0.8, '5': 0.84, '6': 0.84, '7': 0.9, '8': 0.89, '9': 0.89}, 0.86)
Train Epoch: 76 | Loss: 0.249974 | Acc: 0.9193| MSE: 0.0125 || V Loss: 7.1946| V Acc: 0.2973| V MSE: 0.1206| CS: ({'0': 0.83, '1': 0.9, '2': 0.64, '3': 0.8, '4': 0.86, '5': 0.89, '6': 0.83, '7': 0.93, '8': 0.89, '9': 0.85}, 0.84)
Test | NLL Loss: 7.025988 | Acc: 0.2702 | MSE: 0.12327710660501791| CS: ({'0': 0.88, '1': 0.88, '2': 0.86, '3': 0.83, '4': 0.83, '5': 0.84, '6': 0.83, '7': 0.91, '8': 0.87, '9': 0.89}, 0.86)
Train Epoch: 77 | Loss: 0.263316 | Acc: 0.9144| MSE: 0.0130 || V Loss: 7.0615| V Acc: 0.2980| V MSE: 0.1183| CS: ({'0': 0.89, '1': 0.98, '2': 0.78, '3': 0.83, '4': 0.9, '5': 0.87, '6': 0.8, '7': 0.89, '8': 0.91, '9': 0.85}, 0.87)
Test | NLL Loss: 7.181482 | Acc: 0.2775 | MSE: 0.12316965809264503| CS: ({'0': 0.88, '1': 0.89, '2': 0.84, '3': 0.83, '4': 0.81, '5': 0.86, '6': 0.88, '7': 0.9, '8': 0.88, '9': 0.89}, 0.87)
Train Epoch: 78 | Loss: 0.304386 | Acc: 0.9041| MSE: 0.0152 || V Loss: 7.1814| V Acc: 0.2812| V MSE: 0.1220| CS: ({'0': 0.92, '1': 0.89, '2': 0.67, '3': 0.9, '4': 0.85, '5': 0.89, '6': 0.91, '7': 0.91, '8': 0.92, '9': 0.9}, 0.88)
Test | NLL Loss: 7.203925 | Acc: 0.2724 | MSE: 0.12331990564402681| CS: ({'0': 0.91, '1': 0.89, '2': 0.84, '3': 0.81, '4': 0.82, '5': 0.86, '6': 0.88, '7': 0.93, '8': 0.87, '9': 0.92}, 0.87)
Train Epoch: 79 | Loss: 0.279381 | Acc: 0.9074| MSE: 0.0140 || V Loss: 7.3619| V Acc: 0.2918| V MSE: 0.1206| CS: ({'0': 0.89, '1': 0.94, '2': 0.71, '3': 0.92, '4': 0.88, '5': 0.87, '6': 0.82, '7': 0.91, '8': 0.9, '9': 0.81}, 0.86)
Test | NLL Loss: 7.406596 | Acc: 0.2710 | MSE: 0.1234494983292997| CS: ({'0': 0.92, '1': 0.9, '2': 0.84, '3': 0.83, '4': 0.82, '5': 0.85, '6': 0.85, '7': 0.91, '8': 0.88, '9': 0.9}, 0.87)
Train Epoch: 80 | Loss: 0.282925 | Acc: 0.9109| MSE: 0.0139 || V Loss: 7.2166| V Acc: 0.3063| V MSE: 0.1215| CS: ({'0': 0.85, '1': 0.92, '2': 0.7, '3': 0.79, '4': 0.88, '5': 0.88, '6': 0.83, '7': 0.93, '8': 0.87, '9': 0.9}, 0.85)
Test | NLL Loss: 7.385496 | Acc: 0.2719 | MSE: 0.12390486850810889| CS: ({'0': 0.89, '1': 0.9, '2': 0.87, '3': 0.81, '4': 0.83, '5': 0.86, '6': 0.85, '7': 0.91, '8': 0.86, '9': 0.9}, 0.87)
Train Epoch: 81 | Loss: 0.318919 | Acc: 0.8926| MSE: 0.0161 || V Loss: 7.0865| V Acc: 0.2758| V MSE: 0.1219| CS: ({'0': 0.86, '1': 0.94, '2': 0.68, '3': 0.8, '4': 0.84, '5': 0.87, '6': 0.8, '7': 0.9, '8': 0.84, '9': 0.95}, 0.85)
Test | NLL Loss: 7.318147 | Acc: 0.2713 | MSE: 0.12381474561870288| CS: ({'0': 0.9, '1': 0.9, '2': 0.83, '3': 0.83, '4': 0.83, '5': 0.87, '6': 0.87, '7': 0.92, '8': 0.86, '9': 0.89}, 0.87)
Train Epoch: 82 | Loss: 0.290817 | Acc: 0.9024| MSE: 0.0144 || V Loss: 7.2416| V Acc: 0.2844| V MSE: 0.1230| CS: ({'0': 0.91, '1': 0.94, '2': 0.71, '3': 0.84, '4': 0.81, '5': 0.91, '6': 0.81, '7': 0.89, '8': 0.92, '9': 0.86}, 0.86)
Test | NLL Loss: 7.612464 | Acc: 0.2732 | MSE: 0.1246107586513693| CS: ({'0': 0.91, '1': 0.9, '2': 0.84, '3': 0.8, '4': 0.81, '5': 0.88, '6': 0.88, '7': 0.91, '8': 0.91, '9': 0.9}, 0.87)
Train Epoch: 83 | Loss: 0.270433 | Acc: 0.9121| MSE: 0.0133 || V Loss: 7.3449| V Acc: 0.2770| V MSE: 0.1251| CS: ({'0': 0.86, '1': 0.98, '2': 0.67, '3': 0.92, '4': 0.87, '5': 0.85, '6': 0.91, '7': 0.9, '8': 0.84, '9': 0.93}, 0.87)
Test | NLL Loss: 7.538287 | Acc: 0.2640 | MSE: 0.12488791122794532| CS: ({'0': 0.9, '1': 0.9, '2': 0.86, '3': 0.86, '4': 0.83, '5': 0.85, '6': 0.86, '7': 0.89, '8': 0.87, '9': 0.9}, 0.87)
Train Epoch: 84 | Loss: 0.246512 | Acc: 0.9156| MSE: 0.0123 || V Loss: 7.6481| V Acc: 0.3020| V MSE: 0.1206| CS: ({'0': 0.84, '1': 0.93, '2': 0.71, '3': 0.84, '4': 0.85, '5': 0.89, '6': 0.89, '7': 0.86, '8': 0.9, '9': 0.91}, 0.86)
Test | NLL Loss: 7.589475 | Acc: 0.2658 | MSE: 0.12541179575573522| CS: ({'0': 0.86, '1': 0.92, '2': 0.86, '3': 0.86, '4': 0.81, '5': 0.88, '6': 0.87, '7': 0.91, '8': 0.9, '9': 0.9}, 0.88)
Train Epoch: 85 | Loss: 0.295577 | Acc: 0.9067| MSE: 0.0143 || V Loss: 7.8042| V Acc: 0.2898| V MSE: 0.1247| CS: ({'0': 0.86, '1': 0.87, '2': 0.61, '3': 0.94, '4': 0.79, '5': 0.91, '6': 0.92, '7': 0.87, '8': 0.85, '9': 0.93}, 0.85)
Test | NLL Loss: 7.881624 | Acc: 0.2718 | MSE: 0.12503682529202664| CS: ({'0': 0.89, '1': 0.9, '2': 0.86, '3': 0.86, '4': 0.84, '5': 0.88, '6': 0.85, '7': 0.91, '8': 0.89, '9': 0.93}, 0.88)
Train Epoch: 86 | Loss: 0.344597 | Acc: 0.8874| MSE: 0.0169 || V Loss: 7.8093| V Acc: 0.2578| V MSE: 0.1251| CS: ({'0': 0.93, '1': 0.93, '2': 0.87, '3': 0.86, '4': 0.86, '5': 0.94, '6': 0.96, '7': 0.92, '8': 0.87, '9': 0.85}, 0.9)
Test | NLL Loss: 7.666599 | Acc: 0.2669 | MSE: 0.12554016687904304| CS: ({'0': 0.89, '1': 0.93, '2': 0.86, '3': 0.84, '4': 0.81, '5': 0.88, '6': 0.84, '7': 0.9, '8': 0.87, '9': 0.91}, 0.87)
Train Epoch: 87 | Loss: 0.229466 | Acc: 0.9246| MSE: 0.0116 || V Loss: 7.8318| V Acc: 0.2773| V MSE: 0.1263| CS: ({'0': 0.89, '1': 0.92, '2': 0.81, '3': 1.0, '4': 0.9, '5': 0.88, '6': 0.96, '7': 0.93, '8': 0.87, '9': 0.84}, 0.9)
Test | NLL Loss: 7.790053 | Acc: 0.2715 | MSE: 0.12567452472238877| CS: ({'0': 0.88, '1': 0.91, '2': 0.84, '3': 0.85, '4': 0.84, '5': 0.86, '6': 0.86, '7': 0.92, '8': 0.88, '9': 0.89}, 0.87)
Train Epoch: 88 | Loss: 0.258182 | Acc: 0.9194| MSE: 0.0124 || V Loss: 8.0107| V Acc: 0.2895| V MSE: 0.1233| CS: ({'0': 0.88, '1': 0.89, '2': 0.65, '3': 0.99, '4': 0.93, '5': 0.89, '6': 0.88, '7': 0.94, '8': 0.87, '9': 0.95}, 0.89)
Test | NLL Loss: 8.013617 | Acc: 0.2720 | MSE: 0.12517149420306325| CS: ({'0': 0.89, '1': 0.92, '2': 0.86, '3': 0.83, '4': 0.83, '5': 0.89, '6': 0.88, '7': 0.93, '8': 0.89, '9': 0.92}, 0.88)
Train Epoch: 89 | Loss: 0.335083 | Acc: 0.8846| MSE: 0.0171 || V Loss: 7.9345| V Acc: 0.2809| V MSE: 0.1253| CS: ({'0': 0.96, '1': 0.94, '2': 0.79, '3': 0.91, '4': 0.84, '5': 0.9, '6': 0.91, '7': 0.92, '8': 0.85, '9': 0.95}, 0.9)
Test | NLL Loss: 8.017035 | Acc: 0.2715 | MSE: 0.12526578627550564| CS: ({'0': 0.92, '1': 0.91, '2': 0.88, '3': 0.84, '4': 0.82, '5': 0.88, '6': 0.86, '7': 0.92, '8': 0.87, '9': 0.91}, 0.88)
Train Epoch: 90 | Loss: 0.300762 | Acc: 0.8974| MSE: 0.0149 || V Loss: 7.8410| V Acc: 0.2871| V MSE: 0.1250| CS: ({'0': 0.86, '1': 0.92, '2': 0.59, '3': 0.95, '4': 0.91, '5': 0.89, '6': 0.88, '7': 0.89, '8': 0.87, '9': 0.93}, 0.87)
Test | NLL Loss: 7.850128 | Acc: 0.2756 | MSE: 0.12509725123834306| CS: ({'0': 0.9, '1': 0.91, '2': 0.84, '3': 0.85, '4': 0.84, '5': 0.87, '6': 0.88, '7': 0.93, '8': 0.9, '9': 0.93}, 0.89)
Train Epoch: 91 | Loss: 0.274021 | Acc: 0.9163| MSE: 0.0132 || V Loss: 7.7055| V Acc: 0.2648| V MSE: 0.1251| CS: ({'0': 0.89, '1': 0.9, '2': 0.72, '3': 0.79, '4': 0.86, '5': 0.85, '6': 0.92, '7': 0.94, '8': 0.88, '9': 0.92}, 0.87)
Test | NLL Loss: 7.924861 | Acc: 0.2582 | MSE: 0.12707486881996496| CS: ({'0': 0.88, '1': 0.91, '2': 0.85, '3': 0.85, '4': 0.84, '5': 0.85, '6': 0.84, '7': 0.91, '8': 0.88, '9': 0.92}, 0.87)
Train Epoch: 92 | Loss: 0.296089 | Acc: 0.9048| MSE: 0.0145 || V Loss: 7.9784| V Acc: 0.2910| V MSE: 0.1247| CS: ({'0': 0.82, '1': 0.9, '2': 0.6, '3': 0.89, '4': 0.87, '5': 0.91, '6': 0.83, '7': 0.92, '8': 0.88, '9': 0.87}, 0.85)
Test | NLL Loss: 8.236651 | Acc: 0.2723 | MSE: 0.1263602277674614| CS: ({'0': 0.88, '1': 0.9, '2': 0.87, '3': 0.84, '4': 0.83, '5': 0.88, '6': 0.88, '7': 0.91, '8': 0.91, '9': 0.91}, 0.88)
Train Epoch: 93 | Loss: 0.267262 | Acc: 0.9104| MSE: 0.0136 || V Loss: 8.1608| V Acc: 0.2801| V MSE: 0.1254| CS: ({'0': 0.87, '1': 0.92, '2': 0.75, '3': 0.85, '4': 0.91, '5': 0.85, '6': 0.96, '7': 0.91, '8': 0.89, '9': 0.92}, 0.88)
Test | NLL Loss: 8.030131 | Acc: 0.2668 | MSE: 0.12651449777542972| CS: ({'0': 0.9, '1': 0.9, '2': 0.87, '3': 0.86, '4': 0.83, '5': 0.84, '6': 0.86, '7': 0.92, '8': 0.88, '9': 0.92}, 0.88)
Train Epoch: 94 | Loss: 0.196336 | Acc: 0.9386| MSE: 0.0096 || V Loss: 8.3619| V Acc: 0.2730| V MSE: 0.1259| CS: ({'0': 0.89, '1': 0.9, '2': 0.79, '3': 0.92, '4': 0.93, '5': 0.9, '6': 0.86, '7': 0.95, '8': 0.87, '9': 0.97}, 0.9)
Test | NLL Loss: 8.096844 | Acc: 0.2654 | MSE: 0.12678591016763316| CS: ({'0': 0.89, '1': 0.9, '2': 0.86, '3': 0.87, '4': 0.84, '5': 0.87, '6': 0.85, '7': 0.93, '8': 0.87, '9': 0.92}, 0.88)
Train Epoch: 95 | Loss: 0.194292 | Acc: 0.9363| MSE: 0.0099 || V Loss: 7.9862| V Acc: 0.2738| V MSE: 0.1248| CS: ({'0': 0.87, '1': 0.86, '2': 0.76, '3': 0.91, '4': 0.9, '5': 0.88, '6': 0.95, '7': 0.88, '8': 0.88, '9': 0.97}, 0.89)
Test | NLL Loss: 8.066057 | Acc: 0.2692 | MSE: 0.1261999857263824| CS: ({'0': 0.89, '1': 0.9, '2': 0.86, '3': 0.85, '4': 0.84, '5': 0.86, '6': 0.88, '7': 0.91, '8': 0.88, '9': 0.92}, 0.88)
Train Epoch: 96 | Loss: 0.187252 | Acc: 0.9396| MSE: 0.0094 || V Loss: 8.3640| V Acc: 0.2883| V MSE: 0.1231| CS: ({'0': 0.9, '1': 0.95, '2': 0.77, '3': 0.84, '4': 0.82, '5': 0.9, '6': 0.96, '7': 0.95, '8': 0.93, '9': 0.88}, 0.89)
Test | NLL Loss: 8.516449 | Acc: 0.2639 | MSE: 0.12754020073448127| CS: ({'0': 0.92, '1': 0.91, '2': 0.86, '3': 0.86, '4': 0.82, '5': 0.87, '6': 0.87, '7': 0.91, '8': 0.89, '9': 0.91}, 0.88)
Train Epoch: 97 | Loss: 0.178745 | Acc: 0.9442| MSE: 0.0088 || V Loss: 8.2219| V Acc: 0.2762| V MSE: 0.1258| CS: ({'0': 0.9, '1': 0.91, '2': 0.83, '3': 0.98, '4': 0.89, '5': 0.96, '6': 0.79, '7': 0.89, '8': 0.87, '9': 0.91}, 0.89)
Test | NLL Loss: 8.366375 | Acc: 0.2658 | MSE: 0.12732834030930607| CS: ({'0': 0.87, '1': 0.9, '2': 0.87, '3': 0.84, '4': 0.84, '5': 0.89, '6': 0.88, '7': 0.9, '8': 0.89, '9': 0.92}, 0.88)
Train Epoch: 98 | Loss: 0.176496 | Acc: 0.9446| MSE: 0.0089 || V Loss: 8.6836| V Acc: 0.2730| V MSE: 0.1276| CS: ({'0': 0.92, '1': 0.97, '2': 0.77, '3': 0.97, '4': 0.9, '5': 0.92, '6': 0.95, '7': 0.9, '8': 0.9, '9': 0.89}, 0.91)
Test | NLL Loss: 8.676527 | Acc: 0.2604 | MSE: 0.12925253551417645| CS: ({'0': 0.86, '1': 0.92, '2': 0.89, '3': 0.85, '4': 0.84, '5': 0.85, '6': 0.88, '7': 0.91, '8': 0.9, '9': 0.92}, 0.88)
Train Epoch: 99 | Loss: 0.320756 | Acc: 0.8993| MSE: 0.0154 || V Loss: 8.5838| V Acc: 0.2898| V MSE: 0.1235| CS: ({'0': 0.88, '1': 0.94, '2': 0.7, '3': 0.83, '4': 0.89, '5': 0.92, '6': 0.98, '7': 0.96, '8': 0.93, '9': 0.94}, 0.9)
Test | NLL Loss: 8.629464 | Acc: 0.2723 | MSE: 0.12671918224412412| CS: ({'0': 0.89, '1': 0.91, '2': 0.87, '3': 0.85, '4': 0.85, '5': 0.89, '6': 0.88, '7': 0.93, '8': 0.9, '9': 0.93}, 0.89)
Train Epoch: 100 | Loss: 0.291776 | Acc: 0.9057| MSE: 0.0141 || V Loss: 8.5974| V Acc: 0.2934| V MSE: 0.1232| CS: ({'0': 0.85, '1': 0.9, '2': 0.81, '3': 0.8, '4': 0.91, '5': 0.93, '6': 0.79, '7': 0.85, '8': 0.95, '9': 0.98}, 0.88)
Test | NLL Loss: 8.605199 | Acc: 0.2682 | MSE: 0.12734218798696803| CS: ({'0': 0.89, '1': 0.92, '2': 0.86, '3': 0.85, '4': 0.84, '5': 0.88, '6': 0.87, '7': 0.92, '8': 0.91, '9': 0.91}, 0.89)
Test | NLL Loss: 8.604266 | Acc: 0.2682 | MSE: 0.12735202253912203| CS: ({'0': 0.89, '1': 0.92, '2': 0.86, '3': 0.85, '4': 0.84, '5': 0.88, '6': 0.87, '7': 0.92, '8': 0.91, '9': 0.91}, 0.89)
Took 418.1166207790375 seconds
