Config: 
 {
  "model_name": "dsc_ffn",
  "num_classes": 10,
  "in_features": 784,
  "epochs": 10,
  "batch_size": 256,
  "lr": 0.01,
  "dnn_config": {
    "layers": [
      100,
      50,
      10
    ]
  }
} 

Model: 

LinearClassifierDSC(
  (layers): ModuleList(
    (0): Linear(in_features=784, out_features=100, bias=True)
    (1): Linear(in_features=884, out_features=50, bias=True)
    (2): Linear(in_features=934, out_features=10, bias=True)
  )
  (relu_activation): ReLU()
  (softmax_activation): Softmax(dim=-1)
)


Summary: 

----------------------------------------------------------------
        Layer (type)               Output Shape         Param #
================================================================
            Linear-1                  [-1, 100]          78,500
              ReLU-2                  [-1, 100]               0
            Linear-3                   [-1, 50]          44,250
              ReLU-4                   [-1, 50]               0
            Linear-5                   [-1, 10]           9,350
           Softmax-6                   [-1, 10]               0
================================================================
Total params: 132,100
Trainable params: 132,100
Non-trainable params: 0
----------------------------------------------------------------
Input size (MB): 0.00
Forward/backward pass size (MB): 0.00
Params size (MB): 0.50
Estimated Total Size (MB): 0.51
----------------------------------------------------------------


Train Epoch: 1 | Loss: -0.896710 | Acc: 0.9018| MSE: 0.0161

Information Transfer:
+----------+----+------+------+------+
| Contents | L0 | L_1  | L_2  | L_3  |
+----------+----+------+------+------+
|    L0    | -- | 0.64 | 0.68 | 0.73 |
|    L1    | -- |  --  | 0.61 | 0.71 |
|    L2    | -- |  --  |  --  | 0.69 |
|    L3    | -- |  --  |  --  |  --  |
+----------+----+------+------+------+
Train Epoch: 2 | Loss: -0.944926 | Acc: 0.9462| MSE: 0.0099

Information Transfer:
+----------+----+------+------+------+
| Contents | L0 | L_1  | L_2  | L_3  |
+----------+----+------+------+------+
|    L0    | -- | 0.57 | 0.64 | 0.72 |
|    L1    | -- |  --  | 0.53 | 0.7  |
|    L2    | -- |  --  |  --  | 0.65 |
|    L3    | -- |  --  |  --  |  --  |
+----------+----+------+------+------+
Train Epoch: 3 | Loss: -0.950411 | Acc: 0.9509| MSE: 0.0092

Information Transfer:
+----------+----+------+------+------+
| Contents | L0 | L_1  | L_2  | L_3  |
+----------+----+------+------+------+
|    L0    | -- | 0.54 | 0.61 | 0.71 |
|    L1    | -- |  --  | 0.47 | 0.68 |
|    L2    | -- |  --  |  --  | 0.62 |
|    L3    | -- |  --  |  --  |  --  |
+----------+----+------+------+------+
Train Epoch: 4 | Loss: -0.956297 | Acc: 0.9568| MSE: 0.0081

Information Transfer:
+----------+----+------+------+------+
| Contents | L0 | L_1  | L_2  | L_3  |
+----------+----+------+------+------+
|    L0    | -- | 0.51 | 0.6  | 0.7  |
|    L1    | -- |  --  | 0.45 | 0.68 |
|    L2    | -- |  --  |  --  | 0.61 |
|    L3    | -- |  --  |  --  |  --  |
+----------+----+------+------+------+
Train Epoch: 5 | Loss: -0.957503 | Acc: 0.9575| MSE: 0.0080

Information Transfer:
+----------+----+------+------+------+
| Contents | L0 | L_1  | L_2  | L_3  |
+----------+----+------+------+------+
|    L0    | -- | 0.5  | 0.58 | 0.7  |
|    L1    | -- |  --  | 0.43 | 0.67 |
|    L2    | -- |  --  |  --  | 0.58 |
|    L3    | -- |  --  |  --  |  --  |
+----------+----+------+------+------+
Train Epoch: 6 | Loss: -0.961116 | Acc: 0.9615| MSE: 0.0074

Information Transfer:
+----------+----+------+------+------+
| Contents | L0 | L_1  | L_2  | L_3  |
+----------+----+------+------+------+
|    L0    | -- | 0.49 | 0.57 | 0.69 |
|    L1    | -- |  --  | 0.4  | 0.66 |
|    L2    | -- |  --  |  --  | 0.56 |
|    L3    | -- |  --  |  --  |  --  |
+----------+----+------+------+------+
Train Epoch: 7 | Loss: -0.960737 | Acc: 0.9609| MSE: 0.0075

Information Transfer:
+----------+----+------+------+------+
| Contents | L0 | L_1  | L_2  | L_3  |
+----------+----+------+------+------+
|    L0    | -- | 0.47 | 0.56 | 0.69 |
|    L1    | -- |  --  | 0.39 | 0.66 |
|    L2    | -- |  --  |  --  | 0.56 |
|    L3    | -- |  --  |  --  |  --  |
+----------+----+------+------+------+
Train Epoch: 8 | Loss: -0.964167 | Acc: 0.9643| MSE: 0.0069

Information Transfer:
+----------+----+------+------+------+
| Contents | L0 | L_1  | L_2  | L_3  |
+----------+----+------+------+------+
|    L0    | -- | 0.46 | 0.55 | 0.68 |
|    L1    | -- |  --  | 0.38 | 0.65 |
|    L2    | -- |  --  |  --  | 0.54 |
|    L3    | -- |  --  |  --  |  --  |
+----------+----+------+------+------+
Train Epoch: 9 | Loss: -0.964573 | Acc: 0.9647| MSE: 0.0068

Information Transfer:
+----------+----+------+------+------+
| Contents | L0 | L_1  | L_2  | L_3  |
+----------+----+------+------+------+
|    L0    | -- | 0.47 | 0.56 | 0.68 |
|    L1    | -- |  --  | 0.38 | 0.65 |
|    L2    | -- |  --  |  --  | 0.55 |
|    L3    | -- |  --  |  --  |  --  |
+----------+----+------+------+------+
Train Epoch: 10 | Loss: -0.965485 | Acc: 0.9656| MSE: 0.0067

Information Transfer:
+----------+----+------+------+------+
| Contents | L0 | L_1  | L_2  | L_3  |
+----------+----+------+------+------+
|    L0    | -- | 0.46 | 0.55 | 0.67 |
|    L1    | -- |  --  | 0.37 | 0.63 |
|    L2    | -- |  --  |  --  | 0.52 |
|    L3    | -- |  --  |  --  |  --  |
+----------+----+------+------+------+
Test | NLL Loss: -241.414205 | Acc: 0.9636 | MSE: 16.582207602262496
Took 166.939386844635 seconds
