Config: 
 {
  "model_name": "dsc_ffn_pruned_50p",
  "num_classes": 10,
  "in_features": 784,
  "epochs": 10,
  "batch_size": 256,
  "lr": 0.01,
  "dnn_config": {
    "layers": [
      50,
      25,
      10
    ]
  }
} 

Model: 

LinearClassifierDSCPruned(
  (layers): ModuleList(
    (0): Linear(in_features=784, out_features=50, bias=True)
    (1): Linear(in_features=834, out_features=25, bias=True)
    (2): Linear(in_features=859, out_features=10, bias=True)
  )
  (relu_activation): ReLU()
  (softmax_activation): Softmax(dim=-1)
)


Summary: 

----------------------------------------------------------------
        Layer (type)               Output Shape         Param #
================================================================
            Linear-1                   [-1, 50]          39,250
              ReLU-2                   [-1, 50]               0
            Linear-3                   [-1, 25]          20,875
              ReLU-4                   [-1, 25]               0
            Linear-5                   [-1, 10]           8,600
           Softmax-6                   [-1, 10]               0
================================================================
Total params: 68,725
Trainable params: 68,725
Non-trainable params: 0
----------------------------------------------------------------
Input size (MB): 0.00
Forward/backward pass size (MB): 0.00
Params size (MB): 0.26
Estimated Total Size (MB): 0.27
----------------------------------------------------------------


Train Epoch: 1 | Loss: -0.649621 | Acc: 0.6522| MSE: 0.0650

Information Transfer:
+----------+----+------+------+------+
| Contents | L0 | L_1  | L_2  | L_3  |
+----------+----+------+------+------+
|    L0    | -- | 0.68 | 0.7  | 0.72 |
|    L1    | -- |  --  | 0.65 | 0.7  |
|    L2    | -- |  --  |  --  | 0.68 |
|    L3    | -- |  --  |  --  |  --  |
+----------+----+------+------+------+
Train Epoch: 2 | Loss: -0.681251 | Acc: 0.6819| MSE: 0.0613

Information Transfer:
+----------+----+------+------+------+
| Contents | L0 | L_1  | L_2  | L_3  |
+----------+----+------+------+------+
|    L0    | -- | 0.64 | 0.66 | 0.71 |
|    L1    | -- |  --  | 0.55 | 0.67 |
|    L2    | -- |  --  |  --  | 0.64 |
|    L3    | -- |  --  |  --  |  --  |
+----------+----+------+------+------+
Train Epoch: 3 | Loss: -0.685779 | Acc: 0.6860| MSE: 0.0611

Information Transfer:
+----------+----+------+------+------+
| Contents | L0 | L_1  | L_2  | L_3  |
+----------+----+------+------+------+
|    L0    | -- | 0.62 | 0.65 | 0.69 |
|    L1    | -- |  --  | 0.52 | 0.63 |
|    L2    | -- |  --  |  --  | 0.58 |
|    L3    | -- |  --  |  --  |  --  |
+----------+----+------+------+------+
Train Epoch: 4 | Loss: -0.746063 | Acc: 0.7463| MSE: 0.0497

Information Transfer:
+----------+----+------+------+------+
| Contents | L0 | L_1  | L_2  | L_3  |
+----------+----+------+------+------+
|    L0    | -- | 0.61 | 0.64 | 0.68 |
|    L1    | -- |  --  | 0.51 | 0.61 |
|    L2    | -- |  --  |  --  | 0.53 |
|    L3    | -- |  --  |  --  |  --  |
+----------+----+------+------+------+
Train Epoch: 5 | Loss: -0.766692 | Acc: 0.7672| MSE: 0.0458

Information Transfer:
+----------+----+------+------+------+
| Contents | L0 | L_1  | L_2  | L_3  |
+----------+----+------+------+------+
|    L0    | -- | 0.61 | 0.64 | 0.68 |
|    L1    | -- |  --  | 0.51 | 0.6  |
|    L2    | -- |  --  |  --  | 0.51 |
|    L3    | -- |  --  |  --  |  --  |
+----------+----+------+------+------+
Train Epoch: 6 | Loss: -0.848330 | Acc: 0.8483| MSE: 0.0297

Information Transfer:
+----------+----+------+------+------+
| Contents | L0 | L_1  | L_2  | L_3  |
+----------+----+------+------+------+
|    L0    | -- | 0.61 | 0.64 | 0.67 |
|    L1    | -- |  --  | 0.49 | 0.6  |
|    L2    | -- |  --  |  --  | 0.5  |
|    L3    | -- |  --  |  --  |  --  |
+----------+----+------+------+------+
Train Epoch: 7 | Loss: -0.858230 | Acc: 0.8584| MSE: 0.0279

Information Transfer:
+----------+----+------+------+------+
| Contents | L0 | L_1  | L_2  | L_3  |
+----------+----+------+------+------+
|    L0    | -- | 0.6  | 0.64 | 0.67 |
|    L1    | -- |  --  | 0.5  | 0.6  |
|    L2    | -- |  --  |  --  | 0.49 |
|    L3    | -- |  --  |  --  |  --  |
+----------+----+------+------+------+
Train Epoch: 8 | Loss: -0.862675 | Acc: 0.8628| MSE: 0.0271

Information Transfer:
+----------+----+------+------+------+
| Contents | L0 | L_1  | L_2  | L_3  |
+----------+----+------+------+------+
|    L0    | -- | 0.6  | 0.64 | 0.67 |
|    L1    | -- |  --  | 0.5  | 0.6  |
|    L2    | -- |  --  |  --  | 0.49 |
|    L3    | -- |  --  |  --  |  --  |
+----------+----+------+------+------+
Train Epoch: 9 | Loss: -0.862835 | Acc: 0.8629| MSE: 0.0270

Information Transfer:
+----------+----+------+------+------+
| Contents | L0 | L_1  | L_2  | L_3  |
+----------+----+------+------+------+
|    L0    | -- | 0.6  | 0.64 | 0.67 |
|    L1    | -- |  --  | 0.49 | 0.61 |
|    L2    | -- |  --  |  --  | 0.49 |
|    L3    | -- |  --  |  --  |  --  |
+----------+----+------+------+------+
Train Epoch: 10 | Loss: -0.865047 | Acc: 0.8651| MSE: 0.0266

Information Transfer:
+----------+----+------+------+------+
| Contents | L0 | L_1  | L_2  | L_3  |
+----------+----+------+------+------+
|    L0    | -- | 0.6  | 0.63 | 0.67 |
|    L1    | -- |  --  | 0.48 | 0.61 |
|    L2    | -- |  --  |  --  | 0.48 |
|    L3    | -- |  --  |  --  |  --  |
+----------+----+------+------+------+
Test | NLL Loss: -216.450413 | Acc: 0.8674 | MSE: 66.3656436920166
Took 204.00889801979065 seconds
