Config: 
 {
  "model_name": "simpleffn_cifar_10p_data_100p_params",
  "num_classes": 10,
  "in_features": 1024,
  "epochs": 100,
  "batch_size": 32,
  "lr": 0.01,
  "lr_decay": false,
  "train_p": 9.0,
  "test_p": 100,
  "dnn_config": {
    "layers": [
      150,
      100,
      10
    ]
  },
  "early_stopping": true,
  "patience": 5,
  "valid_p": 1.0,
  "optimizer": "adam"
} 

CIFAR-10 Dataset:
Training on 4500 samples (9.0% of 50000) 
Valid on 500 samples (1.0% of 50000)
Test on 10000 samples (100% of 10000)

Files already downloaded and verified
Files already downloaded and verified
Running test for every 1 epoch
Model: 

LinearClassifier(
  (layers): ModuleList(
    (0): Linear(in_features=1024, out_features=150, bias=True)
    (1): Linear(in_features=150, out_features=100, bias=True)
    (2): Linear(in_features=100, out_features=10, bias=True)
  )
  (relu_activation): ReLU()
  (softmax_activation): LogSoftmax()
)


Summary: 

----------------------------------------------------------------
        Layer (type)               Output Shape         Param #
================================================================
            Linear-1                  [-1, 150]         153,750
              ReLU-2                  [-1, 150]               0
            Linear-3                  [-1, 100]          15,100
              ReLU-4                  [-1, 100]               0
            Linear-5                   [-1, 10]           1,010
        LogSoftmax-6                   [-1, 10]               0
================================================================
Total params: 169,860
Trainable params: 169,860
Non-trainable params: 0
----------------------------------------------------------------
Input size (MB): 0.00
Forward/backward pass size (MB): 0.00
Params size (MB): 0.65
Estimated Total Size (MB): 0.66
----------------------------------------------------------------


Train Epoch: 1 | Loss: 2.190453 | Acc: 0.2016| MSE: 0.0874 || V Loss: 2.0935| V Acc: 0.2488| V MSE: 0.0847| CS: ({'0': 0.28, '1': 0.3, '2': 0.16, '4': 0.12, '5': 0.32, '6': 0.15, '7': 0.25, '8': 0.21, '9': 0.43}, 0.25)
Test | NLL Loss: 2.093508 | Acc: 0.2312 | MSE: 0.08507534802055207| CS: ({'0': 0.29, '1': 0.32, '2': 0.16, '4': 0.12, '5': 0.3, '6': 0.16, '7': 0.28, '8': 0.19, '9': 0.38}, 0.24)
Train Epoch: 2 | Loss: 2.106423 | Acc: 0.2358| MSE: 0.0852 || V Loss: 2.2014| V Acc: 0.1574| V MSE: 0.0882| CS: ({'0': 0.22, '1': 0.3, '2': 0.18, '3': 0.24, '4': 0.15, '5': 0.23, '6': 0.17, '8': 0.13}, 0.2)
Test | NLL Loss: 2.175709 | Acc: 0.1621 | MSE: 0.08758096518322302| CS: ({'0': 0.26, '1': 0.33, '2': 0.17, '3': 0.21, '4': 0.14, '5': 0.21, '6': 0.18, '8': 0.14, '9': 0.21}, 0.21)
Train Epoch: 3 | Loss: 2.104165 | Acc: 0.2311| MSE: 0.0852 || V Loss: 2.1621| V Acc: 0.2020| V MSE: 0.0866| CS: ({'0': 0.42, '1': 0.36, '2': 0.27, '3': 0.29, '4': 0.15, '5': 0.28, '6': 0.17, '7': 0.34, '8': 0.22, '9': 0.32}, 0.28)
Test | NLL Loss: 2.143582 | Acc: 0.1994 | MSE: 0.08639713393423123| CS: ({'0': 0.36, '1': 0.42, '2': 0.27, '3': 0.26, '4': 0.15, '5': 0.19, '6': 0.19, '7': 0.28, '8': 0.24, '9': 0.33}, 0.27)
Train Epoch: 4 | Loss: 2.089168 | Acc: 0.2282| MSE: 0.0846 || V Loss: 2.1066| V Acc: 0.1777| V MSE: 0.0855| CS: ({'0': 0.31, '1': 0.26, '4': 0.15, '6': 0.22, '7': 0.49, '9': 0.54}, 0.33)
Test | NLL Loss: 2.131775 | Acc: 0.1972 | MSE: 0.08605999570970718| CS: ({'0': 0.34, '1': 0.23, '4': 0.15, '5': 0.18, '6': 0.25, '7': 0.45, '8': 0.39, '9': 0.51}, 0.31)
Train Epoch: 5 | Loss: 2.035330 | Acc: 0.2291| MSE: 0.0836 || V Loss: 2.1073| V Acc: 0.2066| V MSE: 0.0849| CS: ({'0': 0.29, '1': 0.3, '2': 0.25, '3': 0.28, '4': 0.15, '6': 0.25, '7': 0.65, '8': 0.39, '9': 0.46}, 0.34)
Test | NLL Loss: 2.132217 | Acc: 0.2066 | MSE: 0.08601054013632357| CS: ({'0': 0.34, '1': 0.37, '2': 0.24, '3': 0.2, '4': 0.15, '6': 0.26, '7': 0.61, '8': 0.38, '9': 0.5}, 0.34)
Train Epoch: 6 | Loss: 1.996407 | Acc: 0.2544| MSE: 0.0822 || V Loss: 2.1056| V Acc: 0.2238| V MSE: 0.0860| CS: ({'0': 0.39, '1': 0.65, '2': 0.26, '4': 0.15, '5': 0.43, '6': 0.2, '7': 0.72, '8': 0.3, '9': 0.33}, 0.38)
Test | NLL Loss: 2.168710 | Acc: 0.2185 | MSE: 0.08692946137425998| CS: ({'0': 0.47, '1': 0.66, '2': 0.26, '4': 0.15, '5': 0.45, '6': 0.22, '7': 0.61, '8': 0.32, '9': 0.41}, 0.39)
Train Epoch: 7 | Loss: 2.006049 | Acc: 0.2479| MSE: 0.0826 || V Loss: 2.1616| V Acc: 0.1855| V MSE: 0.0859| CS: ({'0': 0.45, '2': 0.28, '4': 0.16, '6': 0.16, '7': 0.54, '8': 0.43, '9': 0.53}, 0.36)
Test | NLL Loss: 2.160404 | Acc: 0.2102 | MSE: 0.08612206509223762| CS: ({'0': 0.47, '1': 0.47, '2': 0.23, '4': 0.16, '5': 0.16, '6': 0.17, '7': 0.59, '8': 0.42, '9': 0.53}, 0.36)
Train Epoch: 8 | Loss: 1.987994 | Acc: 0.2504| MSE: 0.0818 || V Loss: 2.2053| V Acc: 0.1859| V MSE: 0.0877| CS: ({'0': 0.3, '1': 0.36, '2': 0.16, '4': 0.15, '6': 0.2, '7': 0.26, '8': 0.34, '9': 0.71}, 0.31)
Test | NLL Loss: 2.216953 | Acc: 0.1941 | MSE: 0.08767444680864438| CS: ({'0': 0.34, '1': 0.45, '2': 0.16, '3': 0.12, '4': 0.15, '5': 0.33, '6': 0.2, '7': 0.41, '8': 0.35, '9': 0.65}, 0.32)
Train Epoch: 9 | Loss: 1.961728 | Acc: 0.2585| MSE: 0.0814 || V Loss: 2.2123| V Acc: 0.2160| V MSE: 0.0858| CS: ({'1': 0.62, '2': 0.33, '4': 0.17, '5': 0.33, '6': 0.19, '7': 0.7, '8': 0.51, '9': 0.59}, 0.43)
Test | NLL Loss: 2.302671 | Acc: 0.2219 | MSE: 0.08792016443353111| CS: ({'0': 0.42, '1': 0.67, '2': 0.41, '3': 0.16, '4': 0.15, '5': 0.39, '6': 0.2, '7': 0.66, '8': 0.5, '9': 0.61}, 0.42)
Train Epoch: 10 | Loss: 1.908312 | Acc: 0.2717| MSE: 0.0792 || V Loss: 2.3670| V Acc: 0.1582| V MSE: 0.0902| CS: ({'0': 0.33, '1': 0.51, '2': 0.27, '4': 0.16, '6': 0.31, '7': 0.9, '9': 0.66}, 0.45)
Test | NLL Loss: 2.265969 | Acc: 0.1973 | MSE: 0.08777231389817339| CS: ({'0': 0.35, '1': 0.56, '2': 0.32, '3': 0.16, '4': 0.16, '6': 0.29, '7': 0.7, '9': 0.6}, 0.39)
Train Epoch: 11 | Loss: 1.911486 | Acc: 0.2801| MSE: 0.0794 || V Loss: 2.1448| V Acc: 0.2156| V MSE: 0.0843| CS: ({'0': 0.48, '1': 0.42, '4': 0.16, '6': 0.23, '7': 0.97, '8': 0.48, '9': 0.52}, 0.47)
Test | NLL Loss: 2.201969 | Acc: 0.2102 | MSE: 0.08614613325260699| CS: ({'0': 0.52, '1': 0.65, '2': 0.36, '3': 0.2, '4': 0.16, '6': 0.27, '7': 0.73, '8': 0.47, '9': 0.55}, 0.43)
Train Epoch: 12 | Loss: 1.875721 | Acc: 0.2928| MSE: 0.0783 || V Loss: 2.2762| V Acc: 0.1820| V MSE: 0.0884| CS: ({'0': 0.41, '1': 0.56, '2': 0.19, '3': 0.36, '4': 0.16, '5': 0.16, '6': 0.24, '7': 0.33, '8': 0.4, '9': 0.74}, 0.35)
Test | NLL Loss: 2.318687 | Acc: 0.1997 | MSE: 0.08873902316005847| CS: ({'0': 0.5, '1': 0.6, '2': 0.26, '3': 0.38, '4': 0.16, '5': 0.2, '6': 0.28, '7': 0.52, '8': 0.38, '9': 0.68}, 0.4)
Train Epoch: 13 | Loss: 1.862329 | Acc: 0.2919| MSE: 0.0780 || V Loss: 2.2353| V Acc: 0.2109| V MSE: 0.0853| CS: ({'1': 0.41, '2': 0.19, '4': 0.15, '5': 0.14, '6': 0.27, '7': 0.67, '8': 0.58, '9': 0.7}, 0.39)
Test | NLL Loss: 2.295961 | Acc: 0.2088 | MSE: 0.08758979650160756| CS: ({'1': 0.56, '2': 0.23, '3': 0.32, '4': 0.15, '5': 0.14, '6': 0.26, '7': 0.74, '8': 0.58, '9': 0.65}, 0.4)
Train Epoch: 14 | Loss: 1.812923 | Acc: 0.3178| MSE: 0.0759 || V Loss: 2.4002| V Acc: 0.2297| V MSE: 0.0885| CS: ({'0': 0.39, '1': 0.61, '2': 0.21, '3': 0.15, '4': 0.15, '6': 0.21, '7': 0.97, '8': 0.43, '9': 0.71}, 0.43)
Test | NLL Loss: 2.515229 | Acc: 0.2317 | MSE: 0.08803176487120576| CS: ({'0': 0.5, '1': 0.68, '2': 0.21, '3': 0.41, '4': 0.16, '6': 0.33, '7': 0.83, '8': 0.42, '9': 0.66}, 0.47)
Train Epoch: 15 | Loss: 1.828112 | Acc: 0.3059| MSE: 0.0761 || V Loss: 2.2929| V Acc: 0.2035| V MSE: 0.0872| CS: ({'0': 0.55, '1': 0.71, '2': 0.59, '4': 0.16, '6': 0.3, '7': 0.95, '8': 0.52, '9': 0.79}, 0.57)
Test | NLL Loss: 2.326403 | Acc: 0.2270 | MSE: 0.08742570760436713| CS: ({'0': 0.55, '1': 0.66, '2': 0.55, '3': 0.36, '4': 0.16, '5': 0.15, '6': 0.27, '7': 0.78, '8': 0.52, '9': 0.76}, 0.48)
Train Epoch: 16 | Loss: 1.779983 | Acc: 0.3225| MSE: 0.0747 || V Loss: 2.3008| V Acc: 0.2531| V MSE: 0.0869| CS: ({'0': 0.56, '1': 0.67, '2': 0.39, '4': 0.16, '5': 0.16, '6': 0.38, '7': 0.8, '8': 0.47, '9': 0.74}, 0.48)
Test | NLL Loss: 2.461181 | Acc: 0.2315 | MSE: 0.08883778827068524| CS: ({'0': 0.59, '1': 0.67, '2': 0.46, '3': 0.22, '4': 0.17, '5': 0.16, '6': 0.31, '7': 0.78, '8': 0.48, '9': 0.72}, 0.46)
Train Epoch: 17 | Loss: 1.781309 | Acc: 0.3202| MSE: 0.0744 || V Loss: 2.3663| V Acc: 0.2090| V MSE: 0.0882| CS: ({'0': 0.49, '1': 0.6, '2': 0.21, '4': 0.16, '5': 0.19, '6': 0.29, '7': 0.78, '8': 0.71, '9': 0.82}, 0.47)
Test | NLL Loss: 2.439947 | Acc: 0.2153 | MSE: 0.08911003438999858| CS: ({'0': 0.51, '1': 0.68, '2': 0.2, '3': 0.29, '4': 0.16, '5': 0.22, '6': 0.29, '7': 0.81, '8': 0.63, '9': 0.74}, 0.45)
Train Epoch: 18 | Loss: 1.751914 | Acc: 0.3355| MSE: 0.0735 || V Loss: 2.3887| V Acc: 0.2176| V MSE: 0.0874| CS: ({'0': 0.39, '1': 0.68, '2': 0.76, '4': 0.16, '6': 0.44, '7': 0.88, '8': 0.64, '9': 0.73}, 0.59)
Test | NLL Loss: 2.619051 | Acc: 0.2095 | MSE: 0.09175564641484056| CS: ({'0': 0.49, '1': 0.73, '2': 0.7, '3': 0.19, '4': 0.16, '5': 0.26, '6': 0.42, '7': 0.78, '8': 0.62, '9': 0.7}, 0.51)
Train Epoch: 19 | Loss: 1.756788 | Acc: 0.3275| MSE: 0.0737 || V Loss: 2.4822| V Acc: 0.2105| V MSE: 0.0890| CS: ({'0': 0.33, '1': 0.49, '2': 0.51, '4': 0.16, '5': 0.16, '6': 0.39, '7': 0.83, '8': 0.72, '9': 0.7}, 0.48)
Test | NLL Loss: 2.552921 | Acc: 0.2233 | MSE: 0.08972034958033516| CS: ({'0': 0.51, '1': 0.65, '2': 0.48, '4': 0.16, '5': 0.16, '6': 0.4, '7': 0.91, '8': 0.67, '9': 0.79}, 0.53)
Train Epoch: 20 | Loss: 1.763538 | Acc: 0.3350| MSE: 0.0734 || V Loss: 2.3745| V Acc: 0.2398| V MSE: 0.0880| CS: ({'0': 0.52, '1': 0.6, '2': 0.55, '4': 0.2, '5': 0.16, '6': 0.48, '7': 0.87, '8': 0.6, '9': 0.7}, 0.52)
Test | NLL Loss: 2.531733 | Acc: 0.2259 | MSE: 0.08891555538383154| CS: ({'0': 0.61, '1': 0.67, '2': 0.54, '4': 0.24, '5': 0.16, '6': 0.46, '7': 0.85, '8': 0.59, '9': 0.76}, 0.54)
Train Epoch: 21 | Loss: 1.736323 | Acc: 0.3273| MSE: 0.0725 || V Loss: 2.4658| V Acc: 0.2004| V MSE: 0.0876| CS: ({'0': 0.51, '1': 0.71, '2': 0.46, '3': 0.37, '4': 0.15, '6': 0.28, '7': 0.8, '8': 0.52, '9': 0.73}, 0.5)
Test | NLL Loss: 2.525501 | Acc: 0.2090 | MSE: 0.08835995249664441| CS: ({'0': 0.51, '1': 0.75, '2': 0.49, '3': 0.41, '4': 0.15, '5': 0.16, '6': 0.22, '7': 0.77, '8': 0.54, '9': 0.78}, 0.48)
Train Epoch: 22 | Loss: 1.743348 | Acc: 0.3369| MSE: 0.0727 || V Loss: 2.4731| V Acc: 0.2625| V MSE: 0.0878| CS: ({'0': 0.66, '1': 0.57, '2': 0.31, '3': 0.32, '4': 0.15, '5': 0.16, '7': 0.93, '8': 0.77, '9': 0.81}, 0.52)
Test | NLL Loss: 2.673232 | Acc: 0.2222 | MSE: 0.0910093730535751| CS: ({'0': 0.66, '1': 0.76, '2': 0.31, '3': 0.25, '4': 0.17, '5': 0.15, '6': 0.17, '7': 0.87, '8': 0.73, '9': 0.83}, 0.49)
Train Epoch: 23 | Loss: 1.758709 | Acc: 0.3324| MSE: 0.0732 || V Loss: 2.3945| V Acc: 0.2359| V MSE: 0.0862| CS: ({'0': 0.47, '1': 0.63, '2': 0.19, '3': 0.38, '4': 0.15, '6': 0.32, '7': 0.84, '8': 0.73, '9': 0.77}, 0.5)
Test | NLL Loss: 2.609838 | Acc: 0.2241 | MSE: 0.08902463540672875| CS: ({'0': 0.5, '1': 0.77, '2': 0.28, '3': 0.42, '4': 0.15, '6': 0.3, '7': 0.87, '8': 0.71, '9': 0.83}, 0.54)
Train Epoch: 24 | Loss: 1.719718 | Acc: 0.3438| MSE: 0.0716 || V Loss: 2.4282| V Acc: 0.2477| V MSE: 0.0879| CS: ({'0': 0.56, '1': 0.71, '2': 0.3, '3': 0.15, '5': 0.15, '6': 0.35, '7': 0.71, '8': 0.78, '9': 0.78}, 0.5)
Test | NLL Loss: 2.658556 | Acc: 0.2241 | MSE: 0.08985519213988759| CS: ({'0': 0.56, '1': 0.77, '2': 0.44, '3': 0.21, '4': 0.22, '5': 0.15, '6': 0.36, '7': 0.84, '8': 0.72, '9': 0.81}, 0.51)
Train Epoch: 25 | Loss: 1.720207 | Acc: 0.3486| MSE: 0.0713 || V Loss: 2.3888| V Acc: 0.2699| V MSE: 0.0863| CS: ({'0': 0.57, '1': 0.53, '2': 0.58, '4': 0.16, '5': 0.16, '6': 0.34, '7': 0.91, '8': 0.67, '9': 0.78}, 0.52)
Test | NLL Loss: 2.652117 | Acc: 0.2234 | MSE: 0.08982019315655239| CS: ({'0': 0.58, '1': 0.65, '2': 0.51, '3': 0.58, '4': 0.21, '5': 0.16, '6': 0.33, '7': 0.87, '8': 0.67, '9': 0.84}, 0.54)
Train Epoch: 26 | Loss: 1.712817 | Acc: 0.3480| MSE: 0.0716 || V Loss: 2.3672| V Acc: 0.2371| V MSE: 0.0875| CS: ({'0': 0.31, '1': 0.68, '3': 0.36, '4': 0.18, '5': 0.16, '7': 0.83, '8': 0.68, '9': 0.75}, 0.49)
Test | NLL Loss: 2.619797 | Acc: 0.2052 | MSE: 0.08999907551482082| CS: ({'0': 0.43, '1': 0.74, '2': 0.35, '3': 0.33, '4': 0.17, '5': 0.16, '6': 0.24, '7': 0.77, '8': 0.67, '9': 0.8}, 0.47)
Train Epoch: 27 | Loss: 1.752325 | Acc: 0.3341| MSE: 0.0728 || V Loss: 2.3270| V Acc: 0.1941| V MSE: 0.0881| CS: ({'0': 0.52, '1': 0.76, '2': 0.54, '4': 0.16, '6': 0.29, '7': 0.95, '8': 0.57, '9': 0.74}, 0.57)
Test | NLL Loss: 2.624552 | Acc: 0.2040 | MSE: 0.0902351026003734| CS: ({'0': 0.59, '1': 0.82, '2': 0.59, '3': 0.36, '4': 0.16, '5': 0.18, '6': 0.27, '7': 0.88, '8': 0.53, '9': 0.76}, 0.51)
Train Epoch: 28 | Loss: 1.663875 | Acc: 0.3641| MSE: 0.0698 || V Loss: 2.4611| V Acc: 0.2371| V MSE: 0.0876| CS: ({'0': 0.67, '1': 0.66, '3': 0.23, '4': 0.16, '6': 0.44, '7': 0.93, '8': 0.7, '9': 0.77}, 0.57)
Test | NLL Loss: 2.734227 | Acc: 0.2091 | MSE: 0.09114457331240748| CS: ({'0': 0.74, '1': 0.74, '2': 0.48, '3': 0.24, '4': 0.16, '5': 0.38, '6': 0.36, '7': 0.87, '8': 0.74, '9': 0.78}, 0.55)
Train Epoch: 29 | Loss: 1.717503 | Acc: 0.3484| MSE: 0.0713 || V Loss: 2.6704| V Acc: 0.2148| V MSE: 0.0889| CS: ({'0': 0.55, '1': 0.77, '2': 0.21, '4': 0.16, '5': 0.2, '6': 0.51, '7': 0.82, '8': 0.69, '9': 0.8}, 0.52)
Test | NLL Loss: 2.873588 | Acc: 0.2133 | MSE: 0.09102025647132922| CS: ({'0': 0.59, '1': 0.78, '2': 0.24, '3': 0.69, '4': 0.16, '5': 0.17, '6': 0.53, '7': 0.81, '8': 0.68, '9': 0.82}, 0.55)
Train Epoch: 30 | Loss: 1.678171 | Acc: 0.3613| MSE: 0.0699 || V Loss: 2.6064| V Acc: 0.2000| V MSE: 0.0897| CS: ({'0': 0.6, '1': 0.76, '2': 0.48, '4': 0.16, '6': 0.44, '7': 0.98, '8': 0.66, '9': 0.77}, 0.61)
Test | NLL Loss: 2.763109 | Acc: 0.2166 | MSE: 0.09080513371541478| CS: ({'0': 0.66, '1': 0.72, '2': 0.56, '3': 0.4, '4': 0.16, '5': 0.13, '6': 0.45, '7': 0.91, '8': 0.66, '9': 0.83}, 0.55)
Train Epoch: 31 | Loss: 1.654528 | Acc: 0.3744| MSE: 0.0687 || V Loss: 2.3837| V Acc: 0.2426| V MSE: 0.0855| CS: ({'0': 0.5, '1': 0.67, '2': 0.49, '4': 0.16, '6': 0.41, '7': 0.8, '8': 0.77, '9': 0.63}, 0.55)
Test | NLL Loss: 2.776832 | Acc: 0.2152 | MSE: 0.08996313962692651| CS: ({'0': 0.52, '1': 0.65, '2': 0.47, '3': 0.28, '4': 0.17, '6': 0.45, '7': 0.87, '8': 0.74, '9': 0.77}, 0.55)
Train Epoch: 32 | Loss: 1.654313 | Acc: 0.3751| MSE: 0.0688 || V Loss: 2.4828| V Acc: 0.2363| V MSE: 0.0884| CS: ({'0': 0.53, '1': 0.74, '3': 0.52, '4': 0.18, '5': 0.15, '6': 0.37, '7': 0.97, '8': 0.75, '9': 0.77}, 0.55)
Test | NLL Loss: 2.728020 | Acc: 0.2178 | MSE: 0.09076255195723555| CS: ({'0': 0.59, '1': 0.87, '2': 0.38, '3': 0.42, '4': 0.21, '5': 0.15, '6': 0.36, '7': 0.9, '8': 0.75, '9': 0.8}, 0.54)
Train Epoch: 33 | Loss: 1.626836 | Acc: 0.3827| MSE: 0.0680 || V Loss: 2.4761| V Acc: 0.2437| V MSE: 0.0869| CS: ({'0': 0.63, '1': 0.69, '2': 0.67, '4': 0.17, '5': 0.16, '6': 0.42, '7': 0.75, '8': 0.72, '9': 0.79}, 0.56)
Test | NLL Loss: 2.712328 | Acc: 0.2211 | MSE: 0.08996376485679858| CS: ({'0': 0.55, '1': 0.77, '2': 0.45, '3': 0.35, '4': 0.24, '5': 0.16, '6': 0.39, '7': 0.84, '8': 0.71, '9': 0.82}, 0.53)
Train Epoch: 34 | Loss: 1.624065 | Acc: 0.3932| MSE: 0.0675 || V Loss: 2.5712| V Acc: 0.2480| V MSE: 0.0886| CS: ({'0': 0.51, '1': 0.76, '2': 0.43, '5': 0.16, '6': 0.42, '7': 0.89, '8': 0.71, '9': 0.88}, 0.59)
Test | NLL Loss: 2.880248 | Acc: 0.2224 | MSE: 0.09123364300392688| CS: ({'0': 0.6, '1': 0.81, '2': 0.59, '3': 0.55, '4': 0.18, '5': 0.16, '6': 0.45, '7': 0.85, '8': 0.71, '9': 0.88}, 0.58)
Train Epoch: 35 | Loss: 1.677548 | Acc: 0.3703| MSE: 0.0692 || V Loss: 2.4582| V Acc: 0.2410| V MSE: 0.0889| CS: ({'0': 0.6, '1': 0.82, '2': 0.52, '5': 0.16, '6': 0.35, '7': 0.8, '8': 0.63, '9': 0.84}, 0.59)
Test | NLL Loss: 2.823740 | Acc: 0.2178 | MSE: 0.09135359989854093| CS: ({'0': 0.64, '1': 0.84, '2': 0.65, '3': 0.37, '4': 0.25, '5': 0.16, '6': 0.31, '7': 0.92, '8': 0.65, '9': 0.85}, 0.56)
Train Epoch: 36 | Loss: 1.626596 | Acc: 0.3781| MSE: 0.0679 || V Loss: 2.6969| V Acc: 0.2641| V MSE: 0.0877| CS: ({'0': 0.53, '1': 0.75, '2': 0.97, '5': 0.16, '6': 0.43, '7': 0.82, '8': 0.78, '9': 0.75}, 0.65)
Test | NLL Loss: 2.991275 | Acc: 0.2176 | MSE: 0.09140276685119056| CS: ({'0': 0.61, '1': 0.79, '2': 0.5, '3': 0.42, '4': 0.18, '5': 0.16, '6': 0.39, '7': 0.88, '8': 0.75, '9': 0.84}, 0.55)
Train Epoch: 37 | Loss: 1.626672 | Acc: 0.3891| MSE: 0.0668 || V Loss: 2.7906| V Acc: 0.2590| V MSE: 0.0895| CS: ({'0': 0.6, '1': 0.79, '2': 0.89, '5': 0.16, '6': 0.63, '7': 0.91, '8': 0.85, '9': 0.77}, 0.7)
Test | NLL Loss: 3.126282 | Acc: 0.2230 | MSE: 0.09353258479803134| CS: ({'0': 0.66, '1': 0.81, '2': 0.65, '3': 0.26, '4': 0.19, '5': 0.16, '6': 0.58, '7': 0.89, '8': 0.85, '9': 0.88}, 0.59)
Train Epoch: 38 | Loss: 1.639106 | Acc: 0.3761| MSE: 0.0683 || V Loss: 2.5970| V Acc: 0.2422| V MSE: 0.0902| CS: ({'0': 0.63, '1': 0.74, '2': 0.31, '4': 0.19, '5': 0.16, '6': 0.56, '7': 0.93, '8': 0.74, '9': 0.82}, 0.56)
Test | NLL Loss: 2.964818 | Acc: 0.2171 | MSE: 0.0923232662792023| CS: ({'0': 0.67, '1': 0.84, '2': 0.62, '3': 0.55, '4': 0.22, '5': 0.16, '6': 0.49, '7': 0.94, '8': 0.71, '9': 0.88}, 0.61)
Train Epoch: 39 | Loss: 1.658456 | Acc: 0.3748| MSE: 0.0678 || V Loss: 2.8622| V Acc: 0.2105| V MSE: 0.0902| CS: ({'0': 0.61, '1': 0.75, '2': 0.51, '4': 0.16, '5': 0.18, '6': 0.49, '7': 0.8, '8': 0.82, '9': 0.89}, 0.58)
Test | NLL Loss: 3.059670 | Acc: 0.2151 | MSE: 0.09223766565418091| CS: ({'0': 0.69, '1': 0.85, '2': 0.43, '3': 0.55, '4': 0.16, '5': 0.17, '6': 0.44, '7': 0.91, '8': 0.77, '9': 0.87}, 0.58)
Train Epoch: 40 | Loss: 1.586900 | Acc: 0.3939| MSE: 0.0660 || V Loss: 2.7447| V Acc: 0.2113| V MSE: 0.0903| CS: ({'0': 0.51, '1': 0.73, '2': 0.93, '4': 0.16, '6': 0.4, '7': 0.9, '8': 0.75, '9': 0.86}, 0.66)
Test | NLL Loss: 2.962844 | Acc: 0.2130 | MSE: 0.09205588155661147| CS: ({'0': 0.63, '1': 0.86, '2': 0.59, '3': 0.73, '4': 0.16, '6': 0.38, '7': 0.92, '8': 0.75, '9': 0.87}, 0.65)
Train Epoch: 41 | Loss: 1.559628 | Acc: 0.4030| MSE: 0.0649 || V Loss: 2.7366| V Acc: 0.2031| V MSE: 0.0907| CS: ({'0': 0.69, '1': 0.91, '2': 0.65, '4': 0.16, '6': 0.53, '7': 0.95, '8': 0.78, '9': 0.77}, 0.68)
Test | NLL Loss: 2.973462 | Acc: 0.2136 | MSE: 0.09284519686247594| CS: ({'0': 0.68, '1': 0.87, '2': 0.66, '3': 0.53, '4': 0.16, '5': 0.17, '6': 0.46, '7': 0.93, '8': 0.77, '9': 0.84}, 0.61)
Train Epoch: 42 | Loss: 1.590235 | Acc: 0.3989| MSE: 0.0654 || V Loss: 2.8596| V Acc: 0.2086| V MSE: 0.0924| CS: ({'0': 0.57, '1': 0.76, '2': 0.61, '4': 0.16, '6': 0.82, '7': 0.99, '8': 0.79, '9': 0.71}, 0.68)
Test | NLL Loss: 3.103140 | Acc: 0.2029 | MSE: 0.09354766329732565| CS: ({'0': 0.65, '1': 0.83, '2': 0.62, '3': 0.56, '4': 0.16, '5': 0.17, '6': 0.65, '7': 0.96, '8': 0.8, '9': 0.87}, 0.63)
Train Epoch: 43 | Loss: 1.613505 | Acc: 0.3906| MSE: 0.0666 || V Loss: 2.9426| V Acc: 0.2215| V MSE: 0.0918| CS: ({'0': 0.55, '1': 0.86, '2': 0.5, '4': 0.16, '6': 0.64, '7': 0.98, '8': 0.78, '9': 0.91}, 0.67)
Test | NLL Loss: 3.233284 | Acc: 0.2193 | MSE: 0.09294826439775217| CS: ({'0': 0.7, '1': 0.89, '2': 0.52, '3': 0.46, '4': 0.16, '5': 0.33, '6': 0.51, '7': 0.93, '8': 0.75, '9': 0.89}, 0.61)
Train Epoch: 44 | Loss: 1.609382 | Acc: 0.3892| MSE: 0.0665 || V Loss: 3.0482| V Acc: 0.2621| V MSE: 0.0902| CS: ({'0': 0.55, '1': 0.71, '2': 0.48, '3': 0.17, '5': 0.16, '6': 0.44, '7': 0.87, '8': 0.8, '9': 0.91}, 0.57)
Test | NLL Loss: 3.267188 | Acc: 0.2273 | MSE: 0.0923299235038864| CS: ({'0': 0.58, '1': 0.84, '2': 0.67, '3': 0.2, '4': 0.21, '5': 0.16, '6': 0.43, '7': 0.92, '8': 0.81, '9': 0.9}, 0.57)
Train Epoch: 45 | Loss: 1.616347 | Acc: 0.3803| MSE: 0.0667 || V Loss: 2.8366| V Acc: 0.2137| V MSE: 0.0900| CS: ({'0': 0.63, '1': 0.86, '2': 0.55, '4': 0.16, '7': 0.87, '8': 0.77, '9': 0.75}, 0.66)
Test | NLL Loss: 3.183452 | Acc: 0.2147 | MSE: 0.09230216899618934| CS: ({'0': 0.71, '1': 0.85, '2': 0.71, '3': 0.38, '4': 0.16, '5': 0.16, '6': 0.14, '7': 0.91, '8': 0.75, '9': 0.9}, 0.57)
Train Epoch: 46 | Loss: 1.678397 | Acc: 0.3878| MSE: 0.0676 || V Loss: 2.7407| V Acc: 0.2164| V MSE: 0.0893| CS: ({'0': 0.79, '1': 0.86, '2': 0.69, '4': 0.19, '5': 0.17, '6': 0.45, '7': 0.98, '8': 0.63, '9': 0.7}, 0.61)
Test | NLL Loss: 2.983656 | Acc: 0.2020 | MSE: 0.09156986080800382| CS: ({'0': 0.67, '1': 0.85, '2': 0.63, '3': 0.43, '4': 0.21, '5': 0.17, '6': 0.4, '7': 0.88, '8': 0.58, '9': 0.84}, 0.57)
Train Epoch: 47 | Loss: 1.621234 | Acc: 0.3942| MSE: 0.0665 || V Loss: 2.7068| V Acc: 0.2297| V MSE: 0.0891| CS: ({'0': 0.64, '1': 0.9, '2': 0.79, '4': 0.22, '5': 0.16, '6': 0.51, '7': 0.98, '8': 0.82, '9': 0.83}, 0.65)
Test | NLL Loss: 3.001449 | Acc: 0.2146 | MSE: 0.0930101276872257| CS: ({'0': 0.63, '1': 0.82, '2': 0.85, '3': 0.34, '4': 0.25, '5': 0.16, '6': 0.48, '7': 0.88, '8': 0.74, '9': 0.85}, 0.6)
Train Epoch: 48 | Loss: 1.606304 | Acc: 0.3954| MSE: 0.0657 || V Loss: 2.8585| V Acc: 0.1996| V MSE: 0.0900| CS: ({'0': 0.67, '1': 0.74, '2': 0.9, '4': 0.16, '5': 0.48, '7': 0.88, '8': 0.8, '9': 0.93}, 0.7)
Test | NLL Loss: 3.133269 | Acc: 0.1973 | MSE: 0.09339490958962578| CS: ({'0': 0.63, '1': 0.77, '2': 0.65, '3': 0.38, '4': 0.17, '5': 0.48, '6': 0.64, '7': 0.91, '8': 0.74, '9': 0.91}, 0.63)
Train Epoch: 49 | Loss: 1.603833 | Acc: 0.3898| MSE: 0.0662 || V Loss: 2.9761| V Acc: 0.2145| V MSE: 0.0911| CS: ({'0': 0.52, '1': 0.8, '2': 0.77, '4': 0.16, '6': 0.35, '7': 1.0, '8': 0.81, '9': 0.89}, 0.66)
Test | NLL Loss: 3.190812 | Acc: 0.2141 | MSE: 0.09191850025337725| CS: ({'0': 0.59, '1': 0.86, '2': 0.64, '3': 0.2, '4': 0.16, '5': 0.38, '6': 0.39, '7': 0.93, '8': 0.79, '9': 0.89}, 0.58)
Train Epoch: 50 | Loss: 1.603507 | Acc: 0.3915| MSE: 0.0659 || V Loss: 2.8450| V Acc: 0.1859| V MSE: 0.0912| CS: ({'0': 0.48, '1': 0.68, '2': 0.75, '4': 0.16, '6': 0.56, '7': 0.96, '8': 0.81, '9': 0.91}, 0.66)
Test | NLL Loss: 3.088711 | Acc: 0.2046 | MSE: 0.09279561999697274| CS: ({'0': 0.5, '1': 0.79, '2': 0.8, '3': 0.25, '4': 0.17, '6': 0.5, '7': 0.93, '8': 0.81, '9': 0.89}, 0.63)
Train Epoch: 51 | Loss: 1.658869 | Acc: 0.3801| MSE: 0.0678 || V Loss: 2.9542| V Acc: 0.2230| V MSE: 0.0912| CS: ({'0': 0.66, '1': 0.97, '2': 0.67, '6': 0.18, '7': 0.93, '8': 0.93, '9': 0.84}, 0.74)
Test | NLL Loss: 3.175899 | Acc: 0.2158 | MSE: 0.09308822031695241| CS: ({'0': 0.71, '1': 0.83, '2': 0.63, '3': 0.63, '4': 0.22, '5': 0.15, '6': 0.17, '7': 0.92, '8': 0.86, '9': 0.9}, 0.6)
Train Epoch: 52 | Loss: 1.687980 | Acc: 0.3663| MSE: 0.0687 || V Loss: 2.7036| V Acc: 0.2590| V MSE: 0.0886| CS: ({'0': 0.64, '1': 0.74, '2': 0.31, '5': 0.15, '6': 0.43, '7': 0.99, '8': 0.84, '9': 0.75}, 0.61)
Test | NLL Loss: 2.858783 | Acc: 0.2126 | MSE: 0.09158881215717846| CS: ({'0': 0.71, '1': 0.78, '2': 0.36, '3': 0.16, '4': 0.24, '5': 0.15, '6': 0.4, '7': 0.9, '8': 0.81, '9': 0.87}, 0.54)
Train Epoch: 53 | Loss: 1.580067 | Acc: 0.3993| MSE: 0.0650 || V Loss: 2.9421| V Acc: 0.2258| V MSE: 0.0919| CS: ({'0': 0.64, '1': 0.78, '2': 0.93, '4': 0.17, '6': 0.4, '7': 1.0, '8': 0.8, '9': 0.91}, 0.7)
Test | NLL Loss: 3.093222 | Acc: 0.2101 | MSE: 0.09333243390051321| CS: ({'0': 0.72, '1': 0.88, '2': 0.82, '3': 0.98, '4': 0.17, '6': 0.4, '7': 0.87, '8': 0.78, '9': 0.9}, 0.72)
Train Epoch: 54 | Loss: 1.568046 | Acc: 0.4006| MSE: 0.0648 || V Loss: 2.9014| V Acc: 0.1855| V MSE: 0.0925| CS: ({'0': 0.74, '1': 0.87, '4': 0.16, '6': 0.59, '7': 0.97, '8': 0.81, '9': 0.82}, 0.71)
Test | NLL Loss: 3.057459 | Acc: 0.2017 | MSE: 0.09308283338055443| CS: ({'0': 0.74, '1': 0.87, '2': 0.63, '3': 0.34, '4': 0.16, '5': 0.16, '6': 0.5, '7': 0.89, '8': 0.75, '9': 0.91}, 0.59)
Train Epoch: 55 | Loss: 1.555336 | Acc: 0.4087| MSE: 0.0645 || V Loss: 3.1249| V Acc: 0.2687| V MSE: 0.0897| CS: ({'0': 0.63, '1': 0.81, '2': 0.5, '5': 0.16, '6': 0.59, '7': 0.91, '8': 0.93, '9': 0.75}, 0.66)
Test | NLL Loss: 3.501191 | Acc: 0.2293 | MSE: 0.09326254966826485| CS: ({'0': 0.66, '1': 0.9, '2': 0.42, '3': 0.43, '4': 0.22, '5': 0.16, '6': 0.49, '7': 0.93, '8': 0.85, '9': 0.9}, 0.6)
Train Epoch: 56 | Loss: 1.542178 | Acc: 0.4128| MSE: 0.0636 || V Loss: 3.1413| V Acc: 0.2195| V MSE: 0.0910| CS: ({'0': 0.67, '1': 0.9, '2': 0.96, '4': 0.16, '6': 0.47, '7': 0.91, '8': 0.88, '9': 0.87}, 0.73)
Test | NLL Loss: 3.431615 | Acc: 0.2194 | MSE: 0.09305313108161616| CS: ({'0': 0.71, '1': 0.89, '2': 0.79, '3': 0.3, '4': 0.16, '6': 0.47, '7': 0.91, '8': 0.84, '9': 0.9}, 0.66)
Train Epoch: 57 | Loss: 1.557297 | Acc: 0.4078| MSE: 0.0641 || V Loss: 3.3261| V Acc: 0.2465| V MSE: 0.0926| CS: ({'0': 0.65, '1': 0.87, '2': 0.68, '4': 0.21, '5': 0.17, '6': 0.55, '7': 0.98, '8': 0.8, '9': 0.93}, 0.65)
Test | NLL Loss: 3.342029 | Acc: 0.2209 | MSE: 0.0931447217830073| CS: ({'0': 0.72, '1': 0.88, '2': 0.67, '3': 0.27, '4': 0.2, '5': 0.17, '6': 0.42, '7': 0.94, '8': 0.78, '9': 0.93}, 0.6)
Train Epoch: 58 | Loss: 1.533886 | Acc: 0.4156| MSE: 0.0634 || V Loss: 3.2353| V Acc: 0.2145| V MSE: 0.0933| CS: ({'0': 0.71, '1': 0.9, '2': 0.98, '6': 0.19, '7': 1.0, '8': 0.78, '9': 0.91}, 0.78)
Test | NLL Loss: 3.383008 | Acc: 0.2105 | MSE: 0.09432275119585731| CS: ({'0': 0.71, '1': 0.94, '2': 0.76, '3': 0.38, '4': 0.16, '5': 0.16, '6': 0.18, '7': 0.83, '8': 0.8, '9': 0.9}, 0.58)
Train Epoch: 59 | Loss: 1.597478 | Acc: 0.3985| MSE: 0.0654 || V Loss: 3.0203| V Acc: 0.2371| V MSE: 0.0932| CS: ({'0': 0.72, '1': 0.77, '2': 1.0, '5': 0.16, '6': 0.42, '7': 0.78, '8': 0.83, '9': 0.79}, 0.68)
Test | NLL Loss: 3.170790 | Acc: 0.2202 | MSE: 0.09269829027759381| CS: ({'0': 0.76, '1': 0.84, '2': 0.84, '3': 0.25, '4': 0.25, '5': 0.16, '6': 0.5, '7': 0.88, '8': 0.81, '9': 0.89}, 0.62)
Train Epoch: 60 | Loss: 1.551589 | Acc: 0.4098| MSE: 0.0644 || V Loss: 3.6562| V Acc: 0.2195| V MSE: 0.0910| CS: ({'0': 0.45, '1': 0.78, '2': 0.74, '4': 0.16, '6': 0.97, '7': 0.93, '8': 0.81, '9': 0.86}, 0.71)
Test | NLL Loss: 3.679200 | Acc: 0.2172 | MSE: 0.09416941391488615| CS: ({'0': 0.52, '1': 0.9, '2': 0.7, '3': 0.37, '4': 0.16, '6': 0.46, '7': 0.92, '8': 0.83, '9': 0.92}, 0.64)
Train Epoch: 61 | Loss: 1.528845 | Acc: 0.4209| MSE: 0.0631 || V Loss: 3.2254| V Acc: 0.2055| V MSE: 0.0919| CS: ({'0': 0.7, '1': 0.8, '2': 0.48, '4': 0.16, '6': 0.78, '7': 0.93, '8': 0.84, '9': 0.93}, 0.7)
Test | NLL Loss: 3.629966 | Acc: 0.2161 | MSE: 0.09420473016679477| CS: ({'0': 0.76, '1': 0.88, '2': 0.68, '3': 0.36, '4': 0.16, '6': 0.47, '7': 0.92, '8': 0.81, '9': 0.93}, 0.66)
Train Epoch: 62 | Loss: 1.524453 | Acc: 0.4214| MSE: 0.0625 || V Loss: 2.9416| V Acc: 0.2180| V MSE: 0.0893| CS: ({'0': 0.66, '1': 0.86, '2': 0.73, '4': 0.16, '6': 0.81, '7': 0.67, '8': 0.77, '9': 0.82}, 0.69)
Test | NLL Loss: 3.385694 | Acc: 0.2173 | MSE: 0.09288868796044646| CS: ({'0': 0.72, '1': 0.89, '2': 0.71, '4': 0.16, '5': 0.21, '6': 0.51, '7': 0.94, '8': 0.79, '9': 0.9}, 0.65)
Train Epoch: 63 | Loss: 1.513225 | Acc: 0.4246| MSE: 0.0621 || V Loss: 3.1933| V Acc: 0.2172| V MSE: 0.0914| CS: ({'0': 0.6, '1': 0.71, '2': 0.74, '4': 0.16, '6': 0.65, '7': 0.84, '8': 0.88, '9': 0.9}, 0.69)
Test | NLL Loss: 3.850473 | Acc: 0.2197 | MSE: 0.09418090989890571| CS: ({'0': 0.66, '1': 0.86, '2': 0.83, '3': 0.17, '4': 0.16, '5': 0.32, '6': 0.52, '7': 0.94, '8': 0.82, '9': 0.9}, 0.62)
Train Epoch: 64 | Loss: 1.572722 | Acc: 0.4078| MSE: 0.0650 || V Loss: 2.9519| V Acc: 0.2246| V MSE: 0.0876| CS: ({'0': 0.69, '1': 0.86, '2': 0.93, '4': 0.16, '6': 0.48, '7': 0.75, '8': 0.8, '9': 0.82}, 0.69)
Test | NLL Loss: 3.312292 | Acc: 0.2115 | MSE: 0.09175342128585322| CS: ({'0': 0.71, '1': 0.86, '2': 0.77, '3': 0.18, '4': 0.16, '6': 0.44, '7': 0.85, '8': 0.77, '9': 0.89}, 0.63)
Train Epoch: 65 | Loss: 1.543925 | Acc: 0.4076| MSE: 0.0638 || V Loss: 3.3939| V Acc: 0.2477| V MSE: 0.0923| CS: ({'0': 0.64, '1': 0.83, '2': 0.64, '3': 0.16, '4': 0.2, '5': 0.16, '6': 0.31, '7': 1.0, '8': 0.79, '9': 0.97}, 0.57)
Test | NLL Loss: 3.578835 | Acc: 0.2269 | MSE: 0.09319429382824669| CS: ({'0': 0.6, '1': 0.88, '2': 0.8, '3': 0.19, '4': 0.22, '5': 0.16, '6': 0.39, '7': 0.96, '8': 0.8, '9': 0.92}, 0.59)
Train Epoch: 66 | Loss: 1.513523 | Acc: 0.4147| MSE: 0.0626 || V Loss: 3.2521| V Acc: 0.2277| V MSE: 0.0904| CS: ({'0': 0.7, '1': 0.83, '2': 0.64, '4': 0.17, '6': 0.51, '7': 0.84, '8': 0.86, '9': 0.89}, 0.68)
Test | NLL Loss: 3.750027 | Acc: 0.2066 | MSE: 0.09482980878970113| CS: ({'0': 0.77, '1': 0.88, '2': 0.67, '3': 0.57, '4': 0.17, '6': 0.52, '7': 0.95, '8': 0.86, '9': 0.9}, 0.7)
Train Epoch: 67 | Loss: 1.518173 | Acc: 0.4283| MSE: 0.0620 || V Loss: 3.0756| V Acc: 0.2105| V MSE: 0.0901| CS: ({'0': 0.73, '1': 0.78, '2': 0.99, '4': 0.17, '6': 0.64, '7': 1.0, '8': 0.9, '9': 0.85}, 0.76)
Test | NLL Loss: 3.432034 | Acc: 0.2138 | MSE: 0.09293213170081281| CS: ({'0': 0.7, '1': 0.85, '2': 0.83, '3': 0.64, '4': 0.17, '5': 0.21, '6': 0.59, '7': 0.93, '8': 0.86, '9': 0.9}, 0.67)
Train Epoch: 68 | Loss: 1.499491 | Acc: 0.4266| MSE: 0.0618 || V Loss: 3.4066| V Acc: 0.2738| V MSE: 0.0892| CS: ({'0': 0.76, '1': 0.83, '2': 0.47, '3': 0.18, '5': 0.16, '6': 0.53, '7': 0.97, '8': 0.92, '9': 0.93}, 0.64)
Test | NLL Loss: 3.823583 | Acc: 0.2258 | MSE: 0.09364841371393813| CS: ({'0': 0.77, '1': 0.84, '2': 0.69, '3': 0.47, '4': 0.17, '5': 0.16, '6': 0.56, '7': 0.95, '8': 0.89, '9': 0.93}, 0.64)
Train Epoch: 69 | Loss: 1.529272 | Acc: 0.4279| MSE: 0.0622 || V Loss: 3.0609| V Acc: 0.2574| V MSE: 0.0913| CS: ({'0': 0.67, '1': 0.79, '2': 0.92, '4': 0.2, '5': 0.17, '6': 0.44, '7': 0.88, '8': 0.9, '9': 0.88}, 0.65)
Test | NLL Loss: 3.567129 | Acc: 0.2188 | MSE: 0.09406891796059502| CS: ({'0': 0.7, '1': 0.83, '2': 0.64, '3': 0.87, '4': 0.19, '5': 0.17, '6': 0.44, '7': 0.94, '8': 0.87, '9': 0.93}, 0.66)
Train Epoch: 70 | Loss: 1.613127 | Acc: 0.4035| MSE: 0.0650 || V Loss: 3.2004| V Acc: 0.2285| V MSE: 0.0925| CS: ({'0': 0.84, '1': 0.88, '2': 0.95, '4': 0.18, '5': 0.15, '6': 0.55, '7': 0.99, '8': 0.8, '9': 0.84}, 0.69)
Test | NLL Loss: 3.720584 | Acc: 0.2124 | MSE: 0.0960722679909045| CS: ({'0': 0.82, '1': 0.86, '2': 0.72, '3': 0.38, '4': 0.4, '5': 0.16, '6': 0.45, '7': 0.94, '8': 0.74, '9': 0.89}, 0.64)
Train Epoch: 71 | Loss: 1.625742 | Acc: 0.3874| MSE: 0.0660 || V Loss: 3.1770| V Acc: 0.2156| V MSE: 0.0899| CS: ({'0': 0.64, '1': 0.91, '2': 0.86, '3': 0.99, '4': 0.16, '6': 1.0, '7': 1.0, '8': 0.89, '9': 0.88}, 0.81)
Test | NLL Loss: 3.631466 | Acc: 0.2191 | MSE: 0.09351447788766398| CS: ({'0': 0.71, '1': 0.88, '2': 0.8, '3': 0.76, '4': 0.17, '6': 0.46, '7': 0.94, '8': 0.81, '9': 0.92}, 0.72)
Train Epoch: 72 | Loss: 1.564468 | Acc: 0.4067| MSE: 0.0641 || V Loss: 3.0827| V Acc: 0.2016| V MSE: 0.0916| CS: ({'0': 0.66, '1': 0.79, '2': 0.9, '4': 0.17, '6': 0.51, '7': 0.88, '8': 0.86, '9': 0.83}, 0.7)
Test | NLL Loss: 3.356863 | Acc: 0.2029 | MSE: 0.09365436132437886| CS: ({'0': 0.73, '1': 0.84, '2': 0.75, '3': 0.28, '4': 0.17, '5': 0.73, '6': 0.42, '7': 0.86, '8': 0.81, '9': 0.91}, 0.65)
Train Epoch: 73 | Loss: 1.599706 | Acc: 0.4004| MSE: 0.0648 || V Loss: 3.3233| V Acc: 0.2254| V MSE: 0.0904| CS: ({'0': 0.73, '1': 0.88, '2': 0.98, '3': 0.46, '4': 0.16, '6': 1.0, '7': 0.92, '8': 0.84, '9': 0.77}, 0.75)
Test | NLL Loss: 3.610543 | Acc: 0.2125 | MSE: 0.09363426844152017| CS: ({'0': 0.79, '1': 0.87, '2': 0.84, '3': 0.4, '4': 0.16, '5': 0.17, '7': 0.96, '8': 0.79, '9': 0.89}, 0.65)
Train Epoch: 74 | Loss: 1.569215 | Acc: 0.4068| MSE: 0.0643 || V Loss: 3.5568| V Acc: 0.2437| V MSE: 0.0907| CS: ({'0': 0.57, '1': 0.88, '2': 1.0, '3': 1.0, '4': 0.24, '5': 0.16, '6': 0.68, '7': 0.98, '8': 0.92, '9': 0.82}, 0.72)
Test | NLL Loss: 3.692966 | Acc: 0.2184 | MSE: 0.09364512203314815| CS: ({'0': 0.62, '1': 0.91, '2': 0.83, '3': 0.6, '4': 0.24, '5': 0.16, '6': 0.55, '7': 0.92, '8': 0.89, '9': 0.91}, 0.66)
Train Epoch: 75 | Loss: 1.568660 | Acc: 0.4135| MSE: 0.0636 || V Loss: 3.6811| V Acc: 0.2328| V MSE: 0.0893| CS: ({'0': 0.58, '1': 0.79, '2': 1.0, '4': 0.16, '6': 0.77, '7': 0.84, '8': 0.9, '9': 0.88}, 0.74)
Test | NLL Loss: 3.792976 | Acc: 0.2109 | MSE: 0.09352635999266713| CS: ({'0': 0.63, '1': 0.85, '2': 0.74, '4': 0.16, '6': 0.48, '7': 0.9, '8': 0.87, '9': 0.91}, 0.69)
Train Epoch: 76 | Loss: 1.596846 | Acc: 0.4130| MSE: 0.0648 || V Loss: 3.1977| V Acc: 0.2480| V MSE: 0.0922| CS: ({'0': 0.84, '1': 0.87, '2': 1.0, '5': 0.16, '6': 0.57, '7': 0.96, '8': 0.7, '9': 0.78}, 0.73)
Test | NLL Loss: 3.693423 | Acc: 0.2156 | MSE: 0.09589220616764153| CS: ({'0': 0.84, '1': 0.9, '2': 0.89, '3': 0.42, '4': 0.27, '5': 0.16, '6': 0.46, '7': 0.96, '8': 0.7, '9': 0.92}, 0.65)
Train Epoch: 77 | Loss: 1.635277 | Acc: 0.3945| MSE: 0.0652 || V Loss: 3.4471| V Acc: 0.2141| V MSE: 0.0916| CS: ({'0': 0.65, '1': 0.86, '2': 0.98, '4': 0.16, '6': 0.75, '7': 1.0, '8': 0.86, '9': 0.93}, 0.77)
Test | NLL Loss: 3.487492 | Acc: 0.2111 | MSE: 0.09354570741280199| CS: ({'0': 0.7, '1': 0.88, '2': 0.77, '3': 0.55, '4': 0.16, '6': 0.45, '7': 0.92, '8': 0.84, '9': 0.93}, 0.69)
Train Epoch: 78 | Loss: 1.563719 | Acc: 0.4121| MSE: 0.0634 || V Loss: 3.2319| V Acc: 0.2152| V MSE: 0.0912| CS: ({'0': 0.41, '1': 0.57, '2': 1.0, '4': 0.16, '6': 0.85, '7': 0.96, '8': 0.88, '9': 0.91}, 0.72)
Test | NLL Loss: 3.923445 | Acc: 0.2069 | MSE: 0.0948576665343568| CS: ({'0': 0.48, '1': 0.7, '2': 0.87, '3': 0.21, '4': 0.16, '6': 0.59, '7': 0.88, '8': 0.8, '9': 0.93}, 0.62)
Train Epoch: 79 | Loss: 1.617750 | Acc: 0.3933| MSE: 0.0657 || V Loss: 3.1905| V Acc: 0.2141| V MSE: 0.0905| CS: ({'0': 0.54, '1': 0.69, '4': 0.16, '6': 0.99, '7': 0.76, '8': 0.89, '9': 0.84}, 0.7)
Test | NLL Loss: 3.355022 | Acc: 0.2056 | MSE: 0.09283576310633089| CS: ({'0': 0.57, '1': 0.78, '2': 0.74, '3': 0.63, '4': 0.16, '5': 0.16, '6': 0.38, '7': 0.92, '8': 0.85, '9': 0.91}, 0.61)
Train Epoch: 80 | Loss: 1.541681 | Acc: 0.4164| MSE: 0.0632 || V Loss: 3.5155| V Acc: 0.2445| V MSE: 0.0912| CS: ({'0': 0.74, '1': 0.9, '2': 0.88, '5': 0.16, '6': 0.81, '7': 0.99, '8': 0.83, '9': 0.89}, 0.78)
Test | NLL Loss: 3.662882 | Acc: 0.2220 | MSE: 0.09507934387309101| CS: ({'0': 0.75, '1': 0.86, '2': 0.86, '3': 0.28, '4': 0.32, '5': 0.16, '6': 0.5, '7': 0.96, '8': 0.82, '9': 0.93}, 0.64)
Train Epoch: 81 | Loss: 1.512705 | Acc: 0.4246| MSE: 0.0620 || V Loss: 3.2706| V Acc: 0.2348| V MSE: 0.0897| CS: ({'0': 0.59, '1': 0.88, '2': 0.6, '4': 0.16, '6': 0.85, '7': 1.0, '8': 0.9, '9': 0.9}, 0.74)
Test | NLL Loss: 3.745543 | Acc: 0.2173 | MSE: 0.09403256438791562| CS: ({'0': 0.71, '1': 0.87, '2': 0.78, '3': 0.46, '4': 0.16, '5': 0.16, '6': 0.62, '7': 0.96, '8': 0.88, '9': 0.93}, 0.65)
Train Epoch: 82 | Loss: 1.489800 | Acc: 0.4321| MSE: 0.0611 || V Loss: 3.1862| V Acc: 0.2633| V MSE: 0.0908| CS: ({'0': 0.64, '1': 0.96, '2': 0.76, '3': 0.15, '4': 0.23, '5': 0.16, '6': 0.63, '7': 1.0, '8': 0.84, '9': 0.83}, 0.62)
Test | NLL Loss: 3.796823 | Acc: 0.2171 | MSE: 0.09501153906694236| CS: ({'0': 0.71, '1': 0.94, '2': 0.79, '3': 0.63, '4': 0.24, '5': 0.16, '6': 0.5, '7': 0.98, '8': 0.83, '9': 0.91}, 0.67)
Train Epoch: 83 | Loss: 1.502185 | Acc: 0.4267| MSE: 0.0615 || V Loss: 3.3441| V Acc: 0.2078| V MSE: 0.0902| CS: ({'0': 0.72, '1': 0.85, '2': 0.87, '4': 0.17, '6': 0.59, '7': 1.0, '8': 0.91, '9': 0.93}, 0.75)
Test | NLL Loss: 3.763109 | Acc: 0.2052 | MSE: 0.09374049950998051| CS: ({'0': 0.75, '1': 0.86, '2': 0.85, '3': 0.76, '4': 0.17, '6': 0.55, '7': 0.84, '8': 0.87, '9': 0.93}, 0.73)
Train Epoch: 84 | Loss: 1.481537 | Acc: 0.4310| MSE: 0.0607 || V Loss: 3.4649| V Acc: 0.2184| V MSE: 0.0916| CS: ({'0': 0.65, '1': 0.77, '2': 1.0, '4': 0.16, '6': 0.78, '7': 1.0, '8': 0.93, '9': 0.94}, 0.78)
Test | NLL Loss: 3.913315 | Acc: 0.2180 | MSE: 0.09468498930763512| CS: ({'0': 0.67, '1': 0.92, '2': 0.87, '3': 0.48, '4': 0.17, '6': 0.5, '7': 0.86, '8': 0.9, '9': 0.94}, 0.7)
Train Epoch: 85 | Loss: 1.548351 | Acc: 0.4219| MSE: 0.0621 || V Loss: 3.1196| V Acc: 0.2137| V MSE: 0.0910| CS: ({'0': 0.65, '1': 0.81, '2': 0.66, '4': 0.21, '5': 0.17, '6': 0.74, '7': 0.98, '8': 0.82, '9': 0.79}, 0.65)
Test | NLL Loss: 3.220768 | Acc: 0.2030 | MSE: 0.09214542527644398| CS: ({'0': 0.63, '1': 0.86, '2': 0.71, '3': 0.92, '4': 0.25, '5': 0.17, '6': 0.52, '7': 0.94, '8': 0.79, '9': 0.91}, 0.67)
Train Epoch: 86 | Loss: 1.559526 | Acc: 0.4041| MSE: 0.0639 || V Loss: 3.4719| V Acc: 0.2313| V MSE: 0.0905| CS: ({'0': 0.62, '1': 0.84, '2': 0.62, '4': 0.16, '5': 0.15, '6': 0.7, '7': 1.0, '8': 0.89, '9': 0.83}, 0.65)
Test | NLL Loss: 3.704926 | Acc: 0.2167 | MSE: 0.09328359579697204| CS: ({'0': 0.65, '1': 0.87, '2': 0.8, '3': 0.39, '4': 0.16, '6': 0.42, '7': 0.93, '8': 0.89, '9': 0.92}, 0.67)
Train Epoch: 87 | Loss: 1.544093 | Acc: 0.4318| MSE: 0.0623 || V Loss: 3.0797| V Acc: 0.2164| V MSE: 0.0905| CS: ({'0': 0.8, '1': 0.76, '2': 0.96, '4': 0.18, '6': 0.55, '7': 1.0, '8': 0.87, '9': 0.88}, 0.75)
Test | NLL Loss: 3.549174 | Acc: 0.2162 | MSE: 0.09372317410124757| CS: ({'0': 0.81, '1': 0.88, '2': 0.87, '3': 0.68, '4': 0.18, '5': 0.14, '6': 0.38, '7': 0.96, '8': 0.86, '9': 0.91}, 0.67)
Train Epoch: 88 | Loss: 1.524489 | Acc: 0.4224| MSE: 0.0625 || V Loss: 2.9056| V Acc: 0.2395| V MSE: 0.0880| CS: ({'0': 0.75, '1': 0.86, '2': 0.65, '4': 0.17, '6': 0.43, '7': 0.86, '8': 0.92, '9': 0.86}, 0.69)
Test | NLL Loss: 3.546117 | Acc: 0.2091 | MSE: 0.09321457223770337| CS: ({'0': 0.77, '1': 0.89, '2': 0.81, '3': 1.0, '4': 0.17, '6': 0.47, '7': 0.95, '8': 0.84, '9': 0.93}, 0.76)
Train Epoch: 89 | Loss: 1.477457 | Acc: 0.4325| MSE: 0.0608 || V Loss: 3.5902| V Acc: 0.2324| V MSE: 0.0926| CS: ({'0': 0.63, '1': 0.87, '2': 0.95, '4': 0.17, '6': 0.35, '7': 1.0, '8': 0.91, '9': 0.93}, 0.73)
Test | NLL Loss: 4.100253 | Acc: 0.2158 | MSE: 0.09502143512804287| CS: ({'0': 0.65, '1': 0.92, '2': 0.9, '3': 0.42, '4': 0.17, '6': 0.49, '7': 0.95, '8': 0.86, '9': 0.94}, 0.7)
Train Epoch: 90 | Loss: 1.470560 | Acc: 0.4320| MSE: 0.0605 || V Loss: 3.3957| V Acc: 0.2414| V MSE: 0.0890| CS: ({'0': 0.71, '1': 0.9, '2': 1.0, '4': 0.16, '6': 0.68, '7': 0.88, '8': 0.95, '9': 0.91}, 0.77)
Test | NLL Loss: 4.198722 | Acc: 0.2180 | MSE: 0.09534189521599883| CS: ({'0': 0.79, '1': 0.93, '2': 0.89, '3': 0.5, '4': 0.16, '6': 0.43, '7': 0.97, '8': 0.9, '9': 0.94}, 0.72)
Train Epoch: 91 | Loss: 1.480923 | Acc: 0.4352| MSE: 0.0608 || V Loss: 3.4694| V Acc: 0.2355| V MSE: 0.0895| CS: ({'0': 0.65, '1': 0.8, '2': 1.0, '4': 0.16, '6': 0.59, '7': 0.94, '8': 0.9, '9': 0.97}, 0.75)
Test | NLL Loss: 4.382597 | Acc: 0.2192 | MSE: 0.0947953616611112| CS: ({'0': 0.7, '1': 0.91, '2': 0.9, '3': 0.48, '4': 0.16, '6': 0.46, '7': 0.96, '8': 0.84, '9': 0.96}, 0.71)
Train Epoch: 92 | Loss: 1.611073 | Acc: 0.4053| MSE: 0.0640 || V Loss: 3.4004| V Acc: 0.2211| V MSE: 0.0886| CS: ({'0': 0.58, '1': 0.77, '2': 0.21, '4': 0.17, '6': 1.0, '7': 0.96, '8': 0.84, '9': 0.83}, 0.67)
Test | NLL Loss: 3.729820 | Acc: 0.2070 | MSE: 0.09222195376032077| CS: ({'0': 0.6, '1': 0.8, '2': 0.32, '3': 0.34, '4': 0.17, '5': 0.22, '6': 0.44, '7': 0.95, '8': 0.81, '9': 0.89}, 0.55)
Train Epoch: 93 | Loss: 1.607102 | Acc: 0.3894| MSE: 0.0652 || V Loss: 3.2848| V Acc: 0.2355| V MSE: 0.0892| CS: ({'0': 0.78, '1': 0.88, '2': 1.0, '4': 0.16, '6': 0.57, '7': 0.99, '8': 0.9, '9': 0.75}, 0.75)
Test | NLL Loss: 3.766855 | Acc: 0.2100 | MSE: 0.09461119261603006| CS: ({'0': 0.76, '1': 0.93, '2': 0.84, '3': 0.97, '4': 0.16, '5': 0.25, '6': 0.44, '7': 0.92, '8': 0.89, '9': 0.93}, 0.71)
Train Epoch: 94 | Loss: 1.536379 | Acc: 0.4121| MSE: 0.0630 || V Loss: 3.2441| V Acc: 0.2383| V MSE: 0.0886| CS: ({'0': 0.67, '1': 0.94, '2': 0.6, '4': 0.15, '6': 0.46, '7': 1.0, '8': 0.92, '9': 0.85}, 0.7)
Test | NLL Loss: 3.683694 | Acc: 0.2090 | MSE: 0.09385965771663685| CS: ({'0': 0.75, '1': 0.94, '2': 0.62, '3': 0.72, '4': 0.15, '5': 0.16, '6': 0.52, '7': 0.91, '8': 0.89, '9': 0.92}, 0.66)
Train Epoch: 95 | Loss: 1.508301 | Acc: 0.4206| MSE: 0.0617 || V Loss: 3.4043| V Acc: 0.2293| V MSE: 0.0909| CS: ({'0': 0.82, '1': 0.89, '2': 0.32, '4': 0.16, '6': 0.77, '7': 1.0, '8': 0.86, '9': 0.91}, 0.72)
Test | NLL Loss: 3.759618 | Acc: 0.2137 | MSE: 0.09422266923676664| CS: ({'0': 0.82, '1': 0.91, '2': 0.59, '3': 0.33, '4': 0.16, '5': 0.16, '6': 0.64, '7': 0.95, '8': 0.83, '9': 0.91}, 0.63)
Train Epoch: 96 | Loss: 1.502963 | Acc: 0.4259| MSE: 0.0612 || V Loss: 3.3861| V Acc: 0.2340| V MSE: 0.0906| CS: ({'0': 0.74, '1': 0.85, '2': 0.75, '4': 0.16, '6': 0.61, '7': 0.9, '8': 0.93, '9': 0.9}, 0.73)
Test | NLL Loss: 3.833241 | Acc: 0.2183 | MSE: 0.09416341636413203| CS: ({'0': 0.76, '1': 0.9, '2': 0.88, '3': 0.55, '4': 0.16, '5': 0.16, '6': 0.51, '7': 0.94, '8': 0.87, '9': 0.93}, 0.67)
Train Epoch: 97 | Loss: 1.499612 | Acc: 0.4269| MSE: 0.0612 || V Loss: 3.4248| V Acc: 0.2336| V MSE: 0.0904| CS: ({'0': 0.77, '1': 0.94, '2': 0.93, '4': 0.16, '6': 0.65, '7': 0.9, '8': 0.94, '9': 0.95}, 0.78)
Test | NLL Loss: 4.046722 | Acc: 0.2209 | MSE: 0.09486124519342051| CS: ({'0': 0.82, '1': 0.91, '2': 0.84, '3': 0.45, '4': 0.17, '6': 0.48, '7': 0.96, '8': 0.88, '9': 0.93}, 0.72)
Train Epoch: 98 | Loss: 1.502504 | Acc: 0.4295| MSE: 0.0616 || V Loss: 3.6547| V Acc: 0.2258| V MSE: 0.0917| CS: ({'0': 0.73, '1': 0.82, '2': 0.95, '4': 0.16, '6': 0.66, '7': 1.0, '8': 0.93, '9': 0.92}, 0.77)
Test | NLL Loss: 4.076855 | Acc: 0.2128 | MSE: 0.09513668078012741| CS: ({'0': 0.75, '1': 0.88, '2': 0.86, '3': 0.64, '4': 0.17, '6': 0.44, '7': 0.97, '8': 0.87, '9': 0.93}, 0.72)
Train Epoch: 99 | Loss: 1.494847 | Acc: 0.4311| MSE: 0.0610 || V Loss: 3.1933| V Acc: 0.2266| V MSE: 0.0898| CS: ({'0': 0.63, '1': 0.83, '2': 1.0, '4': 0.16, '6': 0.8, '7': 1.0, '8': 0.85, '9': 0.97}, 0.78)
Test | NLL Loss: 3.674135 | Acc: 0.2094 | MSE: 0.09407259171572738| CS: ({'0': 0.73, '1': 0.87, '2': 0.85, '3': 0.95, '4': 0.16, '5': 0.16, '6': 0.67, '7': 0.97, '8': 0.85, '9': 0.93}, 0.71)
Train Epoch: 100 | Loss: 1.457043 | Acc: 0.4404| MSE: 0.0597 || V Loss: 3.7847| V Acc: 0.2543| V MSE: 0.0923| CS: ({'0': 0.63, '1': 0.86, '2': 0.7, '5': 0.16, '6': 0.71, '7': 1.0, '8': 0.97, '9': 0.89}, 0.74)
Test | NLL Loss: 4.344169 | Acc: 0.2194 | MSE: 0.09489177719663126| CS: ({'0': 0.7, '1': 0.87, '2': 0.83, '3': 0.63, '4': 0.23, '5': 0.16, '6': 0.58, '7': 0.96, '8': 0.92, '9': 0.94}, 0.68)
Test | NLL Loss: 4.343946 | Acc: 0.2194 | MSE: 0.09490260879357403| CS: ({'0': 0.7, '1': 0.87, '2': 0.83, '3': 0.63, '4': 0.23, '5': 0.16, '6': 0.58, '7': 0.96, '8': 0.92, '9': 0.94}, 0.68)
Took 412.2831869125366 seconds
