Config: 
 {
  "model_name": "dsc_cifar_10p_data_100p_params",
  "num_classes": 10,
  "in_features": 1024,
  "epochs": 100,
  "batch_size": 32,
  "lr": 0.01,
  "lr_decay": false,
  "train_p": 9.0,
  "test_p": 100,
  "dnn_config": {
    "layers": [
      150,
      100,
      10
    ]
  },
  "early_stopping": true,
  "patience": 5,
  "valid_p": 1.0,
  "optimizer": "adam"
} 

CIFAR-10 Dataset:
Training on 4500 samples (9.0% of 50000) 
Valid on 500 samples (1.0% of 50000)
Test on 10000 samples (100% of 10000)

Files already downloaded and verified
Files already downloaded and verified
Running test for every 1 epoch
Model: 

LinearClassifierDSC(
  (layers): ModuleList(
    (0): Linear(in_features=1024, out_features=150, bias=True)
    (1): Linear(in_features=1174, out_features=100, bias=True)
    (2): Linear(in_features=1274, out_features=10, bias=True)
  )
  (relu_activation): ReLU()
  (softmax_activation): LogSoftmax()
)


Summary: 

----------------------------------------------------------------
        Layer (type)               Output Shape         Param #
================================================================
            Linear-1                  [-1, 150]         153,750
              ReLU-2                  [-1, 150]               0
            Linear-3                  [-1, 100]         117,500
              ReLU-4                  [-1, 100]               0
            Linear-5                   [-1, 10]          12,750
            Linear-6                   [-1, 10]          12,750
        LogSoftmax-7                   [-1, 10]               0
================================================================
Total params: 296,750
Trainable params: 296,750
Non-trainable params: 0
----------------------------------------------------------------
Input size (MB): 0.00
Forward/backward pass size (MB): 0.00
Params size (MB): 1.13
Estimated Total Size (MB): 1.14
----------------------------------------------------------------


Train Epoch: 1 | Loss: 2.607779 | Acc: 0.2157| MSE: 0.0963 || V Loss: 2.5074| V Acc: 0.2668| V MSE: 0.0914| CS: ({'0': 0.5, '1': 0.65, '2': 0.21, '3': 0.48, '4': 0.31, '5': 0.6, '6': 0.43, '7': 0.47, '8': 0.59, '9': 0.57}, 0.48)
Test | NLL Loss: 2.527316 | Acc: 0.2367 | MSE: 0.09448601876775296| CS: ({'0': 0.49, '1': 0.61, '2': 0.3, '3': 0.48, '4': 0.29, '5': 0.61, '6': 0.4, '7': 0.47, '8': 0.68, '9': 0.48}, 0.48)
Train Epoch: 2 | Loss: 2.253617 | Acc: 0.2879| MSE: 0.0886 || V Loss: 2.2911| V Acc: 0.3137| V MSE: 0.0873| CS: ({'0': 0.79, '1': 0.61, '2': 0.38, '3': 0.57, '4': 0.39, '5': 0.7, '6': 0.33, '7': 0.48, '8': 0.55, '9': 0.59}, 0.54)
Test | NLL Loss: 2.371138 | Acc: 0.2871 | MSE: 0.09032585531377944| CS: ({'0': 0.7, '1': 0.6, '2': 0.39, '3': 0.52, '4': 0.4, '5': 0.67, '6': 0.39, '7': 0.5, '8': 0.5, '9': 0.62}, 0.53)
Train Epoch: 3 | Loss: 1.988169 | Acc: 0.3395| MSE: 0.0818 || V Loss: 2.4301| V Acc: 0.2684| V MSE: 0.0927| CS: ({'0': 0.6, '1': 0.56, '2': 0.38, '3': 0.5, '4': 0.46, '5': 0.63, '6': 0.57, '7': 0.33, '8': 0.46, '9': 0.65}, 0.51)
Test | NLL Loss: 2.421495 | Acc: 0.2489 | MSE: 0.09340689802607789| CS: ({'0': 0.58, '1': 0.54, '2': 0.41, '3': 0.42, '4': 0.42, '5': 0.56, '6': 0.56, '7': 0.51, '8': 0.5, '9': 0.58}, 0.51)
Train Epoch: 4 | Loss: 1.830635 | Acc: 0.3963| MSE: 0.0773 || V Loss: 2.2526| V Acc: 0.3172| V MSE: 0.0871| CS: ({'0': 0.75, '1': 0.59, '2': 0.44, '3': 0.66, '4': 0.46, '5': 0.55, '6': 0.48, '7': 0.48, '8': 0.69, '9': 0.64}, 0.57)
Test | NLL Loss: 2.362206 | Acc: 0.2842 | MSE: 0.09088506511510752| CS: ({'0': 0.69, '1': 0.64, '2': 0.47, '3': 0.45, '4': 0.41, '5': 0.53, '6': 0.42, '7': 0.56, '8': 0.67, '9': 0.66}, 0.55)
Train Epoch: 5 | Loss: 1.675956 | Acc: 0.4308| MSE: 0.0728 || V Loss: 2.4862| V Acc: 0.2867| V MSE: 0.0948| CS: ({'0': 0.49, '1': 0.54, '2': 0.5, '3': 0.59, '4': 0.35, '5': 0.55, '6': 0.47, '7': 0.58, '8': 0.5, '9': 0.72}, 0.53)
Test | NLL Loss: 2.408288 | Acc: 0.2714 | MSE: 0.09336112280147144| CS: ({'0': 0.57, '1': 0.62, '2': 0.51, '3': 0.63, '4': 0.39, '5': 0.54, '6': 0.41, '7': 0.66, '8': 0.55, '9': 0.72}, 0.56)
Train Epoch: 6 | Loss: 1.611439 | Acc: 0.4683| MSE: 0.0699 || V Loss: 2.3649| V Acc: 0.3523| V MSE: 0.0864| CS: ({'0': 0.57, '1': 0.73, '2': 0.47, '3': 0.67, '4': 0.52, '5': 0.69, '6': 0.56, '7': 0.65, '8': 0.69, '9': 0.68}, 0.62)
Test | NLL Loss: 2.302408 | Acc: 0.3158 | MSE: 0.08956203512109506| CS: ({'0': 0.57, '1': 0.67, '2': 0.45, '3': 0.6, '4': 0.47, '5': 0.6, '6': 0.54, '7': 0.7, '8': 0.69, '9': 0.69}, 0.6)
Train Epoch: 7 | Loss: 1.384484 | Acc: 0.5371| MSE: 0.0614 || V Loss: 2.4686| V Acc: 0.3320| V MSE: 0.0903| CS: ({'0': 0.68, '1': 0.67, '2': 0.57, '3': 0.84, '4': 0.6, '5': 0.58, '6': 0.69, '7': 0.62, '8': 0.66, '9': 0.66}, 0.66)
Test | NLL Loss: 2.469641 | Acc: 0.3062 | MSE: 0.0925741605341625| CS: ({'0': 0.6, '1': 0.71, '2': 0.62, '3': 0.59, '4': 0.53, '5': 0.62, '6': 0.67, '7': 0.68, '8': 0.65, '9': 0.68}, 0.64)
Train Epoch: 8 | Loss: 1.300168 | Acc: 0.5590| MSE: 0.0586 || V Loss: 2.4824| V Acc: 0.3133| V MSE: 0.0908| CS: ({'0': 0.63, '1': 0.66, '2': 0.49, '3': 0.65, '4': 0.5, '5': 0.66, '6': 0.56, '7': 0.68, '8': 0.57, '9': 0.76}, 0.62)
Test | NLL Loss: 2.442340 | Acc: 0.3039 | MSE: 0.09172018734030069| CS: ({'0': 0.62, '1': 0.69, '2': 0.58, '3': 0.63, '4': 0.47, '5': 0.65, '6': 0.57, '7': 0.71, '8': 0.56, '9': 0.71}, 0.62)
Train Epoch: 9 | Loss: 1.156288 | Acc: 0.6116| MSE: 0.0529 || V Loss: 2.5026| V Acc: 0.3477| V MSE: 0.0893| CS: ({'0': 0.71, '1': 0.75, '2': 0.55, '3': 0.8, '4': 0.67, '5': 0.69, '6': 0.64, '7': 0.68, '8': 0.67, '9': 0.73}, 0.69)
Test | NLL Loss: 2.541986 | Acc: 0.3166 | MSE: 0.09307757416329444| CS: ({'0': 0.66, '1': 0.78, '2': 0.66, '3': 0.59, '4': 0.59, '5': 0.66, '6': 0.62, '7': 0.73, '8': 0.68, '9': 0.7}, 0.67)
Train Epoch: 10 | Loss: 1.053309 | Acc: 0.6477| MSE: 0.0483 || V Loss: 2.7666| V Acc: 0.3113| V MSE: 0.0946| CS: ({'0': 0.83, '1': 0.74, '2': 0.67, '3': 0.68, '4': 0.65, '5': 0.63, '6': 0.66, '7': 0.64, '8': 0.65, '9': 0.7}, 0.69)
Test | NLL Loss: 2.767664 | Acc: 0.3034 | MSE: 0.095977306032714| CS: ({'0': 0.76, '1': 0.75, '2': 0.68, '3': 0.67, '4': 0.61, '5': 0.6, '6': 0.66, '7': 0.77, '8': 0.67, '9': 0.71}, 0.69)
Train Epoch: 11 | Loss: 1.004413 | Acc: 0.6683| MSE: 0.0460 || V Loss: 2.7155| V Acc: 0.3832| V MSE: 0.0875| CS: ({'0': 0.82, '1': 0.78, '2': 0.48, '3': 0.82, '4': 0.69, '5': 0.76, '6': 0.59, '7': 0.75, '8': 0.83, '9': 0.73}, 0.72)
Test | NLL Loss: 3.002071 | Acc: 0.3122 | MSE: 0.09811722641935744| CS: ({'0': 0.82, '1': 0.77, '2': 0.63, '3': 0.63, '4': 0.61, '5': 0.76, '6': 0.62, '7': 0.81, '8': 0.8, '9': 0.73}, 0.72)
Train Epoch: 12 | Loss: 0.852727 | Acc: 0.7173| MSE: 0.0398 || V Loss: 2.6496| V Acc: 0.3281| V MSE: 0.0925| CS: ({'0': 0.7, '1': 0.73, '2': 0.53, '3': 0.87, '4': 0.68, '5': 0.73, '6': 0.62, '7': 0.78, '8': 0.72, '9': 0.83}, 0.72)
Test | NLL Loss: 2.734832 | Acc: 0.3278 | MSE: 0.09473991065550917| CS: ({'0': 0.69, '1': 0.77, '2': 0.58, '3': 0.71, '4': 0.56, '5': 0.73, '6': 0.65, '7': 0.79, '8': 0.7, '9': 0.79}, 0.7)
Train Epoch: 13 | Loss: 0.772651 | Acc: 0.7449| MSE: 0.0360 || V Loss: 2.9668| V Acc: 0.3469| V MSE: 0.0932| CS: ({'0': 0.71, '1': 0.75, '2': 0.61, '3': 0.78, '4': 0.61, '5': 0.7, '6': 0.76, '7': 0.79, '8': 0.76, '9': 0.8}, 0.73)
Test | NLL Loss: 3.013109 | Acc: 0.3203 | MSE: 0.0979830013058437| CS: ({'0': 0.71, '1': 0.8, '2': 0.64, '3': 0.71, '4': 0.56, '5': 0.74, '6': 0.71, '7': 0.82, '8': 0.78, '9': 0.78}, 0.73)
Train Epoch: 14 | Loss: 0.734426 | Acc: 0.7582| MSE: 0.0343 || V Loss: 3.0423| V Acc: 0.3262| V MSE: 0.0964| CS: ({'0': 0.81, '1': 0.76, '2': 0.58, '3': 0.78, '4': 0.73, '5': 0.78, '6': 0.64, '7': 0.86, '8': 0.76, '9': 0.85}, 0.75)
Test | NLL Loss: 3.046102 | Acc: 0.3133 | MSE: 0.09890183865928802| CS: ({'0': 0.76, '1': 0.79, '2': 0.62, '3': 0.7, '4': 0.63, '5': 0.75, '6': 0.7, '7': 0.83, '8': 0.74, '9': 0.8}, 0.73)
Train Epoch: 15 | Loss: 0.651210 | Acc: 0.7837| MSE: 0.0310 || V Loss: 3.2806| V Acc: 0.3398| V MSE: 0.0983| CS: ({'0': 0.72, '1': 0.79, '2': 0.55, '3': 0.79, '4': 0.74, '5': 0.69, '6': 0.66, '7': 0.82, '8': 0.78, '9': 0.84}, 0.74)
Test | NLL Loss: 3.355808 | Acc: 0.2983 | MSE: 0.10376158763711064| CS: ({'0': 0.73, '1': 0.83, '2': 0.7, '3': 0.74, '4': 0.69, '5': 0.74, '6': 0.68, '7': 0.84, '8': 0.78, '9': 0.79}, 0.75)
Train Epoch: 16 | Loss: 0.593201 | Acc: 0.8040| MSE: 0.0280 || V Loss: 3.5251| V Acc: 0.3379| V MSE: 0.1004| CS: ({'0': 0.71, '1': 0.79, '2': 0.7, '3': 0.77, '4': 0.66, '5': 0.79, '6': 0.73, '7': 0.82, '8': 0.8, '9': 0.79}, 0.76)
Test | NLL Loss: 3.499668 | Acc: 0.3049 | MSE: 0.1041226474859844| CS: ({'0': 0.74, '1': 0.83, '2': 0.72, '3': 0.72, '4': 0.67, '5': 0.79, '6': 0.74, '7': 0.84, '8': 0.8, '9': 0.79}, 0.76)
Train Epoch: 17 | Loss: 0.548126 | Acc: 0.8320| MSE: 0.0253 || V Loss: 3.4521| V Acc: 0.3438| V MSE: 0.1001| CS: ({'0': 0.81, '1': 0.77, '2': 0.56, '3': 0.89, '4': 0.8, '5': 0.82, '6': 0.64, '7': 0.85, '8': 0.76, '9': 0.79}, 0.77)
Test | NLL Loss: 3.584302 | Acc: 0.3159 | MSE: 0.10337025869768648| CS: ({'0': 0.8, '1': 0.84, '2': 0.67, '3': 0.72, '4': 0.69, '5': 0.76, '6': 0.7, '7': 0.87, '8': 0.81, '9': 0.84}, 0.77)
Train Epoch: 18 | Loss: 0.482754 | Acc: 0.8480| MSE: 0.0227 || V Loss: 3.7939| V Acc: 0.2969| V MSE: 0.1062| CS: ({'0': 0.73, '1': 0.85, '2': 0.57, '3': 0.94, '4': 0.75, '5': 0.73, '6': 0.78, '7': 0.8, '8': 0.83, '9': 0.93}, 0.79)
Test | NLL Loss: 3.829908 | Acc: 0.3063 | MSE: 0.10621941094390881| CS: ({'0': 0.8, '1': 0.84, '2': 0.67, '3': 0.83, '4': 0.72, '5': 0.76, '6': 0.69, '7': 0.86, '8': 0.81, '9': 0.85}, 0.78)
Train Epoch: 19 | Loss: 0.487197 | Acc: 0.8414| MSE: 0.0231 || V Loss: 3.5978| V Acc: 0.3465| V MSE: 0.1013| CS: ({'0': 0.82, '1': 0.84, '2': 0.81, '3': 0.8, '4': 0.72, '5': 0.81, '6': 0.73, '7': 0.82, '8': 0.79, '9': 0.78}, 0.79)
Test | NLL Loss: 3.752089 | Acc: 0.3219 | MSE: 0.10448199567703394| CS: ({'0': 0.85, '1': 0.84, '2': 0.75, '3': 0.77, '4': 0.74, '5': 0.79, '6': 0.76, '7': 0.87, '8': 0.82, '9': 0.84}, 0.8)
Train Epoch: 20 | Loss: 0.492893 | Acc: 0.8445| MSE: 0.0227 || V Loss: 3.6261| V Acc: 0.3223| V MSE: 0.1040| CS: ({'0': 0.81, '1': 0.87, '2': 0.71, '3': 0.88, '4': 0.77, '5': 0.87, '6': 0.83, '7': 0.83, '8': 0.87, '9': 0.75}, 0.82)
Test | NLL Loss: 3.986954 | Acc: 0.3201 | MSE: 0.10646748630859601| CS: ({'0': 0.79, '1': 0.86, '2': 0.78, '3': 0.69, '4': 0.76, '5': 0.85, '6': 0.77, '7': 0.87, '8': 0.82, '9': 0.81}, 0.8)
Train Epoch: 21 | Loss: 0.354842 | Acc: 0.8874| MSE: 0.0170 || V Loss: 3.9650| V Acc: 0.3359| V MSE: 0.1045| CS: ({'0': 0.86, '1': 0.78, '2': 0.69, '3': 0.86, '4': 0.77, '5': 0.83, '6': 0.78, '7': 0.82, '8': 0.82, '9': 0.91}, 0.81)
Test | NLL Loss: 4.155402 | Acc: 0.3156 | MSE: 0.10818440721819576| CS: ({'0': 0.82, '1': 0.84, '2': 0.78, '3': 0.8, '4': 0.74, '5': 0.83, '6': 0.75, '7': 0.89, '8': 0.79, '9': 0.89}, 0.81)
Train Epoch: 22 | Loss: 0.276888 | Acc: 0.9164| MSE: 0.0130 || V Loss: 4.1701| V Acc: 0.3332| V MSE: 0.1052| CS: ({'0': 0.81, '1': 0.86, '2': 0.64, '3': 0.94, '4': 0.86, '5': 0.8, '6': 0.77, '7': 0.89, '8': 0.87, '9': 0.88}, 0.83)
Test | NLL Loss: 4.409815 | Acc: 0.3141 | MSE: 0.1096032501076357| CS: ({'0': 0.84, '1': 0.88, '2': 0.78, '3': 0.82, '4': 0.76, '5': 0.84, '6': 0.81, '7': 0.87, '8': 0.86, '9': 0.86}, 0.83)
Train Epoch: 23 | Loss: 0.342767 | Acc: 0.8900| MSE: 0.0164 || V Loss: 4.2416| V Acc: 0.3395| V MSE: 0.1066| CS: ({'0': 0.81, '1': 0.92, '2': 0.7, '3': 0.93, '4': 0.78, '5': 0.83, '6': 0.73, '7': 0.9, '8': 0.89, '9': 0.84}, 0.83)
Test | NLL Loss: 4.702050 | Acc: 0.3107 | MSE: 0.11169971606601922| CS: ({'0': 0.84, '1': 0.89, '2': 0.79, '3': 0.83, '4': 0.8, '5': 0.86, '6': 0.79, '7': 0.9, '8': 0.86, '9': 0.88}, 0.84)
Train Epoch: 24 | Loss: 0.423156 | Acc: 0.8667| MSE: 0.0197 || V Loss: 4.5590| V Acc: 0.3453| V MSE: 0.1056| CS: ({'0': 0.75, '1': 0.84, '2': 0.75, '3': 0.86, '4': 0.86, '5': 0.91, '6': 0.83, '7': 0.92, '8': 0.88, '9': 0.81}, 0.84)
Test | NLL Loss: 4.889646 | Acc: 0.3079 | MSE: 0.11221546770189517| CS: ({'0': 0.81, '1': 0.87, '2': 0.81, '3': 0.78, '4': 0.76, '5': 0.86, '6': 0.82, '7': 0.91, '8': 0.86, '9': 0.84}, 0.83)
Train Epoch: 25 | Loss: 0.356852 | Acc: 0.8830| MSE: 0.0173 || V Loss: 4.5276| V Acc: 0.3492| V MSE: 0.1059| CS: ({'0': 0.79, '1': 0.86, '2': 0.8, '3': 0.97, '4': 0.82, '5': 0.9, '6': 0.82, '7': 0.88, '8': 0.91, '9': 0.81}, 0.86)
Test | NLL Loss: 4.811823 | Acc: 0.3161 | MSE: 0.11093211083556898| CS: ({'0': 0.84, '1': 0.87, '2': 0.79, '3': 0.82, '4': 0.79, '5': 0.86, '6': 0.8, '7': 0.88, '8': 0.88, '9': 0.87}, 0.84)
Train Epoch: 26 | Loss: 0.304600 | Acc: 0.9026| MSE: 0.0146 || V Loss: 4.7075| V Acc: 0.3125| V MSE: 0.1093| CS: ({'0': 0.81, '1': 0.96, '2': 0.76, '3': 0.85, '4': 0.88, '5': 0.89, '6': 0.79, '7': 0.96, '8': 0.85, '9': 0.91}, 0.87)
Test | NLL Loss: 5.216948 | Acc: 0.3037 | MSE: 0.11376345950288895| CS: ({'0': 0.86, '1': 0.89, '2': 0.77, '3': 0.82, '4': 0.82, '5': 0.85, '6': 0.83, '7': 0.92, '8': 0.81, '9': 0.85}, 0.84)
Train Epoch: 27 | Loss: 0.312366 | Acc: 0.8974| MSE: 0.0149 || V Loss: 4.9405| V Acc: 0.3375| V MSE: 0.1102| CS: ({'0': 0.84, '1': 0.94, '2': 0.68, '3': 0.86, '4': 0.81, '5': 0.81, '6': 0.82, '7': 0.88, '8': 0.91, '9': 0.89}, 0.84)
Test | NLL Loss: 5.097718 | Acc: 0.3109 | MSE: 0.11334851855477586| CS: ({'0': 0.84, '1': 0.89, '2': 0.82, '3': 0.84, '4': 0.8, '5': 0.85, '6': 0.84, '7': 0.89, '8': 0.9, '9': 0.89}, 0.86)
Train Epoch: 28 | Loss: 0.279535 | Acc: 0.9038| MSE: 0.0135 || V Loss: 4.9275| V Acc: 0.3441| V MSE: 0.1083| CS: ({'0': 0.82, '1': 0.91, '2': 0.7, '3': 0.85, '4': 0.9, '5': 0.87, '6': 0.85, '7': 0.8, '8': 0.85, '9': 0.91}, 0.85)
Test | NLL Loss: 5.131031 | Acc: 0.3126 | MSE: 0.11302046537304077| CS: ({'0': 0.87, '1': 0.9, '2': 0.82, '3': 0.83, '4': 0.82, '5': 0.88, '6': 0.85, '7': 0.89, '8': 0.86, '9': 0.88}, 0.86)
Train Epoch: 29 | Loss: 0.230057 | Acc: 0.9261| MSE: 0.0111 || V Loss: 5.1039| V Acc: 0.3504| V MSE: 0.1077| CS: ({'0': 0.78, '1': 0.91, '2': 0.76, '3': 0.95, '4': 0.86, '5': 0.89, '6': 0.8, '7': 0.84, '8': 0.87, '9': 0.9}, 0.86)
Test | NLL Loss: 5.453478 | Acc: 0.3179 | MSE: 0.11305885226391375| CS: ({'0': 0.89, '1': 0.86, '2': 0.79, '3': 0.83, '4': 0.82, '5': 0.89, '6': 0.82, '7': 0.91, '8': 0.88, '9': 0.91}, 0.86)
Train Epoch: 30 | Loss: 0.211874 | Acc: 0.9340| MSE: 0.0100 || V Loss: 5.4093| V Acc: 0.3375| V MSE: 0.1082| CS: ({'0': 0.83, '1': 0.92, '2': 0.89, '3': 0.98, '4': 0.83, '5': 0.88, '6': 0.86, '7': 0.86, '8': 0.88, '9': 0.9}, 0.88)
Test | NLL Loss: 5.531828 | Acc: 0.3199 | MSE: 0.1136312046275733| CS: ({'0': 0.86, '1': 0.91, '2': 0.84, '3': 0.86, '4': 0.82, '5': 0.92, '6': 0.83, '7': 0.9, '8': 0.85, '9': 0.86}, 0.86)
Train Epoch: 31 | Loss: 0.208875 | Acc: 0.9343| MSE: 0.0101 || V Loss: 5.3918| V Acc: 0.3375| V MSE: 0.1113| CS: ({'0': 0.89, '1': 0.86, '2': 0.8, '3': 0.92, '4': 0.8, '5': 0.86, '6': 0.89, '7': 0.95, '8': 0.9, '9': 0.91}, 0.88)
Test | NLL Loss: 5.602905 | Acc: 0.3236 | MSE: 0.11342691049313013| CS: ({'0': 0.91, '1': 0.9, '2': 0.84, '3': 0.85, '4': 0.83, '5': 0.9, '6': 0.87, '7': 0.91, '8': 0.87, '9': 0.9}, 0.88)
Train Epoch: 32 | Loss: 0.203021 | Acc: 0.9351| MSE: 0.0098 || V Loss: 5.6918| V Acc: 0.3055| V MSE: 0.1159| CS: ({'0': 0.92, '1': 0.91, '2': 0.94, '3': 0.85, '4': 0.82, '5': 0.88, '6': 0.85, '7': 0.9, '8': 0.89, '9': 0.91}, 0.89)
Test | NLL Loss: 5.793839 | Acc: 0.3151 | MSE: 0.11545067278150552| CS: ({'0': 0.93, '1': 0.92, '2': 0.81, '3': 0.87, '4': 0.83, '5': 0.86, '6': 0.87, '7': 0.92, '8': 0.84, '9': 0.91}, 0.88)
Train Epoch: 33 | Loss: 0.287486 | Acc: 0.9211| MSE: 0.0125 || V Loss: 5.9295| V Acc: 0.3125| V MSE: 0.1141| CS: ({'0': 0.88, '1': 0.91, '2': 0.79, '3': 0.97, '4': 0.87, '5': 0.93, '6': 0.89, '7': 0.88, '8': 0.92, '9': 0.93}, 0.9)
Test | NLL Loss: 6.024634 | Acc: 0.3195 | MSE: 0.11518185676191561| CS: ({'0': 0.9, '1': 0.91, '2': 0.83, '3': 0.86, '4': 0.85, '5': 0.9, '6': 0.84, '7': 0.91, '8': 0.9, '9': 0.91}, 0.88)
Train Epoch: 34 | Loss: 0.363153 | Acc: 0.8997| MSE: 0.0155 || V Loss: 5.9231| V Acc: 0.3203| V MSE: 0.1156| CS: ({'0': 0.92, '1': 0.89, '2': 0.72, '3': 0.94, '4': 0.74, '5': 0.87, '6': 0.81, '7': 0.88, '8': 0.93, '9': 0.94}, 0.86)
Test | NLL Loss: 6.078823 | Acc: 0.3186 | MSE: 0.11482072369263957| CS: ({'0': 0.88, '1': 0.92, '2': 0.83, '3': 0.88, '4': 0.81, '5': 0.9, '6': 0.85, '7': 0.9, '8': 0.91, '9': 0.9}, 0.88)
Train Epoch: 35 | Loss: 0.364687 | Acc: 0.8895| MSE: 0.0163 || V Loss: 5.8642| V Acc: 0.3293| V MSE: 0.1147| CS: ({'0': 0.89, '1': 0.85, '2': 0.75, '3': 0.95, '4': 0.78, '5': 0.84, '6': 0.77, '7': 0.9, '8': 0.92, '9': 0.87}, 0.85)
Test | NLL Loss: 6.088412 | Acc: 0.3033 | MSE: 0.11795812359633157| CS: ({'0': 0.87, '1': 0.91, '2': 0.85, '3': 0.87, '4': 0.83, '5': 0.87, '6': 0.84, '7': 0.92, '8': 0.9, '9': 0.89}, 0.88)
Train Epoch: 36 | Loss: 0.265224 | Acc: 0.9220| MSE: 0.0120 || V Loss: 5.8843| V Acc: 0.3270| V MSE: 0.1160| CS: ({'0': 0.84, '1': 0.85, '2': 0.77, '3': 0.96, '4': 0.71, '5': 0.9, '6': 0.81, '7': 0.88, '8': 0.92, '9': 0.9}, 0.85)
Test | NLL Loss: 6.184144 | Acc: 0.3139 | MSE: 0.1169819875409047| CS: ({'0': 0.9, '1': 0.9, '2': 0.83, '3': 0.86, '4': 0.84, '5': 0.9, '6': 0.86, '7': 0.91, '8': 0.91, '9': 0.91}, 0.88)
Train Epoch: 37 | Loss: 0.191353 | Acc: 0.9340| MSE: 0.0094 || V Loss: 5.9942| V Acc: 0.3680| V MSE: 0.1091| CS: ({'0': 0.88, '1': 0.89, '2': 0.73, '3': 0.83, '4': 0.76, '5': 0.89, '6': 0.8, '7': 0.93, '8': 0.93, '9': 0.91}, 0.85)
Test | NLL Loss: 6.237818 | Acc: 0.3100 | MSE: 0.11719523834439512| CS: ({'0': 0.89, '1': 0.89, '2': 0.84, '3': 0.89, '4': 0.79, '5': 0.9, '6': 0.85, '7': 0.92, '8': 0.9, '9': 0.9}, 0.88)
Train Epoch: 38 | Loss: 0.151299 | Acc: 0.9538| MSE: 0.0070 || V Loss: 5.9836| V Acc: 0.3367| V MSE: 0.1136| CS: ({'0': 0.83, '1': 0.94, '2': 0.81, '3': 1.0, '4': 0.75, '5': 0.88, '6': 0.79, '7': 0.89, '8': 0.92, '9': 0.92}, 0.87)
Test | NLL Loss: 6.120462 | Acc: 0.3090 | MSE: 0.11658920600010564| CS: ({'0': 0.9, '1': 0.9, '2': 0.83, '3': 0.86, '4': 0.81, '5': 0.89, '6': 0.85, '7': 0.91, '8': 0.89, '9': 0.9}, 0.87)
Train Epoch: 39 | Loss: 0.097538 | Acc: 0.9665| MSE: 0.0050 || V Loss: 6.2723| V Acc: 0.3414| V MSE: 0.1134| CS: ({'0': 0.94, '1': 0.88, '2': 0.83, '3': 0.94, '4': 0.89, '5': 0.93, '6': 0.83, '7': 0.84, '8': 0.94, '9': 0.94}, 0.9)
Test | NLL Loss: 6.256946 | Acc: 0.3210 | MSE: 0.11512603279881584| CS: ({'0': 0.89, '1': 0.93, '2': 0.86, '3': 0.86, '4': 0.84, '5': 0.93, '6': 0.86, '7': 0.92, '8': 0.91, '9': 0.91}, 0.89)
Train Epoch: 40 | Loss: 0.082190 | Acc: 0.9754| MSE: 0.0039 || V Loss: 6.0173| V Acc: 0.3418| V MSE: 0.1140| CS: ({'0': 0.93, '1': 0.95, '2': 0.82, '3': 1.0, '4': 0.9, '5': 0.89, '6': 0.78, '7': 0.89, '8': 0.95, '9': 0.94}, 0.9)
Test | NLL Loss: 6.246949 | Acc: 0.3215 | MSE: 0.11548090840395266| CS: ({'0': 0.92, '1': 0.92, '2': 0.84, '3': 0.87, '4': 0.84, '5': 0.89, '6': 0.87, '7': 0.91, '8': 0.91, '9': 0.91}, 0.89)
Train Epoch: 41 | Loss: 0.055969 | Acc: 0.9836| MSE: 0.0026 || V Loss: 6.3372| V Acc: 0.3285| V MSE: 0.1170| CS: ({'0': 0.89, '1': 0.9, '2': 0.74, '3': 1.0, '4': 0.87, '5': 0.85, '6': 0.93, '7': 0.86, '8': 0.94, '9': 0.88}, 0.89)
Test | NLL Loss: 6.342952 | Acc: 0.3313 | MSE: 0.11444251520184283| CS: ({'0': 0.9, '1': 0.93, '2': 0.87, '3': 0.88, '4': 0.85, '5': 0.91, '6': 0.9, '7': 0.94, '8': 0.91, '9': 0.91}, 0.9)
Train Epoch: 42 | Loss: 0.115591 | Acc: 0.9683| MSE: 0.0051 || V Loss: 6.8361| V Acc: 0.3016| V MSE: 0.1200| CS: ({'0': 0.98, '1': 0.94, '2': 0.78, '3': 0.91, '4': 0.85, '5': 0.93, '6': 0.9, '7': 0.94, '8': 0.89, '9': 0.91}, 0.9)
Test | NLL Loss: 7.073538 | Acc: 0.3143 | MSE: 0.11907381083542547| CS: ({'0': 0.88, '1': 0.93, '2': 0.9, '3': 0.87, '4': 0.83, '5': 0.92, '6': 0.91, '7': 0.93, '8': 0.9, '9': 0.93}, 0.9)
Train Epoch: 43 | Loss: 0.337964 | Acc: 0.9120| MSE: 0.0135 || V Loss: 6.8119| V Acc: 0.3605| V MSE: 0.1118| CS: ({'0': 0.94, '1': 0.96, '2': 0.75, '3': 0.95, '4': 0.89, '5': 0.84, '6': 0.8, '7': 0.92, '8': 0.96, '9': 0.92}, 0.89)
Test | NLL Loss: 7.581052 | Acc: 0.3145 | MSE: 0.12026724725152357| CS: ({'0': 0.92, '1': 0.93, '2': 0.86, '3': 0.86, '4': 0.84, '5': 0.92, '6': 0.88, '7': 0.93, '8': 0.93, '9': 0.9}, 0.9)
Train Epoch: 44 | Loss: 0.433018 | Acc: 0.8909| MSE: 0.0172 || V Loss: 6.7848| V Acc: 0.2984| V MSE: 0.1212| CS: ({'0': 0.96, '1': 0.94, '2': 0.67, '3': 0.89, '4': 0.85, '5': 0.94, '6': 0.9, '7': 0.89, '8': 0.89, '9': 0.94}, 0.89)
Test | NLL Loss: 7.071704 | Acc: 0.3034 | MSE: 0.12060315430926058| CS: ({'0': 0.92, '1': 0.92, '2': 0.86, '3': 0.87, '4': 0.81, '5': 0.86, '6': 0.86, '7': 0.93, '8': 0.89, '9': 0.92}, 0.88)
Train Epoch: 45 | Loss: 0.259791 | Acc: 0.9254| MSE: 0.0114 || V Loss: 6.3215| V Acc: 0.3305| V MSE: 0.1146| CS: ({'0': 0.87, '1': 0.92, '2': 0.86, '3': 0.95, '4': 0.86, '5': 0.93, '6': 0.85, '7': 0.84, '8': 0.86, '9': 0.92}, 0.89)
Test | NLL Loss: 6.626314 | Acc: 0.3169 | MSE: 0.11712379877369244| CS: ({'0': 0.89, '1': 0.91, '2': 0.87, '3': 0.89, '4': 0.83, '5': 0.9, '6': 0.87, '7': 0.92, '8': 0.91, '9': 0.92}, 0.89)
Train Epoch: 46 | Loss: 0.127852 | Acc: 0.9597| MSE: 0.0062 || V Loss: 6.5931| V Acc: 0.3336| V MSE: 0.1127| CS: ({'0': 0.92, '1': 0.9, '2': 0.78, '3': 0.88, '4': 0.95, '5': 0.93, '6': 0.94, '7': 0.93, '8': 0.94, '9': 0.91}, 0.91)
Test | NLL Loss: 6.836944 | Acc: 0.3118 | MSE: 0.11811049618183996| CS: ({'0': 0.9, '1': 0.92, '2': 0.84, '3': 0.89, '4': 0.86, '5': 0.9, '6': 0.88, '7': 0.94, '8': 0.92, '9': 0.92}, 0.9)
Train Epoch: 47 | Loss: 0.116813 | Acc: 0.9628| MSE: 0.0055 || V Loss: 6.4718| V Acc: 0.3246| V MSE: 0.1132| CS: ({'0': 0.89, '1': 0.96, '2': 0.79, '3': 0.89, '4': 0.82, '5': 0.96, '6': 0.93, '7': 0.91, '8': 0.93, '9': 0.95}, 0.9)
Test | NLL Loss: 7.048001 | Acc: 0.3164 | MSE: 0.11870721284859477| CS: ({'0': 0.9, '1': 0.92, '2': 0.86, '3': 0.87, '4': 0.87, '5': 0.91, '6': 0.85, '7': 0.93, '8': 0.93, '9': 0.93}, 0.9)
Train Epoch: 48 | Loss: 0.079827 | Acc: 0.9765| MSE: 0.0038 || V Loss: 6.5266| V Acc: 0.3145| V MSE: 0.1167| CS: ({'0': 0.85, '1': 0.95, '2': 0.78, '3': 0.99, '4': 0.97, '5': 0.92, '6': 0.9, '7': 0.89, '8': 0.91, '9': 0.94}, 0.91)
Test | NLL Loss: 7.021932 | Acc: 0.3125 | MSE: 0.11886502023988639| CS: ({'0': 0.91, '1': 0.91, '2': 0.85, '3': 0.87, '4': 0.86, '5': 0.93, '6': 0.89, '7': 0.93, '8': 0.9, '9': 0.91}, 0.9)
Train Epoch: 49 | Loss: 0.118993 | Acc: 0.9640| MSE: 0.0056 || V Loss: 6.9385| V Acc: 0.3336| V MSE: 0.1162| CS: ({'0': 0.9, '1': 0.92, '2': 0.8, '3': 0.88, '4': 0.89, '5': 0.89, '6': 0.89, '7': 0.88, '8': 0.93, '9': 0.91}, 0.89)
Test | NLL Loss: 7.159961 | Acc: 0.3212 | MSE: 0.11800035153524563| CS: ({'0': 0.91, '1': 0.92, '2': 0.87, '3': 0.88, '4': 0.88, '5': 0.86, '6': 0.87, '7': 0.92, '8': 0.92, '9': 0.9}, 0.89)
Train Epoch: 50 | Loss: 0.187292 | Acc: 0.9502| MSE: 0.0079 || V Loss: 6.8857| V Acc: 0.3336| V MSE: 0.1147| CS: ({'0': 0.93, '1': 0.97, '2': 0.83, '3': 0.96, '4': 0.93, '5': 0.89, '6': 0.91, '7': 0.93, '8': 0.94, '9': 0.88}, 0.92)
Test | NLL Loss: 7.459407 | Acc: 0.3043 | MSE: 0.12129945605517195| CS: ({'0': 0.9, '1': 0.93, '2': 0.87, '3': 0.89, '4': 0.89, '5': 0.93, '6': 0.89, '7': 0.93, '8': 0.93, '9': 0.91}, 0.91)
Train Epoch: 51 | Loss: 0.215112 | Acc: 0.9391| MSE: 0.0097 || V Loss: 6.8837| V Acc: 0.3320| V MSE: 0.1156| CS: ({'0': 0.88, '1': 0.97, '2': 0.9, '3': 0.9, '4': 0.93, '5': 0.87, '6': 0.81, '7': 0.95, '8': 0.94, '9': 0.94}, 0.91)
Test | NLL Loss: 7.558448 | Acc: 0.2999 | MSE: 0.12220109418367807| CS: ({'0': 0.89, '1': 0.91, '2': 0.87, '3': 0.86, '4': 0.87, '5': 0.93, '6': 0.9, '7': 0.94, '8': 0.91, '9': 0.94}, 0.9)
Train Epoch: 52 | Loss: 0.259355 | Acc: 0.9259| MSE: 0.0115 || V Loss: 6.7712| V Acc: 0.3430| V MSE: 0.1128| CS: ({'0': 0.86, '1': 0.95, '2': 0.85, '3': 0.89, '4': 0.87, '5': 0.91, '6': 0.92, '7': 0.86, '8': 0.93, '9': 0.96}, 0.9)
Test | NLL Loss: 7.436395 | Acc: 0.3114 | MSE: 0.11953885027299674| CS: ({'0': 0.91, '1': 0.93, '2': 0.88, '3': 0.88, '4': 0.86, '5': 0.94, '6': 0.89, '7': 0.92, '8': 0.91, '9': 0.91}, 0.9)
Train Epoch: 53 | Loss: 0.138077 | Acc: 0.9584| MSE: 0.0064 || V Loss: 6.8679| V Acc: 0.3293| V MSE: 0.1173| CS: ({'0': 0.92, '1': 0.93, '2': 0.83, '3': 0.98, '4': 0.95, '5': 0.95, '6': 0.87, '7': 0.85, '8': 0.9, '9': 0.89}, 0.91)
Test | NLL Loss: 7.475819 | Acc: 0.3194 | MSE: 0.11886349479896954| CS: ({'0': 0.9, '1': 0.93, '2': 0.88, '3': 0.89, '4': 0.87, '5': 0.93, '6': 0.87, '7': 0.93, '8': 0.92, '9': 0.92}, 0.9)
Train Epoch: 54 | Loss: 0.131214 | Acc: 0.9617| MSE: 0.0061 || V Loss: 7.5668| V Acc: 0.3301| V MSE: 0.1179| CS: ({'0': 0.81, '1': 0.88, '2': 0.9, '3': 0.97, '4': 0.86, '5': 0.91, '6': 0.84, '7': 0.96, '8': 0.91, '9': 0.95}, 0.9)
Test | NLL Loss: 8.025386 | Acc: 0.3154 | MSE: 0.11993884395200985| CS: ({'0': 0.89, '1': 0.94, '2': 0.9, '3': 0.9, '4': 0.85, '5': 0.92, '6': 0.9, '7': 0.93, '8': 0.93, '9': 0.92}, 0.91)
Train Epoch: 55 | Loss: 0.209918 | Acc: 0.9426| MSE: 0.0089 || V Loss: 7.3651| V Acc: 0.3699| V MSE: 0.1095| CS: ({'0': 0.93, '1': 0.94, '2': 0.81, '3': 0.87, '4': 0.89, '5': 0.9, '6': 0.88, '7': 0.88, '8': 0.93, '9': 0.91}, 0.89)
Test | NLL Loss: 7.770695 | Acc: 0.3178 | MSE: 0.11990166603090664| CS: ({'0': 0.92, '1': 0.93, '2': 0.89, '3': 0.89, '4': 0.87, '5': 0.91, '6': 0.87, '7': 0.94, '8': 0.92, '9': 0.92}, 0.91)
Train Epoch: 56 | Loss: 0.149135 | Acc: 0.9588| MSE: 0.0064 || V Loss: 7.3901| V Acc: 0.3328| V MSE: 0.1156| CS: ({'0': 0.9, '1': 0.93, '2': 0.88, '3': 0.94, '4': 0.92, '5': 0.96, '6': 0.92, '7': 0.91, '8': 0.94, '9': 0.85}, 0.91)
Test | NLL Loss: 7.891078 | Acc: 0.3123 | MSE: 0.12118481280514226| CS: ({'0': 0.88, '1': 0.93, '2': 0.9, '3': 0.92, '4': 0.85, '5': 0.89, '6': 0.89, '7': 0.95, '8': 0.92, '9': 0.92}, 0.91)
Train Epoch: 57 | Loss: 0.122054 | Acc: 0.9653| MSE: 0.0055 || V Loss: 7.6059| V Acc: 0.3336| V MSE: 0.1180| CS: ({'0': 0.95, '1': 0.9, '2': 0.92, '3': 0.89, '4': 0.86, '5': 0.96, '6': 0.89, '7': 0.96, '8': 0.91, '9': 0.95}, 0.92)
Test | NLL Loss: 7.924066 | Acc: 0.3238 | MSE: 0.11934910947903277| CS: ({'0': 0.92, '1': 0.93, '2': 0.88, '3': 0.91, '4': 0.88, '5': 0.91, '6': 0.9, '7': 0.94, '8': 0.93, '9': 0.94}, 0.91)
Train Epoch: 58 | Loss: 0.078763 | Acc: 0.9767| MSE: 0.0035 || V Loss: 7.8230| V Acc: 0.3492| V MSE: 0.1163| CS: ({'0': 0.93, '1': 0.88, '2': 0.77, '3': 0.93, '4': 0.88, '5': 0.88, '6': 0.88, '7': 0.9, '8': 0.94, '9': 0.96}, 0.89)
Test | NLL Loss: 7.982596 | Acc: 0.3211 | MSE: 0.12014078002530165| CS: ({'0': 0.92, '1': 0.92, '2': 0.86, '3': 0.91, '4': 0.9, '5': 0.93, '6': 0.91, '7': 0.94, '8': 0.92, '9': 0.91}, 0.91)
Train Epoch: 59 | Loss: 0.065665 | Acc: 0.9783| MSE: 0.0032 || V Loss: 7.7681| V Acc: 0.3184| V MSE: 0.1175| CS: ({'0': 0.94, '1': 0.94, '2': 0.88, '3': 0.95, '4': 0.93, '5': 0.96, '6': 0.93, '7': 0.85, '8': 0.96, '9': 0.97}, 0.93)
Test | NLL Loss: 7.869168 | Acc: 0.3165 | MSE: 0.1199439505275827| CS: ({'0': 0.92, '1': 0.92, '2': 0.87, '3': 0.9, '4': 0.86, '5': 0.91, '6': 0.92, '7': 0.94, '8': 0.92, '9': 0.93}, 0.91)
Train Epoch: 60 | Loss: 0.027938 | Acc: 0.9931| MSE: 0.0012 || V Loss: 7.7674| V Acc: 0.3219| V MSE: 0.1206| CS: ({'0': 0.94, '1': 0.9, '2': 0.75, '3': 0.91, '4': 0.91, '5': 0.94, '6': 0.89, '7': 0.78, '8': 0.94, '9': 0.96}, 0.89)
Test | NLL Loss: 7.856378 | Acc: 0.3226 | MSE: 0.11913512468623658| CS: ({'0': 0.94, '1': 0.92, '2': 0.88, '3': 0.88, '4': 0.88, '5': 0.94, '6': 0.91, '7': 0.93, '8': 0.91, '9': 0.94}, 0.91)
Train Epoch: 61 | Loss: 0.021259 | Acc: 0.9951| MSE: 0.0008 || V Loss: 7.7753| V Acc: 0.3391| V MSE: 0.1175| CS: ({'0': 0.98, '1': 0.91, '2': 0.79, '3': 0.96, '4': 0.94, '5': 0.86, '6': 0.83, '7': 0.9, '8': 0.95, '9': 0.93}, 0.9)
Test | NLL Loss: 8.078923 | Acc: 0.3300 | MSE: 0.11891614471951993| CS: ({'0': 0.92, '1': 0.93, '2': 0.88, '3': 0.89, '4': 0.88, '5': 0.92, '6': 0.91, '7': 0.93, '8': 0.94, '9': 0.93}, 0.91)
Train Epoch: 62 | Loss: 0.059790 | Acc: 0.9883| MSE: 0.0020 || V Loss: 8.2956| V Acc: 0.3449| V MSE: 0.1162| CS: ({'0': 0.88, '1': 0.86, '2': 0.84, '3': 0.96, '4': 0.88, '5': 0.9, '6': 0.87, '7': 0.95, '8': 0.97, '9': 0.97}, 0.91)
Test | NLL Loss: 8.536452 | Acc: 0.3163 | MSE: 0.12061100864943605| CS: ({'0': 0.91, '1': 0.93, '2': 0.89, '3': 0.9, '4': 0.88, '5': 0.94, '6': 0.89, '7': 0.95, '8': 0.92, '9': 0.92}, 0.91)
Train Epoch: 63 | Loss: 0.272941 | Acc: 0.9342| MSE: 0.0102 || V Loss: 8.9094| V Acc: 0.3289| V MSE: 0.1204| CS: ({'0': 0.97, '1': 0.95, '2': 0.91, '3': 0.92, '4': 0.9, '5': 0.92, '6': 0.9, '7': 0.91, '8': 0.93, '9': 0.87}, 0.92)
Test | NLL Loss: 9.478962 | Acc: 0.3007 | MSE: 0.1251014169698325| CS: ({'0': 0.96, '1': 0.92, '2': 0.9, '3': 0.92, '4': 0.9, '5': 0.93, '6': 0.91, '7': 0.95, '8': 0.93, '9': 0.93}, 0.93)
Train Epoch: 64 | Loss: 0.580901 | Acc: 0.8746| MSE: 0.0203 || V Loss: 8.1002| V Acc: 0.3039| V MSE: 0.1214| CS: ({'0': 0.92, '1': 0.95, '2': 0.77, '3': 1.0, '4': 0.88, '5': 0.95, '6': 0.9, '7': 0.91, '8': 0.95, '9': 0.98}, 0.92)
Test | NLL Loss: 8.681968 | Acc: 0.3076 | MSE: 0.12287475906621914| CS: ({'0': 0.91, '1': 0.95, '2': 0.9, '3': 0.91, '4': 0.88, '5': 0.93, '6': 0.9, '7': 0.94, '8': 0.92, '9': 0.93}, 0.92)
Train Epoch: 65 | Loss: 0.284075 | Acc: 0.9297| MSE: 0.0109 || V Loss: 7.8108| V Acc: 0.3047| V MSE: 0.1205| CS: ({'0': 0.9, '1': 0.93, '2': 0.85, '3': 1.0, '4': 0.96, '5': 0.95, '6': 0.97, '7': 0.94, '8': 0.92, '9': 0.95}, 0.94)
Test | NLL Loss: 8.257444 | Acc: 0.3136 | MSE: 0.12172217676624322| CS: ({'0': 0.91, '1': 0.94, '2': 0.91, '3': 0.87, '4': 0.87, '5': 0.93, '6': 0.94, '7': 0.94, '8': 0.92, '9': 0.92}, 0.92)
Train Epoch: 66 | Loss: 0.125351 | Acc: 0.9634| MSE: 0.0056 || V Loss: 7.3039| V Acc: 0.3434| V MSE: 0.1139| CS: ({'0': 0.93, '1': 0.92, '2': 0.82, '3': 0.97, '4': 0.85, '5': 0.94, '6': 0.93, '7': 0.96, '8': 0.94, '9': 0.94}, 0.92)
Test | NLL Loss: 7.876407 | Acc: 0.3235 | MSE: 0.11866262398017481| CS: ({'0': 0.92, '1': 0.94, '2': 0.86, '3': 0.87, '4': 0.87, '5': 0.94, '6': 0.89, '7': 0.94, '8': 0.91, '9': 0.91}, 0.91)
Train Epoch: 67 | Loss: 0.055859 | Acc: 0.9837| MSE: 0.0026 || V Loss: 7.5029| V Acc: 0.3418| V MSE: 0.1148| CS: ({'0': 0.96, '1': 0.9, '2': 0.83, '3': 0.99, '4': 0.89, '5': 0.91, '6': 0.88, '7': 0.94, '8': 0.94, '9': 0.96}, 0.92)
Test | NLL Loss: 7.906259 | Acc: 0.3193 | MSE: 0.11997303154807502| CS: ({'0': 0.93, '1': 0.93, '2': 0.9, '3': 0.91, '4': 0.87, '5': 0.91, '6': 0.91, '7': 0.94, '8': 0.92, '9': 0.94}, 0.92)
Train Epoch: 68 | Loss: 0.020445 | Acc: 0.9940| MSE: 0.0009 || V Loss: 7.7517| V Acc: 0.3535| V MSE: 0.1143| CS: ({'0': 0.91, '1': 0.93, '2': 0.75, '3': 0.95, '4': 0.97, '5': 0.93, '6': 0.86, '7': 0.91, '8': 0.94, '9': 0.93}, 0.91)
Test | NLL Loss: 8.138965 | Acc: 0.3246 | MSE: 0.11969502039325124| CS: ({'0': 0.92, '1': 0.93, '2': 0.87, '3': 0.9, '4': 0.9, '5': 0.95, '6': 0.89, '7': 0.94, '8': 0.93, '9': 0.92}, 0.92)
Train Epoch: 69 | Loss: 0.017153 | Acc: 0.9958| MSE: 0.0008 || V Loss: 7.5977| V Acc: 0.3391| V MSE: 0.1147| CS: ({'0': 0.91, '1': 0.96, '2': 0.83, '3': 0.89, '4': 0.89, '5': 0.87, '6': 0.92, '7': 0.94, '8': 0.96, '9': 0.92}, 0.91)
Test | NLL Loss: 8.064005 | Acc: 0.3289 | MSE: 0.11877842799733622| CS: ({'0': 0.91, '1': 0.94, '2': 0.88, '3': 0.9, '4': 0.89, '5': 0.93, '6': 0.89, '7': 0.94, '8': 0.94, '9': 0.93}, 0.92)
Train Epoch: 70 | Loss: 0.008694 | Acc: 0.9984| MSE: 0.0003 || V Loss: 7.7256| V Acc: 0.3391| V MSE: 0.1168| CS: ({'0': 0.88, '1': 0.93, '2': 0.89, '3': 0.97, '4': 0.84, '5': 0.94, '6': 0.9, '7': 0.94, '8': 0.96, '9': 0.92}, 0.92)
Test | NLL Loss: 8.088830 | Acc: 0.3216 | MSE: 0.12007989679662565| CS: ({'0': 0.91, '1': 0.94, '2': 0.88, '3': 0.9, '4': 0.88, '5': 0.91, '6': 0.9, '7': 0.94, '8': 0.94, '9': 0.94}, 0.91)
Train Epoch: 71 | Loss: 0.031653 | Acc: 0.9922| MSE: 0.0013 || V Loss: 8.0826| V Acc: 0.3578| V MSE: 0.1140| CS: ({'0': 0.94, '1': 0.92, '2': 0.8, '3': 0.89, '4': 0.91, '5': 0.93, '6': 0.91, '7': 0.89, '8': 0.96, '9': 0.97}, 0.91)
Test | NLL Loss: 8.604652 | Acc: 0.3218 | MSE: 0.12076689481449585| CS: ({'0': 0.93, '1': 0.95, '2': 0.89, '3': 0.9, '4': 0.88, '5': 0.93, '6': 0.9, '7': 0.94, '8': 0.96, '9': 0.93}, 0.92)
Train Epoch: 72 | Loss: 0.160836 | Acc: 0.9591| MSE: 0.0065 || V Loss: 8.4931| V Acc: 0.3148| V MSE: 0.1217| CS: ({'0': 0.92, '1': 0.94, '2': 0.87, '3': 0.87, '4': 0.93, '5': 0.9, '6': 0.92, '7': 0.97, '8': 0.96, '9': 0.92}, 0.92)
Test | NLL Loss: 8.842216 | Acc: 0.3074 | MSE: 0.12347257232513671| CS: ({'0': 0.91, '1': 0.93, '2': 0.9, '3': 0.91, '4': 0.89, '5': 0.93, '6': 0.91, '7': 0.94, '8': 0.93, '9': 0.92}, 0.92)
Train Epoch: 73 | Loss: 0.431718 | Acc: 0.9107| MSE: 0.0147 || V Loss: 8.6285| V Acc: 0.3098| V MSE: 0.1222| CS: ({'0': 0.94, '1': 0.91, '2': 0.86, '3': 0.98, '4': 0.9, '5': 0.98, '6': 0.96, '7': 0.94, '8': 0.94, '9': 0.97}, 0.94)
Test | NLL Loss: 9.025044 | Acc: 0.3104 | MSE: 0.12294599411491387| CS: ({'0': 0.93, '1': 0.94, '2': 0.9, '3': 0.92, '4': 0.9, '5': 0.93, '6': 0.91, '7': 0.95, '8': 0.92, '9': 0.93}, 0.92)
Train Epoch: 74 | Loss: 0.329000 | Acc: 0.9201| MSE: 0.0128 || V Loss: 8.0964| V Acc: 0.3039| V MSE: 0.1200| CS: ({'0': 0.95, '1': 0.94, '2': 0.79, '3': 0.9, '4': 0.93, '5': 0.93, '6': 0.89, '7': 0.93, '8': 0.94, '9': 0.97}, 0.92)
Test | NLL Loss: 8.552694 | Acc: 0.3204 | MSE: 0.12046225166644532| CS: ({'0': 0.93, '1': 0.94, '2': 0.88, '3': 0.93, '4': 0.88, '5': 0.92, '6': 0.89, '7': 0.93, '8': 0.93, '9': 0.94}, 0.92)
Train Epoch: 75 | Loss: 0.119409 | Acc: 0.9648| MSE: 0.0056 || V Loss: 8.1202| V Acc: 0.3320| V MSE: 0.1175| CS: ({'0': 0.89, '1': 0.93, '2': 0.75, '3': 0.91, '4': 0.9, '5': 0.88, '6': 0.84, '7': 0.85, '8': 0.91, '9': 0.95}, 0.88)
Test | NLL Loss: 8.363904 | Acc: 0.3180 | MSE: 0.12044704784029209| CS: ({'0': 0.91, '1': 0.95, '2': 0.9, '3': 0.91, '4': 0.87, '5': 0.92, '6': 0.89, '7': 0.95, '8': 0.94, '9': 0.93}, 0.92)
Train Epoch: 76 | Loss: 0.052893 | Acc: 0.9827| MSE: 0.0026 || V Loss: 8.1832| V Acc: 0.3125| V MSE: 0.1208| CS: ({'0': 0.94, '1': 0.91, '2': 0.8, '3': 0.94, '4': 0.93, '5': 0.91, '6': 0.9, '7': 0.94, '8': 0.91, '9': 0.87}, 0.9)
Test | NLL Loss: 8.418116 | Acc: 0.3209 | MSE: 0.12082980658870916| CS: ({'0': 0.93, '1': 0.94, '2': 0.89, '3': 0.9, '4': 0.9, '5': 0.91, '6': 0.89, '7': 0.94, '8': 0.92, '9': 0.91}, 0.91)
Train Epoch: 77 | Loss: 0.025880 | Acc: 0.9940| MSE: 0.0010 || V Loss: 8.0792| V Acc: 0.3363| V MSE: 0.1185| CS: ({'0': 0.91, '1': 0.95, '2': 0.82, '3': 0.91, '4': 0.79, '5': 0.94, '6': 0.9, '7': 0.91, '8': 0.92, '9': 0.87}, 0.89)
Test | NLL Loss: 8.562108 | Acc: 0.3158 | MSE: 0.12154647269949745| CS: ({'0': 0.92, '1': 0.93, '2': 0.9, '3': 0.9, '4': 0.88, '5': 0.92, '6': 0.91, '7': 0.95, '8': 0.92, '9': 0.93}, 0.92)
Train Epoch: 78 | Loss: 0.010875 | Acc: 0.9987| MSE: 0.0003 || V Loss: 8.0262| V Acc: 0.3242| V MSE: 0.1199| CS: ({'0': 0.9, '1': 0.92, '2': 0.85, '3': 0.93, '4': 0.92, '5': 0.92, '6': 0.88, '7': 0.98, '8': 0.92, '9': 0.99}, 0.92)
Test | NLL Loss: 8.347775 | Acc: 0.3226 | MSE: 0.12048643641768934| CS: ({'0': 0.92, '1': 0.93, '2': 0.91, '3': 0.9, '4': 0.87, '5': 0.91, '6': 0.91, '7': 0.94, '8': 0.94, '9': 0.92}, 0.92)
Train Epoch: 79 | Loss: 0.003149 | Acc: 0.9998| MSE: 0.0000 || V Loss: 8.0240| V Acc: 0.3258| V MSE: 0.1192| CS: ({'0': 0.89, '1': 0.91, '2': 0.89, '3': 0.96, '4': 0.9, '5': 0.91, '6': 0.87, '7': 0.97, '8': 0.94, '9': 0.96}, 0.92)
Test | NLL Loss: 8.374314 | Acc: 0.3201 | MSE: 0.12047245501043698| CS: ({'0': 0.93, '1': 0.93, '2': 0.9, '3': 0.92, '4': 0.87, '5': 0.92, '6': 0.9, '7': 0.95, '8': 0.94, '9': 0.93}, 0.92)
Train Epoch: 80 | Loss: 0.002139 | Acc: 1.0000| MSE: 0.0000 || V Loss: 8.0252| V Acc: 0.3312| V MSE: 0.1183| CS: ({'0': 0.91, '1': 0.92, '2': 0.86, '3': 0.93, '4': 0.91, '5': 0.91, '6': 0.88, '7': 0.94, '8': 0.93, '9': 0.97}, 0.92)
Test | NLL Loss: 8.385249 | Acc: 0.3215 | MSE: 0.12029637291599006| CS: ({'0': 0.93, '1': 0.94, '2': 0.9, '3': 0.91, '4': 0.88, '5': 0.93, '6': 0.9, '7': 0.95, '8': 0.94, '9': 0.93}, 0.92)
Train Epoch: 81 | Loss: 0.001791 | Acc: 1.0000| MSE: 0.0000 || V Loss: 8.0405| V Acc: 0.3379| V MSE: 0.1187| CS: ({'0': 0.87, '1': 0.92, '2': 0.92, '3': 0.92, '4': 0.9, '5': 0.9, '6': 0.83, '7': 0.94, '8': 0.91, '9': 0.97}, 0.91)
Test | NLL Loss: 8.415310 | Acc: 0.3205 | MSE: 0.1205448301169819| CS: ({'0': 0.93, '1': 0.94, '2': 0.9, '3': 0.9, '4': 0.88, '5': 0.93, '6': 0.9, '7': 0.96, '8': 0.94, '9': 0.93}, 0.92)
Train Epoch: 82 | Loss: 0.001568 | Acc: 1.0000| MSE: 0.0000 || V Loss: 8.0814| V Acc: 0.3316| V MSE: 0.1194| CS: ({'0': 0.91, '1': 0.92, '2': 0.92, '3': 0.91, '4': 0.91, '5': 0.89, '6': 0.86, '7': 0.94, '8': 0.93, '9': 0.97}, 0.92)
Test | NLL Loss: 8.443782 | Acc: 0.3198 | MSE: 0.12049386797907254| CS: ({'0': 0.93, '1': 0.93, '2': 0.91, '3': 0.91, '4': 0.89, '5': 0.94, '6': 0.91, '7': 0.95, '8': 0.94, '9': 0.93}, 0.92)
Train Epoch: 83 | Loss: 0.001410 | Acc: 1.0000| MSE: 0.0000 || V Loss: 8.0660| V Acc: 0.3293| V MSE: 0.1185| CS: ({'0': 0.94, '1': 0.94, '2': 0.92, '3': 0.9, '4': 0.91, '5': 0.91, '6': 0.85, '7': 0.94, '8': 0.93, '9': 0.97}, 0.92)
Test | NLL Loss: 8.460692 | Acc: 0.3210 | MSE: 0.12040989945966976| CS: ({'0': 0.93, '1': 0.93, '2': 0.91, '3': 0.91, '4': 0.89, '5': 0.94, '6': 0.91, '7': 0.95, '8': 0.94, '9': 0.93}, 0.92)
Train Epoch: 84 | Loss: 0.001228 | Acc: 1.0000| MSE: 0.0000 || V Loss: 8.1280| V Acc: 0.3320| V MSE: 0.1189| CS: ({'0': 0.92, '1': 0.93, '2': 0.9, '3': 0.89, '4': 0.92, '5': 0.89, '6': 0.85, '7': 0.94, '8': 0.93, '9': 0.97}, 0.91)
Test | NLL Loss: 8.484008 | Acc: 0.3213 | MSE: 0.12046555365426853| CS: ({'0': 0.93, '1': 0.93, '2': 0.91, '3': 0.9, '4': 0.89, '5': 0.94, '6': 0.91, '7': 0.95, '8': 0.94, '9': 0.93}, 0.92)
Train Epoch: 85 | Loss: 0.001105 | Acc: 1.0000| MSE: 0.0000 || V Loss: 8.1934| V Acc: 0.3352| V MSE: 0.1188| CS: ({'0': 0.92, '1': 0.93, '2': 0.91, '3': 0.92, '4': 0.91, '5': 0.89, '6': 0.85, '7': 0.94, '8': 0.92, '9': 0.94}, 0.91)
Test | NLL Loss: 8.503828 | Acc: 0.3210 | MSE: 0.12046575546264648| CS: ({'0': 0.93, '1': 0.94, '2': 0.91, '3': 0.9, '4': 0.9, '5': 0.95, '6': 0.91, '7': 0.95, '8': 0.94, '9': 0.93}, 0.93)
Train Epoch: 86 | Loss: 0.001010 | Acc: 1.0000| MSE: 0.0000 || V Loss: 8.1096| V Acc: 0.3387| V MSE: 0.1183| CS: ({'0': 0.94, '1': 0.93, '2': 0.91, '3': 0.91, '4': 0.9, '5': 0.86, '6': 0.85, '7': 0.94, '8': 0.93, '9': 0.94}, 0.91)
Test | NLL Loss: 8.527920 | Acc: 0.3216 | MSE: 0.12050083010627058| CS: ({'0': 0.93, '1': 0.93, '2': 0.91, '3': 0.9, '4': 0.89, '5': 0.94, '6': 0.91, '7': 0.96, '8': 0.94, '9': 0.93}, 0.92)
Train Epoch: 87 | Loss: 0.000926 | Acc: 1.0000| MSE: 0.0000 || V Loss: 8.1746| V Acc: 0.3391| V MSE: 0.1184| CS: ({'0': 0.92, '1': 0.93, '2': 0.91, '3': 0.9, '4': 0.91, '5': 0.87, '6': 0.85, '7': 0.91, '8': 0.92, '9': 0.95}, 0.91)
Test | NLL Loss: 8.558081 | Acc: 0.3218 | MSE: 0.1205643532089532| CS: ({'0': 0.93, '1': 0.93, '2': 0.91, '3': 0.9, '4': 0.89, '5': 0.95, '6': 0.91, '7': 0.95, '8': 0.95, '9': 0.93}, 0.92)
Train Epoch: 88 | Loss: 0.000881 | Acc: 1.0000| MSE: 0.0000 || V Loss: 8.2870| V Acc: 0.3332| V MSE: 0.1188| CS: ({'0': 0.94, '1': 0.92, '2': 0.92, '3': 0.95, '4': 0.91, '5': 0.87, '6': 0.86, '7': 0.91, '8': 0.92, '9': 0.95}, 0.91)
Test | NLL Loss: 8.574467 | Acc: 0.3227 | MSE: 0.12052013682195553| CS: ({'0': 0.93, '1': 0.93, '2': 0.91, '3': 0.9, '4': 0.9, '5': 0.94, '6': 0.91, '7': 0.96, '8': 0.95, '9': 0.94}, 0.93)
Train Epoch: 89 | Loss: 0.000794 | Acc: 1.0000| MSE: 0.0000 || V Loss: 8.2770| V Acc: 0.3336| V MSE: 0.1185| CS: ({'0': 0.94, '1': 0.93, '2': 0.92, '3': 0.98, '4': 0.92, '5': 0.9, '6': 0.84, '7': 0.88, '8': 0.94, '9': 0.95}, 0.92)
Test | NLL Loss: 8.604494 | Acc: 0.3234 | MSE: 0.12052703436952049| CS: ({'0': 0.93, '1': 0.94, '2': 0.91, '3': 0.91, '4': 0.9, '5': 0.94, '6': 0.91, '7': 0.96, '8': 0.94, '9': 0.94}, 0.93)
Train Epoch: 90 | Loss: 0.000723 | Acc: 1.0000| MSE: 0.0000 || V Loss: 8.1747| V Acc: 0.3305| V MSE: 0.1187| CS: ({'0': 0.93, '1': 0.95, '2': 0.93, '3': 0.93, '4': 0.9, '5': 0.87, '6': 0.87, '7': 0.91, '8': 0.94, '9': 0.95}, 0.92)
Test | NLL Loss: 8.634663 | Acc: 0.3237 | MSE: 0.12059353315792144| CS: ({'0': 0.93, '1': 0.93, '2': 0.91, '3': 0.9, '4': 0.89, '5': 0.94, '6': 0.91, '7': 0.96, '8': 0.95, '9': 0.93}, 0.93)
Train Epoch: 91 | Loss: 0.000660 | Acc: 1.0000| MSE: 0.0000 || V Loss: 8.2690| V Acc: 0.3289| V MSE: 0.1192| CS: ({'0': 0.94, '1': 0.93, '2': 0.88, '3': 0.93, '4': 0.9, '5': 0.88, '6': 0.89, '7': 0.91, '8': 0.93, '9': 0.95}, 0.91)
Test | NLL Loss: 8.644009 | Acc: 0.3234 | MSE: 0.12065415458081248| CS: ({'0': 0.93, '1': 0.93, '2': 0.91, '3': 0.91, '4': 0.89, '5': 0.94, '6': 0.92, '7': 0.95, '8': 0.95, '9': 0.93}, 0.93)
Train Epoch: 92 | Loss: 0.000619 | Acc: 1.0000| MSE: 0.0000 || V Loss: 8.2605| V Acc: 0.3312| V MSE: 0.1184| CS: ({'0': 0.94, '1': 0.93, '2': 0.88, '3': 0.92, '4': 0.9, '5': 0.91, '6': 0.9, '7': 0.91, '8': 0.92, '9': 0.95}, 0.92)
Test | NLL Loss: 8.674714 | Acc: 0.3238 | MSE: 0.12075782988589412| CS: ({'0': 0.93, '1': 0.94, '2': 0.91, '3': 0.91, '4': 0.89, '5': 0.93, '6': 0.92, '7': 0.96, '8': 0.94, '9': 0.93}, 0.93)
Train Epoch: 93 | Loss: 0.000574 | Acc: 1.0000| MSE: 0.0000 || V Loss: 8.3483| V Acc: 0.3293| V MSE: 0.1192| CS: ({'0': 0.92, '1': 0.97, '2': 0.92, '3': 0.96, '4': 0.91, '5': 0.91, '6': 0.89, '7': 0.89, '8': 0.92, '9': 0.96}, 0.93)
Test | NLL Loss: 8.699761 | Acc: 0.3254 | MSE: 0.12065036433002058| CS: ({'0': 0.93, '1': 0.94, '2': 0.91, '3': 0.91, '4': 0.9, '5': 0.94, '6': 0.91, '7': 0.96, '8': 0.94, '9': 0.93}, 0.93)
Train Epoch: 94 | Loss: 0.000530 | Acc: 1.0000| MSE: 0.0000 || V Loss: 8.3835| V Acc: 0.3312| V MSE: 0.1188| CS: ({'0': 0.94, '1': 0.95, '2': 0.93, '3': 0.96, '4': 0.9, '5': 0.88, '6': 0.9, '7': 0.87, '8': 0.92, '9': 0.96}, 0.92)
Test | NLL Loss: 8.730304 | Acc: 0.3247 | MSE: 0.1207578220306494| CS: ({'0': 0.93, '1': 0.94, '2': 0.91, '3': 0.91, '4': 0.9, '5': 0.94, '6': 0.91, '7': 0.96, '8': 0.94, '9': 0.94}, 0.93)
Train Epoch: 95 | Loss: 0.000492 | Acc: 1.0000| MSE: 0.0000 || V Loss: 8.3380| V Acc: 0.3277| V MSE: 0.1187| CS: ({'0': 0.93, '1': 0.97, '2': 0.93, '3': 0.95, '4': 0.91, '5': 0.88, '6': 0.93, '7': 0.9, '8': 0.92, '9': 0.96}, 0.93)
Test | NLL Loss: 8.748874 | Acc: 0.3255 | MSE: 0.12072393878961142| CS: ({'0': 0.93, '1': 0.94, '2': 0.91, '3': 0.9, '4': 0.9, '5': 0.94, '6': 0.92, '7': 0.95, '8': 0.95, '9': 0.94}, 0.93)
Train Epoch: 96 | Loss: 0.000469 | Acc: 1.0000| MSE: 0.0000 || V Loss: 8.3712| V Acc: 0.3344| V MSE: 0.1190| CS: ({'0': 0.91, '1': 0.92, '2': 0.87, '3': 0.9, '4': 0.89, '5': 0.92, '6': 0.93, '7': 0.9, '8': 0.92, '9': 0.96}, 0.91)
Test | NLL Loss: 8.775704 | Acc: 0.3248 | MSE: 0.12080885829350438| CS: ({'0': 0.93, '1': 0.94, '2': 0.91, '3': 0.91, '4': 0.9, '5': 0.94, '6': 0.92, '7': 0.96, '8': 0.94, '9': 0.94}, 0.93)
Train Epoch: 97 | Loss: 0.000425 | Acc: 1.0000| MSE: 0.0000 || V Loss: 8.4019| V Acc: 0.3254| V MSE: 0.1195| CS: ({'0': 0.92, '1': 0.94, '2': 0.93, '3': 1.0, '4': 0.91, '5': 0.92, '6': 0.93, '7': 0.87, '8': 0.93, '9': 0.96}, 0.93)
Test | NLL Loss: 8.803712 | Acc: 0.3253 | MSE: 0.12083830760595517| CS: ({'0': 0.93, '1': 0.94, '2': 0.91, '3': 0.91, '4': 0.91, '5': 0.94, '6': 0.91, '7': 0.95, '8': 0.94, '9': 0.94}, 0.93)
Train Epoch: 98 | Loss: 0.000400 | Acc: 1.0000| MSE: 0.0000 || V Loss: 8.4938| V Acc: 0.3223| V MSE: 0.1198| CS: ({'0': 0.93, '1': 0.92, '2': 0.94, '3': 1.0, '4': 0.93, '5': 0.92, '6': 0.94, '7': 0.88, '8': 0.93, '9': 0.96}, 0.94)
Test | NLL Loss: 8.826507 | Acc: 0.3258 | MSE: 0.1208787094623136| CS: ({'0': 0.93, '1': 0.94, '2': 0.92, '3': 0.91, '4': 0.9, '5': 0.94, '6': 0.92, '7': 0.95, '8': 0.94, '9': 0.94}, 0.93)
Train Epoch: 99 | Loss: 0.000371 | Acc: 1.0000| MSE: 0.0000 || V Loss: 8.4577| V Acc: 0.3227| V MSE: 0.1195| CS: ({'0': 0.91, '1': 0.94, '2': 0.93, '3': 1.0, '4': 0.94, '5': 0.92, '6': 0.93, '7': 0.91, '8': 0.93, '9': 0.96}, 0.94)
Test | NLL Loss: 8.870788 | Acc: 0.3256 | MSE: 0.12092116384650953| CS: ({'0': 0.93, '1': 0.94, '2': 0.91, '3': 0.91, '4': 0.91, '5': 0.93, '6': 0.92, '7': 0.95, '8': 0.95, '9': 0.94}, 0.93)
Train Epoch: 100 | Loss: 0.000349 | Acc: 1.0000| MSE: 0.0000 || V Loss: 8.5827| V Acc: 0.3262| V MSE: 0.1199| CS: ({'0': 0.92, '1': 0.94, '2': 0.93, '3': 1.0, '4': 0.91, '5': 0.92, '6': 0.94, '7': 0.89, '8': 0.92, '9': 0.97}, 0.93)
Test | NLL Loss: 8.892298 | Acc: 0.3255 | MSE: 0.1209337734661925| CS: ({'0': 0.93, '1': 0.95, '2': 0.92, '3': 0.92, '4': 0.9, '5': 0.94, '6': 0.91, '7': 0.96, '8': 0.94, '9': 0.94}, 0.93)
Test | NLL Loss: 8.887893 | Acc: 0.3259 | MSE: 0.1208654201616304| CS: ({'0': 0.93, '1': 0.95, '2': 0.92, '3': 0.92, '4': 0.9, '5': 0.94, '6': 0.91, '7': 0.96, '8': 0.94, '9': 0.94}, 0.93)
Took 417.88473320007324 seconds
