Config: 
 {
  "model_name": "simpleffn_cifar_100p_data_100p_params",
  "num_classes": 10,
  "in_features": 1024,
  "epochs": 100,
  "batch_size": 32,
  "lr": 0.01,
  "lr_decay": false,
  "train_p": 90.0,
  "test_p": 100,
  "dnn_config": {
    "layers": [
      150,
      100,
      10
    ]
  },
  "early_stopping": true,
  "patience": 5,
  "valid_p": 10.0,
  "optimizer": "adam"
} 

CIFAR-10 Dataset:
Training on 45000 samples (90.0% of 50000) 
Valid on 5000 samples (10.0% of 50000)
Test on 10000 samples (100% of 10000)

Files already downloaded and verified
Files already downloaded and verified
Running test for every 1 epoch
Model: 

LinearClassifier(
  (layers): ModuleList(
    (0): Linear(in_features=1024, out_features=150, bias=True)
    (1): Linear(in_features=150, out_features=100, bias=True)
    (2): Linear(in_features=100, out_features=10, bias=True)
  )
  (relu_activation): ReLU()
  (softmax_activation): LogSoftmax()
)


Summary: 

----------------------------------------------------------------
        Layer (type)               Output Shape         Param #
================================================================
            Linear-1                  [-1, 150]         153,750
              ReLU-2                  [-1, 150]               0
            Linear-3                  [-1, 100]          15,100
              ReLU-4                  [-1, 100]               0
            Linear-5                   [-1, 10]           1,010
        LogSoftmax-6                   [-1, 10]               0
================================================================
Total params: 169,860
Trainable params: 169,860
Non-trainable params: 0
----------------------------------------------------------------
Input size (MB): 0.00
Forward/backward pass size (MB): 0.00
Params size (MB): 0.65
Estimated Total Size (MB): 0.66
----------------------------------------------------------------


Train Epoch: 1 | Loss: 2.154665 | Acc: 0.1937| MSE: 0.0866 || V Loss: 2.1028| V Acc: 0.1982| V MSE: 0.0850| CS: ({'1': 0.31, '2': 0.21, '3': 0.14, '4': 0.13, '6': 0.14, '7': 0.36, '8': 0.43, '9': 0.5}, 0.28)
Test | NLL Loss: 2.099919 | Acc: 0.2006 | MSE: 0.08500961516611873| CS: ({'0': 0.18, '1': 0.31, '2': 0.2, '3': 0.14, '4': 0.13, '5': 0.15, '6': 0.14, '7': 0.36, '8': 0.41, '9': 0.5}, 0.25)
Train Epoch: 2 | Loss: 2.100200 | Acc: 0.2054| MSE: 0.0853 || V Loss: 2.0788| V Acc: 0.2014| V MSE: 0.0844| CS: ({'0': 0.33, '1': 0.33, '2': 0.14, '4': 0.14, '6': 0.13, '7': 0.7, '8': 0.37, '9': 0.34}, 0.31)
Test | NLL Loss: 2.081218 | Acc: 0.2059 | MSE: 0.08439131923757803| CS: ({'0': 0.33, '1': 0.34, '2': 0.14, '4': 0.14, '6': 0.13, '7': 0.71, '8': 0.38, '9': 0.37}, 0.32)
Train Epoch: 3 | Loss: 2.083906 | Acc: 0.2097| MSE: 0.0847 || V Loss: 2.0844| V Acc: 0.2219| V MSE: 0.0844| CS: ({'0': 0.44, '1': 0.4, '2': 0.13, '5': 0.15, '6': 0.12, '7': 0.56, '8': 0.44, '9': 0.43}, 0.33)
Test | NLL Loss: 2.093243 | Acc: 0.2117 | MSE: 0.08474150987954947| CS: ({'0': 0.45, '1': 0.4, '2': 0.13, '5': 0.15, '6': 0.13, '7': 0.52, '8': 0.44, '9': 0.41}, 0.33)
Train Epoch: 4 | Loss: 2.080210 | Acc: 0.2084| MSE: 0.0845 || V Loss: 2.0792| V Acc: 0.2176| V MSE: 0.0845| CS: ({'0': 0.39, '1': 0.5, '3': 0.14, '4': 0.14, '5': 0.15, '7': 0.7, '8': 0.31, '9': 0.38}, 0.34)
Test | NLL Loss: 2.087377 | Acc: 0.2099 | MSE: 0.0848817981708164| CS: ({'0': 0.39, '1': 0.5, '3': 0.14, '4': 0.14, '5': 0.15, '7': 0.75, '8': 0.3, '9': 0.4}, 0.35)
Train Epoch: 5 | Loss: 2.063804 | Acc: 0.2149| MSE: 0.0840 || V Loss: 2.1027| V Acc: 0.2110| V MSE: 0.0858| CS: ({'0': 0.54, '1': 0.5, '2': 0.14, '5': 0.15, '6': 0.14, '7': 0.65, '8': 0.35, '9': 0.41}, 0.36)
Test | NLL Loss: 2.098263 | Acc: 0.2027 | MSE: 0.08567018390368349| CS: ({'0': 0.53, '1': 0.5, '2': 0.14, '5': 0.15, '6': 0.14, '7': 0.7, '8': 0.37, '9': 0.44}, 0.37)
Train Epoch: 6 | Loss: 2.067825 | Acc: 0.2062| MSE: 0.0844 || V Loss: 2.0995| V Acc: 0.1998| V MSE: 0.0852| CS: ({'0': 0.35, '1': 0.46, '2': 0.16, '3': 0.13, '4': 0.17, '5': 0.13, '6': 0.13, '7': 0.77, '9': 0.26}, 0.28)
Test | NLL Loss: 2.089074 | Acc: 0.1969 | MSE: 0.08513205603193551| CS: ({'0': 0.35, '1': 0.46, '2': 0.17, '3': 0.13, '4': 0.18, '5': 0.13, '6': 0.13, '7': 0.72, '9': 0.27}, 0.28)
Train Epoch: 7 | Loss: 2.049216 | Acc: 0.2140| MSE: 0.0837 || V Loss: 2.1308| V Acc: 0.2319| V MSE: 0.0858| CS: ({'0': 0.34, '2': 0.16, '5': 0.14, '6': 0.15, '7': 0.81, '8': 0.54, '9': 0.62}, 0.39)
Test | NLL Loss: 2.146821 | Acc: 0.2225 | MSE: 0.08621822316616107| CS: ({'0': 0.34, '2': 0.15, '5': 0.14, '6': 0.15, '7': 0.78, '8': 0.52, '9': 0.63}, 0.39)
Train Epoch: 8 | Loss: 2.042382 | Acc: 0.2202| MSE: 0.0834 || V Loss: 2.1292| V Acc: 0.2195| V MSE: 0.0847| CS: ({'0': 0.22, '1': 0.45, '3': 0.15, '4': 0.14, '5': 0.14, '7': 0.69, '8': 0.51, '9': 0.51}, 0.35)
Test | NLL Loss: 2.115454 | Acc: 0.2180 | MSE: 0.08454049854708937| CS: ({'0': 0.2, '1': 0.44, '2': 0.14, '3': 0.15, '4': 0.14, '5': 0.14, '7': 0.68, '8': 0.48, '9': 0.5}, 0.32)
Train Epoch: 9 | Loss: 2.030971 | Acc: 0.2201| MSE: 0.0832 || V Loss: 2.0901| V Acc: 0.2293| V MSE: 0.0845| CS: ({'0': 0.26, '1': 0.13, '2': 0.13, '4': 0.17, '5': 0.15, '7': 0.74, '8': 0.46, '9': 0.52}, 0.32)
Test | NLL Loss: 2.090765 | Acc: 0.2190 | MSE: 0.0843557415488429| CS: ({'0': 0.26, '1': 0.14, '2': 0.12, '4': 0.16, '5': 0.16, '7': 0.74, '8': 0.43, '9': 0.54}, 0.32)
Train Epoch: 10 | Loss: 2.032377 | Acc: 0.2237| MSE: 0.0831 || V Loss: 2.0963| V Acc: 0.2112| V MSE: 0.0844| CS: ({'0': 0.37, '1': 0.41, '2': 0.14, '4': 0.14, '5': 0.19, '6': 0.14, '7': 0.77, '8': 0.55, '9': 0.38}, 0.34)
Test | NLL Loss: 2.136663 | Acc: 0.2054 | MSE: 0.08494372780140215| CS: ({'0': 0.35, '1': 0.42, '2': 0.14, '4': 0.14, '5': 0.24, '6': 0.14, '7': 0.79, '8': 0.52, '9': 0.43}, 0.35)
Train Epoch: 11 | Loss: 2.039264 | Acc: 0.2186| MSE: 0.0833 || V Loss: 2.1331| V Acc: 0.2036| V MSE: 0.0861| CS: ({'0': 0.19, '2': 0.12, '4': 0.19, '6': 0.15, '7': 0.76, '8': 0.4, '9': 0.53}, 0.33)
Test | NLL Loss: 2.148887 | Acc: 0.2040 | MSE: 0.08624242588925285| CS: ({'0': 0.17, '2': 0.14, '4': 0.19, '6': 0.15, '7': 0.76, '8': 0.36, '9': 0.55}, 0.33)
Train Epoch: 12 | Loss: 2.025141 | Acc: 0.2199| MSE: 0.0830 || V Loss: 2.1042| V Acc: 0.2064| V MSE: 0.0848| CS: ({'0': 0.17, '1': 0.22, '4': 0.16, '5': 0.15, '7': 0.72, '8': 0.53, '9': 0.43}, 0.34)
Test | NLL Loss: 2.108777 | Acc: 0.2016 | MSE: 0.0849474889163773| CS: ({'0': 0.17, '1': 0.22, '2': 0.15, '4': 0.15, '5': 0.15, '7': 0.73, '8': 0.5, '9': 0.43}, 0.31)
Train Epoch: 13 | Loss: 2.016419 | Acc: 0.2268| MSE: 0.0827 || V Loss: 2.1165| V Acc: 0.2058| V MSE: 0.0847| CS: ({'0': 0.37, '1': 0.35, '2': 0.15, '4': 0.15, '6': 0.14, '7': 0.71, '8': 0.54, '9': 0.42}, 0.35)
Test | NLL Loss: 2.129038 | Acc: 0.2059 | MSE: 0.08463152724142653| CS: ({'0': 0.36, '1': 0.36, '2': 0.15, '4': 0.15, '6': 0.14, '7': 0.74, '8': 0.53, '9': 0.42}, 0.36)
Train Epoch: 14 | Loss: 2.018107 | Acc: 0.2253| MSE: 0.0827 || V Loss: 2.0836| V Acc: 0.2110| V MSE: 0.0838| CS: ({'0': 0.42, '1': 0.49, '4': 0.17, '6': 0.14, '7': 0.84, '8': 0.45, '9': 0.58}, 0.44)
Test | NLL Loss: 2.089793 | Acc: 0.2067 | MSE: 0.08410540875344992| CS: ({'0': 0.45, '1': 0.47, '4': 0.17, '6': 0.14, '7': 0.78, '8': 0.44, '9': 0.6}, 0.44)
Train Epoch: 15 | Loss: 2.007217 | Acc: 0.2289| MSE: 0.0824 || V Loss: 2.1094| V Acc: 0.2249| V MSE: 0.0835| CS: ({'0': 0.24, '1': 0.42, '2': 0.14, '6': 0.15, '7': 0.86, '8': 0.52, '9': 0.51}, 0.41)
Test | NLL Loss: 2.104485 | Acc: 0.2225 | MSE: 0.0836916578273042| CS: ({'0': 0.24, '1': 0.4, '2': 0.14, '6': 0.15, '7': 0.83, '8': 0.5, '9': 0.54}, 0.4)
Train Epoch: 16 | Loss: 2.012250 | Acc: 0.2271| MSE: 0.0825 || V Loss: 2.1069| V Acc: 0.1879| V MSE: 0.0849| CS: ({'0': 0.4, '1': 0.51, '2': 0.13, '3': 0.13, '4': 0.15, '6': 0.13, '7': 0.71, '9': 0.51}, 0.33)
Test | NLL Loss: 2.109976 | Acc: 0.1901 | MSE: 0.08520190060709992| CS: ({'0': 0.4, '1': 0.51, '2': 0.13, '3': 0.13, '4': 0.16, '6': 0.13, '7': 0.74, '8': 0.32, '9': 0.48}, 0.33)
Train Epoch: 17 | Loss: 1.991311 | Acc: 0.2321| MSE: 0.0820 || V Loss: 2.0978| V Acc: 0.2315| V MSE: 0.0836| CS: ({'0': 0.22, '1': 0.33, '2': 0.14, '3': 0.13, '4': 0.15, '5': 0.15, '7': 0.77, '8': 0.49, '9': 0.55}, 0.33)
Test | NLL Loss: 2.089001 | Acc: 0.2251 | MSE: 0.08366944817022774| CS: ({'0': 0.21, '1': 0.33, '2': 0.14, '3': 0.16, '4': 0.15, '5': 0.15, '6': 0.11, '7': 0.74, '8': 0.48, '9': 0.55}, 0.3)
Train Epoch: 18 | Loss: 2.013622 | Acc: 0.2250| MSE: 0.0825 || V Loss: 2.1246| V Acc: 0.2241| V MSE: 0.0845| CS: ({'0': 0.23, '1': 0.32, '2': 0.14, '3': 0.14, '5': 0.14, '6': 0.17, '7': 0.86, '8': 0.6, '9': 0.47}, 0.34)
Test | NLL Loss: 2.116067 | Acc: 0.2136 | MSE: 0.08451529589895242| CS: ({'0': 0.23, '1': 0.33, '2': 0.15, '3': 0.14, '5': 0.14, '6': 0.17, '7': 0.84, '8': 0.58, '9': 0.48}, 0.34)
Train Epoch: 19 | Loss: 2.001068 | Acc: 0.2298| MSE: 0.0821 || V Loss: 2.1158| V Acc: 0.2114| V MSE: 0.0844| CS: ({'0': 0.27, '1': 0.57, '3': 0.14, '6': 0.14, '7': 0.84, '8': 0.54, '9': 0.5}, 0.43)
Test | NLL Loss: 2.115013 | Acc: 0.2128 | MSE: 0.08476122675802761| CS: ({'0': 0.26, '1': 0.56, '3': 0.14, '6': 0.14, '7': 0.81, '8': 0.54, '9': 0.53}, 0.43)
Train Epoch: 20 | Loss: 2.001679 | Acc: 0.2301| MSE: 0.0821 || V Loss: 2.1179| V Acc: 0.2176| V MSE: 0.0847| CS: ({'0': 0.48, '1': 0.6, '3': 0.15, '4': 0.14, '7': 0.76, '8': 0.55, '9': 0.55}, 0.46)
Test | NLL Loss: 2.138924 | Acc: 0.2087 | MSE: 0.08535420632781313| CS: ({'0': 0.47, '1': 0.64, '3': 0.15, '4': 0.15, '7': 0.79, '8': 0.53, '9': 0.53}, 0.47)
Train Epoch: 21 | Loss: 1.988584 | Acc: 0.2345| MSE: 0.0818 || V Loss: 2.1168| V Acc: 0.2255| V MSE: 0.0844| CS: ({'0': 0.28, '1': 0.57, '4': 0.15, '5': 0.15, '6': 0.12, '7': 0.79, '8': 0.48, '9': 0.57}, 0.39)
Test | NLL Loss: 2.150732 | Acc: 0.2183 | MSE: 0.08484854680090285| CS: ({'0': 0.26, '1': 0.55, '2': 0.15, '4': 0.16, '5': 0.15, '6': 0.12, '7': 0.8, '8': 0.48, '9': 0.52}, 0.35)
Train Epoch: 22 | Loss: 1.991004 | Acc: 0.2341| MSE: 0.0818 || V Loss: 2.1463| V Acc: 0.2178| V MSE: 0.0859| CS: ({'0': 0.26, '2': 0.14, '3': 0.13, '4': 0.18, '5': 0.14, '7': 0.7, '8': 0.57, '9': 0.56}, 0.33)
Test | NLL Loss: 2.149893 | Acc: 0.2114 | MSE: 0.0860043632003446| CS: ({'0': 0.23, '2': 0.15, '3': 0.13, '4': 0.18, '5': 0.14, '7': 0.71, '8': 0.56, '9': 0.59}, 0.34)
Train Epoch: 23 | Loss: 1.985014 | Acc: 0.2347| MSE: 0.0817 || V Loss: 2.1534| V Acc: 0.1869| V MSE: 0.0862| CS: ({'0': 0.55, '1': 0.55, '3': 0.15, '4': 0.14, '7': 0.88, '8': 0.36, '9': 0.53}, 0.45)
Test | NLL Loss: 2.156384 | Acc: 0.1922 | MSE: 0.08612479500401134| CS: ({'0': 0.56, '1': 0.57, '3': 0.15, '4': 0.14, '7': 0.86, '8': 0.36, '9': 0.44}, 0.44)
Train Epoch: 24 | Loss: 1.974193 | Acc: 0.2363| MSE: 0.0814 || V Loss: 2.1336| V Acc: 0.2018| V MSE: 0.0851| CS: ({'0': 0.44, '2': 0.14, '3': 0.16, '4': 0.14, '7': 0.87, '8': 0.47, '9': 0.54}, 0.39)
Test | NLL Loss: 2.127166 | Acc: 0.2051 | MSE: 0.0848971629342713| CS: ({'0': 0.46, '2': 0.16, '3': 0.16, '4': 0.14, '6': 0.14, '7': 0.86, '8': 0.46, '9': 0.55}, 0.37)
Train Epoch: 25 | Loss: 1.979516 | Acc: 0.2339| MSE: 0.0815 || V Loss: 2.1647| V Acc: 0.2235| V MSE: 0.0856| CS: ({'0': 0.24, '1': 0.66, '2': 0.14, '4': 0.21, '5': 0.14, '6': 0.15, '7': 0.88, '8': 0.55, '9': 0.53}, 0.39)
Test | NLL Loss: 2.171699 | Acc: 0.2189 | MSE: 0.08606931236319648| CS: ({'0': 0.24, '1': 0.66, '2': 0.14, '4': 0.22, '5': 0.14, '6': 0.15, '7': 0.84, '8': 0.51, '9': 0.49}, 0.38)
Train Epoch: 26 | Loss: 1.977956 | Acc: 0.2365| MSE: 0.0816 || V Loss: 2.1400| V Acc: 0.2257| V MSE: 0.0842| CS: ({'1': 0.52, '4': 0.2, '5': 0.14, '6': 0.16, '7': 0.63, '8': 0.52, '9': 0.54}, 0.39)
Test | NLL Loss: 2.143501 | Acc: 0.2122 | MSE: 0.08460545025694484| CS: ({'1': 0.53, '4': 0.21, '5': 0.14, '6': 0.15, '7': 0.67, '8': 0.53, '9': 0.52}, 0.39)
Train Epoch: 27 | Loss: 1.972945 | Acc: 0.2400| MSE: 0.0814 || V Loss: 2.1695| V Acc: 0.2122| V MSE: 0.0847| CS: ({'0': 0.49, '1': 0.45, '2': 0.2, '3': 0.14, '4': 0.21, '5': 0.15, '7': 0.82, '8': 0.49, '9': 0.59}, 0.39)
Test | NLL Loss: 2.174387 | Acc: 0.2118 | MSE: 0.08442266909078287| CS: ({'0': 0.52, '1': 0.44, '3': 0.14, '4': 0.19, '5': 0.15, '6': 0.23, '7': 0.79, '8': 0.47, '9': 0.59}, 0.39)
Train Epoch: 28 | Loss: 1.973134 | Acc: 0.2403| MSE: 0.0814 || V Loss: 2.1689| V Acc: 0.2030| V MSE: 0.0849| CS: ({'0': 0.29, '1': 0.52, '2': 0.16, '6': 0.14, '7': 0.89, '8': 0.5, '9': 0.56}, 0.44)
Test | NLL Loss: 2.198555 | Acc: 0.2013 | MSE: 0.08514732929369132| CS: ({'0': 0.28, '1': 0.54, '2': 0.17, '6': 0.14, '7': 0.89, '8': 0.5, '9': 0.56}, 0.44)
Train Epoch: 29 | Loss: 1.967830 | Acc: 0.2401| MSE: 0.0813 || V Loss: 2.1475| V Acc: 0.2269| V MSE: 0.0843| CS: ({'0': 0.3, '1': 0.51, '2': 0.18, '3': 0.15, '4': 0.19, '5': 0.15, '7': 0.68, '8': 0.55, '9': 0.78}, 0.39)
Test | NLL Loss: 2.158408 | Acc: 0.2151 | MSE: 0.08469577785878897| CS: ({'0': 0.32, '1': 0.53, '2': 0.18, '3': 0.15, '4': 0.25, '5': 0.15, '7': 0.68, '8': 0.53, '9': 0.76}, 0.39)
Train Epoch: 30 | Loss: 1.961293 | Acc: 0.2412| MSE: 0.0810 || V Loss: 2.1780| V Acc: 0.2197| V MSE: 0.0858| CS: ({'0': 0.43, '1': 0.66, '2': 0.23, '4': 0.15, '5': 0.15, '7': 0.82, '8': 0.45, '9': 0.71}, 0.45)
Test | NLL Loss: 2.195816 | Acc: 0.2131 | MSE: 0.08604170260623621| CS: ({'0': 0.44, '1': 0.66, '2': 0.24, '4': 0.15, '5': 0.15, '7': 0.8, '8': 0.43, '9': 0.72}, 0.45)
Train Epoch: 31 | Loss: 1.953621 | Acc: 0.2421| MSE: 0.0808 || V Loss: 2.1935| V Acc: 0.2363| V MSE: 0.0843| CS: ({'0': 0.39, '1': 0.49, '3': 0.15, '4': 0.17, '5': 0.15, '7': 0.85, '8': 0.65, '9': 0.66}, 0.44)
Test | NLL Loss: 2.189264 | Acc: 0.2252 | MSE: 0.08478212887391495| CS: ({'0': 0.37, '1': 0.5, '3': 0.15, '4': 0.17, '5': 0.15, '6': 0.13, '7': 0.82, '8': 0.65, '9': 0.67}, 0.4)
Train Epoch: 32 | Loss: 1.962097 | Acc: 0.2410| MSE: 0.0809 || V Loss: 2.1803| V Acc: 0.2164| V MSE: 0.0857| CS: ({'0': 0.53, '1': 0.67, '4': 0.17, '5': 0.14, '6': 0.16, '7': 0.87, '8': 0.49, '9': 0.54}, 0.45)
Test | NLL Loss: 2.180186 | Acc: 0.2065 | MSE: 0.0861510610142455| CS: ({'0': 0.53, '1': 0.68, '4': 0.18, '5': 0.14, '6': 0.15, '7': 0.87, '8': 0.49, '9': 0.55}, 0.45)
Train Epoch: 33 | Loss: 1.948186 | Acc: 0.2462| MSE: 0.0806 || V Loss: 2.1551| V Acc: 0.2124| V MSE: 0.0840| CS: ({'0': 0.23, '1': 0.54, '3': 0.16, '4': 0.14, '7': 0.87, '8': 0.58, '9': 0.73}, 0.46)
Test | NLL Loss: 2.186933 | Acc: 0.2174 | MSE: 0.08445113771163618| CS: ({'0': 0.24, '1': 0.53, '3': 0.16, '4': 0.14, '5': 0.95, '6': 0.13, '7': 0.88, '8': 0.57, '9': 0.7}, 0.48)
Train Epoch: 34 | Loss: 1.949077 | Acc: 0.2429| MSE: 0.0807 || V Loss: 2.1396| V Acc: 0.2186| V MSE: 0.0844| CS: ({'0': 0.44, '1': 0.5, '2': 0.15, '3': 0.14, '5': 0.15, '7': 0.86, '8': 0.55, '9': 0.61}, 0.42)
Test | NLL Loss: 2.152006 | Acc: 0.2117 | MSE: 0.08482090752726545| CS: ({'0': 0.44, '1': 0.5, '2': 0.15, '3': 0.14, '4': 0.19, '5': 0.15, '6': 0.13, '7': 0.86, '8': 0.56, '9': 0.57}, 0.37)
Train Epoch: 35 | Loss: 1.952724 | Acc: 0.2445| MSE: 0.0807 || V Loss: 2.1599| V Acc: 0.2106| V MSE: 0.0854| CS: ({'0': 0.51, '1': 0.6, '3': 0.14, '4': 0.16, '6': 0.14, '7': 0.81, '8': 0.53, '9': 0.34}, 0.4)
Test | NLL Loss: 2.167234 | Acc: 0.2025 | MSE: 0.08570822990073944| CS: ({'0': 0.49, '1': 0.61, '3': 0.14, '4': 0.15, '6': 0.14, '7': 0.84, '8': 0.53, '9': 0.28}, 0.4)
Train Epoch: 36 | Loss: 1.935031 | Acc: 0.2501| MSE: 0.0803 || V Loss: 2.1323| V Acc: 0.2130| V MSE: 0.0841| CS: ({'0': 0.23, '1': 0.46, '4': 0.16, '6': 0.15, '7': 0.83, '8': 0.61, '9': 0.57}, 0.43)
Test | NLL Loss: 2.143600 | Acc: 0.2133 | MSE: 0.08453894404176705| CS: ({'0': 0.22, '1': 0.45, '4': 0.15, '6': 0.15, '7': 0.85, '8': 0.6, '9': 0.57}, 0.43)
Train Epoch: 37 | Loss: 1.954773 | Acc: 0.2415| MSE: 0.0808 || V Loss: 2.1703| V Acc: 0.2144| V MSE: 0.0845| CS: ({'0': 0.24, '1': 0.54, '4': 0.16, '6': 0.15, '7': 0.88, '8': 0.56, '9': 0.55}, 0.44)
Test | NLL Loss: 2.201556 | Acc: 0.2145 | MSE: 0.08480026218266533| CS: ({'0': 0.27, '1': 0.54, '4': 0.16, '6': 0.15, '7': 0.88, '8': 0.57, '9': 0.56}, 0.45)
Train Epoch: 38 | Loss: 1.944705 | Acc: 0.2460| MSE: 0.0805 || V Loss: 2.2190| V Acc: 0.2044| V MSE: 0.0858| CS: ({'0': 0.38, '1': 0.68, '3': 0.13, '4': 0.15, '6': 0.14, '7': 0.81, '8': 0.59, '9': 0.54}, 0.43)
Test | NLL Loss: 2.218700 | Acc: 0.2063 | MSE: 0.08607987623911696| CS: ({'0': 0.36, '1': 0.68, '3': 0.13, '4': 0.15, '6': 0.14, '7': 0.79, '8': 0.59, '9': 0.48}, 0.42)
Train Epoch: 39 | Loss: 1.937908 | Acc: 0.2447| MSE: 0.0804 || V Loss: 2.1605| V Acc: 0.2138| V MSE: 0.0846| CS: ({'0': 0.32, '3': 0.17, '4': 0.16, '5': 0.15, '7': 0.82, '8': 0.56, '9': 0.48}, 0.38)
Test | NLL Loss: 2.143787 | Acc: 0.2102 | MSE: 0.08426294023522173| CS: ({'0': 0.31, '2': 0.19, '3': 0.17, '4': 0.15, '5': 0.15, '7': 0.8, '8': 0.56, '9': 0.5}, 0.35)
Train Epoch: 40 | Loss: 1.939937 | Acc: 0.2485| MSE: 0.0804 || V Loss: 2.2332| V Acc: 0.2096| V MSE: 0.0850| CS: ({'0': 0.4, '1': 0.55, '2': 0.17, '4': 0.14, '6': 0.14, '7': 0.89, '8': 0.51, '9': 0.72}, 0.44)
Test | NLL Loss: 2.242866 | Acc: 0.2063 | MSE: 0.08533197857987004| CS: ({'0': 0.4, '1': 0.55, '2': 0.17, '6': 0.14, '7': 0.89, '8': 0.5, '9': 0.72}, 0.48)
Train Epoch: 41 | Loss: 1.944816 | Acc: 0.2459| MSE: 0.0804 || V Loss: 2.2193| V Acc: 0.2056| V MSE: 0.0856| CS: ({'0': 0.44, '1': 0.21, '2': 0.15, '3': 0.14, '6': 0.14, '7': 0.87, '8': 0.55, '9': 0.62}, 0.39)
Test | NLL Loss: 2.224347 | Acc: 0.2058 | MSE: 0.08598540739986463| CS: ({'0': 0.42, '1': 0.22, '2': 0.15, '3': 0.14, '6': 0.15, '7': 0.85, '8': 0.52, '9': 0.63}, 0.39)
Train Epoch: 42 | Loss: 1.931739 | Acc: 0.2474| MSE: 0.0801 || V Loss: 2.1786| V Acc: 0.2283| V MSE: 0.0846| CS: ({'0': 0.26, '1': 0.55, '2': 0.18, '5': 0.14, '6': 0.15, '7': 0.84, '8': 0.6, '9': 0.54}, 0.41)
Test | NLL Loss: 2.155579 | Acc: 0.2198 | MSE: 0.08439976769609574| CS: ({'0': 0.27, '1': 0.55, '2': 0.18, '5': 0.14, '6': 0.15, '7': 0.83, '8': 0.6, '9': 0.55}, 0.41)
Train Epoch: 43 | Loss: 1.929380 | Acc: 0.2498| MSE: 0.0799 || V Loss: 2.2195| V Acc: 0.2150| V MSE: 0.0850| CS: ({'0': 0.44, '3': 0.14, '4': 0.16, '6': 0.15, '7': 0.83, '8': 0.64, '9': 0.51}, 0.41)
Test | NLL Loss: 2.241906 | Acc: 0.2156 | MSE: 0.08492026956507955| CS: ({'0': 0.45, '2': 0.15, '3': 0.14, '4': 0.16, '5': 1.0, '6': 0.15, '7': 0.85, '8': 0.65, '9': 0.53}, 0.45)
Train Epoch: 44 | Loss: 1.934597 | Acc: 0.2478| MSE: 0.0802 || V Loss: 2.1751| V Acc: 0.2233| V MSE: 0.0850| CS: ({'0': 0.24, '1': 0.61, '2': 0.16, '3': 0.14, '5': 0.15, '7': 0.87, '8': 0.65, '9': 0.73}, 0.44)
Test | NLL Loss: 2.162437 | Acc: 0.2172 | MSE: 0.08501451269696696| CS: ({'0': 0.25, '1': 0.61, '2': 0.17, '3': 0.14, '5': 0.15, '7': 0.88, '8': 0.64, '9': 0.7}, 0.44)
Train Epoch: 45 | Loss: 1.938978 | Acc: 0.2472| MSE: 0.0802 || V Loss: 2.2002| V Acc: 0.2205| V MSE: 0.0850| CS: ({'0': 0.4, '1': 0.57, '2': 0.16, '3': 0.14, '4': 0.15, '5': 0.14, '6': 0.14, '7': 0.89, '8': 0.57, '9': 0.69}, 0.38)
Test | NLL Loss: 2.223870 | Acc: 0.2097 | MSE: 0.08552750997459546| CS: ({'0': 0.4, '1': 0.59, '2': 0.15, '4': 0.14, '5': 0.14, '6': 0.14, '7': 0.89, '8': 0.58, '9': 0.7}, 0.41)
Train Epoch: 46 | Loss: 1.923427 | Acc: 0.2510| MSE: 0.0799 || V Loss: 2.2018| V Acc: 0.2209| V MSE: 0.0844| CS: ({'0': 0.41, '1': 0.56, '3': 0.14, '4': 0.21, '7': 0.91, '8': 0.54, '9': 0.63}, 0.49)
Test | NLL Loss: 2.219753 | Acc: 0.2109 | MSE: 0.08487633865671798| CS: ({'0': 0.41, '1': 0.56, '3': 0.14, '4': 0.17, '5': 1.0, '7': 0.9, '8': 0.55, '9': 0.65}, 0.55)
Train Epoch: 47 | Loss: 1.946327 | Acc: 0.2479| MSE: 0.0804 || V Loss: 2.2318| V Acc: 0.2130| V MSE: 0.0850| CS: ({'0': 0.48, '1': 0.44, '3': 0.14, '5': 0.16, '6': 0.13, '7': 0.9, '8': 0.64, '9': 0.6}, 0.44)
Test | NLL Loss: 2.245447 | Acc: 0.2106 | MSE: 0.08547713688482492| CS: ({'0': 0.47, '1': 0.43, '3': 0.14, '5': 0.16, '6': 0.13, '7': 0.87, '8': 0.64, '9': 0.59}, 0.43)
Train Epoch: 48 | Loss: 1.928965 | Acc: 0.2495| MSE: 0.0800 || V Loss: 2.2363| V Acc: 0.2132| V MSE: 0.0848| CS: ({'0': 0.37, '1': 0.59, '2': 0.15, '4': 0.16, '6': 0.14, '7': 0.89, '8': 0.63, '9': 0.75}, 0.46)
Test | NLL Loss: 2.251027 | Acc: 0.2131 | MSE: 0.08533193559025803| CS: ({'0': 0.35, '1': 0.58, '2': 0.17, '4': 0.16, '6': 0.14, '7': 0.9, '8': 0.63, '9': 0.74}, 0.46)
Train Epoch: 49 | Loss: 1.922485 | Acc: 0.2538| MSE: 0.0797 || V Loss: 2.2108| V Acc: 0.2213| V MSE: 0.0848| CS: ({'0': 0.48, '1': 0.49, '2': 0.24, '3': 0.14, '5': 0.14, '7': 0.58, '8': 0.62, '9': 0.58}, 0.41)
Test | NLL Loss: 2.248654 | Acc: 0.2067 | MSE: 0.08546600947840907| CS: ({'0': 0.5, '1': 0.49, '2': 0.25, '3': 0.13, '4': 0.16, '5': 0.14, '7': 0.61, '8': 0.61, '9': 0.56}, 0.38)
Train Epoch: 50 | Loss: 1.925786 | Acc: 0.2524| MSE: 0.0799 || V Loss: 2.1937| V Acc: 0.2044| V MSE: 0.0850| CS: ({'0': 0.46, '1': 0.6, '2': 0.18, '3': 0.13, '4': 0.3, '6': 0.14, '7': 0.79, '8': 0.53, '9': 0.72}, 0.43)
Test | NLL Loss: 2.218766 | Acc: 0.2106 | MSE: 0.08515069055290649| CS: ({'0': 0.46, '1': 0.61, '2': 0.17, '3': 0.13, '4': 0.25, '6': 0.14, '7': 0.78, '8': 0.53, '9': 0.71}, 0.42)
Train Epoch: 51 | Loss: 1.936677 | Acc: 0.2485| MSE: 0.0801 || V Loss: 2.1632| V Acc: 0.2285| V MSE: 0.0843| CS: ({'0': 0.48, '1': 0.51, '2': 0.15, '3': 0.14, '5': 0.15, '6': 0.14, '7': 0.8, '8': 0.48, '9': 0.72}, 0.4)
Test | NLL Loss: 2.160470 | Acc: 0.2161 | MSE: 0.08462937485676604| CS: ({'0': 0.5, '1': 0.51, '2': 0.16, '3': 0.14, '5': 0.15, '6': 0.14, '7': 0.81, '8': 0.49, '9': 0.71}, 0.4)
Train Epoch: 52 | Loss: 1.921239 | Acc: 0.2502| MSE: 0.0798 || V Loss: 2.2273| V Acc: 0.2180| V MSE: 0.0850| CS: ({'0': 0.48, '1': 0.55, '2': 0.15, '3': 0.14, '6': 0.15, '7': 0.89, '8': 0.6, '9': 0.72}, 0.46)
Test | NLL Loss: 2.305535 | Acc: 0.2176 | MSE: 0.08492090503057352| CS: ({'0': 0.49, '1': 0.56, '2': 0.15, '6': 0.15, '7': 0.9, '8': 0.62, '9': 0.73}, 0.51)
Train Epoch: 53 | Loss: 1.918255 | Acc: 0.2542| MSE: 0.0797 || V Loss: 2.2468| V Acc: 0.2138| V MSE: 0.0851| CS: ({'0': 0.51, '1': 0.53, '2': 0.14, '4': 1.0, '5': 0.14, '6': 0.14, '7': 0.92, '8': 0.6, '9': 0.55}, 0.5)
Test | NLL Loss: 2.305863 | Acc: 0.2098 | MSE: 0.08518802117520628| CS: ({'0': 0.53, '1': 0.54, '2': 0.14, '4': 0.69, '6': 0.14, '7': 0.91, '8': 0.61, '9': 0.55}, 0.51)
Train Epoch: 54 | Loss: 1.912977 | Acc: 0.2519| MSE: 0.0795 || V Loss: 2.1986| V Acc: 0.2225| V MSE: 0.0843| CS: ({'0': 0.42, '1': 0.52, '2': 0.19, '3': 0.15, '7': 0.89, '8': 0.62, '9': 0.7}, 0.5)
Test | NLL Loss: 2.225860 | Acc: 0.2174 | MSE: 0.08459452113594872| CS: ({'0': 0.41, '1': 0.51, '2': 0.17, '3': 0.15, '7': 0.87, '8': 0.62, '9': 0.68}, 0.49)
Train Epoch: 55 | Loss: 1.920683 | Acc: 0.2523| MSE: 0.0797 || V Loss: 2.2493| V Acc: 0.2140| V MSE: 0.0853| CS: ({'0': 0.24, '1': 0.47, '4': 0.14, '6': 0.14, '7': 0.86, '8': 0.74, '9': 0.76}, 0.48)
Test | NLL Loss: 2.293434 | Acc: 0.2154 | MSE: 0.08566822690038255| CS: ({'0': 0.24, '1': 0.48, '4': 0.14, '6': 0.14, '7': 0.89, '8': 0.73, '9': 0.77}, 0.48)
Train Epoch: 56 | Loss: 1.908710 | Acc: 0.2564| MSE: 0.0794 || V Loss: 2.2271| V Acc: 0.2084| V MSE: 0.0854| CS: ({'0': 0.44, '1': 0.64, '2': 0.14, '3': 0.16, '7': 0.85, '8': 0.51, '9': 0.66}, 0.49)
Test | NLL Loss: 2.239003 | Acc: 0.2068 | MSE: 0.08581336266316544| CS: ({'0': 0.47, '1': 0.66, '2': 0.14, '3': 0.16, '4': 0.2, '5': 0.47, '7': 0.87, '8': 0.48, '9': 0.74}, 0.47)
Train Epoch: 57 | Loss: 1.914247 | Acc: 0.2559| MSE: 0.0795 || V Loss: 2.2157| V Acc: 0.2142| V MSE: 0.0848| CS: ({'0': 0.39, '1': 0.52, '3': 0.14, '4': 0.14, '7': 0.76, '8': 0.6, '9': 0.72}, 0.47)
Test | NLL Loss: 2.236052 | Acc: 0.2166 | MSE: 0.08488813028358423| CS: ({'0': 0.39, '1': 0.51, '3': 0.14, '4': 0.14, '7': 0.81, '8': 0.58, '9': 0.72}, 0.47)
Train Epoch: 58 | Loss: 1.903938 | Acc: 0.2592| MSE: 0.0792 || V Loss: 2.3623| V Acc: 0.2201| V MSE: 0.0858| CS: ({'0': 0.49, '1': 0.77, '2': 0.15, '4': 0.16, '6': 0.14, '7': 0.88, '8': 0.58, '9': 0.79}, 0.49)
Test | NLL Loss: 2.380296 | Acc: 0.2183 | MSE: 0.0866417018369364| CS: ({'0': 0.46, '1': 0.76, '2': 0.14, '4': 0.16, '5': 0.14, '6': 0.14, '7': 0.85, '8': 0.58, '9': 0.79}, 0.45)
Train Epoch: 59 | Loss: 1.910575 | Acc: 0.2526| MSE: 0.0795 || V Loss: 2.2172| V Acc: 0.2225| V MSE: 0.0845| CS: ({'0': 0.25, '1': 0.5, '2': 0.15, '3': 0.15, '4': 0.18, '6': 0.14, '7': 0.87, '8': 0.67, '9': 0.61}, 0.39)
Test | NLL Loss: 2.238829 | Acc: 0.2169 | MSE: 0.08493563461417969| CS: ({'0': 0.27, '1': 0.5, '2': 0.15, '3': 0.15, '4': 0.17, '6': 0.14, '7': 0.88, '8': 0.65, '9': 0.59}, 0.39)
Train Epoch: 60 | Loss: 1.915834 | Acc: 0.2550| MSE: 0.0796 || V Loss: 2.3128| V Acc: 0.2124| V MSE: 0.0853| CS: ({'0': 0.23, '1': 0.44, '4': 0.15, '6': 0.14, '7': 0.9, '8': 0.7, '9': 0.62}, 0.45)
Test | NLL Loss: 2.273735 | Acc: 0.2050 | MSE: 0.08554316373964468| CS: ({'0': 0.25, '1': 0.44, '4': 0.15, '6': 0.14, '7': 0.91, '8': 0.7, '9': 0.62}, 0.46)
Train Epoch: 61 | Loss: 1.899740 | Acc: 0.2589| MSE: 0.0789 || V Loss: 2.2350| V Acc: 0.2160| V MSE: 0.0848| CS: ({'0': 0.3, '1': 0.6, '4': 0.25, '6': 0.14, '7': 0.89, '8': 0.6, '9': 0.59}, 0.48)
Test | NLL Loss: 2.281127 | Acc: 0.2117 | MSE: 0.08526393273672737| CS: ({'0': 0.31, '1': 0.59, '4': 0.23, '6': 0.14, '7': 0.85, '8': 0.62, '9': 0.57}, 0.47)
Train Epoch: 62 | Loss: 1.901266 | Acc: 0.2569| MSE: 0.0792 || V Loss: 2.2972| V Acc: 0.2265| V MSE: 0.0855| CS: ({'0': 0.39, '1': 0.53, '3': 0.14, '4': 0.17, '5': 0.15, '6': 0.14, '7': 0.9, '8': 0.68, '9': 0.8}, 0.43)
Test | NLL Loss: 2.309431 | Acc: 0.2164 | MSE: 0.08587470391211799| CS: ({'0': 0.37, '1': 0.54, '3': 0.14, '4': 0.19, '5': 0.15, '6': 0.14, '7': 0.9, '8': 0.71, '9': 0.77}, 0.43)
Train Epoch: 63 | Loss: 1.906732 | Acc: 0.2581| MSE: 0.0792 || V Loss: 2.1964| V Acc: 0.2307| V MSE: 0.0845| CS: ({'0': 0.46, '1': 0.57, '2': 0.15, '3': 0.15, '4': 0.43, '5': 0.15, '6': 0.16, '7': 0.81, '8': 0.55, '9': 0.82}, 0.42)
Test | NLL Loss: 2.259237 | Acc: 0.2225 | MSE: 0.08489354292805583| CS: ({'0': 0.48, '1': 0.57, '2': 0.15, '3': 0.19, '4': 0.25, '5': 0.15, '6': 0.16, '7': 0.84, '8': 0.54, '9': 0.81}, 0.41)
Train Epoch: 64 | Loss: 1.903508 | Acc: 0.2582| MSE: 0.0791 || V Loss: 2.2417| V Acc: 0.2044| V MSE: 0.0857| CS: ({'1': 0.65, '2': 0.34, '4': 0.15, '6': 0.15, '7': 0.87, '8': 0.67, '9': 0.63}, 0.49)
Test | NLL Loss: 2.291622 | Acc: 0.1933 | MSE: 0.08690833633604902| CS: ({'1': 0.65, '2': 0.31, '4': 0.15, '6': 0.15, '7': 0.88, '8': 0.67, '9': 0.56}, 0.48)
Train Epoch: 65 | Loss: 1.912582 | Acc: 0.2550| MSE: 0.0794 || V Loss: 2.2150| V Acc: 0.2160| V MSE: 0.0848| CS: ({'0': 0.51, '1': 0.52, '3': 0.15, '4': 0.16, '5': 0.14, '7': 0.87, '8': 0.53, '9': 0.76}, 0.45)
Test | NLL Loss: 2.246189 | Acc: 0.2069 | MSE: 0.0853079372225478| CS: ({'0': 0.53, '1': 0.51, '3': 0.15, '4': 0.16, '5': 0.14, '7': 0.89, '8': 0.5, '9': 0.76}, 0.46)
Train Epoch: 66 | Loss: 1.900203 | Acc: 0.2592| MSE: 0.0792 || V Loss: 2.3071| V Acc: 0.2291| V MSE: 0.0850| CS: ({'0': 0.29, '1': 0.48, '2': 0.15, '5': 0.15, '6': 0.17, '7': 0.92, '8': 0.69, '9': 0.72}, 0.45)
Test | NLL Loss: 2.275551 | Acc: 0.2226 | MSE: 0.08515560919770036| CS: ({'0': 0.3, '1': 0.48, '2': 0.15, '4': 0.16, '5': 0.15, '6': 0.17, '7': 0.89, '8': 0.69, '9': 0.73}, 0.41)
Train Epoch: 67 | Loss: 1.904170 | Acc: 0.2549| MSE: 0.0793 || V Loss: 2.3114| V Acc: 0.2124| V MSE: 0.0859| CS: ({'0': 0.46, '3': 0.15, '4': 0.16, '5': 0.15, '7': 0.88, '8': 0.56, '9': 0.61}, 0.42)
Test | NLL Loss: 2.331376 | Acc: 0.2041 | MSE: 0.08644919361645421| CS: ({'0': 0.47, '3': 0.15, '4': 0.17, '5': 0.15, '7': 0.87, '8': 0.55, '9': 0.61}, 0.42)
Train Epoch: 68 | Loss: 1.893087 | Acc: 0.2606| MSE: 0.0789 || V Loss: 2.2342| V Acc: 0.2231| V MSE: 0.0850| CS: ({'1': 0.51, '4': 0.22, '5': 0.15, '6': 0.14, '7': 0.87, '8': 0.65, '9': 0.71}, 0.46)
Test | NLL Loss: 2.275660 | Acc: 0.2149 | MSE: 0.08544144953211276| CS: ({'1': 0.5, '3': 0.17, '4': 0.21, '5': 0.15, '6': 0.14, '7': 0.89, '8': 0.65, '9': 0.69}, 0.43)
Train Epoch: 69 | Loss: 1.894056 | Acc: 0.2628| MSE: 0.0787 || V Loss: 2.2928| V Acc: 0.2154| V MSE: 0.0857| CS: ({'0': 0.57, '1': 0.48, '2': 0.12, '4': 0.16, '5': 0.14, '6': 0.13, '7': 0.92, '8': 0.59, '9': 0.73}, 0.43)
Test | NLL Loss: 2.302287 | Acc: 0.2124 | MSE: 0.08583407989515664| CS: ({'0': 0.58, '1': 0.48, '2': 0.12, '4': 0.19, '5': 0.14, '6': 0.13, '7': 0.89, '8': 0.61, '9': 0.71}, 0.43)
Train Epoch: 70 | Loss: 1.897027 | Acc: 0.2608| MSE: 0.0790 || V Loss: 2.2478| V Acc: 0.2028| V MSE: 0.0846| CS: ({'0': 0.4, '3': 0.15, '4': 0.15, '7': 0.93, '8': 0.6, '9': 0.52}, 0.46)
Test | NLL Loss: 2.302345 | Acc: 0.2022 | MSE: 0.08515735056263189| CS: ({'0': 0.4, '3': 0.16, '4': 0.15, '6': 0.14, '7': 0.89, '8': 0.62, '9': 0.52}, 0.41)
Train Epoch: 71 | Loss: 1.902372 | Acc: 0.2578| MSE: 0.0791 || V Loss: 2.3100| V Acc: 0.1911| V MSE: 0.0850| CS: ({'0': 0.32, '1': 0.45, '2': 0.18, '4': 0.14, '6': 0.15, '7': 0.95, '8': 0.59, '9': 0.6}, 0.42)
Test | NLL Loss: 2.301708 | Acc: 0.1905 | MSE: 0.08527784894544857| CS: ({'0': 0.31, '1': 0.43, '2': 0.17, '4': 0.14, '6': 0.15, '7': 0.95, '8': 0.58, '9': 0.56}, 0.41)
Train Epoch: 72 | Loss: 1.910459 | Acc: 0.2571| MSE: 0.0794 || V Loss: 2.2870| V Acc: 0.2251| V MSE: 0.0851| CS: ({'0': 0.54, '1': 0.62, '3': 0.16, '4': 0.19, '5': 0.15, '6': 0.14, '7': 0.89, '8': 0.54, '9': 0.61}, 0.43)
Test | NLL Loss: 2.348058 | Acc: 0.2140 | MSE: 0.08558641907315666| CS: ({'0': 0.55, '1': 0.64, '3': 0.15, '4': 0.17, '5': 0.15, '6': 0.14, '7': 0.9, '8': 0.52, '9': 0.6}, 0.42)
Train Epoch: 73 | Loss: 1.893377 | Acc: 0.2618| MSE: 0.0788 || V Loss: 2.2461| V Acc: 0.2064| V MSE: 0.0851| CS: ({'0': 0.56, '1': 0.57, '2': 0.15, '6': 0.15, '7': 0.85, '8': 0.62, '9': 0.67}, 0.51)
Test | NLL Loss: 2.259965 | Acc: 0.2090 | MSE: 0.0851773622508247| CS: ({'0': 0.56, '1': 0.57, '2': 0.15, '4': 0.16, '6': 0.16, '7': 0.81, '8': 0.62, '9': 0.62}, 0.46)
Train Epoch: 74 | Loss: 1.881417 | Acc: 0.2618| MSE: 0.0787 || V Loss: 2.2640| V Acc: 0.2227| V MSE: 0.0855| CS: ({'0': 0.42, '1': 0.63, '2': 0.18, '5': 0.15, '6': 0.16, '7': 0.88, '8': 0.54, '9': 0.71}, 0.46)
Test | NLL Loss: 2.298674 | Acc: 0.2120 | MSE: 0.08607903570412828| CS: ({'0': 0.44, '1': 0.65, '2': 0.19, '5': 0.15, '6': 0.16, '7': 0.85, '8': 0.53, '9': 0.71}, 0.46)
Train Epoch: 75 | Loss: 1.907817 | Acc: 0.2531| MSE: 0.0793 || V Loss: 2.3058| V Acc: 0.2197| V MSE: 0.0855| CS: ({'0': 0.26, '4': 0.17, '5': 0.16, '6': 0.15, '7': 0.92, '8': 0.62, '9': 0.55}, 0.4)
Test | NLL Loss: 2.345234 | Acc: 0.2102 | MSE: 0.08600312685623718| CS: ({'0': 0.25, '4': 0.16, '5': 0.16, '6': 0.15, '7': 0.9, '8': 0.63, '9': 0.57}, 0.4)
Train Epoch: 76 | Loss: 1.889900 | Acc: 0.2612| MSE: 0.0787 || V Loss: 2.3264| V Acc: 0.2148| V MSE: 0.0850| CS: ({'0': 0.33, '1': 0.52, '2': 0.14, '3': 0.14, '4': 0.17, '7': 0.91, '8': 0.59, '9': 0.54}, 0.42)
Test | NLL Loss: 2.391344 | Acc: 0.2144 | MSE: 0.08504928629428815| CS: ({'0': 0.34, '1': 0.52, '2': 0.14, '3': 0.14, '4': 0.16, '7': 0.91, '8': 0.6, '9': 0.55}, 0.42)
Train Epoch: 77 | Loss: 1.897202 | Acc: 0.2605| MSE: 0.0789 || V Loss: 2.2846| V Acc: 0.2070| V MSE: 0.0864| CS: ({'0': 0.52, '3': 0.15, '4': 0.15, '7': 0.88, '8': 0.52, '9': 0.68}, 0.48)
Test | NLL Loss: 2.288471 | Acc: 0.2008 | MSE: 0.08673576932079113| CS: ({'0': 0.51, '3': 0.15, '4': 0.15, '7': 0.91, '8': 0.53, '9': 0.67}, 0.49)
Train Epoch: 78 | Loss: 1.906689 | Acc: 0.2582| MSE: 0.0790 || V Loss: 2.2639| V Acc: 0.2313| V MSE: 0.0848| CS: ({'0': 0.26, '1': 0.54, '4': 0.17, '5': 0.16, '7': 0.87, '8': 0.67, '9': 0.48}, 0.45)
Test | NLL Loss: 2.323080 | Acc: 0.2119 | MSE: 0.08573619338174979| CS: ({'0': 0.23, '1': 0.54, '4': 0.17, '5': 0.16, '7': 0.89, '8': 0.67, '9': 0.51}, 0.45)
Train Epoch: 79 | Loss: 1.888535 | Acc: 0.2647| MSE: 0.0787 || V Loss: 2.3756| V Acc: 0.1994| V MSE: 0.0858| CS: ({'0': 0.41, '1': 0.26, '2': 0.2, '3': 0.15, '7': 0.89, '8': 0.61, '9': 0.55}, 0.44)
Test | NLL Loss: 2.370110 | Acc: 0.1997 | MSE: 0.0861017422887464| CS: ({'0': 0.43, '1': 0.25, '2': 0.19, '3': 0.15, '7': 0.89, '8': 0.61, '9': 0.53}, 0.44)
Train Epoch: 80 | Loss: 1.892781 | Acc: 0.2615| MSE: 0.0787 || V Loss: 2.2487| V Acc: 0.2118| V MSE: 0.0849| CS: ({'0': 0.31, '1': 0.48, '2': 0.14, '6': 0.15, '7': 0.87, '8': 0.62, '9': 0.73}, 0.47)
Test | NLL Loss: 2.276685 | Acc: 0.2077 | MSE: 0.08541245848987811| CS: ({'0': 0.31, '1': 0.48, '2': 0.14, '4': 0.14, '6': 0.15, '7': 0.83, '8': 0.63, '9': 0.73}, 0.43)
Train Epoch: 81 | Loss: 1.895144 | Acc: 0.2611| MSE: 0.0787 || V Loss: 2.3407| V Acc: 0.2295| V MSE: 0.0856| CS: ({'0': 0.34, '1': 0.68, '3': 0.14, '4': 0.15, '5': 0.16, '6': 0.14, '7': 0.91, '8': 0.7, '9': 0.75}, 0.44)
Test | NLL Loss: 2.421567 | Acc: 0.2196 | MSE: 0.0865911065389554| CS: ({'0': 0.31, '1': 0.67, '3': 0.15, '4': 0.15, '5': 0.16, '6': 0.13, '7': 0.92, '8': 0.68, '9': 0.72}, 0.43)
Train Epoch: 82 | Loss: 1.875453 | Acc: 0.2649| MSE: 0.0782 || V Loss: 2.2695| V Acc: 0.2237| V MSE: 0.0848| CS: ({'0': 0.4, '1': 0.6, '3': 0.12, '4': 0.14, '5': 0.15, '7': 0.93, '8': 0.66, '9': 0.68}, 0.46)
Test | NLL Loss: 2.368661 | Acc: 0.2156 | MSE: 0.08563100813200679| CS: ({'0': 0.37, '1': 0.6, '3': 0.12, '4': 0.16, '5': 0.15, '7': 0.92, '8': 0.67, '9': 0.66}, 0.46)
Train Epoch: 83 | Loss: 1.882178 | Acc: 0.2638| MSE: 0.0785 || V Loss: 2.3401| V Acc: 0.2046| V MSE: 0.0876| CS: ({'0': 0.65, '1': 0.62, '4': 0.15, '5': 0.14, '6': 0.14, '7': 0.91, '8': 0.54, '9': 0.68}, 0.48)
Test | NLL Loss: 2.383479 | Acc: 0.1952 | MSE: 0.08791171892668112| CS: ({'0': 0.67, '1': 0.64, '2': 0.14, '4': 0.15, '5': 0.14, '6': 0.14, '7': 0.92, '8': 0.5, '9': 0.66}, 0.44)
Train Epoch: 84 | Loss: 1.891978 | Acc: 0.2611| MSE: 0.0787 || V Loss: 2.2694| V Acc: 0.2168| V MSE: 0.0845| CS: ({'0': 0.49, '1': 0.52, '3': 0.15, '4': 0.2, '7': 0.89, '8': 0.6, '9': 0.69}, 0.51)
Test | NLL Loss: 2.327649 | Acc: 0.2102 | MSE: 0.08518381024035401| CS: ({'0': 0.5, '1': 0.51, '3': 0.15, '4': 0.16, '7': 0.9, '8': 0.61, '9': 0.67}, 0.5)
Train Epoch: 85 | Loss: 1.894843 | Acc: 0.2574| MSE: 0.0787 || V Loss: 2.3276| V Acc: 0.2168| V MSE: 0.0855| CS: ({'0': 0.32, '1': 0.66, '2': 0.16, '6': 0.15, '7': 0.93, '8': 0.65, '9': 0.72}, 0.51)
Test | NLL Loss: 2.366271 | Acc: 0.2125 | MSE: 0.08596244882851743| CS: ({'0': 0.3, '1': 0.68, '2': 0.15, '3': 0.13, '6': 0.15, '7': 0.91, '8': 0.66, '9': 0.74}, 0.46)
Train Epoch: 86 | Loss: 1.883877 | Acc: 0.2661| MSE: 0.0783 || V Loss: 2.3878| V Acc: 0.2178| V MSE: 0.0855| CS: ({'0': 0.3, '1': 0.59, '4': 0.21, '5': 0.15, '6': 0.21, '7': 0.94, '8': 0.62, '9': 0.78}, 0.47)
Test | NLL Loss: 2.368424 | Acc: 0.2096 | MSE: 0.08578345429497405| CS: ({'0': 0.31, '1': 0.61, '3': 0.98, '4': 0.2, '5': 0.15, '6': 0.22, '7': 0.89, '8': 0.65, '9': 0.8}, 0.53)
Train Epoch: 87 | Loss: 1.887704 | Acc: 0.2656| MSE: 0.0785 || V Loss: 2.3507| V Acc: 0.2291| V MSE: 0.0853| CS: ({'0': 0.38, '1': 0.64, '2': 0.14, '5': 0.14, '6': 0.15, '7': 0.91, '8': 0.65, '9': 0.74}, 0.47)
Test | NLL Loss: 2.339758 | Acc: 0.2188 | MSE: 0.08545531439609802| CS: ({'0': 0.39, '1': 0.65, '2': 0.14, '3': 0.14, '4': 0.15, '5': 0.14, '6': 0.15, '7': 0.89, '8': 0.67, '9': 0.78}, 0.41)
Train Epoch: 88 | Loss: 1.872796 | Acc: 0.2683| MSE: 0.0781 || V Loss: 2.4595| V Acc: 0.2251| V MSE: 0.0857| CS: ({'0': 0.54, '1': 0.51, '3': 0.15, '4': 0.18, '6': 0.14, '7': 0.91, '8': 0.61, '9': 0.55}, 0.45)
Test | NLL Loss: 2.558338 | Acc: 0.2147 | MSE: 0.08636728379006584| CS: ({'0': 0.54, '1': 0.51, '3': 0.15, '4': 0.21, '6': 0.14, '7': 0.91, '8': 0.61, '9': 0.54}, 0.45)
Train Epoch: 89 | Loss: 1.880913 | Acc: 0.2662| MSE: 0.0783 || V Loss: 2.3494| V Acc: 0.2116| V MSE: 0.0863| CS: ({'0': 0.32, '1': 0.76, '2': 0.16, '4': 0.16, '6': 0.14, '7': 0.89, '8': 0.63, '9': 0.62}, 0.46)
Test | NLL Loss: 2.391616 | Acc: 0.2090 | MSE: 0.08700306884968242| CS: ({'0': 0.33, '1': 0.77, '2': 0.17, '3': 0.56, '4': 0.15, '6': 0.14, '7': 0.9, '8': 0.63, '9': 0.61}, 0.47)
Train Epoch: 90 | Loss: 1.882487 | Acc: 0.2640| MSE: 0.0783 || V Loss: 2.3475| V Acc: 0.2339| V MSE: 0.0849| CS: ({'0': 0.56, '1': 0.5, '3': 0.14, '4': 0.58, '5': 0.88, '6': 0.17, '7': 0.91, '8': 0.68, '9': 0.58}, 0.56)
Test | NLL Loss: 2.405440 | Acc: 0.2188 | MSE: 0.08561221869608845| CS: ({'0': 0.56, '1': 0.5, '2': 0.14, '3': 0.14, '4': 0.16, '6': 0.16, '7': 0.89, '8': 0.7, '9': 0.58}, 0.43)
Train Epoch: 91 | Loss: 1.879067 | Acc: 0.2654| MSE: 0.0782 || V Loss: 2.3459| V Acc: 0.2088| V MSE: 0.0857| CS: ({'0': 0.35, '2': 0.14, '4': 0.19, '6': 0.17, '7': 0.84, '8': 0.71, '9': 0.6}, 0.43)
Test | NLL Loss: 2.379343 | Acc: 0.2077 | MSE: 0.08599458113550759| CS: ({'0': 0.36, '2': 0.14, '3': 0.16, '4': 0.17, '6': 0.17, '7': 0.9, '8': 0.71, '9': 0.61}, 0.4)
Train Epoch: 92 | Loss: 1.877885 | Acc: 0.2654| MSE: 0.0783 || V Loss: 2.3661| V Acc: 0.2118| V MSE: 0.0853| CS: ({'0': 0.31, '1': 0.59, '3': 0.16, '4': 0.15, '6': 0.14, '7': 0.93, '8': 0.69, '9': 0.52}, 0.44)
Test | NLL Loss: 2.426150 | Acc: 0.2067 | MSE: 0.0858336309322153| CS: ({'0': 0.29, '1': 0.6, '3': 0.15, '4': 0.14, '6': 0.14, '7': 0.94, '8': 0.69, '9': 0.54}, 0.44)
Train Epoch: 93 | Loss: 1.875956 | Acc: 0.2643| MSE: 0.0782 || V Loss: 2.3385| V Acc: 0.2162| V MSE: 0.0857| CS: ({'0': 0.51, '1': 0.69, '3': 0.14, '4': 0.14, '6': 0.14, '7': 0.85, '8': 0.63, '9': 0.78}, 0.49)
Test | NLL Loss: 2.366563 | Acc: 0.2124 | MSE: 0.08616509221898862| CS: ({'0': 0.52, '1': 0.69, '3': 0.15, '4': 0.14, '6': 0.14, '7': 0.89, '8': 0.63, '9': 0.79}, 0.49)
Train Epoch: 94 | Loss: 1.894592 | Acc: 0.2641| MSE: 0.0787 || V Loss: 2.3460| V Acc: 0.2026| V MSE: 0.0853| CS: ({'0': 0.52, '1': 0.51, '2': 0.16, '3': 0.14, '4': 0.14, '7': 0.81, '8': 0.59, '9': 0.71}, 0.45)
Test | NLL Loss: 2.348711 | Acc: 0.2006 | MSE: 0.08548228168925538| CS: ({'0': 0.55, '1': 0.52, '2': 0.15, '3': 0.14, '4': 0.14, '7': 0.82, '8': 0.6, '9': 0.67}, 0.45)
Train Epoch: 95 | Loss: 1.881989 | Acc: 0.2653| MSE: 0.0785 || V Loss: 2.3365| V Acc: 0.2215| V MSE: 0.0852| CS: ({'0': 0.26, '1': 0.61, '2': 0.23, '3': 0.15, '4': 0.99, '6': 0.14, '7': 0.97, '8': 0.62, '9': 0.64}, 0.51)
Test | NLL Loss: 2.399832 | Acc: 0.2116 | MSE: 0.0859125580031651| CS: ({'0': 0.28, '1': 0.61, '2': 0.21, '3': 0.15, '6': 0.14, '7': 0.92, '8': 0.62, '9': 0.66}, 0.45)
Train Epoch: 96 | Loss: 1.890170 | Acc: 0.2610| MSE: 0.0786 || V Loss: 2.3086| V Acc: 0.2178| V MSE: 0.0861| CS: ({'0': 0.34, '1': 0.63, '2': 0.16, '5': 0.15, '6': 0.13, '7': 0.87, '8': 0.71, '9': 0.68}, 0.46)
Test | NLL Loss: 2.329094 | Acc: 0.2063 | MSE: 0.08685324507685134| CS: ({'0': 0.33, '1': 0.64, '2': 0.16, '5': 0.15, '6': 0.13, '7': 0.91, '8': 0.69, '9': 0.71}, 0.46)
Train Epoch: 97 | Loss: 1.881040 | Acc: 0.2673| MSE: 0.0783 || V Loss: 2.3656| V Acc: 0.2259| V MSE: 0.0853| CS: ({'0': 0.28, '1': 0.52, '2': 0.16, '3': 0.18, '4': 0.24, '5': 0.14, '7': 0.9, '8': 0.61, '9': 0.5}, 0.39)
Test | NLL Loss: 2.386343 | Acc: 0.2141 | MSE: 0.08563362054836254| CS: ({'0': 0.29, '1': 0.54, '3': 0.21, '4': 0.23, '5': 0.14, '7': 0.9, '8': 0.63, '9': 0.51}, 0.43)
Train Epoch: 98 | Loss: 1.870264 | Acc: 0.2655| MSE: 0.0781 || V Loss: 2.3282| V Acc: 0.2231| V MSE: 0.0856| CS: ({'0': 0.55, '1': 0.54, '3': 0.15, '4': 0.18, '5': 0.15, '7': 0.88, '8': 0.61, '9': 0.55}, 0.45)
Test | NLL Loss: 2.361702 | Acc: 0.2142 | MSE: 0.08573023279825338| CS: ({'0': 0.56, '1': 0.55, '3': 0.25, '4': 0.19, '5': 0.15, '7': 0.91, '8': 0.62, '9': 0.56}, 0.47)
Train Epoch: 99 | Loss: 1.865984 | Acc: 0.2712| MSE: 0.0779 || V Loss: 2.2787| V Acc: 0.2128| V MSE: 0.0850| CS: ({'0': 0.39, '1': 0.53, '2': 0.15, '4': 0.14, '6': 0.19, '7': 0.92, '8': 0.65, '9': 0.78}, 0.47)
Test | NLL Loss: 2.349409 | Acc: 0.2096 | MSE: 0.08558699512443603| CS: ({'0': 0.37, '1': 0.54, '2': 0.15, '3': 1.0, '4': 0.14, '6': 0.19, '7': 0.88, '8': 0.67, '9': 0.79}, 0.53)
Train Epoch: 100 | Loss: 1.874127 | Acc: 0.2664| MSE: 0.0779 || V Loss: 2.3660| V Acc: 0.2118| V MSE: 0.0866| CS: ({'0': 0.61, '2': 0.15, '3': 0.15, '5': 0.15, '7': 0.91, '8': 0.58, '9': 0.57}, 0.45)
Test | NLL Loss: 2.451793 | Acc: 0.2025 | MSE: 0.08716393252626395| CS: ({'0': 0.66, '2': 0.18, '3': 0.21, '5': 0.15, '7': 0.92, '8': 0.59, '9': 0.58}, 0.47)
Test | NLL Loss: 2.453645 | Acc: 0.2026 | MSE: 0.08719246667890122| CS: ({'0': 0.66, '2': 0.18, '3': 0.21, '5': 0.15, '7': 0.92, '8': 0.59, '9': 0.58}, 0.47)
Took 1840.1762096881866 seconds
