Config: 
 {
  "model_name": "dsc_ffn_10p",
  "num_classes": 10,
  "in_features": 784,
  "epochs": 10,
  "batch_size": 256,
  "lr": 0.01,
  "dnn_config": {
    "layers": [
      10,
      10,
      10
    ]
  }
} 

Model: 

LinearClassifierDSC(
  (layers): ModuleList(
    (0): Linear(in_features=784, out_features=10, bias=True)
    (1): Linear(in_features=794, out_features=10, bias=True)
    (2): Linear(in_features=804, out_features=10, bias=True)
  )
  (relu_activation): ReLU()
  (softmax_activation): Softmax(dim=-1)
)


Summary: 

----------------------------------------------------------------
        Layer (type)               Output Shape         Param #
================================================================
            Linear-1                   [-1, 10]           7,850
              ReLU-2                   [-1, 10]               0
            Linear-3                   [-1, 10]           7,950
              ReLU-4                   [-1, 10]               0
            Linear-5                   [-1, 10]           8,050
           Softmax-6                   [-1, 10]               0
================================================================
Total params: 23,850
Trainable params: 23,850
Non-trainable params: 0
----------------------------------------------------------------
Input size (MB): 0.00
Forward/backward pass size (MB): 0.00
Params size (MB): 0.09
Estimated Total Size (MB): 0.09
----------------------------------------------------------------


Train Epoch: 1 | Loss: -0.818991 | Acc: 0.8280| MSE: 0.0290

Information Transfer:
+----------+----+------+------+------+
| Contents | L0 | L_1  | L_2  | L_3  |
+----------+----+------+------+------+
|    L0    | -- | 0.69 | 0.69 | 0.73 |
|    L1    | -- |  --  | 0.59 | 0.67 |
|    L2    | -- |  --  |  --  | 0.66 |
|    L3    | -- |  --  |  --  |  --  |
+----------+----+------+------+------+
Train Epoch: 2 | Loss: -0.860507 | Acc: 0.8629| MSE: 0.0252

Information Transfer:
+----------+----+------+------+------+
| Contents | L0 | L_1  | L_2  | L_3  |
+----------+----+------+------+------+
|    L0    | -- | 0.66 | 0.66 | 0.72 |
|    L1    | -- |  --  | 0.5  | 0.61 |
|    L2    | -- |  --  |  --  | 0.6  |
|    L3    | -- |  --  |  --  |  --  |
+----------+----+------+------+------+
Train Epoch: 3 | Loss: -0.867060 | Acc: 0.8684| MSE: 0.0246

Information Transfer:
+----------+----+------+------+------+
| Contents | L0 | L_1  | L_2  | L_3  |
+----------+----+------+------+------+
|    L0    | -- | 0.64 | 0.63 | 0.7  |
|    L1    | -- |  --  | 0.42 | 0.55 |
|    L2    | -- |  --  |  --  | 0.53 |
|    L3    | -- |  --  |  --  |  --  |
+----------+----+------+------+------+
Train Epoch: 4 | Loss: -0.870467 | Acc: 0.8715| MSE: 0.0243

Information Transfer:
+----------+----+------+------+------+
| Contents | L0 | L_1  | L_2  | L_3  |
+----------+----+------+------+------+
|    L0    | -- | 0.62 | 0.61 | 0.69 |
|    L1    | -- |  --  | 0.38 | 0.51 |
|    L2    | -- |  --  |  --  | 0.49 |
|    L3    | -- |  --  |  --  |  --  |
+----------+----+------+------+------+
Train Epoch: 5 | Loss: -0.873248 | Acc: 0.8739| MSE: 0.0239

Information Transfer:
+----------+----+------+------+------+
| Contents | L0 | L_1  | L_2  | L_3  |
+----------+----+------+------+------+
|    L0    | -- | 0.61 | 0.6  | 0.68 |
|    L1    | -- |  --  | 0.34 | 0.46 |
|    L2    | -- |  --  |  --  | 0.44 |
|    L3    | -- |  --  |  --  |  --  |
+----------+----+------+------+------+
Train Epoch: 6 | Loss: -0.875144 | Acc: 0.8759| MSE: 0.0237

Information Transfer:
+----------+----+------+------+------+
| Contents | L0 | L_1  | L_2  | L_3  |
+----------+----+------+------+------+
|    L0    | -- | 0.6  | 0.59 | 0.67 |
|    L1    | -- |  --  | 0.31 | 0.43 |
|    L2    | -- |  --  |  --  | 0.4  |
|    L3    | -- |  --  |  --  |  --  |
+----------+----+------+------+------+
Train Epoch: 7 | Loss: -0.875967 | Acc: 0.8764| MSE: 0.0237

Information Transfer:
+----------+----+------+------+------+
| Contents | L0 | L_1  | L_2  | L_3  |
+----------+----+------+------+------+
|    L0    | -- | 0.58 | 0.58 | 0.65 |
|    L1    | -- |  --  | 0.28 | 0.38 |
|    L2    | -- |  --  |  --  | 0.36 |
|    L3    | -- |  --  |  --  |  --  |
+----------+----+------+------+------+
Train Epoch: 8 | Loss: -0.876344 | Acc: 0.8766| MSE: 0.0237

Information Transfer:
+----------+----+------+------+------+
| Contents | L0 | L_1  | L_2  | L_3  |
+----------+----+------+------+------+
|    L0    | -- | 0.57 | 0.57 | 0.64 |
|    L1    | -- |  --  | 0.26 | 0.35 |
|    L2    | -- |  --  |  --  | 0.33 |
|    L3    | -- |  --  |  --  |  --  |
+----------+----+------+------+------+
Train Epoch: 9 | Loss: -0.877835 | Acc: 0.8783| MSE: 0.0235

Information Transfer:
+----------+----+------+------+------+
| Contents | L0 | L_1  | L_2  | L_3  |
+----------+----+------+------+------+
|    L0    | -- | 0.57 | 0.56 | 0.63 |
|    L1    | -- |  --  | 0.24 | 0.32 |
|    L2    | -- |  --  |  --  | 0.3  |
|    L3    | -- |  --  |  --  |  --  |
+----------+----+------+------+------+
Train Epoch: 10 | Loss: -0.879834 | Acc: 0.8802| MSE: 0.0231

Information Transfer:
+----------+----+------+------+------+
| Contents | L0 | L_1  | L_2  | L_3  |
+----------+----+------+------+------+
|    L0    | -- | 0.57 | 0.55 | 0.63 |
|    L1    | -- |  --  | 0.22 | 0.3  |
|    L2    | -- |  --  |  --  | 0.28 |
|    L3    | -- |  --  |  --  |  --  |
+----------+----+------+------+------+
Test | NLL Loss: -218.623897 | Acc: 0.8763 | MSE: 60.5798004925251
Took 163.36917901039124 seconds
