Config: 
 {
  "model_name": "fashion_mnist_dsc_ffn_100p_10pTrain",
  "num_classes": 10,
  "in_features": 784,
  "epochs": 10,
  "batch_size": 256,
  "lr": 0.1,
  "train_p": 10,
  "test_p": 100,
  "dnn_config": {
    "layers": [
      100,
      50,
      10
    ]
  }
} 

FashionMNIST Dataset:
Training on 6000 samples (10% of 60000) 
Test on 10000 samples (100% of 60000)

Model: 

LinearClassifierDSC(
  (layers): ModuleList(
    (0): Linear(in_features=784, out_features=100, bias=True)
    (1): Linear(in_features=884, out_features=50, bias=True)
    (2): Linear(in_features=934, out_features=10, bias=True)
  )
  (relu_activation): ReLU()
  (softmax_activation): LogSoftmax()
)


Summary: 

----------------------------------------------------------------
        Layer (type)               Output Shape         Param #
================================================================
            Linear-1                  [-1, 100]          78,500
              ReLU-2                  [-1, 100]               0
            Linear-3                   [-1, 50]          44,250
              ReLU-4                   [-1, 50]               0
            Linear-5                   [-1, 10]           9,350
            Linear-6                   [-1, 10]           9,350
        LogSoftmax-7                   [-1, 10]               0
================================================================
Total params: 141,450
Trainable params: 141,450
Non-trainable params: 0
----------------------------------------------------------------
Input size (MB): 0.00
Forward/backward pass size (MB): 0.00
Params size (MB): 0.54
Estimated Total Size (MB): 0.55
----------------------------------------------------------------


Train Epoch: 1 | Loss: 13.636017 | Acc: 0.6037| MSE: 7091.1270

Information Transfer:
+----------+----+------+------+------+
| Contents | L0 | L_1  | L_2  | L_3  |
+----------+----+------+------+------+
|    L0    | -- | 0.52 | 0.55 | 0.57 |
|    L1    | -- |  --  | 0.55 | 0.52 |
|    L2    | -- |  --  |  --  | 0.48 |
|    L3    | -- |  --  |  --  |  --  |
+----------+----+------+------+------+
Train Epoch: 2 | Loss: 1.916898 | Acc: 0.7769| MSE: 3621.1681

Information Transfer:
+----------+----+------+------+------+
| Contents | L0 | L_1  | L_2  | L_3  |
+----------+----+------+------+------+
|    L0    | -- | 0.47 | 0.49 | 0.46 |
|    L1    | -- |  --  | 0.48 | 0.41 |
|    L2    | -- |  --  |  --  | 0.37 |
|    L3    | -- |  --  |  --  |  --  |
+----------+----+------+------+------+
Train Epoch: 3 | Loss: 1.027136 | Acc: 0.8144| MSE: 1983.2157

Information Transfer:
+----------+----+------+------+------+
| Contents | L0 | L_1  | L_2  | L_3  |
+----------+----+------+------+------+
|    L0    | -- | 0.46 | 0.47 | 0.39 |
|    L1    | -- |  --  | 0.46 | 0.34 |
|    L2    | -- |  --  |  --  | 0.32 |
|    L3    | -- |  --  |  --  |  --  |
+----------+----+------+------+------+
Train Epoch: 4 | Loss: 0.587892 | Acc: 0.8404| MSE: 1088.4991

Information Transfer:
+----------+----+------+------+------+
| Contents | L0 | L_1  | L_2  | L_3  |
+----------+----+------+------+------+
|    L0    | -- | 0.45 | 0.47 | 0.36 |
|    L1    | -- |  --  | 0.46 | 0.29 |
|    L2    | -- |  --  |  --  | 0.27 |
|    L3    | -- |  --  |  --  |  --  |
+----------+----+------+------+------+
Train Epoch: 5 | Loss: 0.472501 | Acc: 0.8522| MSE: 763.3426

Information Transfer:
+----------+----+------+------+------+
| Contents | L0 | L_1  | L_2  | L_3  |
+----------+----+------+------+------+
|    L0    | -- | 0.44 | 0.47 | 0.33 |
|    L1    | -- |  --  | 0.46 | 0.27 |
|    L2    | -- |  --  |  --  | 0.26 |
|    L3    | -- |  --  |  --  |  --  |
+----------+----+------+------+------+
Train Epoch: 6 | Loss: 0.424069 | Acc: 0.8553| MSE: 594.7790

Information Transfer:
+----------+----+------+------+------+
| Contents | L0 | L_1  | L_2  | L_3  |
+----------+----+------+------+------+
|    L0    | -- | 0.45 | 0.46 | 0.32 |
|    L1    | -- |  --  | 0.46 | 0.25 |
|    L2    | -- |  --  |  --  | 0.25 |
|    L3    | -- |  --  |  --  |  --  |
+----------+----+------+------+------+
Train Epoch: 7 | Loss: 0.412393 | Acc: 0.8599| MSE: 525.7229

Information Transfer:
+----------+----+------+------+------+
| Contents | L0 | L_1  | L_2  | L_3  |
+----------+----+------+------+------+
|    L0    | -- | 0.44 | 0.46 | 0.31 |
|    L1    | -- |  --  | 0.46 | 0.23 |
|    L2    | -- |  --  |  --  | 0.24 |
|    L3    | -- |  --  |  --  |  --  |
+----------+----+------+------+------+
Train Epoch: 8 | Loss: 0.377984 | Acc: 0.8678| MSE: 456.1872

Information Transfer:
+----------+----+------+------+------+
| Contents | L0 | L_1  | L_2  | L_3  |
+----------+----+------+------+------+
|    L0    | -- | 0.44 | 0.46 | 0.3  |
|    L1    | -- |  --  | 0.46 | 0.23 |
|    L2    | -- |  --  |  --  | 0.23 |
|    L3    | -- |  --  |  --  |  --  |
+----------+----+------+------+------+
Train Epoch: 9 | Loss: 0.343382 | Acc: 0.8807| MSE: 426.2659

Information Transfer:
+----------+----+------+------+------+
| Contents | L0 | L_1  | L_2  | L_3  |
+----------+----+------+------+------+
|    L0    | -- | 0.44 | 0.46 | 0.3  |
|    L1    | -- |  --  | 0.46 | 0.22 |
|    L2    | -- |  --  |  --  | 0.23 |
|    L3    | -- |  --  |  --  |  --  |
+----------+----+------+------+------+
Train Epoch: 10 | Loss: 0.352257 | Acc: 0.8774| MSE: 407.3534

Information Transfer:
+----------+----+------+------+------+
| Contents | L0 | L_1  | L_2  | L_3  |
+----------+----+------+------+------+
|    L0    | -- | 0.44 | 0.46 | 0.3  |
|    L1    | -- |  --  | 0.46 | 0.21 |
|    L2    | -- |  --  |  --  | 0.22 |
|    L3    | -- |  --  |  --  |  --  |
+----------+----+------+------+------+
Test | NLL Loss: 0.648259 | Acc: 0.7967 | MSE: 404.0357353210449
Took 13.42049503326416 seconds
