Config: 
 {
  "model_name": "gsc_cifar_100p_data_100p_params",
  "num_classes": 10,
  "in_features": 1024,
  "epochs": 100,
  "batch_size": 32,
  "lr": 0.01,
  "lr_decay": false,
  "train_p": 90.0,
  "test_p": 100,
  "dnn_config": {
    "layers": [
      150,
      100,
      10
    ]
  },
  "early_stopping": true,
  "patience": 5,
  "valid_p": 10.0,
  "optimizer": "adam"
} 

CIFAR-10 Dataset:
Training on 45000 samples (90.0% of 50000) 
Valid on 5000 samples (10.0% of 50000)
Test on 10000 samples (100% of 10000)

Files already downloaded and verified
Files already downloaded and verified
Running test for every 1 epoch
Model: 

LinearClassifierGSC(
  (layers): ModuleList(
    (0): Linear(in_features=1024, out_features=150, bias=True)
    (1): Linear(in_features=1174, out_features=100, bias=True)
    (2): Linear(in_features=1274, out_features=10, bias=True)
  )
  (relu_activation): ReLU()
  (softmax_activation): LogSoftmax()
)


Summary: 

----------------------------------------------------------------
        Layer (type)               Output Shape         Param #
================================================================
            Linear-1                  [-1, 150]         153,750
              ReLU-2                  [-1, 150]               0
            Linear-3                  [-1, 100]         117,500
              ReLU-4                  [-1, 100]               0
            Linear-5                   [-1, 10]          12,750
        LogSoftmax-6                   [-1, 10]               0
================================================================
Total params: 284,000
Trainable params: 284,000
Non-trainable params: 0
----------------------------------------------------------------
Input size (MB): 0.00
Forward/backward pass size (MB): 0.00
Params size (MB): 1.08
Estimated Total Size (MB): 1.09
----------------------------------------------------------------


Train Epoch: 1 | Loss: 3.294094 | Acc: 0.2338| MSE: 0.1054 || V Loss: 3.1760| V Acc: 0.2492| V MSE: 0.1050| CS: ({'0': 0.7, '1': 0.72, '2': 0.51, '3': 0.68, '4': 0.44, '5': 0.65, '6': 0.78, '7': 0.73, '8': 0.6, '9': 0.71}, 0.65)
Test | NLL Loss: 3.264731 | Acc: 0.2565 | MSE: 0.1058433296771857| CS: ({'0': 0.71, '1': 0.68, '2': 0.51, '3': 0.69, '4': 0.44, '5': 0.69, '6': 0.76, '7': 0.71, '8': 0.54, '9': 0.74}, 0.65)
Train Epoch: 2 | Loss: 3.197552 | Acc: 0.2644| MSE: 0.1033 || V Loss: 3.0046| V Acc: 0.2665| V MSE: 0.1015| CS: ({'0': 0.63, '1': 0.73, '2': 0.6, '3': 0.67, '4': 0.56, '5': 0.72, '6': 0.6, '7': 0.66, '8': 0.66, '9': 0.67}, 0.65)
Test | NLL Loss: 3.043069 | Acc: 0.2488 | MSE: 0.1028674221314942| CS: ({'0': 0.6, '1': 0.7, '2': 0.58, '3': 0.7, '4': 0.59, '5': 0.7, '6': 0.61, '7': 0.66, '8': 0.66, '9': 0.71}, 0.65)
Train Epoch: 3 | Loss: 3.081235 | Acc: 0.2806| MSE: 0.1011 || V Loss: 3.1613| V Acc: 0.2532| V MSE: 0.1044| CS: ({'0': 0.59, '1': 0.69, '2': 0.48, '3': 0.74, '4': 0.5, '5': 0.76, '6': 0.5, '7': 0.72, '8': 0.62, '9': 0.72}, 0.63)
Test | NLL Loss: 3.187538 | Acc: 0.2484 | MSE: 0.10467602812444059| CS: ({'0': 0.64, '1': 0.67, '2': 0.54, '3': 0.74, '4': 0.47, '5': 0.75, '6': 0.49, '7': 0.73, '8': 0.64, '9': 0.74}, 0.64)
Train Epoch: 4 | Loss: 3.009624 | Acc: 0.2871| MSE: 0.1000 || V Loss: 3.3245| V Acc: 0.2783| V MSE: 0.1029| CS: ({'0': 0.68, '1': 0.76, '2': 0.69, '3': 0.65, '4': 0.47, '5': 0.82, '6': 0.66, '7': 0.74, '8': 0.73, '9': 0.75}, 0.69)
Test | NLL Loss: 3.400062 | Acc: 0.2719 | MSE: 0.1037674921389205| CS: ({'0': 0.68, '1': 0.77, '2': 0.72, '3': 0.6, '4': 0.49, '5': 0.83, '6': 0.66, '7': 0.75, '8': 0.7, '9': 0.75}, 0.7)
Train Epoch: 5 | Loss: 2.996016 | Acc: 0.2974| MSE: 0.0992 || V Loss: 3.4528| V Acc: 0.2671| V MSE: 0.1060| CS: ({'0': 0.54, '1': 0.81, '2': 0.56, '3': 0.59, '4': 0.73, '5': 0.72, '6': 0.64, '7': 0.76, '8': 0.83, '9': 0.59}, 0.68)
Test | NLL Loss: 3.508924 | Acc: 0.2579 | MSE: 0.10707155136635509| CS: ({'0': 0.59, '1': 0.8, '2': 0.54, '3': 0.6, '4': 0.7, '5': 0.73, '6': 0.67, '7': 0.75, '8': 0.83, '9': 0.61}, 0.68)
Train Epoch: 6 | Loss: 2.927397 | Acc: 0.2980| MSE: 0.0985 || V Loss: 3.3205| V Acc: 0.2635| V MSE: 0.1047| CS: ({'0': 0.57, '1': 0.79, '2': 0.62, '3': 0.68, '4': 0.47, '5': 0.73, '6': 0.63, '7': 0.78, '8': 0.68, '9': 0.66}, 0.66)
Test | NLL Loss: 3.298513 | Acc: 0.2618 | MSE: 0.10386695058201068| CS: ({'0': 0.63, '1': 0.8, '2': 0.67, '3': 0.69, '4': 0.42, '5': 0.71, '6': 0.62, '7': 0.76, '8': 0.7, '9': 0.69}, 0.67)
Train Epoch: 7 | Loss: 2.946242 | Acc: 0.3003| MSE: 0.0982 || V Loss: 3.0784| V Acc: 0.2838| V MSE: 0.1014| CS: ({'0': 0.69, '1': 0.79, '2': 0.46, '3': 0.67, '4': 0.61, '5': 0.74, '6': 0.74, '7': 0.77, '8': 0.64, '9': 0.69}, 0.68)
Test | NLL Loss: 3.114837 | Acc: 0.2752 | MSE: 0.10282853714669474| CS: ({'0': 0.72, '1': 0.78, '2': 0.49, '3': 0.63, '4': 0.63, '5': 0.75, '6': 0.73, '7': 0.76, '8': 0.63, '9': 0.68}, 0.68)
Train Epoch: 8 | Loss: 2.896679 | Acc: 0.3028| MSE: 0.0974 || V Loss: 3.1162| V Acc: 0.2793| V MSE: 0.1015| CS: ({'0': 0.61, '1': 0.81, '2': 0.57, '3': 0.58, '4': 0.64, '5': 0.77, '6': 0.57, '7': 0.8, '8': 0.63, '9': 0.72}, 0.67)
Test | NLL Loss: 3.168983 | Acc: 0.2714 | MSE: 0.10301228391286284| CS: ({'0': 0.61, '1': 0.8, '2': 0.56, '3': 0.59, '4': 0.63, '5': 0.79, '6': 0.52, '7': 0.79, '8': 0.66, '9': 0.71}, 0.67)
Train Epoch: 9 | Loss: 2.838341 | Acc: 0.3040| MSE: 0.0970 || V Loss: 3.0286| V Acc: 0.2641| V MSE: 0.1013| CS: ({'0': 0.53, '1': 0.77, '2': 0.51, '3': 0.57, '4': 0.45, '5': 0.68, '6': 0.53, '7': 0.76, '8': 0.68, '9': 0.77}, 0.62)
Test | NLL Loss: 3.028192 | Acc: 0.2590 | MSE: 0.10196485951209601| CS: ({'0': 0.58, '1': 0.74, '2': 0.54, '3': 0.62, '4': 0.48, '5': 0.7, '6': 0.51, '7': 0.75, '8': 0.69, '9': 0.8}, 0.64)
Train Epoch: 10 | Loss: 2.799049 | Acc: 0.3117| MSE: 0.0962 || V Loss: 2.8033| V Acc: 0.2651| V MSE: 0.0996| CS: ({'0': 0.64, '1': 0.8, '2': 0.46, '3': 0.69, '4': 0.48, '5': 0.64, '6': 0.68, '7': 0.72, '8': 0.61, '9': 0.67}, 0.64)
Test | NLL Loss: 2.829880 | Acc: 0.2632 | MSE: 0.10054046303605119| CS: ({'0': 0.66, '1': 0.8, '2': 0.46, '3': 0.67, '4': 0.52, '5': 0.66, '6': 0.67, '7': 0.7, '8': 0.6, '9': 0.7}, 0.64)
Train Epoch: 11 | Loss: 2.827416 | Acc: 0.3112| MSE: 0.0964 || V Loss: 3.0135| V Acc: 0.2850| V MSE: 0.1008| CS: ({'0': 0.81, '1': 0.79, '2': 0.51, '3': 0.66, '4': 0.57, '5': 0.66, '6': 0.58, '7': 0.76, '8': 0.67, '9': 0.66}, 0.67)
Test | NLL Loss: 3.011526 | Acc: 0.2783 | MSE: 0.10118538907732065| CS: ({'0': 0.84, '1': 0.77, '2': 0.51, '3': 0.69, '4': 0.55, '5': 0.65, '6': 0.56, '7': 0.77, '8': 0.69, '9': 0.69}, 0.67)
Train Epoch: 12 | Loss: 2.780382 | Acc: 0.3119| MSE: 0.0958 || V Loss: 2.8592| V Acc: 0.2814| V MSE: 0.0990| CS: ({'0': 0.73, '1': 0.82, '2': 0.51, '3': 0.56, '4': 0.43, '5': 0.72, '6': 0.55, '7': 0.75, '8': 0.65, '9': 0.76}, 0.65)
Test | NLL Loss: 2.876278 | Acc: 0.2809 | MSE: 0.09902525181397082| CS: ({'0': 0.73, '1': 0.8, '2': 0.5, '3': 0.6, '4': 0.43, '5': 0.71, '6': 0.56, '7': 0.76, '8': 0.65, '9': 0.75}, 0.65)
Train Epoch: 13 | Loss: 2.786563 | Acc: 0.3129| MSE: 0.0957 || V Loss: 3.1945| V Acc: 0.2828| V MSE: 0.1022| CS: ({'0': 0.76, '1': 0.79, '2': 0.55, '3': 0.73, '4': 0.69, '5': 0.76, '6': 0.57, '7': 0.73, '8': 0.74, '9': 0.69}, 0.7)
Test | NLL Loss: 3.265773 | Acc: 0.2848 | MSE: 0.10277134906084012| CS: ({'0': 0.75, '1': 0.76, '2': 0.52, '3': 0.68, '4': 0.69, '5': 0.77, '6': 0.56, '7': 0.76, '8': 0.74, '9': 0.71}, 0.69)
Train Epoch: 14 | Loss: 2.814770 | Acc: 0.3153| MSE: 0.0959 || V Loss: 3.1821| V Acc: 0.2956| V MSE: 0.1008| CS: ({'0': 0.79, '1': 0.76, '2': 0.6, '3': 0.76, '4': 0.46, '5': 0.63, '6': 0.7, '7': 0.78, '8': 0.72, '9': 0.8}, 0.7)
Test | NLL Loss: 3.201302 | Acc: 0.2813 | MSE: 0.10247421231323157| CS: ({'0': 0.79, '1': 0.78, '2': 0.56, '3': 0.69, '4': 0.47, '5': 0.61, '6': 0.68, '7': 0.75, '8': 0.72, '9': 0.8}, 0.68)
Train Epoch: 15 | Loss: 2.744023 | Acc: 0.3171| MSE: 0.0949 || V Loss: 3.1292| V Acc: 0.2822| V MSE: 0.1025| CS: ({'0': 0.62, '1': 0.79, '2': 0.67, '3': 0.68, '4': 0.68, '5': 0.76, '6': 0.7, '7': 0.7, '8': 0.77, '9': 0.76}, 0.71)
Test | NLL Loss: 3.177843 | Acc: 0.2780 | MSE: 0.10351849135499412| CS: ({'0': 0.61, '1': 0.79, '2': 0.68, '3': 0.68, '4': 0.66, '5': 0.72, '6': 0.69, '7': 0.73, '8': 0.79, '9': 0.77}, 0.71)
Train Epoch: 16 | Loss: 2.703347 | Acc: 0.3196| MSE: 0.0946 || V Loss: 2.7856| V Acc: 0.2832| V MSE: 0.0975| CS: ({'0': 0.61, '1': 0.81, '2': 0.57, '3': 0.61, '4': 0.47, '5': 0.7, '6': 0.57, '7': 0.77, '8': 0.72, '9': 0.74}, 0.66)
Test | NLL Loss: 2.773129 | Acc: 0.2775 | MSE: 0.09823306335713536| CS: ({'0': 0.59, '1': 0.81, '2': 0.56, '3': 0.62, '4': 0.47, '5': 0.68, '6': 0.54, '7': 0.77, '8': 0.72, '9': 0.74}, 0.65)
Train Epoch: 17 | Loss: 2.822710 | Acc: 0.3161| MSE: 0.0958 || V Loss: 3.2970| V Acc: 0.2639| V MSE: 0.1054| CS: ({'0': 0.61, '1': 0.79, '2': 0.66, '3': 0.66, '4': 0.52, '5': 0.75, '6': 0.71, '7': 0.78, '8': 0.76, '9': 0.68}, 0.69)
Test | NLL Loss: 3.264700 | Acc: 0.2524 | MSE: 0.10615207326297943| CS: ({'0': 0.64, '1': 0.78, '2': 0.65, '3': 0.61, '4': 0.51, '5': 0.71, '6': 0.68, '7': 0.75, '8': 0.81, '9': 0.68}, 0.68)
Train Epoch: 18 | Loss: 2.712587 | Acc: 0.3200| MSE: 0.0948 || V Loss: 2.7845| V Acc: 0.2996| V MSE: 0.0964| CS: ({'0': 0.59, '1': 0.8, '2': 0.59, '3': 0.6, '4': 0.51, '5': 0.76, '6': 0.58, '7': 0.78, '8': 0.76, '9': 0.67}, 0.66)
Test | NLL Loss: 2.804570 | Acc: 0.2941 | MSE: 0.0972675955095611| CS: ({'0': 0.61, '1': 0.78, '2': 0.6, '3': 0.56, '4': 0.5, '5': 0.76, '6': 0.58, '7': 0.76, '8': 0.76, '9': 0.73}, 0.66)
Train Epoch: 19 | Loss: 2.726192 | Acc: 0.3243| MSE: 0.0941 || V Loss: 3.1304| V Acc: 0.2791| V MSE: 0.1013| CS: ({'0': 0.61, '1': 0.82, '2': 0.52, '3': 0.59, '4': 0.44, '5': 0.77, '6': 0.62, '7': 0.77, '8': 0.78, '9': 0.75}, 0.67)
Test | NLL Loss: 3.203955 | Acc: 0.2665 | MSE: 0.1031397100264272| CS: ({'0': 0.64, '1': 0.8, '2': 0.51, '3': 0.57, '4': 0.46, '5': 0.76, '6': 0.58, '7': 0.78, '8': 0.78, '9': 0.76}, 0.66)
Train Epoch: 20 | Loss: 2.747438 | Acc: 0.3232| MSE: 0.0946 || V Loss: 2.9210| V Acc: 0.2922| V MSE: 0.0982| CS: ({'0': 0.73, '1': 0.77, '2': 0.56, '3': 0.62, '4': 0.53, '5': 0.7, '6': 0.61, '7': 0.78, '8': 0.7, '9': 0.84}, 0.68)
Test | NLL Loss: 2.926848 | Acc: 0.2835 | MSE: 0.09922480384429423| CS: ({'0': 0.76, '1': 0.79, '2': 0.54, '3': 0.61, '4': 0.54, '5': 0.71, '6': 0.58, '7': 0.77, '8': 0.69, '9': 0.83}, 0.68)
Train Epoch: 21 | Loss: 2.716577 | Acc: 0.3246| MSE: 0.0940 || V Loss: 2.9197| V Acc: 0.2890| V MSE: 0.0988| CS: ({'0': 0.7, '1': 0.79, '2': 0.57, '3': 0.61, '4': 0.5, '5': 0.66, '6': 0.65, '7': 0.81, '8': 0.71, '9': 0.73}, 0.67)
Test | NLL Loss: 2.967740 | Acc: 0.2828 | MSE: 0.0998403101016919| CS: ({'0': 0.69, '1': 0.81, '2': 0.58, '3': 0.58, '4': 0.5, '5': 0.67, '6': 0.65, '7': 0.82, '8': 0.72, '9': 0.74}, 0.68)
Train Epoch: 22 | Loss: 2.679305 | Acc: 0.3266| MSE: 0.0936 || V Loss: 3.1905| V Acc: 0.2870| V MSE: 0.1012| CS: ({'0': 0.69, '1': 0.79, '2': 0.59, '3': 0.61, '4': 0.52, '5': 0.7, '6': 0.68, '7': 0.8, '8': 0.75, '9': 0.73}, 0.69)
Test | NLL Loss: 3.229167 | Acc: 0.2854 | MSE: 0.10056709179196495| CS: ({'0': 0.72, '1': 0.79, '2': 0.55, '3': 0.63, '4': 0.57, '5': 0.68, '6': 0.67, '7': 0.8, '8': 0.75, '9': 0.72}, 0.69)
Train Epoch: 23 | Loss: 2.760869 | Acc: 0.3243| MSE: 0.0946 || V Loss: 2.8744| V Acc: 0.2809| V MSE: 0.0988| CS: ({'0': 0.64, '1': 0.76, '2': 0.47, '3': 0.69, '4': 0.52, '5': 0.7, '6': 0.63, '7': 0.73, '8': 0.6, '9': 0.74}, 0.65)
Test | NLL Loss: 2.882830 | Acc: 0.2791 | MSE: 0.09946519583939745| CS: ({'0': 0.63, '1': 0.76, '2': 0.45, '3': 0.67, '4': 0.53, '5': 0.72, '6': 0.63, '7': 0.75, '8': 0.61, '9': 0.77}, 0.65)
Train Epoch: 24 | Loss: 2.761351 | Acc: 0.3207| MSE: 0.0949 || V Loss: 3.1023| V Acc: 0.2797| V MSE: 0.1010| CS: ({'0': 0.77, '1': 0.83, '2': 0.51, '3': 0.57, '4': 0.58, '5': 0.73, '6': 0.51, '7': 0.8, '8': 0.75, '9': 0.78}, 0.68)
Test | NLL Loss: 3.111243 | Acc: 0.2787 | MSE: 0.10207995358176125| CS: ({'0': 0.79, '1': 0.79, '2': 0.55, '3': 0.61, '4': 0.56, '5': 0.73, '6': 0.51, '7': 0.78, '8': 0.75, '9': 0.79}, 0.69)
Train Epoch: 25 | Loss: 2.761960 | Acc: 0.3238| MSE: 0.0949 || V Loss: 2.9602| V Acc: 0.2990| V MSE: 0.0977| CS: ({'0': 0.77, '1': 0.8, '2': 0.52, '3': 0.64, '4': 0.57, '5': 0.67, '6': 0.58, '7': 0.78, '8': 0.74, '9': 0.8}, 0.69)
Test | NLL Loss: 2.934161 | Acc: 0.3005 | MSE: 0.09730538835350316| CS: ({'0': 0.78, '1': 0.8, '2': 0.53, '3': 0.64, '4': 0.59, '5': 0.7, '6': 0.58, '7': 0.8, '8': 0.74, '9': 0.81}, 0.7)
Train Epoch: 26 | Loss: 2.696204 | Acc: 0.3275| MSE: 0.0939 || V Loss: 3.2752| V Acc: 0.2733| V MSE: 0.1039| CS: ({'0': 0.57, '1': 0.8, '2': 0.55, '3': 0.6, '4': 0.49, '5': 0.81, '6': 0.7, '7': 0.8, '8': 0.72, '9': 0.74}, 0.68)
Test | NLL Loss: 3.287575 | Acc: 0.2660 | MSE: 0.10422179286186688| CS: ({'0': 0.57, '1': 0.8, '2': 0.51, '3': 0.59, '4': 0.54, '5': 0.8, '6': 0.73, '7': 0.77, '8': 0.73, '9': 0.74}, 0.68)
Train Epoch: 27 | Loss: 2.762996 | Acc: 0.3250| MSE: 0.0947 || V Loss: 3.9196| V Acc: 0.2631| V MSE: 0.1085| CS: ({'0': 0.68, '1': 0.83, '2': 0.56, '3': 0.67, '4': 0.57, '5': 0.8, '6': 0.62, '7': 0.83, '8': 0.75, '9': 0.75}, 0.71)
Test | NLL Loss: 4.047064 | Acc: 0.2554 | MSE: 0.10994984702275584| CS: ({'0': 0.67, '1': 0.84, '2': 0.56, '3': 0.64, '4': 0.56, '5': 0.82, '6': 0.65, '7': 0.83, '8': 0.77, '9': 0.72}, 0.71)
Train Epoch: 28 | Loss: 2.712949 | Acc: 0.3286| MSE: 0.0941 || V Loss: 3.2796| V Acc: 0.2803| V MSE: 0.1040| CS: ({'0': 0.73, '1': 0.81, '2': 0.74, '3': 0.61, '4': 0.59, '5': 0.76, '6': 0.74, '7': 0.77, '8': 0.76, '9': 0.79}, 0.73)
Test | NLL Loss: 3.355098 | Acc: 0.2729 | MSE: 0.10531784605960877| CS: ({'0': 0.73, '1': 0.78, '2': 0.74, '3': 0.69, '4': 0.6, '5': 0.75, '6': 0.72, '7': 0.81, '8': 0.75, '9': 0.8}, 0.74)
Train Epoch: 29 | Loss: 2.699026 | Acc: 0.3266| MSE: 0.0937 || V Loss: 2.9147| V Acc: 0.2966| V MSE: 0.0991| CS: ({'0': 0.77, '1': 0.82, '2': 0.49, '3': 0.64, '4': 0.58, '5': 0.7, '6': 0.72, '7': 0.76, '8': 0.65, '9': 0.79}, 0.69)
Test | NLL Loss: 2.950245 | Acc: 0.2920 | MSE: 0.10007220699478643| CS: ({'0': 0.76, '1': 0.81, '2': 0.47, '3': 0.63, '4': 0.57, '5': 0.7, '6': 0.71, '7': 0.77, '8': 0.65, '9': 0.79}, 0.69)
Train Epoch: 30 | Loss: 2.666528 | Acc: 0.3279| MSE: 0.0936 || V Loss: 3.3054| V Acc: 0.2502| V MSE: 0.1054| CS: ({'0': 0.68, '1': 0.78, '2': 0.52, '3': 0.69, '4': 0.6, '5': 0.74, '6': 0.6, '7': 0.82, '8': 0.71, '9': 0.76}, 0.69)
Test | NLL Loss: 3.328200 | Acc: 0.2528 | MSE: 0.10581118899126785| CS: ({'0': 0.71, '1': 0.79, '2': 0.52, '3': 0.65, '4': 0.61, '5': 0.74, '6': 0.6, '7': 0.77, '8': 0.72, '9': 0.74}, 0.69)
Train Epoch: 31 | Loss: 2.631662 | Acc: 0.3347| MSE: 0.0926 || V Loss: 3.0871| V Acc: 0.2890| V MSE: 0.1002| CS: ({'0': 0.71, '1': 0.83, '2': 0.51, '3': 0.6, '4': 0.45, '5': 0.81, '6': 0.68, '7': 0.76, '8': 0.69, '9': 0.69}, 0.67)
Test | NLL Loss: 3.049387 | Acc: 0.2812 | MSE: 0.10057565246146327| CS: ({'0': 0.7, '1': 0.82, '2': 0.54, '3': 0.59, '4': 0.48, '5': 0.83, '6': 0.69, '7': 0.78, '8': 0.68, '9': 0.71}, 0.68)
Train Epoch: 32 | Loss: 2.797689 | Acc: 0.3262| MSE: 0.0949 || V Loss: 3.1075| V Acc: 0.2828| V MSE: 0.1017| CS: ({'0': 0.69, '1': 0.8, '2': 0.46, '3': 0.69, '4': 0.47, '5': 0.65, '6': 0.65, '7': 0.83, '8': 0.77, '9': 0.79}, 0.68)
Test | NLL Loss: 3.137980 | Acc: 0.2791 | MSE: 0.10159619904745121| CS: ({'0': 0.69, '1': 0.8, '2': 0.49, '3': 0.7, '4': 0.45, '5': 0.66, '6': 0.65, '7': 0.78, '8': 0.76, '9': 0.79}, 0.68)
Train Epoch: 33 | Loss: 2.667043 | Acc: 0.3357| MSE: 0.0927 || V Loss: 3.6221| V Acc: 0.2510| V MSE: 0.1088| CS: ({'0': 0.72, '1': 0.84, '2': 0.7, '3': 0.67, '4': 0.43, '5': 0.66, '6': 0.68, '7': 0.75, '8': 0.83, '9': 0.67}, 0.7)
Test | NLL Loss: 3.632841 | Acc: 0.2435 | MSE: 0.10985479787134896| CS: ({'0': 0.67, '1': 0.83, '2': 0.69, '3': 0.6, '4': 0.43, '5': 0.67, '6': 0.68, '7': 0.79, '8': 0.82, '9': 0.74}, 0.69)
Train Epoch: 34 | Loss: 2.679880 | Acc: 0.3305| MSE: 0.0933 || V Loss: 3.2974| V Acc: 0.2691| V MSE: 0.1054| CS: ({'0': 0.66, '1': 0.75, '2': 0.58, '3': 0.66, '4': 0.66, '5': 0.7, '6': 0.58, '7': 0.82, '8': 0.77, '9': 0.77}, 0.69)
Test | NLL Loss: 3.287200 | Acc: 0.2680 | MSE: 0.10544718642489978| CS: ({'0': 0.69, '1': 0.79, '2': 0.58, '3': 0.67, '4': 0.66, '5': 0.71, '6': 0.58, '7': 0.83, '8': 0.76, '9': 0.79}, 0.71)
Train Epoch: 35 | Loss: 2.605732 | Acc: 0.3380| MSE: 0.0923 || V Loss: 2.8427| V Acc: 0.2848| V MSE: 0.0982| CS: ({'0': 0.69, '1': 0.8, '2': 0.52, '3': 0.67, '4': 0.48, '5': 0.68, '6': 0.6, '7': 0.82, '8': 0.66, '9': 0.78}, 0.67)
Test | NLL Loss: 2.862553 | Acc: 0.2815 | MSE: 0.09914621025228652| CS: ({'0': 0.66, '1': 0.8, '2': 0.55, '3': 0.67, '4': 0.49, '5': 0.66, '6': 0.6, '7': 0.77, '8': 0.68, '9': 0.8}, 0.67)
Train Epoch: 36 | Loss: 2.653066 | Acc: 0.3361| MSE: 0.0927 || V Loss: 2.9665| V Acc: 0.2803| V MSE: 0.0993| CS: ({'0': 0.59, '1': 0.79, '2': 0.54, '3': 0.64, '4': 0.47, '5': 0.76, '6': 0.56, '7': 0.78, '8': 0.72, '9': 0.77}, 0.66)
Test | NLL Loss: 3.049069 | Acc: 0.2668 | MSE: 0.1013182776090436| CS: ({'0': 0.63, '1': 0.8, '2': 0.56, '3': 0.59, '4': 0.47, '5': 0.74, '6': 0.57, '7': 0.77, '8': 0.71, '9': 0.79}, 0.66)
Train Epoch: 37 | Loss: 2.579160 | Acc: 0.3398| MSE: 0.0916 || V Loss: 3.6549| V Acc: 0.2586| V MSE: 0.1069| CS: ({'0': 0.62, '1': 0.78, '2': 0.54, '3': 0.72, '4': 0.49, '5': 0.66, '6': 0.59, '7': 0.82, '8': 0.74, '9': 0.82}, 0.68)
Test | NLL Loss: 3.693301 | Acc: 0.2550 | MSE: 0.10733609113354271| CS: ({'0': 0.65, '1': 0.82, '2': 0.54, '3': 0.72, '4': 0.42, '5': 0.64, '6': 0.54, '7': 0.82, '8': 0.75, '9': 0.82}, 0.67)
Train Epoch: 38 | Loss: 2.657742 | Acc: 0.3343| MSE: 0.0928 || V Loss: 3.2513| V Acc: 0.2856| V MSE: 0.1016| CS: ({'0': 0.74, '1': 0.77, '2': 0.56, '3': 0.62, '4': 0.61, '5': 0.73, '6': 0.7, '7': 0.8, '8': 0.7, '9': 0.76}, 0.7)
Test | NLL Loss: 3.283811 | Acc: 0.2841 | MSE: 0.10211722781292547| CS: ({'0': 0.72, '1': 0.77, '2': 0.53, '3': 0.59, '4': 0.63, '5': 0.73, '6': 0.72, '7': 0.81, '8': 0.71, '9': 0.79}, 0.7)
Train Epoch: 39 | Loss: 2.670721 | Acc: 0.3376| MSE: 0.0927 || V Loss: 3.4729| V Acc: 0.2745| V MSE: 0.1055| CS: ({'0': 0.7, '1': 0.77, '2': 0.69, '3': 0.61, '4': 0.52, '5': 0.73, '6': 0.63, '7': 0.79, '8': 0.77, '9': 0.81}, 0.7)
Test | NLL Loss: 3.549545 | Acc: 0.2601 | MSE: 0.10710242809579014| CS: ({'0': 0.68, '1': 0.78, '2': 0.68, '3': 0.61, '4': 0.55, '5': 0.72, '6': 0.59, '7': 0.8, '8': 0.8, '9': 0.82}, 0.7)
Train Epoch: 40 | Loss: 2.610815 | Acc: 0.3398| MSE: 0.0920 || V Loss: 3.0098| V Acc: 0.3055| V MSE: 0.0982| CS: ({'0': 0.72, '1': 0.85, '2': 0.6, '3': 0.63, '4': 0.61, '5': 0.75, '6': 0.62, '7': 0.76, '8': 0.63, '9': 0.77}, 0.69)
Test | NLL Loss: 3.011617 | Acc: 0.2976 | MSE: 0.09901799447239397| CS: ({'0': 0.73, '1': 0.83, '2': 0.6, '3': 0.65, '4': 0.59, '5': 0.75, '6': 0.62, '7': 0.79, '8': 0.68, '9': 0.74}, 0.7)
Train Epoch: 41 | Loss: 2.566350 | Acc: 0.3451| MSE: 0.0912 || V Loss: 3.0509| V Acc: 0.2920| V MSE: 0.0996| CS: ({'0': 0.82, '1': 0.8, '2': 0.46, '3': 0.58, '4': 0.6, '5': 0.74, '6': 0.61, '7': 0.76, '8': 0.75, '9': 0.67}, 0.68)
Test | NLL Loss: 3.028209 | Acc: 0.2868 | MSE: 0.09989022387388034| CS: ({'0': 0.82, '1': 0.8, '2': 0.48, '3': 0.57, '4': 0.57, '5': 0.75, '6': 0.64, '7': 0.78, '8': 0.76, '9': 0.72}, 0.69)
Train Epoch: 42 | Loss: 2.594592 | Acc: 0.3420| MSE: 0.0917 || V Loss: 3.1461| V Acc: 0.2822| V MSE: 0.1004| CS: ({'0': 0.63, '1': 0.8, '2': 0.48, '3': 0.71, '4': 0.47, '5': 0.74, '6': 0.68, '7': 0.81, '8': 0.77, '9': 0.75}, 0.68)
Test | NLL Loss: 3.210033 | Acc: 0.2729 | MSE: 0.10301445593563513| CS: ({'0': 0.61, '1': 0.81, '2': 0.46, '3': 0.67, '4': 0.47, '5': 0.75, '6': 0.6, '7': 0.78, '8': 0.77, '9': 0.76}, 0.67)
Train Epoch: 43 | Loss: 2.598175 | Acc: 0.3385| MSE: 0.0919 || V Loss: 3.2365| V Acc: 0.2846| V MSE: 0.1026| CS: ({'0': 0.75, '1': 0.8, '2': 0.45, '3': 0.62, '4': 0.42, '5': 0.65, '6': 0.63, '7': 0.76, '8': 0.88, '9': 0.77}, 0.67)
Test | NLL Loss: 3.242812 | Acc: 0.2759 | MSE: 0.10263770235517916| CS: ({'0': 0.74, '1': 0.82, '2': 0.47, '3': 0.7, '4': 0.47, '5': 0.6, '6': 0.62, '7': 0.78, '8': 0.9, '9': 0.78}, 0.69)
Train Epoch: 44 | Loss: 2.646712 | Acc: 0.3419| MSE: 0.0920 || V Loss: 3.3169| V Acc: 0.2822| V MSE: 0.1016| CS: ({'0': 0.69, '1': 0.81, '2': 0.51, '3': 0.69, '4': 0.48, '5': 0.68, '6': 0.57, '7': 0.82, '8': 0.76, '9': 0.78}, 0.68)
Test | NLL Loss: 3.287343 | Acc: 0.2760 | MSE: 0.10235179382296035| CS: ({'0': 0.69, '1': 0.83, '2': 0.53, '3': 0.69, '4': 0.5, '5': 0.67, '6': 0.57, '7': 0.8, '8': 0.74, '9': 0.79}, 0.68)
Train Epoch: 45 | Loss: 2.610515 | Acc: 0.3433| MSE: 0.0916 || V Loss: 3.0793| V Acc: 0.2791| V MSE: 0.1021| CS: ({'0': 0.67, '1': 0.77, '2': 0.55, '3': 0.71, '4': 0.62, '5': 0.77, '6': 0.56, '7': 0.8, '8': 0.63, '9': 0.8}, 0.69)
Test | NLL Loss: 3.073741 | Acc: 0.2781 | MSE: 0.10208076617112175| CS: ({'0': 0.68, '1': 0.77, '2': 0.54, '3': 0.67, '4': 0.65, '5': 0.75, '6': 0.57, '7': 0.8, '8': 0.67, '9': 0.81}, 0.69)
Train Epoch: 46 | Loss: 2.542469 | Acc: 0.3458| MSE: 0.0907 || V Loss: 3.0859| V Acc: 0.2767| V MSE: 0.0994| CS: ({'0': 0.67, '1': 0.81, '2': 0.54, '3': 0.59, '4': 0.54, '5': 0.69, '6': 0.62, '7': 0.77, '8': 0.63, '9': 0.7}, 0.66)
Test | NLL Loss: 3.089821 | Acc: 0.2702 | MSE: 0.10020890236853029| CS: ({'0': 0.65, '1': 0.81, '2': 0.53, '3': 0.58, '4': 0.51, '5': 0.73, '6': 0.62, '7': 0.79, '8': 0.64, '9': 0.68}, 0.65)
Train Epoch: 47 | Loss: 2.758082 | Acc: 0.3278| MSE: 0.0943 || V Loss: 3.2299| V Acc: 0.2715| V MSE: 0.1035| CS: ({'0': 0.73, '1': 0.78, '2': 0.41, '3': 0.7, '4': 0.5, '5': 0.73, '6': 0.55, '7': 0.78, '8': 0.69, '9': 0.83}, 0.67)
Test | NLL Loss: 3.325122 | Acc: 0.2633 | MSE: 0.10485311771353213| CS: ({'0': 0.75, '1': 0.81, '2': 0.46, '3': 0.68, '4': 0.49, '5': 0.73, '6': 0.55, '7': 0.81, '8': 0.68, '9': 0.83}, 0.68)
Train Epoch: 48 | Loss: 2.600253 | Acc: 0.3422| MSE: 0.0917 || V Loss: 3.1049| V Acc: 0.2842| V MSE: 0.1004| CS: ({'0': 0.72, '1': 0.8, '2': 0.53, '3': 0.64, '4': 0.5, '5': 0.78, '6': 0.62, '7': 0.78, '8': 0.67, '9': 0.79}, 0.68)
Test | NLL Loss: 3.176818 | Acc: 0.2810 | MSE: 0.1010411261274411| CS: ({'0': 0.73, '1': 0.84, '2': 0.53, '3': 0.68, '4': 0.48, '5': 0.77, '6': 0.62, '7': 0.8, '8': 0.71, '9': 0.79}, 0.69)
Train Epoch: 49 | Loss: 2.530198 | Acc: 0.3475| MSE: 0.0906 || V Loss: 3.2688| V Acc: 0.2669| V MSE: 0.1035| CS: ({'0': 0.59, '1': 0.82, '2': 0.54, '3': 0.56, '4': 0.56, '5': 0.74, '6': 0.62, '7': 0.76, '8': 0.61, '9': 0.8}, 0.66)
Test | NLL Loss: 3.299364 | Acc: 0.2564 | MSE: 0.10468794337619608| CS: ({'0': 0.58, '1': 0.83, '2': 0.52, '3': 0.58, '4': 0.56, '5': 0.74, '6': 0.62, '7': 0.8, '8': 0.63, '9': 0.81}, 0.67)
Train Epoch: 50 | Loss: 2.721912 | Acc: 0.3307| MSE: 0.0936 || V Loss: 3.2284| V Acc: 0.2934| V MSE: 0.1006| CS: ({'0': 0.76, '1': 0.82, '2': 0.5, '3': 0.71, '4': 0.6, '5': 0.72, '6': 0.57, '7': 0.79, '8': 0.79, '9': 0.79}, 0.7)
Test | NLL Loss: 3.288620 | Acc: 0.2867 | MSE: 0.10223929845867827| CS: ({'0': 0.75, '1': 0.82, '2': 0.49, '3': 0.7, '4': 0.58, '5': 0.73, '6': 0.54, '7': 0.82, '8': 0.78, '9': 0.81}, 0.7)
Train Epoch: 51 | Loss: 2.559167 | Acc: 0.3421| MSE: 0.0914 || V Loss: 3.2139| V Acc: 0.2870| V MSE: 0.1014| CS: ({'0': 0.8, '1': 0.81, '2': 0.48, '3': 0.59, '4': 0.5, '5': 0.81, '6': 0.61, '7': 0.84, '8': 0.74, '9': 0.78}, 0.7)
Test | NLL Loss: 3.294858 | Acc: 0.2792 | MSE: 0.10246802911686059| CS: ({'0': 0.79, '1': 0.83, '2': 0.5, '3': 0.6, '4': 0.51, '5': 0.79, '6': 0.61, '7': 0.83, '8': 0.73, '9': 0.77}, 0.7)
Train Epoch: 52 | Loss: 2.569335 | Acc: 0.3467| MSE: 0.0912 || V Loss: 3.1237| V Acc: 0.2761| V MSE: 0.1002| CS: ({'0': 0.74, '1': 0.8, '2': 0.6, '3': 0.62, '4': 0.52, '5': 0.71, '6': 0.65, '7': 0.79, '8': 0.71, '9': 0.77}, 0.69)
Test | NLL Loss: 3.245218 | Acc: 0.2703 | MSE: 0.10170706542440877| CS: ({'0': 0.72, '1': 0.8, '2': 0.57, '3': 0.58, '4': 0.53, '5': 0.73, '6': 0.59, '7': 0.81, '8': 0.73, '9': 0.79}, 0.69)
Train Epoch: 53 | Loss: 2.516475 | Acc: 0.3492| MSE: 0.0902 || V Loss: 3.0958| V Acc: 0.3071| V MSE: 0.0996| CS: ({'0': 0.73, '1': 0.83, '2': 0.52, '3': 0.77, '4': 0.51, '5': 0.78, '6': 0.59, '7': 0.81, '8': 0.79, '9': 0.82}, 0.72)
Test | NLL Loss: 3.134413 | Acc: 0.3007 | MSE: 0.10042333331542275| CS: ({'0': 0.74, '1': 0.84, '2': 0.53, '3': 0.73, '4': 0.52, '5': 0.77, '6': 0.6, '7': 0.81, '8': 0.79, '9': 0.84}, 0.72)
Train Epoch: 54 | Loss: 2.694208 | Acc: 0.3387| MSE: 0.0927 || V Loss: 3.5624| V Acc: 0.2464| V MSE: 0.1078| CS: ({'0': 0.73, '1': 0.78, '2': 0.67, '3': 0.75, '4': 0.55, '5': 0.66, '6': 0.59, '7': 0.83, '8': 0.7, '9': 0.82}, 0.71)
Test | NLL Loss: 3.656018 | Acc: 0.2479 | MSE: 0.10896433520907411| CS: ({'0': 0.74, '1': 0.82, '2': 0.64, '3': 0.75, '4': 0.55, '5': 0.69, '6': 0.59, '7': 0.83, '8': 0.73, '9': 0.81}, 0.72)
Train Epoch: 55 | Loss: 2.565704 | Acc: 0.3455| MSE: 0.0911 || V Loss: 3.1071| V Acc: 0.2661| V MSE: 0.1020| CS: ({'0': 0.66, '1': 0.8, '2': 0.62, '3': 0.64, '4': 0.49, '5': 0.74, '6': 0.65, '7': 0.81, '8': 0.63, '9': 0.77}, 0.68)
Test | NLL Loss: 3.154770 | Acc: 0.2649 | MSE: 0.10271246036211142| CS: ({'0': 0.67, '1': 0.78, '2': 0.57, '3': 0.68, '4': 0.52, '5': 0.76, '6': 0.66, '7': 0.82, '8': 0.65, '9': 0.8}, 0.69)
Train Epoch: 56 | Loss: 2.479806 | Acc: 0.3527| MSE: 0.0894 || V Loss: 3.2145| V Acc: 0.2576| V MSE: 0.1041| CS: ({'0': 0.66, '1': 0.82, '2': 0.55, '3': 0.69, '4': 0.56, '5': 0.69, '6': 0.58, '7': 0.78, '8': 0.71, '9': 0.77}, 0.68)
Test | NLL Loss: 3.208333 | Acc: 0.2629 | MSE: 0.1034810156963123| CS: ({'0': 0.64, '1': 0.83, '2': 0.54, '3': 0.67, '4': 0.55, '5': 0.65, '6': 0.61, '7': 0.79, '8': 0.71, '9': 0.75}, 0.67)
Train Epoch: 57 | Loss: 2.547898 | Acc: 0.3461| MSE: 0.0909 || V Loss: 3.6104| V Acc: 0.2908| V MSE: 0.1009| CS: ({'0': 0.76, '1': 0.8, '2': 0.54, '3': 0.63, '4': 0.68, '5': 0.71, '6': 0.59, '7': 0.83, '8': 0.72, '9': 0.75}, 0.7)
Test | NLL Loss: 3.668895 | Acc: 0.2893 | MSE: 0.10116936625859227| CS: ({'0': 0.72, '1': 0.8, '2': 0.56, '3': 0.63, '4': 0.68, '5': 0.73, '6': 0.62, '7': 0.83, '8': 0.71, '9': 0.76}, 0.7)
Train Epoch: 58 | Loss: 2.541078 | Acc: 0.3494| MSE: 0.0906 || V Loss: 3.0688| V Acc: 0.2896| V MSE: 0.0998| CS: ({'0': 0.75, '1': 0.8, '2': 0.57, '3': 0.67, '4': 0.51, '5': 0.71, '6': 0.59, '7': 0.79, '8': 0.73, '9': 0.82}, 0.69)
Test | NLL Loss: 3.104234 | Acc: 0.2853 | MSE: 0.10034612290108927| CS: ({'0': 0.74, '1': 0.8, '2': 0.59, '3': 0.68, '4': 0.5, '5': 0.69, '6': 0.58, '7': 0.82, '8': 0.75, '9': 0.81}, 0.7)
Train Epoch: 59 | Loss: 2.617140 | Acc: 0.3428| MSE: 0.0917 || V Loss: 3.0404| V Acc: 0.3041| V MSE: 0.0976| CS: ({'0': 0.64, '1': 0.83, '2': 0.55, '3': 0.63, '4': 0.54, '5': 0.75, '6': 0.6, '7': 0.81, '8': 0.78, '9': 0.8}, 0.69)
Test | NLL Loss: 3.041895 | Acc: 0.2916 | MSE: 0.09888759516060543| CS: ({'0': 0.57, '1': 0.82, '2': 0.55, '3': 0.6, '4': 0.56, '5': 0.76, '6': 0.59, '7': 0.82, '8': 0.79, '9': 0.78}, 0.68)
Train Epoch: 60 | Loss: 2.651497 | Acc: 0.3468| MSE: 0.0913 || V Loss: 3.0767| V Acc: 0.2946| V MSE: 0.1001| CS: ({'0': 0.81, '1': 0.81, '2': 0.49, '3': 0.6, '4': 0.43, '5': 0.69, '6': 0.69, '7': 0.79, '8': 0.73, '9': 0.76}, 0.68)
Test | NLL Loss: 3.158947 | Acc: 0.2858 | MSE: 0.10099232158721827| CS: ({'0': 0.83, '1': 0.81, '2': 0.53, '3': 0.59, '4': 0.45, '5': 0.71, '6': 0.7, '7': 0.82, '8': 0.75, '9': 0.76}, 0.69)
Train Epoch: 61 | Loss: 2.468935 | Acc: 0.3521| MSE: 0.0893 || V Loss: 3.0625| V Acc: 0.2781| V MSE: 0.1009| CS: ({'0': 0.61, '1': 0.78, '2': 0.6, '3': 0.66, '4': 0.48, '5': 0.56, '6': 0.6, '7': 0.8, '8': 0.78, '9': 0.72}, 0.66)
Test | NLL Loss: 3.054661 | Acc: 0.2721 | MSE: 0.10086439269038434| CS: ({'0': 0.61, '1': 0.79, '2': 0.6, '3': 0.66, '4': 0.48, '5': 0.58, '6': 0.6, '7': 0.82, '8': 0.77, '9': 0.71}, 0.66)
Train Epoch: 62 | Loss: 2.519624 | Acc: 0.3519| MSE: 0.0899 || V Loss: 3.3616| V Acc: 0.2826| V MSE: 0.1026| CS: ({'0': 0.6, '1': 0.82, '2': 0.68, '3': 0.63, '4': 0.59, '5': 0.76, '6': 0.55, '7': 0.83, '8': 0.67, '9': 0.79}, 0.69)
Test | NLL Loss: 3.385479 | Acc: 0.2728 | MSE: 0.10374138435235801| CS: ({'0': 0.56, '1': 0.83, '2': 0.66, '3': 0.65, '4': 0.55, '5': 0.76, '6': 0.6, '7': 0.81, '8': 0.67, '9': 0.79}, 0.69)
Train Epoch: 63 | Loss: 2.527590 | Acc: 0.3495| MSE: 0.0906 || V Loss: 3.1849| V Acc: 0.2844| V MSE: 0.1008| CS: ({'0': 0.72, '1': 0.82, '2': 0.46, '3': 0.65, '4': 0.5, '5': 0.7, '6': 0.61, '7': 0.82, '8': 0.76, '9': 0.79}, 0.68)
Test | NLL Loss: 3.257694 | Acc: 0.2834 | MSE: 0.10147157032935383| CS: ({'0': 0.72, '1': 0.85, '2': 0.47, '3': 0.63, '4': 0.48, '5': 0.71, '6': 0.62, '7': 0.81, '8': 0.77, '9': 0.8}, 0.69)
Train Epoch: 64 | Loss: 2.606603 | Acc: 0.3471| MSE: 0.0913 || V Loss: 3.4113| V Acc: 0.2703| V MSE: 0.1049| CS: ({'0': 0.68, '1': 0.82, '2': 0.54, '3': 0.67, '4': 0.61, '5': 0.66, '6': 0.6, '7': 0.82, '8': 0.7, '9': 0.78}, 0.69)
Test | NLL Loss: 3.448697 | Acc: 0.2617 | MSE: 0.10568586189430743| CS: ({'0': 0.69, '1': 0.84, '2': 0.53, '3': 0.68, '4': 0.59, '5': 0.68, '6': 0.62, '7': 0.82, '8': 0.75, '9': 0.78}, 0.7)
Train Epoch: 65 | Loss: 2.610046 | Acc: 0.3454| MSE: 0.0915 || V Loss: 3.1370| V Acc: 0.2631| V MSE: 0.1024| CS: ({'0': 0.66, '1': 0.79, '2': 0.58, '3': 0.62, '4': 0.52, '5': 0.72, '6': 0.63, '7': 0.81, '8': 0.74, '9': 0.79}, 0.69)
Test | NLL Loss: 3.230996 | Acc: 0.2682 | MSE: 0.10313328236531906| CS: ({'0': 0.65, '1': 0.78, '2': 0.58, '3': 0.57, '4': 0.5, '5': 0.73, '6': 0.61, '7': 0.81, '8': 0.74, '9': 0.81}, 0.68)
Train Epoch: 66 | Loss: 2.469680 | Acc: 0.3557| MSE: 0.0891 || V Loss: 3.3684| V Acc: 0.2932| V MSE: 0.1023| CS: ({'0': 0.69, '1': 0.84, '2': 0.61, '3': 0.58, '4': 0.47, '5': 0.83, '6': 0.65, '7': 0.86, '8': 0.7, '9': 0.81}, 0.7)
Test | NLL Loss: 3.406646 | Acc: 0.2864 | MSE: 0.1029987985286088| CS: ({'0': 0.69, '1': 0.85, '2': 0.61, '3': 0.61, '4': 0.46, '5': 0.84, '6': 0.66, '7': 0.83, '8': 0.69, '9': 0.82}, 0.71)
Train Epoch: 67 | Loss: 2.672107 | Acc: 0.3471| MSE: 0.0917 || V Loss: 3.6510| V Acc: 0.2721| V MSE: 0.1077| CS: ({'0': 0.66, '1': 0.83, '2': 0.65, '3': 0.65, '4': 0.7, '5': 0.79, '6': 0.73, '7': 0.81, '8': 0.7, '9': 0.82}, 0.73)
Test | NLL Loss: 3.649990 | Acc: 0.2705 | MSE: 0.10761338912736113| CS: ({'0': 0.66, '1': 0.84, '2': 0.67, '3': 0.61, '4': 0.68, '5': 0.81, '6': 0.72, '7': 0.8, '8': 0.68, '9': 0.82}, 0.73)
Train Epoch: 68 | Loss: 2.601249 | Acc: 0.3415| MSE: 0.0918 || V Loss: 3.2096| V Acc: 0.2777| V MSE: 0.1021| CS: ({'0': 0.65, '1': 0.81, '2': 0.6, '3': 0.68, '4': 0.59, '5': 0.69, '6': 0.73, '7': 0.85, '8': 0.74, '9': 0.75}, 0.71)
Test | NLL Loss: 3.307823 | Acc: 0.2696 | MSE: 0.10424529218349975| CS: ({'0': 0.66, '1': 0.81, '2': 0.58, '3': 0.67, '4': 0.62, '5': 0.71, '6': 0.7, '7': 0.82, '8': 0.71, '9': 0.75}, 0.7)
Train Epoch: 69 | Loss: 2.497813 | Acc: 0.3538| MSE: 0.0896 || V Loss: 3.4119| V Acc: 0.2852| V MSE: 0.1028| CS: ({'0': 0.66, '1': 0.81, '2': 0.61, '3': 0.61, '4': 0.43, '5': 0.74, '6': 0.6, '7': 0.85, '8': 0.78, '9': 0.8}, 0.69)
Test | NLL Loss: 3.493563 | Acc: 0.2713 | MSE: 0.10509841365460008| CS: ({'0': 0.63, '1': 0.84, '2': 0.6, '3': 0.6, '4': 0.43, '5': 0.74, '6': 0.6, '7': 0.82, '8': 0.8, '9': 0.81}, 0.69)
Train Epoch: 70 | Loss: 2.522862 | Acc: 0.3530| MSE: 0.0900 || V Loss: 3.6381| V Acc: 0.2665| V MSE: 0.1071| CS: ({'0': 0.86, '1': 0.81, '2': 0.54, '3': 0.61, '4': 0.58, '5': 0.7, '6': 0.59, '7': 0.84, '8': 0.78, '9': 0.77}, 0.71)
Test | NLL Loss: 3.719543 | Acc: 0.2523 | MSE: 0.10950257833868551| CS: ({'0': 0.83, '1': 0.82, '2': 0.53, '3': 0.66, '4': 0.6, '5': 0.71, '6': 0.6, '7': 0.84, '8': 0.77, '9': 0.77}, 0.71)
Train Epoch: 71 | Loss: 2.460377 | Acc: 0.3581| MSE: 0.0890 || V Loss: 3.4544| V Acc: 0.2884| V MSE: 0.1033| CS: ({'0': 0.86, '1': 0.86, '2': 0.62, '3': 0.63, '4': 0.51, '5': 0.81, '6': 0.63, '7': 0.84, '8': 0.72, '9': 0.8}, 0.73)
Test | NLL Loss: 3.444049 | Acc: 0.2898 | MSE: 0.1034139498782615| CS: ({'0': 0.85, '1': 0.85, '2': 0.63, '3': 0.63, '4': 0.51, '5': 0.81, '6': 0.63, '7': 0.82, '8': 0.72, '9': 0.82}, 0.73)
Train Epoch: 72 | Loss: 2.396109 | Acc: 0.3642| MSE: 0.0880 || V Loss: 3.1153| V Acc: 0.2944| V MSE: 0.0999| CS: ({'0': 0.78, '1': 0.85, '2': 0.56, '3': 0.7, '4': 0.52, '5': 0.66, '6': 0.55, '7': 0.82, '8': 0.72, '9': 0.78}, 0.69)
Test | NLL Loss: 3.200024 | Acc: 0.2795 | MSE: 0.10227182186164033| CS: ({'0': 0.77, '1': 0.86, '2': 0.57, '3': 0.64, '4': 0.57, '5': 0.7, '6': 0.57, '7': 0.8, '8': 0.71, '9': 0.79}, 0.7)
Train Epoch: 73 | Loss: 2.549309 | Acc: 0.3529| MSE: 0.0904 || V Loss: 3.1416| V Acc: 0.2854| V MSE: 0.1001| CS: ({'0': 0.65, '1': 0.81, '2': 0.47, '3': 0.67, '4': 0.54, '5': 0.7, '6': 0.61, '7': 0.8, '8': 0.75, '9': 0.79}, 0.68)
Test | NLL Loss: 3.260611 | Acc: 0.2678 | MSE: 0.10237132372281041| CS: ({'0': 0.63, '1': 0.83, '2': 0.48, '3': 0.66, '4': 0.55, '5': 0.73, '6': 0.56, '7': 0.79, '8': 0.77, '9': 0.79}, 0.68)
Train Epoch: 74 | Loss: 2.519326 | Acc: 0.3560| MSE: 0.0898 || V Loss: 3.1313| V Acc: 0.2954| V MSE: 0.0995| CS: ({'0': 0.72, '1': 0.8, '2': 0.51, '3': 0.69, '4': 0.64, '5': 0.71, '6': 0.6, '7': 0.83, '8': 0.73, '9': 0.78}, 0.7)
Test | NLL Loss: 3.139037 | Acc: 0.2946 | MSE: 0.09938498155567974| CS: ({'0': 0.7, '1': 0.83, '2': 0.51, '3': 0.68, '4': 0.66, '5': 0.72, '6': 0.58, '7': 0.84, '8': 0.75, '9': 0.78}, 0.7)
Train Epoch: 75 | Loss: 2.387755 | Acc: 0.3677| MSE: 0.0874 || V Loss: 3.3497| V Acc: 0.2803| V MSE: 0.1025| CS: ({'0': 0.68, '1': 0.81, '2': 0.53, '3': 0.6, '4': 0.61, '5': 0.7, '6': 0.65, '7': 0.82, '8': 0.71, '9': 0.86}, 0.7)
Test | NLL Loss: 3.378585 | Acc: 0.2756 | MSE: 0.10329965534158789| CS: ({'0': 0.66, '1': 0.86, '2': 0.51, '3': 0.64, '4': 0.62, '5': 0.73, '6': 0.62, '7': 0.8, '8': 0.71, '9': 0.85}, 0.7)
Train Epoch: 76 | Loss: 2.479706 | Acc: 0.3571| MSE: 0.0894 || V Loss: 3.2003| V Acc: 0.2735| V MSE: 0.1025| CS: ({'0': 0.76, '1': 0.78, '2': 0.59, '3': 0.61, '4': 0.48, '5': 0.67, '6': 0.65, '7': 0.82, '8': 0.67, '9': 0.78}, 0.68)
Test | NLL Loss: 3.266309 | Acc: 0.2676 | MSE: 0.10380406163561458| CS: ({'0': 0.76, '1': 0.8, '2': 0.58, '3': 0.65, '4': 0.47, '5': 0.61, '6': 0.64, '7': 0.82, '8': 0.63, '9': 0.78}, 0.67)
Train Epoch: 77 | Loss: 2.632809 | Acc: 0.3463| MSE: 0.0917 || V Loss: 3.3711| V Acc: 0.2966| V MSE: 0.1019| CS: ({'0': 0.73, '1': 0.83, '2': 0.58, '3': 0.7, '4': 0.64, '5': 0.81, '6': 0.6, '7': 0.84, '8': 0.77, '9': 0.76}, 0.73)
Test | NLL Loss: 3.366118 | Acc: 0.2880 | MSE: 0.10309932564203732| CS: ({'0': 0.74, '1': 0.85, '2': 0.58, '3': 0.68, '4': 0.62, '5': 0.81, '6': 0.58, '7': 0.82, '8': 0.76, '9': 0.78}, 0.72)
Train Epoch: 78 | Loss: 2.513476 | Acc: 0.3594| MSE: 0.0895 || V Loss: 3.6227| V Acc: 0.2590| V MSE: 0.1071| CS: ({'0': 0.73, '1': 0.84, '2': 0.52, '3': 0.63, '4': 0.53, '5': 0.65, '6': 0.58, '7': 0.8, '8': 0.78, '9': 0.79}, 0.68)
Test | NLL Loss: 3.642006 | Acc: 0.2549 | MSE: 0.10668619876852431| CS: ({'0': 0.72, '1': 0.84, '2': 0.53, '3': 0.57, '4': 0.54, '5': 0.72, '6': 0.62, '7': 0.79, '8': 0.78, '9': 0.79}, 0.69)
Train Epoch: 79 | Loss: 2.445441 | Acc: 0.3540| MSE: 0.0892 || V Loss: 3.2047| V Acc: 0.2613| V MSE: 0.1029| CS: ({'0': 0.67, '1': 0.84, '2': 0.58, '3': 0.69, '4': 0.46, '5': 0.72, '6': 0.52, '7': 0.82, '8': 0.68, '9': 0.74}, 0.67)
Test | NLL Loss: 3.212425 | Acc: 0.2635 | MSE: 0.10296522447476372| CS: ({'0': 0.64, '1': 0.83, '2': 0.59, '3': 0.68, '4': 0.47, '5': 0.71, '6': 0.55, '7': 0.81, '8': 0.69, '9': 0.74}, 0.67)
Train Epoch: 80 | Loss: 2.478770 | Acc: 0.3608| MSE: 0.0889 || V Loss: 3.6197| V Acc: 0.2731| V MSE: 0.1076| CS: ({'0': 0.69, '1': 0.76, '2': 0.51, '3': 0.62, '4': 0.56, '5': 0.73, '6': 0.8, '7': 0.84, '8': 0.79, '9': 0.8}, 0.71)
Test | NLL Loss: 3.609651 | Acc: 0.2693 | MSE: 0.1077567694809871| CS: ({'0': 0.72, '1': 0.79, '2': 0.51, '3': 0.65, '4': 0.56, '5': 0.75, '6': 0.78, '7': 0.82, '8': 0.79, '9': 0.81}, 0.72)
Train Epoch: 81 | Loss: 2.534293 | Acc: 0.3583| MSE: 0.0898 || V Loss: 3.0970| V Acc: 0.2826| V MSE: 0.1007| CS: ({'0': 0.68, '1': 0.8, '2': 0.55, '3': 0.68, '4': 0.43, '5': 0.68, '6': 0.69, '7': 0.79, '8': 0.7, '9': 0.79}, 0.68)
Test | NLL Loss: 3.154183 | Acc: 0.2766 | MSE: 0.10086303042432371| CS: ({'0': 0.69, '1': 0.8, '2': 0.53, '3': 0.68, '4': 0.45, '5': 0.69, '6': 0.67, '7': 0.79, '8': 0.69, '9': 0.78}, 0.68)
Train Epoch: 82 | Loss: 2.435048 | Acc: 0.3637| MSE: 0.0880 || V Loss: 3.1668| V Acc: 0.2962| V MSE: 0.1009| CS: ({'0': 0.66, '1': 0.84, '2': 0.53, '3': 0.69, '4': 0.49, '5': 0.74, '6': 0.74, '7': 0.81, '8': 0.74, '9': 0.76}, 0.7)
Test | NLL Loss: 3.225235 | Acc: 0.2869 | MSE: 0.10215557486818622| CS: ({'0': 0.67, '1': 0.82, '2': 0.52, '3': 0.65, '4': 0.52, '5': 0.75, '6': 0.74, '7': 0.81, '8': 0.74, '9': 0.76}, 0.7)
Train Epoch: 83 | Loss: 2.557458 | Acc: 0.3568| MSE: 0.0900 || V Loss: 3.0526| V Acc: 0.3101| V MSE: 0.0965| CS: ({'0': 0.69, '1': 0.81, '2': 0.59, '3': 0.6, '4': 0.5, '5': 0.73, '6': 0.57, '7': 0.81, '8': 0.74, '9': 0.81}, 0.68)
Test | NLL Loss: 3.062401 | Acc: 0.2962 | MSE: 0.09884875867599116| CS: ({'0': 0.66, '1': 0.82, '2': 0.59, '3': 0.58, '4': 0.52, '5': 0.74, '6': 0.58, '7': 0.81, '8': 0.73, '9': 0.8}, 0.68)
Train Epoch: 84 | Loss: 2.528565 | Acc: 0.3550| MSE: 0.0898 || V Loss: 3.0653| V Acc: 0.2868| V MSE: 0.0994| CS: ({'0': 0.66, '1': 0.76, '2': 0.51, '3': 0.63, '4': 0.5, '5': 0.78, '6': 0.57, '7': 0.79, '8': 0.7, '9': 0.78}, 0.67)
Test | NLL Loss: 3.110864 | Acc: 0.2756 | MSE: 0.10040594477908679| CS: ({'0': 0.66, '1': 0.79, '2': 0.51, '3': 0.6, '4': 0.55, '5': 0.81, '6': 0.61, '7': 0.8, '8': 0.69, '9': 0.8}, 0.68)
Train Epoch: 85 | Loss: 2.433552 | Acc: 0.3657| MSE: 0.0880 || V Loss: 3.4479| V Acc: 0.2920| V MSE: 0.1036| CS: ({'0': 0.65, '1': 0.81, '2': 0.68, '3': 0.69, '4': 0.59, '5': 0.77, '6': 0.65, '7': 0.84, '8': 0.75, '9': 0.86}, 0.73)
Test | NLL Loss: 3.467843 | Acc: 0.2841 | MSE: 0.1037704893670524| CS: ({'0': 0.61, '1': 0.83, '2': 0.67, '3': 0.67, '4': 0.63, '5': 0.76, '6': 0.67, '7': 0.84, '8': 0.75, '9': 0.86}, 0.73)
Train Epoch: 86 | Loss: 2.452671 | Acc: 0.3652| MSE: 0.0883 || V Loss: 3.2014| V Acc: 0.2994| V MSE: 0.1005| CS: ({'0': 0.76, '1': 0.79, '2': 0.53, '3': 0.59, '4': 0.51, '5': 0.82, '6': 0.65, '7': 0.84, '8': 0.78, '9': 0.82}, 0.71)
Test | NLL Loss: 3.246184 | Acc: 0.2971 | MSE: 0.10029760695779666| CS: ({'0': 0.74, '1': 0.83, '2': 0.54, '3': 0.55, '4': 0.52, '5': 0.79, '6': 0.66, '7': 0.84, '8': 0.81, '9': 0.79}, 0.71)
Train Epoch: 87 | Loss: 2.533917 | Acc: 0.3566| MSE: 0.0894 || V Loss: 3.2273| V Acc: 0.2637| V MSE: 0.1025| CS: ({'0': 0.69, '1': 0.86, '2': 0.52, '3': 0.62, '4': 0.44, '5': 0.67, '6': 0.58, '7': 0.8, '8': 0.73, '9': 0.75}, 0.67)
Test | NLL Loss: 3.238115 | Acc: 0.2587 | MSE: 0.10342238688716493| CS: ({'0': 0.66, '1': 0.86, '2': 0.54, '3': 0.62, '4': 0.44, '5': 0.64, '6': 0.58, '7': 0.77, '8': 0.73, '9': 0.76}, 0.66)
Train Epoch: 88 | Loss: 2.560755 | Acc: 0.3565| MSE: 0.0896 || V Loss: 3.4459| V Acc: 0.2832| V MSE: 0.1042| CS: ({'0': 0.84, '1': 0.79, '2': 0.47, '3': 0.73, '4': 0.46, '5': 0.68, '6': 0.61, '7': 0.83, '8': 0.81, '9': 0.75}, 0.7)
Test | NLL Loss: 3.460297 | Acc: 0.2752 | MSE: 0.10500491329561026| CS: ({'0': 0.84, '1': 0.8, '2': 0.47, '3': 0.75, '4': 0.48, '5': 0.68, '6': 0.58, '7': 0.82, '8': 0.8, '9': 0.75}, 0.7)
Train Epoch: 89 | Loss: 2.482795 | Acc: 0.3621| MSE: 0.0890 || V Loss: 3.1139| V Acc: 0.2683| V MSE: 0.1002| CS: ({'0': 0.64, '1': 0.83, '2': 0.57, '3': 0.6, '4': 0.55, '5': 0.71, '6': 0.59, '7': 0.82, '8': 0.61, '9': 0.74}, 0.67)
Test | NLL Loss: 3.100622 | Acc: 0.2548 | MSE: 0.10139957477395146| CS: ({'0': 0.59, '1': 0.82, '2': 0.6, '3': 0.56, '4': 0.54, '5': 0.74, '6': 0.59, '7': 0.8, '8': 0.61, '9': 0.73}, 0.66)
Train Epoch: 90 | Loss: 2.366988 | Acc: 0.3722| MSE: 0.0869 || V Loss: 3.4396| V Acc: 0.2852| V MSE: 0.1032| CS: ({'0': 0.69, '1': 0.84, '2': 0.65, '3': 0.73, '4': 0.47, '5': 0.75, '6': 0.65, '7': 0.84, '8': 0.83, '9': 0.81}, 0.73)
Test | NLL Loss: 3.568112 | Acc: 0.2788 | MSE: 0.10491077052042506| CS: ({'0': 0.7, '1': 0.84, '2': 0.63, '3': 0.69, '4': 0.52, '5': 0.77, '6': 0.67, '7': 0.82, '8': 0.83, '9': 0.8}, 0.73)
Train Epoch: 91 | Loss: 2.590921 | Acc: 0.3608| MSE: 0.0899 || V Loss: 3.4905| V Acc: 0.2803| V MSE: 0.1047| CS: ({'0': 0.74, '1': 0.83, '2': 0.56, '3': 0.67, '4': 0.56, '5': 0.6, '6': 0.58, '7': 0.85, '8': 0.75, '9': 0.78}, 0.69)
Test | NLL Loss: 3.531808 | Acc: 0.2712 | MSE: 0.1051402856557133| CS: ({'0': 0.76, '1': 0.84, '2': 0.55, '3': 0.68, '4': 0.53, '5': 0.66, '6': 0.56, '7': 0.86, '8': 0.73, '9': 0.77}, 0.69)
Train Epoch: 92 | Loss: 2.460590 | Acc: 0.3646| MSE: 0.0885 || V Loss: 3.2327| V Acc: 0.2874| V MSE: 0.1010| CS: ({'0': 0.65, '1': 0.78, '2': 0.55, '3': 0.59, '4': 0.54, '5': 0.76, '6': 0.73, '7': 0.8, '8': 0.71, '9': 0.81}, 0.69)
Test | NLL Loss: 3.229004 | Acc: 0.2832 | MSE: 0.10167984747753357| CS: ({'0': 0.67, '1': 0.83, '2': 0.53, '3': 0.58, '4': 0.53, '5': 0.7, '6': 0.7, '7': 0.8, '8': 0.73, '9': 0.81}, 0.69)
Train Epoch: 93 | Loss: 2.398971 | Acc: 0.3722| MSE: 0.0875 || V Loss: 3.5824| V Acc: 0.2836| V MSE: 0.1045| CS: ({'0': 0.64, '1': 0.85, '2': 0.5, '3': 0.71, '4': 0.65, '5': 0.83, '6': 0.73, '7': 0.84, '8': 0.75, '9': 0.81}, 0.73)
Test | NLL Loss: 3.559879 | Acc: 0.2813 | MSE: 0.10524973915979123| CS: ({'0': 0.64, '1': 0.84, '2': 0.51, '3': 0.64, '4': 0.64, '5': 0.82, '6': 0.71, '7': 0.84, '8': 0.75, '9': 0.82}, 0.72)
Train Epoch: 94 | Loss: 2.424473 | Acc: 0.3685| MSE: 0.0878 || V Loss: 3.6164| V Acc: 0.2721| V MSE: 0.1055| CS: ({'0': 0.58, '1': 0.87, '2': 0.69, '3': 0.62, '4': 0.46, '5': 0.73, '6': 0.63, '7': 0.83, '8': 0.82, '9': 0.75}, 0.7)
Test | NLL Loss: 3.608977 | Acc: 0.2653 | MSE: 0.10630631042174257| CS: ({'0': 0.57, '1': 0.85, '2': 0.67, '3': 0.61, '4': 0.5, '5': 0.72, '6': 0.65, '7': 0.81, '8': 0.81, '9': 0.73}, 0.69)
Train Epoch: 95 | Loss: 2.431805 | Acc: 0.3654| MSE: 0.0881 || V Loss: 3.1127| V Acc: 0.2922| V MSE: 0.0988| CS: ({'0': 0.71, '1': 0.83, '2': 0.58, '3': 0.6, '4': 0.58, '5': 0.72, '6': 0.55, '7': 0.78, '8': 0.71, '9': 0.79}, 0.68)
Test | NLL Loss: 3.168777 | Acc: 0.2890 | MSE: 0.0998911305238454| CS: ({'0': 0.69, '1': 0.83, '2': 0.58, '3': 0.59, '4': 0.54, '5': 0.75, '6': 0.61, '7': 0.8, '8': 0.74, '9': 0.79}, 0.69)
Train Epoch: 96 | Loss: 2.334265 | Acc: 0.3762| MSE: 0.0863 || V Loss: 3.5515| V Acc: 0.2605| V MSE: 0.1054| CS: ({'0': 0.69, '1': 0.82, '2': 0.54, '3': 0.7, '4': 0.59, '5': 0.79, '6': 0.58, '7': 0.86, '8': 0.68, '9': 0.81}, 0.71)
Test | NLL Loss: 3.548825 | Acc: 0.2613 | MSE: 0.10632763938686718| CS: ({'0': 0.64, '1': 0.82, '2': 0.56, '3': 0.67, '4': 0.63, '5': 0.83, '6': 0.58, '7': 0.86, '8': 0.73, '9': 0.8}, 0.71)
Train Epoch: 97 | Loss: 2.569719 | Acc: 0.3581| MSE: 0.0899 || V Loss: 3.4754| V Acc: 0.2781| V MSE: 0.1036| CS: ({'0': 0.63, '1': 0.78, '2': 0.47, '3': 0.64, '4': 0.57, '5': 0.73, '6': 0.57, '7': 0.84, '8': 0.74, '9': 0.86}, 0.68)
Test | NLL Loss: 3.485175 | Acc: 0.2731 | MSE: 0.10449695070616354| CS: ({'0': 0.64, '1': 0.8, '2': 0.47, '3': 0.68, '4': 0.56, '5': 0.71, '6': 0.6, '7': 0.85, '8': 0.74, '9': 0.87}, 0.69)
Train Epoch: 98 | Loss: 2.423222 | Acc: 0.3730| MSE: 0.0875 || V Loss: 3.4715| V Acc: 0.2988| V MSE: 0.1031| CS: ({'0': 0.8, '1': 0.86, '2': 0.55, '3': 0.66, '4': 0.47, '5': 0.69, '6': 0.76, '7': 0.83, '8': 0.81, '9': 0.83}, 0.73)
Test | NLL Loss: 3.539817 | Acc: 0.2947 | MSE: 0.10386119468714863| CS: ({'0': 0.8, '1': 0.88, '2': 0.53, '3': 0.66, '4': 0.48, '5': 0.68, '6': 0.76, '7': 0.86, '8': 0.82, '9': 0.82}, 0.73)
Train Epoch: 99 | Loss: 2.387551 | Acc: 0.3716| MSE: 0.0870 || V Loss: 3.5042| V Acc: 0.2826| V MSE: 0.1052| CS: ({'0': 0.71, '1': 0.86, '2': 0.58, '3': 0.68, '4': 0.68, '5': 0.74, '6': 0.66, '7': 0.87, '8': 0.73, '9': 0.76}, 0.73)
Test | NLL Loss: 3.596004 | Acc: 0.2656 | MSE: 0.10762649138990682| CS: ({'0': 0.71, '1': 0.86, '2': 0.58, '3': 0.68, '4': 0.68, '5': 0.75, '6': 0.68, '7': 0.86, '8': 0.72, '9': 0.78}, 0.73)
Train Epoch: 100 | Loss: 2.538689 | Acc: 0.3640| MSE: 0.0892 || V Loss: 3.3896| V Acc: 0.2924| V MSE: 0.1016| CS: ({'0': 0.79, '1': 0.8, '2': 0.49, '3': 0.6, '4': 0.61, '5': 0.8, '6': 0.64, '7': 0.8, '8': 0.73, '9': 0.84}, 0.71)
Test | NLL Loss: 3.463521 | Acc: 0.2881 | MSE: 0.10242567858852136| CS: ({'0': 0.78, '1': 0.81, '2': 0.52, '3': 0.62, '4': 0.6, '5': 0.81, '6': 0.66, '7': 0.84, '8': 0.74, '9': 0.8}, 0.72)
Test | NLL Loss: 3.462042 | Acc: 0.2879 | MSE: 0.10240654009409225| CS: ({'0': 0.78, '1': 0.81, '2': 0.52, '3': 0.62, '4': 0.6, '5': 0.81, '6': 0.66, '7': 0.84, '8': 0.74, '9': 0.8}, 0.72)
Took 1851.5492765903473 seconds
