Config: 
 {
  "model_name": "dsc_ffn_10p",
  "num_classes": 10,
  "in_features": 784,
  "epochs": 10,
  "batch_size": 256,
  "lr": 0.01,
  "dnn_config": {
    "layers": [
      100,
      50,
      10
    ]
  }
} 

Model: 

LinearClassifierDSCPruned(
  (layers): ModuleList(
    (0): Linear(in_features=784, out_features=100, bias=True)
    (1): Linear(in_features=884, out_features=50, bias=True)
    (2): Linear(in_features=934, out_features=10, bias=True)
  )
  (relu_activation): ReLU()
  (softmax_activation): Softmax(dim=-1)
)


Summary: 

----------------------------------------------------------------
        Layer (type)               Output Shape         Param #
================================================================
            Linear-1                  [-1, 100]          78,500
              ReLU-2                  [-1, 100]               0
            Linear-3                   [-1, 50]          44,250
              ReLU-4                   [-1, 50]               0
            Linear-5                   [-1, 10]           9,350
           Softmax-6                   [-1, 10]               0
================================================================
Total params: 132,100
Trainable params: 132,100
Non-trainable params: 0
----------------------------------------------------------------
Input size (MB): 0.00
Forward/backward pass size (MB): 0.00
Params size (MB): 0.50
Estimated Total Size (MB): 0.51
----------------------------------------------------------------


Train Epoch: 1 | Loss: -0.890688 | Acc: 0.8946| MSE: 0.0178

Information Transfer:
+----------+----+------+------+------+
| Contents | L0 | L_1  | L_2  | L_3  |
+----------+----+------+------+------+
|    L0    | -- | 0.64 | 0.69 | 0.72 |
|    L1    | -- |  --  | 0.63 | 0.71 |
|    L2    | -- |  --  |  --  | 0.69 |
|    L3    | -- |  --  |  --  |  --  |
+----------+----+------+------+------+
Train Epoch: 2 | Loss: -0.940460 | Acc: 0.9412| MSE: 0.0108

Information Transfer:
+----------+----+------+------+------+
| Contents | L0 | L_1  | L_2  | L_3  |
+----------+----+------+------+------+
|    L0    | -- | 0.63 | 0.66 | 0.71 |
|    L1    | -- |  --  | 0.58 | 0.69 |
|    L2    | -- |  --  |  --  | 0.65 |
|    L3    | -- |  --  |  --  |  --  |
+----------+----+------+------+------+
Train Epoch: 3 | Loss: -0.949037 | Acc: 0.9496| MSE: 0.0095

Information Transfer:
+----------+----+------+------+------+
| Contents | L0 | L_1  | L_2  | L_3  |
+----------+----+------+------+------+
|    L0    | -- | 0.62 | 0.66 | 0.7  |
|    L1    | -- |  --  | 0.58 | 0.67 |
|    L2    | -- |  --  |  --  | 0.62 |
|    L3    | -- |  --  |  --  |  --  |
+----------+----+------+------+------+
Train Epoch: 4 | Loss: -0.950874 | Acc: 0.9512| MSE: 0.0092

Information Transfer:
+----------+----+------+------+------+
| Contents | L0 | L_1  | L_2  | L_3  |
+----------+----+------+------+------+
|    L0    | -- | 0.61 | 0.65 | 0.69 |
|    L1    | -- |  --  | 0.57 | 0.65 |
|    L2    | -- |  --  |  --  | 0.58 |
|    L3    | -- |  --  |  --  |  --  |
+----------+----+------+------+------+
Train Epoch: 5 | Loss: -0.953113 | Acc: 0.9532| MSE: 0.0089

Information Transfer:
+----------+----+------+------+------+
| Contents | L0 | L_1  | L_2  | L_3  |
+----------+----+------+------+------+
|    L0    | -- | 0.61 | 0.65 | 0.68 |
|    L1    | -- |  --  | 0.56 | 0.65 |
|    L2    | -- |  --  |  --  | 0.58 |
|    L3    | -- |  --  |  --  |  --  |
+----------+----+------+------+------+
Train Epoch: 6 | Loss: -0.956445 | Acc: 0.9567| MSE: 0.0083

Information Transfer:
+----------+----+------+------+------+
| Contents | L0 | L_1  | L_2  | L_3  |
+----------+----+------+------+------+
|    L0    | -- | 0.6  | 0.64 | 0.68 |
|    L1    | -- |  --  | 0.56 | 0.65 |
|    L2    | -- |  --  |  --  | 0.58 |
|    L3    | -- |  --  |  --  |  --  |
+----------+----+------+------+------+
Train Epoch: 7 | Loss: -0.956221 | Acc: 0.9563| MSE: 0.0084

Information Transfer:
+----------+----+------+------+------+
| Contents | L0 | L_1  | L_2  | L_3  |
+----------+----+------+------+------+
|    L0    | -- | 0.6  | 0.64 | 0.68 |
|    L1    | -- |  --  | 0.55 | 0.64 |
|    L2    | -- |  --  |  --  | 0.57 |
|    L3    | -- |  --  |  --  |  --  |
+----------+----+------+------+------+
Train Epoch: 8 | Loss: -0.958971 | Acc: 0.9590| MSE: 0.0079

Information Transfer:
+----------+----+------+------+------+
| Contents | L0 | L_1  | L_2  | L_3  |
+----------+----+------+------+------+
|    L0    | -- | 0.6  | 0.64 | 0.68 |
|    L1    | -- |  --  | 0.55 | 0.64 |
|    L2    | -- |  --  |  --  | 0.57 |
|    L3    | -- |  --  |  --  |  --  |
+----------+----+------+------+------+
Train Epoch: 9 | Loss: -0.954315 | Acc: 0.9544| MSE: 0.0088

Information Transfer:
+----------+----+------+------+------+
| Contents | L0 | L_1  | L_2  | L_3  |
+----------+----+------+------+------+
|    L0    | -- | 0.6  | 0.64 | 0.68 |
|    L1    | -- |  --  | 0.54 | 0.65 |
|    L2    | -- |  --  |  --  | 0.58 |
|    L3    | -- |  --  |  --  |  --  |
+----------+----+------+------+------+
Train Epoch: 10 | Loss: -0.954869 | Acc: 0.9550| MSE: 0.0088

Information Transfer:
+----------+----+------+------+------+
| Contents | L0 | L_1  | L_2  | L_3  |
+----------+----+------+------+------+
|    L0    | -- | 0.59 | 0.64 | 0.68 |
|    L1    | -- |  --  | 0.55 | 0.65 |
|    L2    | -- |  --  |  --  | 0.57 |
|    L3    | -- |  --  |  --  |  --  |
+----------+----+------+------+------+
Test | NLL Loss: -238.549252 | Acc: 0.9527 | MSE: 22.158112508058547
Took 185.12830805778503 seconds
