Config: 
 {
  "model_name": "simple_ffn_50p",
  "num_classes": 10,
  "in_features": 784,
  "epochs": 10,
  "batch_size": 256,
  "lr": 0.01,
  "dnn_config": {
    "layers": [
      50,
      25,
      10
    ]
  }
} 

Model: 

LinearClassifier(
  (layers): ModuleList(
    (0): Linear(in_features=784, out_features=50, bias=True)
    (1): Linear(in_features=50, out_features=25, bias=True)
    (2): Linear(in_features=25, out_features=10, bias=True)
  )
  (relu_activation): ReLU()
  (softmax_activation): Softmax(dim=-1)
)


Summary: 

----------------------------------------------------------------
        Layer (type)               Output Shape         Param #
================================================================
            Linear-1                   [-1, 50]          39,250
              ReLU-2                   [-1, 50]               0
            Linear-3                   [-1, 25]           1,275
              ReLU-4                   [-1, 25]               0
            Linear-5                   [-1, 10]             260
           Softmax-6                   [-1, 10]               0
================================================================
Total params: 40,785
Trainable params: 40,785
Non-trainable params: 0
----------------------------------------------------------------
Input size (MB): 0.00
Forward/backward pass size (MB): 0.00
Params size (MB): 0.16
Estimated Total Size (MB): 0.16
----------------------------------------------------------------


Train Epoch: 1 | Loss: -0.729811 | Acc: 0.7342| MSE: 0.0483
Train Epoch: 2 | Loss: -0.760767 | Acc: 0.7611| MSE: 0.0461
Train Epoch: 3 | Loss: -0.763929 | Acc: 0.7641| MSE: 0.0462
Train Epoch: 4 | Loss: -0.787257 | Acc: 0.7875| MSE: 0.0416
Train Epoch: 5 | Loss: -0.827430 | Acc: 0.8275| MSE: 0.0339
Train Epoch: 6 | Loss: -0.835279 | Acc: 0.8353| MSE: 0.0325
Train Epoch: 7 | Loss: -0.829135 | Acc: 0.8291| MSE: 0.0339
Train Epoch: 8 | Loss: -0.842645 | Acc: 0.8428| MSE: 0.0312
Train Epoch: 9 | Loss: -0.841611 | Acc: 0.8417| MSE: 0.0315
Train Epoch: 10 | Loss: -0.848124 | Acc: 0.8481| MSE: 0.0302
Test | NLL Loss: -208.248214 | Acc: 0.8325 | MSE: 83.1251173734665
Took 154.4834427833557 seconds
