Config: 
 {
  "model_name": "dsc_cifar_100p_data_10p_params",
  "num_classes": 10,
  "in_features": 1024,
  "epochs": 100,
  "batch_size": 32,
  "lr": 0.01,
  "lr_decay": false,
  "train_p": 90.0,
  "test_p": 100,
  "dnn_config": {
    "layers": [
      15,
      10,
      10
    ]
  },
  "early_stopping": true,
  "patience": 5,
  "valid_p": 10.0,
  "optimizer": "adam"
} 

CIFAR-10 Dataset:
Training on 45000 samples (90.0% of 50000) 
Valid on 5000 samples (10.0% of 50000)
Test on 10000 samples (100% of 10000)

Files already downloaded and verified
Files already downloaded and verified
Running test for every 1 epoch
Model: 

LinearClassifierDSC(
  (layers): ModuleList(
    (0): Linear(in_features=1024, out_features=15, bias=True)
    (1): Linear(in_features=1039, out_features=10, bias=True)
    (2): Linear(in_features=1049, out_features=10, bias=True)
  )
  (relu_activation): ReLU()
  (softmax_activation): LogSoftmax()
)


Summary: 

----------------------------------------------------------------
        Layer (type)               Output Shape         Param #
================================================================
            Linear-1                   [-1, 15]          15,375
              ReLU-2                   [-1, 15]               0
            Linear-3                   [-1, 10]          10,400
              ReLU-4                   [-1, 10]               0
            Linear-5                   [-1, 10]          10,500
            Linear-6                   [-1, 10]          10,500
        LogSoftmax-7                   [-1, 10]               0
================================================================
Total params: 46,775
Trainable params: 46,775
Non-trainable params: 0
----------------------------------------------------------------
Input size (MB): 0.00
Forward/backward pass size (MB): 0.00
Params size (MB): 0.18
Estimated Total Size (MB): 0.18
----------------------------------------------------------------


Train Epoch: 1 | Loss: 2.078534 | Acc: 0.2968| MSE: 0.0844 || V Loss: 1.8618| V Acc: 0.3410| V MSE: 0.0786| CS: ({'0': 0.41, '1': 0.53, '2': 0.3, '3': 0.4, '4': 0.35, '5': 0.46, '6': 0.3, '7': 0.6, '8': 0.41, '9': 0.43}, 0.42)
Test | NLL Loss: 1.856464 | Acc: 0.3420 | MSE: 0.07863319158173217| CS: ({'0': 0.41, '1': 0.53, '2': 0.32, '3': 0.4, '4': 0.33, '5': 0.46, '6': 0.31, '7': 0.57, '8': 0.39, '9': 0.45}, 0.42)
Train Epoch: 2 | Loss: 1.791802 | Acc: 0.3706| MSE: 0.0766 || V Loss: 1.7809| V Acc: 0.3722| V MSE: 0.0762| CS: ({'0': 0.42, '1': 0.56, '2': 0.35, '3': 0.38, '4': 0.34, '5': 0.51, '6': 0.33, '7': 0.55, '8': 0.54, '9': 0.5}, 0.45)
Test | NLL Loss: 1.776226 | Acc: 0.3700 | MSE: 0.07625004544425697| CS: ({'0': 0.43, '1': 0.54, '2': 0.36, '3': 0.39, '4': 0.34, '5': 0.52, '6': 0.33, '7': 0.53, '8': 0.53, '9': 0.51}, 0.45)
Train Epoch: 3 | Loss: 1.727104 | Acc: 0.3896| MSE: 0.0746 || V Loss: 1.7417| V Acc: 0.3842| V MSE: 0.0749| CS: ({'0': 0.52, '1': 0.58, '2': 0.39, '3': 0.38, '4': 0.34, '5': 0.51, '6': 0.43, '7': 0.61, '8': 0.52, '9': 0.47}, 0.47)
Test | NLL Loss: 1.753835 | Acc: 0.3821 | MSE: 0.07520225339423353| CS: ({'0': 0.54, '1': 0.58, '2': 0.41, '3': 0.37, '4': 0.32, '5': 0.48, '6': 0.42, '7': 0.59, '8': 0.52, '9': 0.49}, 0.47)
Train Epoch: 4 | Loss: 1.687240 | Acc: 0.4061| MSE: 0.0733 || V Loss: 1.7258| V Acc: 0.3929| V MSE: 0.0744| CS: ({'0': 0.45, '1': 0.57, '2': 0.4, '3': 0.4, '4': 0.33, '5': 0.45, '6': 0.37, '7': 0.58, '8': 0.51, '9': 0.49}, 0.45)
Test | NLL Loss: 1.737442 | Acc: 0.3780 | MSE: 0.07499392962636658| CS: ({'0': 0.47, '1': 0.57, '2': 0.41, '3': 0.38, '4': 0.32, '5': 0.49, '6': 0.37, '7': 0.56, '8': 0.51, '9': 0.5}, 0.46)
Train Epoch: 5 | Loss: 1.658297 | Acc: 0.4158| MSE: 0.0724 || V Loss: 1.7214| V Acc: 0.3915| V MSE: 0.0742| CS: ({'0': 0.51, '1': 0.59, '2': 0.3, '3': 0.42, '4': 0.35, '5': 0.46, '6': 0.39, '7': 0.59, '8': 0.54, '9': 0.56}, 0.47)
Test | NLL Loss: 1.742503 | Acc: 0.3811 | MSE: 0.07489130112785881| CS: ({'0': 0.51, '1': 0.59, '2': 0.32, '3': 0.4, '4': 0.35, '5': 0.49, '6': 0.38, '7': 0.55, '8': 0.53, '9': 0.56}, 0.47)
Train Epoch: 6 | Loss: 1.638614 | Acc: 0.4207| MSE: 0.0717 || V Loss: 1.6995| V Acc: 0.4090| V MSE: 0.0735| CS: ({'0': 0.51, '1': 0.59, '2': 0.34, '3': 0.4, '4': 0.36, '5': 0.51, '6': 0.41, '7': 0.61, '8': 0.5, '9': 0.52}, 0.47)
Test | NLL Loss: 1.718418 | Acc: 0.3987 | MSE: 0.07390486400205487| CS: ({'0': 0.52, '1': 0.6, '2': 0.35, '3': 0.39, '4': 0.35, '5': 0.53, '6': 0.41, '7': 0.59, '8': 0.51, '9': 0.54}, 0.48)
Train Epoch: 7 | Loss: 1.623739 | Acc: 0.4267| MSE: 0.0712 || V Loss: 1.6932| V Acc: 0.4029| V MSE: 0.0734| CS: ({'0': 0.49, '1': 0.58, '2': 0.36, '3': 0.42, '4': 0.38, '5': 0.46, '6': 0.43, '7': 0.61, '8': 0.52, '9': 0.54}, 0.48)
Test | NLL Loss: 1.706799 | Acc: 0.3949 | MSE: 0.07382448580556403| CS: ({'0': 0.49, '1': 0.58, '2': 0.38, '3': 0.41, '4': 0.36, '5': 0.49, '6': 0.43, '7': 0.59, '8': 0.53, '9': 0.57}, 0.48)
Train Epoch: 8 | Loss: 1.608422 | Acc: 0.4303| MSE: 0.0707 || V Loss: 1.6983| V Acc: 0.4110| V MSE: 0.0733| CS: ({'0': 0.47, '1': 0.59, '2': 0.36, '3': 0.39, '4': 0.38, '5': 0.52, '6': 0.44, '7': 0.63, '8': 0.53, '9': 0.59}, 0.49)
Test | NLL Loss: 1.713640 | Acc: 0.3981 | MSE: 0.074036996430768| CS: ({'0': 0.46, '1': 0.6, '2': 0.39, '3': 0.39, '4': 0.39, '5': 0.54, '6': 0.45, '7': 0.6, '8': 0.55, '9': 0.6}, 0.5)
Train Epoch: 9 | Loss: 1.597819 | Acc: 0.4383| MSE: 0.0703 || V Loss: 1.6829| V Acc: 0.4003| V MSE: 0.0730| CS: ({'0': 0.51, '1': 0.56, '2': 0.35, '3': 0.37, '4': 0.33, '5': 0.49, '6': 0.45, '7': 0.61, '8': 0.49, '9': 0.55}, 0.47)
Test | NLL Loss: 1.702515 | Acc: 0.3937 | MSE: 0.07371546167392319| CS: ({'0': 0.5, '1': 0.56, '2': 0.36, '3': 0.37, '4': 0.33, '5': 0.51, '6': 0.45, '7': 0.6, '8': 0.48, '9': 0.57}, 0.47)
Train Epoch: 10 | Loss: 1.585008 | Acc: 0.4427| MSE: 0.0698 || V Loss: 1.6952| V Acc: 0.3975| V MSE: 0.0734| CS: ({'0': 0.54, '1': 0.57, '2': 0.33, '3': 0.41, '4': 0.36, '5': 0.48, '6': 0.44, '7': 0.65, '8': 0.52, '9': 0.59}, 0.49)
Test | NLL Loss: 1.715255 | Acc: 0.3951 | MSE: 0.07416337458327556| CS: ({'0': 0.54, '1': 0.58, '2': 0.35, '3': 0.39, '4': 0.35, '5': 0.49, '6': 0.45, '7': 0.62, '8': 0.52, '9': 0.61}, 0.49)
Train Epoch: 11 | Loss: 1.577537 | Acc: 0.4430| MSE: 0.0696 || V Loss: 1.6836| V Acc: 0.4076| V MSE: 0.0730| CS: ({'0': 0.46, '1': 0.62, '2': 0.4, '3': 0.4, '4': 0.32, '5': 0.46, '6': 0.4, '7': 0.6, '8': 0.57, '9': 0.56}, 0.48)
Test | NLL Loss: 1.710352 | Acc: 0.3911 | MSE: 0.07405104308415907| CS: ({'0': 0.45, '1': 0.61, '2': 0.41, '3': 0.4, '4': 0.31, '5': 0.47, '6': 0.41, '7': 0.6, '8': 0.57, '9': 0.57}, 0.48)
Train Epoch: 12 | Loss: 1.569786 | Acc: 0.4444| MSE: 0.0693 || V Loss: 1.6881| V Acc: 0.4080| V MSE: 0.0732| CS: ({'0': 0.54, '1': 0.58, '2': 0.35, '3': 0.38, '4': 0.35, '5': 0.49, '6': 0.42, '7': 0.63, '8': 0.56, '9': 0.54}, 0.48)
Test | NLL Loss: 1.717592 | Acc: 0.3957 | MSE: 0.07399324932323097| CS: ({'0': 0.53, '1': 0.58, '2': 0.36, '3': 0.38, '4': 0.35, '5': 0.53, '6': 0.43, '7': 0.61, '8': 0.56, '9': 0.56}, 0.49)
Train Epoch: 13 | Loss: 1.561175 | Acc: 0.4464| MSE: 0.0690 || V Loss: 1.7077| V Acc: 0.4045| V MSE: 0.0734| CS: ({'0': 0.53, '1': 0.62, '2': 0.39, '3': 0.42, '4': 0.38, '5': 0.52, '6': 0.43, '7': 0.63, '8': 0.56, '9': 0.62}, 0.51)
Test | NLL Loss: 1.723775 | Acc: 0.3931 | MSE: 0.07418856949518664| CS: ({'0': 0.5, '1': 0.63, '2': 0.42, '3': 0.4, '4': 0.37, '5': 0.52, '6': 0.44, '7': 0.61, '8': 0.55, '9': 0.63}, 0.51)
Train Epoch: 14 | Loss: 1.556631 | Acc: 0.4505| MSE: 0.0689 || V Loss: 1.6851| V Acc: 0.4049| V MSE: 0.0730| CS: ({'0': 0.5, '1': 0.59, '2': 0.36, '3': 0.39, '4': 0.32, '5': 0.53, '6': 0.48, '7': 0.61, '8': 0.56, '9': 0.58}, 0.49)
Test | NLL Loss: 1.719342 | Acc: 0.3896 | MSE: 0.07415126378353411| CS: ({'0': 0.5, '1': 0.6, '2': 0.38, '3': 0.39, '4': 0.32, '5': 0.57, '6': 0.48, '7': 0.61, '8': 0.57, '9': 0.6}, 0.5)
Train Epoch: 15 | Loss: 1.548552 | Acc: 0.4532| MSE: 0.0685 || V Loss: 1.6940| V Acc: 0.4076| V MSE: 0.0734| CS: ({'0': 0.52, '1': 0.59, '2': 0.37, '3': 0.38, '4': 0.34, '5': 0.54, '6': 0.43, '7': 0.63, '8': 0.56, '9': 0.54}, 0.49)
Test | NLL Loss: 1.718344 | Acc: 0.3943 | MSE: 0.07417533155114125| CS: ({'0': 0.51, '1': 0.59, '2': 0.39, '3': 0.36, '4': 0.34, '5': 0.54, '6': 0.43, '7': 0.62, '8': 0.55, '9': 0.54}, 0.49)
Train Epoch: 16 | Loss: 1.541674 | Acc: 0.4572| MSE: 0.0683 || V Loss: 1.6876| V Acc: 0.4086| V MSE: 0.0729| CS: ({'0': 0.53, '1': 0.59, '2': 0.37, '3': 0.38, '4': 0.39, '5': 0.55, '6': 0.47, '7': 0.65, '8': 0.54, '9': 0.62}, 0.51)
Test | NLL Loss: 1.715398 | Acc: 0.4015 | MSE: 0.07385939844071675| CS: ({'0': 0.52, '1': 0.6, '2': 0.38, '3': 0.37, '4': 0.38, '5': 0.57, '6': 0.46, '7': 0.61, '8': 0.54, '9': 0.61}, 0.5)
Train Epoch: 17 | Loss: 1.537579 | Acc: 0.4561| MSE: 0.0682 || V Loss: 1.7100| V Acc: 0.4015| V MSE: 0.0738| CS: ({'0': 0.57, '1': 0.63, '2': 0.34, '3': 0.42, '4': 0.36, '5': 0.5, '6': 0.49, '7': 0.64, '8': 0.55, '9': 0.54}, 0.5)
Test | NLL Loss: 1.740877 | Acc: 0.3893 | MSE: 0.07461257771657298| CS: ({'0': 0.57, '1': 0.64, '2': 0.35, '3': 0.39, '4': 0.36, '5': 0.53, '6': 0.5, '7': 0.63, '8': 0.54, '9': 0.57}, 0.51)
Train Epoch: 18 | Loss: 1.531097 | Acc: 0.4588| MSE: 0.0680 || V Loss: 1.6863| V Acc: 0.4027| V MSE: 0.0728| CS: ({'0': 0.53, '1': 0.6, '2': 0.41, '3': 0.42, '4': 0.4, '5': 0.51, '6': 0.41, '7': 0.64, '8': 0.59, '9': 0.61}, 0.51)
Test | NLL Loss: 1.722207 | Acc: 0.3944 | MSE: 0.07401320431083917| CS: ({'0': 0.53, '1': 0.61, '2': 0.41, '3': 0.4, '4': 0.39, '5': 0.52, '6': 0.43, '7': 0.62, '8': 0.57, '9': 0.61}, 0.51)
Train Epoch: 19 | Loss: 1.525154 | Acc: 0.4587| MSE: 0.0678 || V Loss: 1.6815| V Acc: 0.4164| V MSE: 0.0726| CS: ({'0': 0.55, '1': 0.61, '2': 0.38, '3': 0.42, '4': 0.36, '5': 0.55, '6': 0.44, '7': 0.65, '8': 0.56, '9': 0.59}, 0.51)
Test | NLL Loss: 1.720614 | Acc: 0.3980 | MSE: 0.07391665740230213| CS: ({'0': 0.56, '1': 0.63, '2': 0.4, '3': 0.41, '4': 0.35, '5': 0.56, '6': 0.46, '7': 0.63, '8': 0.54, '9': 0.61}, 0.52)
Train Epoch: 20 | Loss: 1.520828 | Acc: 0.4600| MSE: 0.0676 || V Loss: 1.6867| V Acc: 0.4114| V MSE: 0.0729| CS: ({'0': 0.52, '1': 0.61, '2': 0.39, '3': 0.43, '4': 0.37, '5': 0.5, '6': 0.44, '7': 0.63, '8': 0.6, '9': 0.56}, 0.5)
Test | NLL Loss: 1.716159 | Acc: 0.3982 | MSE: 0.07377925798439751| CS: ({'0': 0.53, '1': 0.62, '2': 0.4, '3': 0.42, '4': 0.36, '5': 0.52, '6': 0.45, '7': 0.62, '8': 0.59, '9': 0.58}, 0.51)
Train Epoch: 21 | Loss: 1.517137 | Acc: 0.4631| MSE: 0.0676 || V Loss: 1.7003| V Acc: 0.4007| V MSE: 0.0735| CS: ({'0': 0.53, '1': 0.64, '2': 0.4, '3': 0.4, '4': 0.38, '5': 0.51, '6': 0.43, '7': 0.63, '8': 0.59, '9': 0.56}, 0.51)
Test | NLL Loss: 1.728670 | Acc: 0.3942 | MSE: 0.07412405072833403| CS: ({'0': 0.54, '1': 0.62, '2': 0.4, '3': 0.38, '4': 0.37, '5': 0.52, '6': 0.44, '7': 0.62, '8': 0.57, '9': 0.58}, 0.5)
Train Epoch: 22 | Loss: 1.512000 | Acc: 0.4643| MSE: 0.0673 || V Loss: 1.6995| V Acc: 0.4064| V MSE: 0.0733| CS: ({'0': 0.55, '1': 0.61, '2': 0.37, '3': 0.44, '4': 0.36, '5': 0.58, '6': 0.45, '7': 0.67, '8': 0.57, '9': 0.58}, 0.52)
Test | NLL Loss: 1.731113 | Acc: 0.3968 | MSE: 0.07419402698596446| CS: ({'0': 0.56, '1': 0.62, '2': 0.37, '3': 0.42, '4': 0.36, '5': 0.6, '6': 0.46, '7': 0.62, '8': 0.57, '9': 0.59}, 0.52)
Train Epoch: 23 | Loss: 1.509260 | Acc: 0.4664| MSE: 0.0672 || V Loss: 1.7036| V Acc: 0.4070| V MSE: 0.0734| CS: ({'0': 0.59, '1': 0.63, '2': 0.38, '3': 0.43, '4': 0.38, '5': 0.53, '6': 0.48, '7': 0.66, '8': 0.58, '9': 0.61}, 0.53)
Test | NLL Loss: 1.732482 | Acc: 0.3966 | MSE: 0.07417496779380134| CS: ({'0': 0.59, '1': 0.64, '2': 0.38, '3': 0.41, '4': 0.37, '5': 0.55, '6': 0.49, '7': 0.62, '8': 0.56, '9': 0.61}, 0.52)
Train Epoch: 24 | Loss: 1.504307 | Acc: 0.4693| MSE: 0.0671 || V Loss: 1.7013| V Acc: 0.4086| V MSE: 0.0732| CS: ({'0': 0.54, '1': 0.61, '2': 0.38, '3': 0.42, '4': 0.39, '5': 0.53, '6': 0.44, '7': 0.67, '8': 0.6, '9': 0.58}, 0.52)
Test | NLL Loss: 1.734655 | Acc: 0.3947 | MSE: 0.07416949048638344| CS: ({'0': 0.55, '1': 0.62, '2': 0.4, '3': 0.41, '4': 0.37, '5': 0.55, '6': 0.46, '7': 0.63, '8': 0.6, '9': 0.58}, 0.52)
Train Epoch: 25 | Loss: 1.503194 | Acc: 0.4682| MSE: 0.0670 || V Loss: 1.7057| V Acc: 0.3981| V MSE: 0.0736| CS: ({'0': 0.58, '1': 0.64, '2': 0.37, '3': 0.4, '4': 0.37, '5': 0.49, '6': 0.44, '7': 0.66, '8': 0.59, '9': 0.54}, 0.51)
Test | NLL Loss: 1.741640 | Acc: 0.3939 | MSE: 0.07464074410093478| CS: ({'0': 0.58, '1': 0.63, '2': 0.39, '3': 0.41, '4': 0.36, '5': 0.49, '6': 0.45, '7': 0.62, '8': 0.57, '9': 0.55}, 0.51)
Train Epoch: 26 | Loss: 1.497909 | Acc: 0.4712| MSE: 0.0668 || V Loss: 1.7116| V Acc: 0.4062| V MSE: 0.0735| CS: ({'0': 0.54, '1': 0.64, '2': 0.4, '3': 0.44, '4': 0.36, '5': 0.52, '6': 0.42, '7': 0.62, '8': 0.62, '9': 0.58}, 0.51)
Test | NLL Loss: 1.742111 | Acc: 0.3916 | MSE: 0.0745109927873261| CS: ({'0': 0.54, '1': 0.65, '2': 0.41, '3': 0.42, '4': 0.35, '5': 0.56, '6': 0.45, '7': 0.6, '8': 0.59, '9': 0.59}, 0.52)
Train Epoch: 27 | Loss: 1.494432 | Acc: 0.4689| MSE: 0.0667 || V Loss: 1.7041| V Acc: 0.4019| V MSE: 0.0738| CS: ({'0': 0.56, '1': 0.63, '2': 0.37, '3': 0.41, '4': 0.38, '5': 0.47, '6': 0.48, '7': 0.66, '8': 0.56, '9': 0.59}, 0.51)
Test | NLL Loss: 1.732767 | Acc: 0.3990 | MSE: 0.07430875964296131| CS: ({'0': 0.57, '1': 0.63, '2': 0.39, '3': 0.39, '4': 0.36, '5': 0.48, '6': 0.49, '7': 0.64, '8': 0.55, '9': 0.61}, 0.51)
Train Epoch: 28 | Loss: 1.488832 | Acc: 0.4736| MSE: 0.0665 || V Loss: 1.6989| V Acc: 0.4045| V MSE: 0.0734| CS: ({'0': 0.53, '1': 0.62, '2': 0.38, '3': 0.43, '4': 0.34, '5': 0.53, '6': 0.45, '7': 0.68, '8': 0.6, '9': 0.59}, 0.51)
Test | NLL Loss: 1.738619 | Acc: 0.3920 | MSE: 0.07444105778163233| CS: ({'0': 0.52, '1': 0.63, '2': 0.39, '3': 0.42, '4': 0.34, '5': 0.55, '6': 0.47, '7': 0.64, '8': 0.59, '9': 0.6}, 0.51)
Train Epoch: 29 | Loss: 1.489079 | Acc: 0.4733| MSE: 0.0665 || V Loss: 1.7078| V Acc: 0.4023| V MSE: 0.0737| CS: ({'0': 0.54, '1': 0.64, '2': 0.39, '3': 0.42, '4': 0.39, '5': 0.58, '6': 0.49, '7': 0.64, '8': 0.6, '9': 0.56}, 0.53)
Test | NLL Loss: 1.750113 | Acc: 0.3910 | MSE: 0.07466972789492089| CS: ({'0': 0.54, '1': 0.65, '2': 0.38, '3': 0.39, '4': 0.38, '5': 0.6, '6': 0.51, '7': 0.63, '8': 0.6, '9': 0.58}, 0.53)
Train Epoch: 30 | Loss: 1.486299 | Acc: 0.4737| MSE: 0.0664 || V Loss: 1.7258| V Acc: 0.3983| V MSE: 0.0743| CS: ({'0': 0.56, '1': 0.64, '2': 0.44, '3': 0.41, '4': 0.36, '5': 0.54, '6': 0.45, '7': 0.66, '8': 0.58, '9': 0.57}, 0.52)
Test | NLL Loss: 1.748713 | Acc: 0.3928 | MSE: 0.07468386676412421| CS: ({'0': 0.57, '1': 0.63, '2': 0.45, '3': 0.4, '4': 0.35, '5': 0.55, '6': 0.48, '7': 0.61, '8': 0.59, '9': 0.58}, 0.52)
Train Epoch: 31 | Loss: 1.483774 | Acc: 0.4754| MSE: 0.0664 || V Loss: 1.7139| V Acc: 0.4013| V MSE: 0.0736| CS: ({'0': 0.54, '1': 0.64, '2': 0.39, '3': 0.41, '4': 0.38, '5': 0.53, '6': 0.46, '7': 0.67, '8': 0.6, '9': 0.57}, 0.52)
Test | NLL Loss: 1.743768 | Acc: 0.3978 | MSE: 0.07434718110881293| CS: ({'0': 0.54, '1': 0.65, '2': 0.39, '3': 0.39, '4': 0.37, '5': 0.53, '6': 0.48, '7': 0.63, '8': 0.58, '9': 0.59}, 0.51)
Train Epoch: 32 | Loss: 1.479661 | Acc: 0.4766| MSE: 0.0661 || V Loss: 1.7184| V Acc: 0.4076| V MSE: 0.0739| CS: ({'0': 0.57, '1': 0.65, '2': 0.39, '3': 0.42, '4': 0.37, '5': 0.51, '6': 0.44, '7': 0.66, '8': 0.59, '9': 0.58}, 0.52)
Test | NLL Loss: 1.751144 | Acc: 0.3989 | MSE: 0.07451589812581151| CS: ({'0': 0.56, '1': 0.63, '2': 0.41, '3': 0.42, '4': 0.36, '5': 0.53, '6': 0.46, '7': 0.65, '8': 0.58, '9': 0.59}, 0.52)
Train Epoch: 33 | Loss: 1.474745 | Acc: 0.4770| MSE: 0.0660 || V Loss: 1.7230| V Acc: 0.3987| V MSE: 0.0739| CS: ({'0': 0.53, '1': 0.64, '2': 0.39, '3': 0.43, '4': 0.36, '5': 0.5, '6': 0.45, '7': 0.68, '8': 0.57, '9': 0.58}, 0.51)
Test | NLL Loss: 1.757421 | Acc: 0.3822 | MSE: 0.07481109203336338| CS: ({'0': 0.53, '1': 0.65, '2': 0.38, '3': 0.41, '4': 0.37, '5': 0.53, '6': 0.48, '7': 0.65, '8': 0.55, '9': 0.58}, 0.51)
Train Epoch: 34 | Loss: 1.475086 | Acc: 0.4770| MSE: 0.0660 || V Loss: 1.7168| V Acc: 0.4033| V MSE: 0.0741| CS: ({'0': 0.58, '1': 0.63, '2': 0.4, '3': 0.44, '4': 0.35, '5': 0.51, '6': 0.5, '7': 0.66, '8': 0.58, '9': 0.64}, 0.53)
Test | NLL Loss: 1.757426 | Acc: 0.3975 | MSE: 0.07483122009819689| CS: ({'0': 0.59, '1': 0.62, '2': 0.4, '3': 0.41, '4': 0.35, '5': 0.52, '6': 0.51, '7': 0.64, '8': 0.57, '9': 0.64}, 0.53)
Train Epoch: 35 | Loss: 1.470322 | Acc: 0.4815| MSE: 0.0658 || V Loss: 1.7027| V Acc: 0.4049| V MSE: 0.0734| CS: ({'0': 0.52, '1': 0.64, '2': 0.39, '3': 0.44, '4': 0.39, '5': 0.51, '6': 0.44, '7': 0.65, '8': 0.59, '9': 0.59}, 0.52)
Test | NLL Loss: 1.742353 | Acc: 0.3913 | MSE: 0.07444309155209758| CS: ({'0': 0.53, '1': 0.64, '2': 0.4, '3': 0.41, '4': 0.37, '5': 0.55, '6': 0.46, '7': 0.63, '8': 0.57, '9': 0.61}, 0.52)
Train Epoch: 36 | Loss: 1.467847 | Acc: 0.4786| MSE: 0.0658 || V Loss: 1.7232| V Acc: 0.4043| V MSE: 0.0739| CS: ({'0': 0.57, '1': 0.65, '2': 0.39, '3': 0.43, '4': 0.39, '5': 0.52, '6': 0.47, '7': 0.67, '8': 0.58, '9': 0.59}, 0.53)
Test | NLL Loss: 1.767572 | Acc: 0.3900 | MSE: 0.07487989556246673| CS: ({'0': 0.56, '1': 0.64, '2': 0.39, '3': 0.42, '4': 0.38, '5': 0.55, '6': 0.47, '7': 0.64, '8': 0.58, '9': 0.61}, 0.52)
Train Epoch: 37 | Loss: 1.465439 | Acc: 0.4830| MSE: 0.0657 || V Loss: 1.7384| V Acc: 0.4076| V MSE: 0.0745| CS: ({'0': 0.58, '1': 0.66, '2': 0.39, '3': 0.43, '4': 0.38, '5': 0.51, '6': 0.44, '7': 0.66, '8': 0.63, '9': 0.57}, 0.53)
Test | NLL Loss: 1.769146 | Acc: 0.3887 | MSE: 0.0751980778198844| CS: ({'0': 0.58, '1': 0.66, '2': 0.4, '3': 0.41, '4': 0.37, '5': 0.54, '6': 0.46, '7': 0.63, '8': 0.63, '9': 0.57}, 0.53)
Train Epoch: 38 | Loss: 1.463942 | Acc: 0.4809| MSE: 0.0656 || V Loss: 1.7356| V Acc: 0.4025| V MSE: 0.0741| CS: ({'0': 0.56, '1': 0.64, '2': 0.39, '3': 0.39, '4': 0.36, '5': 0.54, '6': 0.46, '7': 0.66, '8': 0.63, '9': 0.59}, 0.52)
Test | NLL Loss: 1.785077 | Acc: 0.3861 | MSE: 0.07539661471455242| CS: ({'0': 0.56, '1': 0.67, '2': 0.4, '3': 0.38, '4': 0.35, '5': 0.57, '6': 0.48, '7': 0.64, '8': 0.62, '9': 0.6}, 0.53)
Train Epoch: 39 | Loss: 1.461835 | Acc: 0.4821| MSE: 0.0656 || V Loss: 1.7295| V Acc: 0.4037| V MSE: 0.0742| CS: ({'0': 0.6, '1': 0.62, '2': 0.38, '3': 0.42, '4': 0.38, '5': 0.53, '6': 0.46, '7': 0.68, '8': 0.64, '9': 0.62}, 0.53)
Test | NLL Loss: 1.770520 | Acc: 0.3939 | MSE: 0.07515280228405714| CS: ({'0': 0.6, '1': 0.64, '2': 0.38, '3': 0.4, '4': 0.37, '5': 0.54, '6': 0.48, '7': 0.67, '8': 0.62, '9': 0.63}, 0.53)
Train Epoch: 40 | Loss: 1.459995 | Acc: 0.4825| MSE: 0.0656 || V Loss: 1.7121| V Acc: 0.4011| V MSE: 0.0736| CS: ({'0': 0.57, '1': 0.63, '2': 0.41, '3': 0.42, '4': 0.4, '5': 0.54, '6': 0.51, '7': 0.65, '8': 0.6, '9': 0.63}, 0.54)
Test | NLL Loss: 1.761752 | Acc: 0.3954 | MSE: 0.07494673344749993| CS: ({'0': 0.59, '1': 0.63, '2': 0.41, '3': 0.4, '4': 0.38, '5': 0.55, '6': 0.51, '7': 0.64, '8': 0.6, '9': 0.63}, 0.53)
Train Epoch: 41 | Loss: 1.457943 | Acc: 0.4838| MSE: 0.0655 || V Loss: 1.7368| V Acc: 0.3945| V MSE: 0.0746| CS: ({'0': 0.56, '1': 0.62, '2': 0.38, '3': 0.42, '4': 0.35, '5': 0.53, '6': 0.47, '7': 0.66, '8': 0.52, '9': 0.6}, 0.51)
Test | NLL Loss: 1.776996 | Acc: 0.3785 | MSE: 0.07543628862776315| CS: ({'0': 0.56, '1': 0.64, '2': 0.38, '3': 0.4, '4': 0.35, '5': 0.55, '6': 0.49, '7': 0.65, '8': 0.53, '9': 0.63}, 0.52)
Train Epoch: 42 | Loss: 1.456977 | Acc: 0.4851| MSE: 0.0654 || V Loss: 1.7241| V Acc: 0.4023| V MSE: 0.0739| CS: ({'0': 0.55, '1': 0.64, '2': 0.4, '3': 0.41, '4': 0.44, '5': 0.5, '6': 0.51, '7': 0.67, '8': 0.58, '9': 0.6}, 0.53)
Test | NLL Loss: 1.760521 | Acc: 0.3888 | MSE: 0.0750934635393155| CS: ({'0': 0.55, '1': 0.64, '2': 0.4, '3': 0.4, '4': 0.42, '5': 0.53, '6': 0.52, '7': 0.64, '8': 0.58, '9': 0.62}, 0.53)
Train Epoch: 43 | Loss: 1.452348 | Acc: 0.4862| MSE: 0.0652 || V Loss: 1.7241| V Acc: 0.3989| V MSE: 0.0739| CS: ({'0': 0.56, '1': 0.62, '2': 0.38, '3': 0.45, '4': 0.36, '5': 0.49, '6': 0.45, '7': 0.66, '8': 0.59, '9': 0.59}, 0.52)
Test | NLL Loss: 1.770553 | Acc: 0.3851 | MSE: 0.07528961695040377| CS: ({'0': 0.57, '1': 0.64, '2': 0.38, '3': 0.43, '4': 0.35, '5': 0.5, '6': 0.46, '7': 0.63, '8': 0.58, '9': 0.6}, 0.51)
Train Epoch: 44 | Loss: 1.450968 | Acc: 0.4877| MSE: 0.0651 || V Loss: 1.7513| V Acc: 0.3965| V MSE: 0.0746| CS: ({'0': 0.57, '1': 0.63, '2': 0.38, '3': 0.43, '4': 0.37, '5': 0.49, '6': 0.49, '7': 0.68, '8': 0.61, '9': 0.61}, 0.53)
Test | NLL Loss: 1.788119 | Acc: 0.3846 | MSE: 0.07568331342488051| CS: ({'0': 0.57, '1': 0.66, '2': 0.39, '3': 0.4, '4': 0.36, '5': 0.49, '6': 0.49, '7': 0.66, '8': 0.59, '9': 0.62}, 0.52)
Train Epoch: 45 | Loss: 1.448774 | Acc: 0.4874| MSE: 0.0651 || V Loss: 1.7543| V Acc: 0.3995| V MSE: 0.0748| CS: ({'0': 0.57, '1': 0.64, '2': 0.42, '3': 0.44, '4': 0.42, '5': 0.53, '6': 0.5, '7': 0.68, '8': 0.64, '9': 0.61}, 0.54)
Test | NLL Loss: 1.788633 | Acc: 0.3915 | MSE: 0.0755604817368352| CS: ({'0': 0.58, '1': 0.63, '2': 0.42, '3': 0.42, '4': 0.4, '5': 0.55, '6': 0.51, '7': 0.67, '8': 0.61, '9': 0.61}, 0.54)
Train Epoch: 46 | Loss: 1.448422 | Acc: 0.4887| MSE: 0.0650 || V Loss: 1.7428| V Acc: 0.3955| V MSE: 0.0747| CS: ({'0': 0.52, '1': 0.62, '2': 0.4, '3': 0.41, '4': 0.38, '5': 0.51, '6': 0.51, '7': 0.66, '8': 0.58, '9': 0.58}, 0.52)
Test | NLL Loss: 1.782613 | Acc: 0.3799 | MSE: 0.07577200957570975| CS: ({'0': 0.53, '1': 0.64, '2': 0.41, '3': 0.4, '4': 0.36, '5': 0.52, '6': 0.52, '7': 0.65, '8': 0.59, '9': 0.6}, 0.52)
Train Epoch: 47 | Loss: 1.446910 | Acc: 0.4858| MSE: 0.0651 || V Loss: 1.7296| V Acc: 0.4068| V MSE: 0.0739| CS: ({'0': 0.55, '1': 0.63, '2': 0.37, '3': 0.44, '4': 0.42, '5': 0.55, '6': 0.49, '7': 0.65, '8': 0.62, '9': 0.62}, 0.53)
Test | NLL Loss: 1.777208 | Acc: 0.3903 | MSE: 0.07528758867860982| CS: ({'0': 0.55, '1': 0.66, '2': 0.37, '3': 0.43, '4': 0.4, '5': 0.56, '6': 0.51, '7': 0.65, '8': 0.6, '9': 0.64}, 0.54)
Train Epoch: 48 | Loss: 1.443283 | Acc: 0.4889| MSE: 0.0649 || V Loss: 1.7352| V Acc: 0.4005| V MSE: 0.0743| CS: ({'0': 0.54, '1': 0.66, '2': 0.41, '3': 0.41, '4': 0.42, '5': 0.53, '6': 0.49, '7': 0.67, '8': 0.62, '9': 0.59}, 0.53)
Test | NLL Loss: 1.779545 | Acc: 0.3913 | MSE: 0.07528017095911999| CS: ({'0': 0.56, '1': 0.67, '2': 0.41, '3': 0.4, '4': 0.4, '5': 0.54, '6': 0.51, '7': 0.65, '8': 0.61, '9': 0.61}, 0.54)
Train Epoch: 49 | Loss: 1.440735 | Acc: 0.4876| MSE: 0.0648 || V Loss: 1.7394| V Acc: 0.4072| V MSE: 0.0746| CS: ({'0': 0.57, '1': 0.65, '2': 0.39, '3': 0.44, '4': 0.4, '5': 0.57, '6': 0.47, '7': 0.66, '8': 0.58, '9': 0.59}, 0.53)
Test | NLL Loss: 1.777157 | Acc: 0.3928 | MSE: 0.0753225621204978| CS: ({'0': 0.58, '1': 0.65, '2': 0.4, '3': 0.43, '4': 0.4, '5': 0.59, '6': 0.51, '7': 0.65, '8': 0.58, '9': 0.6}, 0.54)
Train Epoch: 50 | Loss: 1.439796 | Acc: 0.4906| MSE: 0.0647 || V Loss: 1.7641| V Acc: 0.3929| V MSE: 0.0751| CS: ({'0': 0.53, '1': 0.63, '2': 0.42, '3': 0.45, '4': 0.39, '5': 0.53, '6': 0.47, '7': 0.7, '8': 0.57, '9': 0.61}, 0.53)
Test | NLL Loss: 1.802727 | Acc: 0.3765 | MSE: 0.07621348195801528| CS: ({'0': 0.54, '1': 0.65, '2': 0.43, '3': 0.45, '4': 0.37, '5': 0.55, '6': 0.5, '7': 0.66, '8': 0.57, '9': 0.63}, 0.54)
Train Epoch: 51 | Loss: 1.436518 | Acc: 0.4910| MSE: 0.0646 || V Loss: 1.7433| V Acc: 0.4013| V MSE: 0.0743| CS: ({'0': 0.56, '1': 0.63, '2': 0.4, '3': 0.46, '4': 0.44, '5': 0.52, '6': 0.45, '7': 0.68, '8': 0.57, '9': 0.63}, 0.53)
Test | NLL Loss: 1.783643 | Acc: 0.3887 | MSE: 0.07532049541751416| CS: ({'0': 0.57, '1': 0.64, '2': 0.4, '3': 0.46, '4': 0.42, '5': 0.52, '6': 0.48, '7': 0.65, '8': 0.56, '9': 0.64}, 0.53)
Train Epoch: 52 | Loss: 1.435698 | Acc: 0.4925| MSE: 0.0646 || V Loss: 1.7517| V Acc: 0.3931| V MSE: 0.0749| CS: ({'0': 0.54, '1': 0.65, '2': 0.43, '3': 0.39, '4': 0.43, '5': 0.55, '6': 0.49, '7': 0.68, '8': 0.63, '9': 0.6}, 0.54)
Test | NLL Loss: 1.797671 | Acc: 0.3858 | MSE: 0.0758403442181147| CS: ({'0': 0.53, '1': 0.65, '2': 0.43, '3': 0.38, '4': 0.41, '5': 0.55, '6': 0.51, '7': 0.66, '8': 0.62, '9': 0.6}, 0.53)
Train Epoch: 53 | Loss: 1.434407 | Acc: 0.4925| MSE: 0.0646 || V Loss: 1.7428| V Acc: 0.4021| V MSE: 0.0746| CS: ({'0': 0.57, '1': 0.65, '2': 0.43, '3': 0.42, '4': 0.42, '5': 0.55, '6': 0.52, '7': 0.68, '8': 0.6, '9': 0.6}, 0.54)
Test | NLL Loss: 1.794503 | Acc: 0.3890 | MSE: 0.0757011058874214| CS: ({'0': 0.58, '1': 0.66, '2': 0.44, '3': 0.4, '4': 0.39, '5': 0.58, '6': 0.53, '7': 0.64, '8': 0.6, '9': 0.61}, 0.54)
Train Epoch: 54 | Loss: 1.433208 | Acc: 0.4917| MSE: 0.0645 || V Loss: 1.7584| V Acc: 0.3929| V MSE: 0.0752| CS: ({'0': 0.51, '1': 0.65, '2': 0.37, '3': 0.43, '4': 0.37, '5': 0.54, '6': 0.46, '7': 0.69, '8': 0.65, '9': 0.6}, 0.53)
Test | NLL Loss: 1.789297 | Acc: 0.3818 | MSE: 0.07572969640739048| CS: ({'0': 0.53, '1': 0.66, '2': 0.39, '3': 0.42, '4': 0.37, '5': 0.55, '6': 0.49, '7': 0.67, '8': 0.64, '9': 0.62}, 0.53)
Train Epoch: 55 | Loss: 1.430697 | Acc: 0.4934| MSE: 0.0644 || V Loss: 1.7539| V Acc: 0.3997| V MSE: 0.0748| CS: ({'0': 0.56, '1': 0.66, '2': 0.43, '3': 0.42, '4': 0.4, '5': 0.54, '6': 0.48, '7': 0.68, '8': 0.6, '9': 0.6}, 0.54)
Test | NLL Loss: 1.803307 | Acc: 0.3837 | MSE: 0.07589517204096904| CS: ({'0': 0.57, '1': 0.66, '2': 0.44, '3': 0.4, '4': 0.39, '5': 0.57, '6': 0.49, '7': 0.66, '8': 0.59, '9': 0.61}, 0.54)
Train Epoch: 56 | Loss: 1.428210 | Acc: 0.4939| MSE: 0.0642 || V Loss: 1.7546| V Acc: 0.4003| V MSE: 0.0746| CS: ({'0': 0.54, '1': 0.64, '2': 0.39, '3': 0.45, '4': 0.38, '5': 0.55, '6': 0.48, '7': 0.67, '8': 0.61, '9': 0.61}, 0.53)
Test | NLL Loss: 1.794691 | Acc: 0.3831 | MSE: 0.07561900257207334| CS: ({'0': 0.55, '1': 0.67, '2': 0.4, '3': 0.43, '4': 0.37, '5': 0.55, '6': 0.5, '7': 0.65, '8': 0.59, '9': 0.63}, 0.53)
Train Epoch: 57 | Loss: 1.426329 | Acc: 0.4955| MSE: 0.0643 || V Loss: 1.7752| V Acc: 0.3893| V MSE: 0.0755| CS: ({'0': 0.55, '1': 0.69, '2': 0.42, '3': 0.42, '4': 0.4, '5': 0.57, '6': 0.49, '7': 0.68, '8': 0.61, '9': 0.61}, 0.54)
Test | NLL Loss: 1.801994 | Acc: 0.3876 | MSE: 0.07587774883443936| CS: ({'0': 0.55, '1': 0.68, '2': 0.43, '3': 0.4, '4': 0.38, '5': 0.57, '6': 0.51, '7': 0.64, '8': 0.62, '9': 0.62}, 0.54)
Train Epoch: 58 | Loss: 1.426120 | Acc: 0.4941| MSE: 0.0643 || V Loss: 1.7457| V Acc: 0.4017| V MSE: 0.0746| CS: ({'0': 0.55, '1': 0.64, '2': 0.39, '3': 0.43, '4': 0.41, '5': 0.54, '6': 0.47, '7': 0.68, '8': 0.64, '9': 0.61}, 0.54)
Test | NLL Loss: 1.795045 | Acc: 0.3836 | MSE: 0.07587114998850579| CS: ({'0': 0.56, '1': 0.67, '2': 0.4, '3': 0.41, '4': 0.4, '5': 0.58, '6': 0.5, '7': 0.66, '8': 0.63, '9': 0.63}, 0.54)
Train Epoch: 59 | Loss: 1.425034 | Acc: 0.4972| MSE: 0.0643 || V Loss: 1.7479| V Acc: 0.3981| V MSE: 0.0745| CS: ({'0': 0.59, '1': 0.63, '2': 0.39, '3': 0.43, '4': 0.39, '5': 0.52, '6': 0.51, '7': 0.68, '8': 0.59, '9': 0.61}, 0.53)
Test | NLL Loss: 1.798988 | Acc: 0.3874 | MSE: 0.07582049190807648| CS: ({'0': 0.59, '1': 0.65, '2': 0.39, '3': 0.41, '4': 0.39, '5': 0.54, '6': 0.53, '7': 0.67, '8': 0.58, '9': 0.63}, 0.54)
Train Epoch: 60 | Loss: 1.421911 | Acc: 0.4970| MSE: 0.0641 || V Loss: 1.7442| V Acc: 0.4001| V MSE: 0.0743| CS: ({'0': 0.54, '1': 0.67, '2': 0.41, '3': 0.42, '4': 0.45, '5': 0.55, '6': 0.47, '7': 0.67, '8': 0.62, '9': 0.64}, 0.54)
Test | NLL Loss: 1.796644 | Acc: 0.3849 | MSE: 0.07574676270016466| CS: ({'0': 0.56, '1': 0.67, '2': 0.41, '3': 0.41, '4': 0.43, '5': 0.55, '6': 0.48, '7': 0.65, '8': 0.62, '9': 0.64}, 0.54)
Train Epoch: 61 | Loss: 1.419846 | Acc: 0.4980| MSE: 0.0640 || V Loss: 1.7517| V Acc: 0.4023| V MSE: 0.0746| CS: ({'0': 0.58, '1': 0.65, '2': 0.39, '3': 0.45, '4': 0.4, '5': 0.53, '6': 0.49, '7': 0.67, '8': 0.61, '9': 0.63}, 0.54)
Test | NLL Loss: 1.808480 | Acc: 0.3888 | MSE: 0.07595744054205121| CS: ({'0': 0.59, '1': 0.67, '2': 0.4, '3': 0.42, '4': 0.39, '5': 0.54, '6': 0.51, '7': 0.67, '8': 0.6, '9': 0.63}, 0.54)
Train Epoch: 62 | Loss: 1.418677 | Acc: 0.4985| MSE: 0.0640 || V Loss: 1.7570| V Acc: 0.4043| V MSE: 0.0747| CS: ({'0': 0.55, '1': 0.66, '2': 0.41, '3': 0.45, '4': 0.37, '5': 0.52, '6': 0.49, '7': 0.67, '8': 0.61, '9': 0.63}, 0.54)
Test | NLL Loss: 1.804191 | Acc: 0.3824 | MSE: 0.07599040781394742| CS: ({'0': 0.55, '1': 0.67, '2': 0.42, '3': 0.44, '4': 0.38, '5': 0.53, '6': 0.52, '7': 0.64, '8': 0.61, '9': 0.62}, 0.54)
Train Epoch: 63 | Loss: 1.416045 | Acc: 0.4964| MSE: 0.0640 || V Loss: 1.7652| V Acc: 0.3897| V MSE: 0.0749| CS: ({'0': 0.55, '1': 0.64, '2': 0.4, '3': 0.45, '4': 0.4, '5': 0.57, '6': 0.51, '7': 0.67, '8': 0.63, '9': 0.64}, 0.55)
Test | NLL Loss: 1.808007 | Acc: 0.3855 | MSE: 0.07612524679103218| CS: ({'0': 0.56, '1': 0.66, '2': 0.41, '3': 0.42, '4': 0.39, '5': 0.56, '6': 0.52, '7': 0.65, '8': 0.62, '9': 0.65}, 0.54)
Train Epoch: 64 | Loss: 1.415561 | Acc: 0.4981| MSE: 0.0639 || V Loss: 1.7714| V Acc: 0.3935| V MSE: 0.0752| CS: ({'0': 0.57, '1': 0.68, '2': 0.4, '3': 0.43, '4': 0.38, '5': 0.55, '6': 0.51, '7': 0.69, '8': 0.63, '9': 0.61}, 0.55)
Test | NLL Loss: 1.810011 | Acc: 0.3863 | MSE: 0.07597419412467427| CS: ({'0': 0.57, '1': 0.67, '2': 0.4, '3': 0.42, '4': 0.37, '5': 0.57, '6': 0.52, '7': 0.67, '8': 0.62, '9': 0.61}, 0.54)
Train Epoch: 65 | Loss: 1.414745 | Acc: 0.4988| MSE: 0.0639 || V Loss: 1.7546| V Acc: 0.3967| V MSE: 0.0749| CS: ({'0': 0.56, '1': 0.63, '2': 0.4, '3': 0.42, '4': 0.39, '5': 0.53, '6': 0.49, '7': 0.65, '8': 0.63, '9': 0.63}, 0.53)
Test | NLL Loss: 1.803874 | Acc: 0.3779 | MSE: 0.07612857833123816| CS: ({'0': 0.57, '1': 0.64, '2': 0.41, '3': 0.41, '4': 0.38, '5': 0.53, '6': 0.51, '7': 0.65, '8': 0.61, '9': 0.63}, 0.53)
Train Epoch: 66 | Loss: 1.411928 | Acc: 0.5006| MSE: 0.0638 || V Loss: 1.7765| V Acc: 0.3901| V MSE: 0.0753| CS: ({'0': 0.57, '1': 0.66, '2': 0.4, '3': 0.43, '4': 0.42, '5': 0.55, '6': 0.54, '7': 0.68, '8': 0.59, '9': 0.61}, 0.55)
Test | NLL Loss: 1.823462 | Acc: 0.3831 | MSE: 0.07623331679608494| CS: ({'0': 0.56, '1': 0.67, '2': 0.42, '3': 0.41, '4': 0.41, '5': 0.56, '6': 0.56, '7': 0.66, '8': 0.6, '9': 0.62}, 0.55)
Train Epoch: 67 | Loss: 1.411131 | Acc: 0.4974| MSE: 0.0638 || V Loss: 1.7671| V Acc: 0.3993| V MSE: 0.0749| CS: ({'0': 0.55, '1': 0.66, '2': 0.41, '3': 0.44, '4': 0.4, '5': 0.56, '6': 0.48, '7': 0.7, '8': 0.61, '9': 0.61}, 0.54)
Test | NLL Loss: 1.820776 | Acc: 0.3826 | MSE: 0.07629497263568659| CS: ({'0': 0.55, '1': 0.66, '2': 0.41, '3': 0.42, '4': 0.39, '5': 0.56, '6': 0.5, '7': 0.69, '8': 0.61, '9': 0.63}, 0.54)
Train Epoch: 68 | Loss: 1.409131 | Acc: 0.5006| MSE: 0.0637 || V Loss: 1.7786| V Acc: 0.3909| V MSE: 0.0759| CS: ({'0': 0.57, '1': 0.65, '2': 0.39, '3': 0.43, '4': 0.4, '5': 0.56, '6': 0.56, '7': 0.68, '8': 0.6, '9': 0.61}, 0.55)
Test | NLL Loss: 1.826822 | Acc: 0.3788 | MSE: 0.07670551549179104| CS: ({'0': 0.57, '1': 0.65, '2': 0.41, '3': 0.42, '4': 0.4, '5': 0.58, '6': 0.57, '7': 0.65, '8': 0.59, '9': 0.62}, 0.55)
Train Epoch: 69 | Loss: 1.408678 | Acc: 0.5006| MSE: 0.0636 || V Loss: 1.7615| V Acc: 0.4003| V MSE: 0.0749| CS: ({'0': 0.58, '1': 0.66, '2': 0.4, '3': 0.45, '4': 0.43, '5': 0.55, '6': 0.49, '7': 0.67, '8': 0.64, '9': 0.62}, 0.55)
Test | NLL Loss: 1.806035 | Acc: 0.3888 | MSE: 0.07587609535303359| CS: ({'0': 0.58, '1': 0.65, '2': 0.4, '3': 0.42, '4': 0.42, '5': 0.56, '6': 0.51, '7': 0.66, '8': 0.65, '9': 0.63}, 0.55)
Train Epoch: 70 | Loss: 1.405887 | Acc: 0.5025| MSE: 0.0636 || V Loss: 1.7628| V Acc: 0.3995| V MSE: 0.0749| CS: ({'0': 0.55, '1': 0.67, '2': 0.43, '3': 0.43, '4': 0.4, '5': 0.55, '6': 0.5, '7': 0.69, '8': 0.59, '9': 0.61}, 0.54)
Test | NLL Loss: 1.808463 | Acc: 0.3852 | MSE: 0.07601394128209105| CS: ({'0': 0.55, '1': 0.67, '2': 0.43, '3': 0.41, '4': 0.38, '5': 0.56, '6': 0.53, '7': 0.67, '8': 0.6, '9': 0.62}, 0.54)
Train Epoch: 71 | Loss: 1.403801 | Acc: 0.5045| MSE: 0.0634 || V Loss: 1.7802| V Acc: 0.3975| V MSE: 0.0752| CS: ({'0': 0.55, '1': 0.65, '2': 0.41, '3': 0.44, '4': 0.41, '5': 0.55, '6': 0.5, '7': 0.69, '8': 0.61, '9': 0.65}, 0.55)
Test | NLL Loss: 1.826293 | Acc: 0.3809 | MSE: 0.07654176335841321| CS: ({'0': 0.55, '1': 0.67, '2': 0.42, '3': 0.43, '4': 0.4, '5': 0.57, '6': 0.52, '7': 0.68, '8': 0.6, '9': 0.65}, 0.55)
Train Epoch: 72 | Loss: 1.404864 | Acc: 0.5015| MSE: 0.0635 || V Loss: 1.7658| V Acc: 0.3991| V MSE: 0.0749| CS: ({'0': 0.59, '1': 0.65, '2': 0.41, '3': 0.44, '4': 0.41, '5': 0.56, '6': 0.5, '7': 0.68, '8': 0.62, '9': 0.62}, 0.55)
Test | NLL Loss: 1.811696 | Acc: 0.3874 | MSE: 0.07595857031667194| CS: ({'0': 0.59, '1': 0.66, '2': 0.42, '3': 0.43, '4': 0.4, '5': 0.58, '6': 0.52, '7': 0.67, '8': 0.63, '9': 0.62}, 0.55)
Train Epoch: 73 | Loss: 1.401132 | Acc: 0.5027| MSE: 0.0633 || V Loss: 1.7946| V Acc: 0.3903| V MSE: 0.0756| CS: ({'0': 0.62, '1': 0.67, '2': 0.41, '3': 0.45, '4': 0.43, '5': 0.56, '6': 0.54, '7': 0.71, '8': 0.63, '9': 0.63}, 0.57)
Test | NLL Loss: 1.842122 | Acc: 0.3867 | MSE: 0.07655783197559869| CS: ({'0': 0.63, '1': 0.66, '2': 0.43, '3': 0.43, '4': 0.41, '5': 0.54, '6': 0.56, '7': 0.69, '8': 0.6, '9': 0.64}, 0.56)
Train Epoch: 74 | Loss: 1.401821 | Acc: 0.5031| MSE: 0.0633 || V Loss: 1.7870| V Acc: 0.3885| V MSE: 0.0754| CS: ({'0': 0.57, '1': 0.66, '2': 0.4, '3': 0.43, '4': 0.42, '5': 0.56, '6': 0.52, '7': 0.69, '8': 0.63, '9': 0.62}, 0.55)
Test | NLL Loss: 1.825715 | Acc: 0.3847 | MSE: 0.07635084338509998| CS: ({'0': 0.57, '1': 0.68, '2': 0.41, '3': 0.42, '4': 0.41, '5': 0.55, '6': 0.53, '7': 0.67, '8': 0.62, '9': 0.63}, 0.55)
Train Epoch: 75 | Loss: 1.399921 | Acc: 0.5023| MSE: 0.0633 || V Loss: 1.8130| V Acc: 0.3883| V MSE: 0.0764| CS: ({'0': 0.55, '1': 0.67, '2': 0.41, '3': 0.42, '4': 0.4, '5': 0.55, '6': 0.48, '7': 0.69, '8': 0.61, '9': 0.58}, 0.54)
Test | NLL Loss: 1.850030 | Acc: 0.3728 | MSE: 0.07720984362613278| CS: ({'0': 0.56, '1': 0.68, '2': 0.42, '3': 0.42, '4': 0.39, '5': 0.56, '6': 0.5, '7': 0.67, '8': 0.61, '9': 0.6}, 0.54)
Train Epoch: 76 | Loss: 1.398594 | Acc: 0.5036| MSE: 0.0633 || V Loss: 1.7757| V Acc: 0.3889| V MSE: 0.0754| CS: ({'0': 0.59, '1': 0.66, '2': 0.42, '3': 0.45, '4': 0.44, '5': 0.56, '6': 0.52, '7': 0.69, '8': 0.6, '9': 0.66}, 0.56)
Test | NLL Loss: 1.825440 | Acc: 0.3896 | MSE: 0.07642337209738481| CS: ({'0': 0.6, '1': 0.66, '2': 0.42, '3': 0.42, '4': 0.41, '5': 0.55, '6': 0.53, '7': 0.68, '8': 0.61, '9': 0.66}, 0.55)
Train Epoch: 77 | Loss: 1.397828 | Acc: 0.5053| MSE: 0.0633 || V Loss: 1.7757| V Acc: 0.3929| V MSE: 0.0754| CS: ({'0': 0.57, '1': 0.64, '2': 0.39, '3': 0.45, '4': 0.41, '5': 0.52, '6': 0.49, '7': 0.69, '8': 0.63, '9': 0.61}, 0.54)
Test | NLL Loss: 1.827229 | Acc: 0.3832 | MSE: 0.0765173694672295| CS: ({'0': 0.59, '1': 0.65, '2': 0.42, '3': 0.42, '4': 0.4, '5': 0.51, '6': 0.5, '7': 0.67, '8': 0.61, '9': 0.62}, 0.54)
Train Epoch: 78 | Loss: 1.395622 | Acc: 0.5064| MSE: 0.0632 || V Loss: 1.7667| V Acc: 0.3983| V MSE: 0.0750| CS: ({'0': 0.59, '1': 0.66, '2': 0.41, '3': 0.45, '4': 0.38, '5': 0.55, '6': 0.49, '7': 0.7, '8': 0.64, '9': 0.61}, 0.55)
Test | NLL Loss: 1.831317 | Acc: 0.3800 | MSE: 0.07659578354309161| CS: ({'0': 0.59, '1': 0.66, '2': 0.42, '3': 0.43, '4': 0.38, '5': 0.57, '6': 0.52, '7': 0.66, '8': 0.62, '9': 0.62}, 0.55)
Train Epoch: 79 | Loss: 1.394382 | Acc: 0.5058| MSE: 0.0631 || V Loss: 1.7854| V Acc: 0.3979| V MSE: 0.0755| CS: ({'0': 0.58, '1': 0.65, '2': 0.41, '3': 0.42, '4': 0.43, '5': 0.58, '6': 0.55, '7': 0.69, '8': 0.64, '9': 0.61}, 0.56)
Test | NLL Loss: 1.836340 | Acc: 0.3864 | MSE: 0.07672425002430955| CS: ({'0': 0.57, '1': 0.67, '2': 0.42, '3': 0.41, '4': 0.42, '5': 0.57, '6': 0.55, '7': 0.68, '8': 0.64, '9': 0.62}, 0.55)
Train Epoch: 80 | Loss: 1.393639 | Acc: 0.5063| MSE: 0.0631 || V Loss: 1.7804| V Acc: 0.3961| V MSE: 0.0754| CS: ({'0': 0.57, '1': 0.67, '2': 0.41, '3': 0.47, '4': 0.39, '5': 0.57, '6': 0.48, '7': 0.69, '8': 0.62, '9': 0.61}, 0.55)
Test | NLL Loss: 1.838884 | Acc: 0.3803 | MSE: 0.07661947349723154| CS: ({'0': 0.58, '1': 0.68, '2': 0.41, '3': 0.45, '4': 0.38, '5': 0.58, '6': 0.5, '7': 0.67, '8': 0.62, '9': 0.62}, 0.55)
Train Epoch: 81 | Loss: 1.391585 | Acc: 0.5068| MSE: 0.0630 || V Loss: 1.7854| V Acc: 0.3923| V MSE: 0.0753| CS: ({'0': 0.61, '1': 0.67, '2': 0.41, '3': 0.45, '4': 0.43, '5': 0.57, '6': 0.5, '7': 0.67, '8': 0.61, '9': 0.61}, 0.55)
Test | NLL Loss: 1.839128 | Acc: 0.3830 | MSE: 0.07652257913693833| CS: ({'0': 0.61, '1': 0.69, '2': 0.41, '3': 0.43, '4': 0.41, '5': 0.57, '6': 0.52, '7': 0.65, '8': 0.63, '9': 0.61}, 0.55)
Train Epoch: 82 | Loss: 1.392586 | Acc: 0.5065| MSE: 0.0631 || V Loss: 1.7984| V Acc: 0.3967| V MSE: 0.0758| CS: ({'0': 0.61, '1': 0.68, '2': 0.41, '3': 0.42, '4': 0.42, '5': 0.56, '6': 0.49, '7': 0.71, '8': 0.61, '9': 0.61}, 0.55)
Test | NLL Loss: 1.849844 | Acc: 0.3814 | MSE: 0.07664715695066955| CS: ({'0': 0.64, '1': 0.69, '2': 0.41, '3': 0.41, '4': 0.41, '5': 0.55, '6': 0.51, '7': 0.69, '8': 0.63, '9': 0.63}, 0.56)
Train Epoch: 83 | Loss: 1.389774 | Acc: 0.5084| MSE: 0.0629 || V Loss: 1.8108| V Acc: 0.3869| V MSE: 0.0761| CS: ({'0': 0.59, '1': 0.71, '2': 0.42, '3': 0.45, '4': 0.41, '5': 0.55, '6': 0.49, '7': 0.71, '8': 0.63, '9': 0.64}, 0.56)
Test | NLL Loss: 1.852521 | Acc: 0.3803 | MSE: 0.07712243743740713| CS: ({'0': 0.6, '1': 0.7, '2': 0.41, '3': 0.42, '4': 0.41, '5': 0.54, '6': 0.5, '7': 0.69, '8': 0.62, '9': 0.65}, 0.55)
Train Epoch: 84 | Loss: 1.387502 | Acc: 0.5081| MSE: 0.0628 || V Loss: 1.8246| V Acc: 0.3838| V MSE: 0.0766| CS: ({'0': 0.56, '1': 0.69, '2': 0.41, '3': 0.45, '4': 0.42, '5': 0.56, '6': 0.5, '7': 0.7, '8': 0.64, '9': 0.61}, 0.55)
Test | NLL Loss: 1.864358 | Acc: 0.3784 | MSE: 0.07735688923694455| CS: ({'0': 0.55, '1': 0.69, '2': 0.4, '3': 0.44, '4': 0.41, '5': 0.55, '6': 0.52, '7': 0.69, '8': 0.63, '9': 0.62}, 0.55)
Train Epoch: 85 | Loss: 1.387142 | Acc: 0.5071| MSE: 0.0629 || V Loss: 1.8248| V Acc: 0.3893| V MSE: 0.0764| CS: ({'0': 0.59, '1': 0.7, '2': 0.39, '3': 0.45, '4': 0.43, '5': 0.58, '6': 0.49, '7': 0.69, '8': 0.65, '9': 0.63}, 0.56)
Test | NLL Loss: 1.874903 | Acc: 0.3813 | MSE: 0.07734101445387347| CS: ({'0': 0.6, '1': 0.68, '2': 0.39, '3': 0.42, '4': 0.43, '5': 0.59, '6': 0.5, '7': 0.68, '8': 0.65, '9': 0.63}, 0.56)
Train Epoch: 86 | Loss: 1.387114 | Acc: 0.5080| MSE: 0.0628 || V Loss: 1.7894| V Acc: 0.3895| V MSE: 0.0757| CS: ({'0': 0.58, '1': 0.69, '2': 0.4, '3': 0.43, '4': 0.38, '5': 0.54, '6': 0.49, '7': 0.66, '8': 0.61, '9': 0.6}, 0.54)
Test | NLL Loss: 1.847896 | Acc: 0.3798 | MSE: 0.07664108124023047| CS: ({'0': 0.59, '1': 0.68, '2': 0.41, '3': 0.4, '4': 0.38, '5': 0.55, '6': 0.51, '7': 0.68, '8': 0.6, '9': 0.62}, 0.54)
Train Epoch: 87 | Loss: 1.383392 | Acc: 0.5099| MSE: 0.0627 || V Loss: 1.8078| V Acc: 0.3925| V MSE: 0.0760| CS: ({'0': 0.61, '1': 0.67, '2': 0.43, '3': 0.46, '4': 0.4, '5': 0.54, '6': 0.52, '7': 0.69, '8': 0.62, '9': 0.62}, 0.56)
Test | NLL Loss: 1.865231 | Acc: 0.3773 | MSE: 0.07731522931553685| CS: ({'0': 0.62, '1': 0.68, '2': 0.44, '3': 0.43, '4': 0.39, '5': 0.53, '6': 0.55, '7': 0.67, '8': 0.62, '9': 0.62}, 0.56)
Train Epoch: 88 | Loss: 1.383792 | Acc: 0.5076| MSE: 0.0627 || V Loss: 1.8292| V Acc: 0.3824| V MSE: 0.0767| CS: ({'0': 0.54, '1': 0.7, '2': 0.45, '3': 0.45, '4': 0.42, '5': 0.57, '6': 0.52, '7': 0.71, '8': 0.65, '9': 0.67}, 0.57)
Test | NLL Loss: 1.869501 | Acc: 0.3740 | MSE: 0.07749951671297177| CS: ({'0': 0.54, '1': 0.7, '2': 0.45, '3': 0.44, '4': 0.41, '5': 0.59, '6': 0.54, '7': 0.69, '8': 0.62, '9': 0.66}, 0.56)
Train Epoch: 89 | Loss: 1.381719 | Acc: 0.5121| MSE: 0.0626 || V Loss: 1.8088| V Acc: 0.3842| V MSE: 0.0765| CS: ({'0': 0.57, '1': 0.68, '2': 0.4, '3': 0.43, '4': 0.4, '5': 0.55, '6': 0.54, '7': 0.67, '8': 0.61, '9': 0.62}, 0.55)
Test | NLL Loss: 1.855093 | Acc: 0.3755 | MSE: 0.07702122979794447| CS: ({'0': 0.57, '1': 0.66, '2': 0.4, '3': 0.39, '4': 0.4, '5': 0.57, '6': 0.54, '7': 0.66, '8': 0.61, '9': 0.63}, 0.54)
Train Epoch: 90 | Loss: 1.381181 | Acc: 0.5101| MSE: 0.0626 || V Loss: 1.8209| V Acc: 0.3852| V MSE: 0.0763| CS: ({'0': 0.58, '1': 0.67, '2': 0.4, '3': 0.43, '4': 0.43, '5': 0.55, '6': 0.51, '7': 0.7, '8': 0.66, '9': 0.64}, 0.56)
Test | NLL Loss: 1.869101 | Acc: 0.3745 | MSE: 0.07738173382874496| CS: ({'0': 0.57, '1': 0.67, '2': 0.4, '3': 0.44, '4': 0.41, '5': 0.55, '6': 0.51, '7': 0.68, '8': 0.65, '9': 0.65}, 0.55)
Train Epoch: 91 | Loss: 1.381374 | Acc: 0.5096| MSE: 0.0627 || V Loss: 1.7963| V Acc: 0.3931| V MSE: 0.0758| CS: ({'0': 0.61, '1': 0.67, '2': 0.4, '3': 0.45, '4': 0.4, '5': 0.55, '6': 0.54, '7': 0.7, '8': 0.65, '9': 0.64}, 0.56)
Test | NLL Loss: 1.862499 | Acc: 0.3803 | MSE: 0.0771413304435369| CS: ({'0': 0.62, '1': 0.68, '2': 0.41, '3': 0.43, '4': 0.4, '5': 0.57, '6': 0.54, '7': 0.67, '8': 0.64, '9': 0.63}, 0.56)
Train Epoch: 92 | Loss: 1.379338 | Acc: 0.5129| MSE: 0.0626 || V Loss: 1.8009| V Acc: 0.3855| V MSE: 0.0759| CS: ({'0': 0.59, '1': 0.69, '2': 0.4, '3': 0.44, '4': 0.41, '5': 0.54, '6': 0.52, '7': 0.69, '8': 0.66, '9': 0.62}, 0.56)
Test | NLL Loss: 1.852927 | Acc: 0.3820 | MSE: 0.07691530766673743| CS: ({'0': 0.58, '1': 0.68, '2': 0.4, '3': 0.41, '4': 0.39, '5': 0.55, '6': 0.53, '7': 0.69, '8': 0.66, '9': 0.64}, 0.55)
Train Epoch: 93 | Loss: 1.378197 | Acc: 0.5141| MSE: 0.0626 || V Loss: 1.8191| V Acc: 0.3915| V MSE: 0.0761| CS: ({'0': 0.61, '1': 0.68, '2': 0.44, '3': 0.45, '4': 0.41, '5': 0.55, '6': 0.53, '7': 0.71, '8': 0.62, '9': 0.63}, 0.56)
Test | NLL Loss: 1.861798 | Acc: 0.3786 | MSE: 0.07709768585884533| CS: ({'0': 0.63, '1': 0.68, '2': 0.44, '3': 0.43, '4': 0.41, '5': 0.54, '6': 0.55, '7': 0.69, '8': 0.61, '9': 0.64}, 0.56)
Train Epoch: 94 | Loss: 1.377822 | Acc: 0.5112| MSE: 0.0625 || V Loss: 1.8021| V Acc: 0.3899| V MSE: 0.0760| CS: ({'0': 0.6, '1': 0.7, '2': 0.43, '3': 0.43, '4': 0.43, '5': 0.54, '6': 0.53, '7': 0.71, '8': 0.65, '9': 0.61}, 0.56)
Test | NLL Loss: 1.856278 | Acc: 0.3821 | MSE: 0.07695243352899156| CS: ({'0': 0.6, '1': 0.68, '2': 0.43, '3': 0.41, '4': 0.41, '5': 0.55, '6': 0.55, '7': 0.69, '8': 0.63, '9': 0.63}, 0.56)
Train Epoch: 95 | Loss: 1.374580 | Acc: 0.5134| MSE: 0.0624 || V Loss: 1.8139| V Acc: 0.3850| V MSE: 0.0764| CS: ({'0': 0.57, '1': 0.66, '2': 0.42, '3': 0.45, '4': 0.41, '5': 0.54, '6': 0.54, '7': 0.69, '8': 0.64, '9': 0.62}, 0.55)
Test | NLL Loss: 1.859139 | Acc: 0.3753 | MSE: 0.07736928184954123| CS: ({'0': 0.56, '1': 0.67, '2': 0.43, '3': 0.42, '4': 0.4, '5': 0.56, '6': 0.55, '7': 0.69, '8': 0.64, '9': 0.62}, 0.55)
Train Epoch: 96 | Loss: 1.376128 | Acc: 0.5122| MSE: 0.0624 || V Loss: 1.8083| V Acc: 0.3911| V MSE: 0.0762| CS: ({'0': 0.57, '1': 0.68, '2': 0.39, '3': 0.44, '4': 0.42, '5': 0.56, '6': 0.55, '7': 0.68, '8': 0.6, '9': 0.65}, 0.55)
Test | NLL Loss: 1.858725 | Acc: 0.3802 | MSE: 0.07729880266581861| CS: ({'0': 0.57, '1': 0.69, '2': 0.4, '3': 0.42, '4': 0.41, '5': 0.55, '6': 0.56, '7': 0.68, '8': 0.61, '9': 0.65}, 0.55)
Train Epoch: 97 | Loss: 1.371819 | Acc: 0.5134| MSE: 0.0623 || V Loss: 1.8186| V Acc: 0.3822| V MSE: 0.0764| CS: ({'0': 0.57, '1': 0.68, '2': 0.43, '3': 0.43, '4': 0.4, '5': 0.58, '6': 0.54, '7': 0.7, '8': 0.61, '9': 0.63}, 0.56)
Test | NLL Loss: 1.873347 | Acc: 0.3722 | MSE: 0.07756966659531425| CS: ({'0': 0.58, '1': 0.69, '2': 0.43, '3': 0.41, '4': 0.39, '5': 0.59, '6': 0.55, '7': 0.69, '8': 0.6, '9': 0.65}, 0.56)
Train Epoch: 98 | Loss: 1.371187 | Acc: 0.5153| MSE: 0.0622 || V Loss: 1.8313| V Acc: 0.3826| V MSE: 0.0766| CS: ({'0': 0.57, '1': 0.69, '2': 0.43, '3': 0.43, '4': 0.41, '5': 0.56, '6': 0.53, '7': 0.7, '8': 0.61, '9': 0.63}, 0.56)
Test | NLL Loss: 1.873933 | Acc: 0.3759 | MSE: 0.07754566437139297| CS: ({'0': 0.55, '1': 0.69, '2': 0.44, '3': 0.42, '4': 0.4, '5': 0.56, '6': 0.53, '7': 0.67, '8': 0.6, '9': 0.64}, 0.55)
Train Epoch: 99 | Loss: 1.371043 | Acc: 0.5153| MSE: 0.0623 || V Loss: 1.8159| V Acc: 0.3887| V MSE: 0.0765| CS: ({'0': 0.57, '1': 0.67, '2': 0.44, '3': 0.41, '4': 0.43, '5': 0.56, '6': 0.52, '7': 0.69, '8': 0.61, '9': 0.62}, 0.55)
Test | NLL Loss: 1.867544 | Acc: 0.3762 | MSE: 0.07748250497844272| CS: ({'0': 0.57, '1': 0.67, '2': 0.46, '3': 0.41, '4': 0.42, '5': 0.54, '6': 0.54, '7': 0.7, '8': 0.6, '9': 0.63}, 0.55)
Train Epoch: 100 | Loss: 1.371219 | Acc: 0.5129| MSE: 0.0623 || V Loss: 1.8194| V Acc: 0.3861| V MSE: 0.0764| CS: ({'0': 0.59, '1': 0.67, '2': 0.41, '3': 0.44, '4': 0.42, '5': 0.57, '6': 0.55, '7': 0.69, '8': 0.64, '9': 0.65}, 0.56)
Test | NLL Loss: 1.880311 | Acc: 0.3792 | MSE: 0.07752403607383704| CS: ({'0': 0.6, '1': 0.68, '2': 0.41, '3': 0.42, '4': 0.4, '5': 0.57, '6': 0.57, '7': 0.68, '8': 0.61, '9': 0.65}, 0.56)
Test | NLL Loss: 1.879896 | Acc: 0.3792 | MSE: 0.07751962696068203| CS: ({'0': 0.6, '1': 0.68, '2': 0.41, '3': 0.42, '4': 0.4, '5': 0.57, '6': 0.57, '7': 0.68, '8': 0.61, '9': 0.65}, 0.56)
Took 1590.5091552734375 seconds
