Config: 
 {
  "model_name": "gsc_cifar_10p_data_10p_params",
  "num_classes": 10,
  "in_features": 1024,
  "epochs": 100,
  "batch_size": 32,
  "lr": 0.01,
  "lr_decay": false,
  "train_p": 9.0,
  "test_p": 100,
  "dnn_config": {
    "layers": [
      30,
      15,
      10
    ]
  },
  "early_stopping": true,
  "patience": 5,
  "valid_p": 1.0,
  "optimizer": "adam"
} 

CIFAR-10 Dataset:
Training on 4500 samples (9.0% of 50000) 
Valid on 500 samples (1.0% of 50000)
Test on 10000 samples (100% of 10000)

Files already downloaded and verified
Files already downloaded and verified
Running test for every 1 epoch
Model: 

LinearClassifierGSC(
  (layers): ModuleList(
    (0): Linear(in_features=1024, out_features=30, bias=True)
    (1): Linear(in_features=1054, out_features=15, bias=True)
    (2): Linear(in_features=1069, out_features=10, bias=True)
  )
  (relu_activation): ReLU()
  (softmax_activation): LogSoftmax()
)


Summary: 

----------------------------------------------------------------
        Layer (type)               Output Shape         Param #
================================================================
            Linear-1                   [-1, 30]          30,750
              ReLU-2                   [-1, 30]               0
            Linear-3                   [-1, 15]          15,825
              ReLU-4                   [-1, 15]               0
            Linear-5                   [-1, 10]          10,700
        LogSoftmax-6                   [-1, 10]               0
================================================================
Total params: 57,275
Trainable params: 57,275
Non-trainable params: 0
----------------------------------------------------------------
Input size (MB): 0.00
Forward/backward pass size (MB): 0.00
Params size (MB): 0.22
Estimated Total Size (MB): 0.22
----------------------------------------------------------------


Train Epoch: 1 | Loss: 2.925110 | Acc: 0.2065| MSE: 0.1017 || V Loss: 2.9715| V Acc: 0.2371| V MSE: 0.0996| CS: ({'0': 0.46, '1': 0.53, '2': 0.31, '3': 0.6, '4': 0.49, '5': 0.53, '6': 0.41, '7': 0.53, '8': 0.51, '9': 0.69}, 0.51)
Test | NLL Loss: 2.892400 | Acc: 0.2078 | MSE: 0.10057248277500415| CS: ({'0': 0.4, '1': 0.58, '2': 0.35, '3': 0.58, '4': 0.44, '5': 0.55, '6': 0.4, '7': 0.53, '8': 0.56, '9': 0.63}, 0.5)
Train Epoch: 2 | Loss: 2.572118 | Acc: 0.2571| MSE: 0.0950 || V Loss: 2.6875| V Acc: 0.2379| V MSE: 0.0971| CS: ({'0': 0.66, '1': 0.7, '2': 0.56, '3': 0.67, '4': 0.4, '5': 0.59, '6': 0.36, '7': 0.48, '8': 0.57, '9': 0.5}, 0.55)
Test | NLL Loss: 2.649854 | Acc: 0.2376 | MSE: 0.09682233698261432| CS: ({'0': 0.59, '1': 0.64, '2': 0.51, '3': 0.61, '4': 0.45, '5': 0.54, '6': 0.43, '7': 0.55, '8': 0.61, '9': 0.53}, 0.55)
Train Epoch: 3 | Loss: 2.436400 | Acc: 0.2968| MSE: 0.0918 || V Loss: 2.7370| V Acc: 0.2082| V MSE: 0.1013| CS: ({'0': 0.38, '1': 0.7, '2': 0.59, '3': 0.44, '4': 0.42, '5': 0.75, '6': 0.59, '7': 0.61, '8': 0.6, '9': 0.71}, 0.58)
Test | NLL Loss: 2.783859 | Acc: 0.2176 | MSE: 0.10083225914559805| CS: ({'0': 0.48, '1': 0.61, '2': 0.36, '3': 0.44, '4': 0.44, '5': 0.67, '6': 0.58, '7': 0.56, '8': 0.55, '9': 0.64}, 0.53)
Train Epoch: 4 | Loss: 2.305468 | Acc: 0.3210| MSE: 0.0891 || V Loss: 2.8326| V Acc: 0.2402| V MSE: 0.0987| CS: ({'0': 0.56, '1': 0.61, '2': 0.4, '3': 0.61, '4': 0.54, '5': 0.73, '6': 0.47, '7': 0.67, '8': 0.64, '9': 0.71}, 0.59)
Test | NLL Loss: 2.697536 | Acc: 0.2471 | MSE: 0.09745242020573479| CS: ({'0': 0.44, '1': 0.69, '2': 0.48, '3': 0.58, '4': 0.5, '5': 0.62, '6': 0.51, '7': 0.63, '8': 0.63, '9': 0.67}, 0.57)
Train Epoch: 5 | Loss: 2.230879 | Acc: 0.3533| MSE: 0.0866 || V Loss: 3.1506| V Acc: 0.2359| V MSE: 0.1049| CS: ({'0': 0.82, '1': 0.7, '2': 0.46, '3': 0.77, '4': 0.48, '5': 0.69, '6': 0.56, '7': 0.66, '8': 0.52, '9': 0.82}, 0.65)
Test | NLL Loss: 3.024950 | Acc: 0.2457 | MSE: 0.10390630454872363| CS: ({'0': 0.81, '1': 0.73, '2': 0.38, '3': 0.59, '4': 0.43, '5': 0.67, '6': 0.59, '7': 0.68, '8': 0.54, '9': 0.77}, 0.62)
Train Epoch: 6 | Loss: 2.160783 | Acc: 0.3765| MSE: 0.0842 || V Loss: 3.2854| V Acc: 0.2125| V MSE: 0.1096| CS: ({'0': 0.78, '1': 0.64, '2': 0.46, '3': 0.74, '4': 0.73, '5': 0.62, '6': 0.41, '7': 0.7, '8': 0.68, '9': 0.67}, 0.64)
Test | NLL Loss: 3.107722 | Acc: 0.2401 | MSE: 0.10459162978032907| CS: ({'0': 0.68, '1': 0.68, '2': 0.5, '3': 0.7, '4': 0.61, '5': 0.54, '6': 0.56, '7': 0.72, '8': 0.74, '9': 0.67}, 0.64)
Train Epoch: 7 | Loss: 2.171822 | Acc: 0.3820| MSE: 0.0841 || V Loss: 3.1945| V Acc: 0.2535| V MSE: 0.1041| CS: ({'0': 0.53, '1': 0.72, '2': 0.54, '3': 0.76, '4': 0.72, '5': 0.72, '6': 0.53, '7': 0.75, '8': 0.71, '9': 0.75}, 0.67)
Test | NLL Loss: 3.121863 | Acc: 0.2385 | MSE: 0.10550985956630006| CS: ({'0': 0.58, '1': 0.69, '2': 0.58, '3': 0.62, '4': 0.63, '5': 0.74, '6': 0.56, '7': 0.75, '8': 0.69, '9': 0.72}, 0.66)
Train Epoch: 8 | Loss: 2.066227 | Acc: 0.4100| MSE: 0.0814 || V Loss: 3.4431| V Acc: 0.2523| V MSE: 0.1065| CS: ({'0': 0.9, '1': 0.77, '2': 0.43, '3': 0.75, '4': 0.55, '5': 0.78, '6': 0.44, '7': 0.74, '8': 0.67, '9': 0.63}, 0.67)
Test | NLL Loss: 3.283857 | Acc: 0.2508 | MSE: 0.10572718381405638| CS: ({'0': 0.84, '1': 0.73, '2': 0.51, '3': 0.65, '4': 0.58, '5': 0.75, '6': 0.54, '7': 0.69, '8': 0.71, '9': 0.71}, 0.67)
Train Epoch: 9 | Loss: 1.910992 | Acc: 0.4461| MSE: 0.0765 || V Loss: 3.1334| V Acc: 0.3051| V MSE: 0.0988| CS: ({'0': 0.73, '1': 0.68, '2': 0.5, '3': 0.69, '4': 0.55, '5': 0.84, '6': 0.86, '7': 0.7, '8': 0.74, '9': 0.77}, 0.71)
Test | NLL Loss: 3.208604 | Acc: 0.2563 | MSE: 0.10457462565110515| CS: ({'0': 0.73, '1': 0.71, '2': 0.57, '3': 0.62, '4': 0.55, '5': 0.83, '6': 0.58, '7': 0.73, '8': 0.7, '9': 0.74}, 0.68)
Train Epoch: 10 | Loss: 1.916501 | Acc: 0.4470| MSE: 0.0758 || V Loss: 3.2790| V Acc: 0.2434| V MSE: 0.1054| CS: ({'0': 0.61, '1': 0.82, '2': 0.59, '3': 0.79, '4': 0.51, '5': 0.73, '6': 0.57, '7': 0.68, '8': 0.7, '9': 0.7}, 0.67)
Test | NLL Loss: 3.279821 | Acc: 0.2399 | MSE: 0.10640610902073284| CS: ({'0': 0.63, '1': 0.76, '2': 0.59, '3': 0.76, '4': 0.57, '5': 0.64, '6': 0.6, '7': 0.75, '8': 0.71, '9': 0.74}, 0.68)
Train Epoch: 11 | Loss: 2.002544 | Acc: 0.4530| MSE: 0.0767 || V Loss: 3.3505| V Acc: 0.2738| V MSE: 0.1052| CS: ({'0': 0.73, '1': 0.84, '2': 0.52, '3': 0.6, '4': 0.6, '5': 0.74, '6': 0.58, '7': 0.74, '8': 0.56, '9': 0.87}, 0.68)
Test | NLL Loss: 3.333340 | Acc: 0.2464 | MSE: 0.10721096534508105| CS: ({'0': 0.71, '1': 0.8, '2': 0.65, '3': 0.6, '4': 0.61, '5': 0.77, '6': 0.63, '7': 0.76, '8': 0.67, '9': 0.78}, 0.7)
Train Epoch: 12 | Loss: 1.725129 | Acc: 0.4938| MSE: 0.0703 || V Loss: 3.3436| V Acc: 0.2855| V MSE: 0.1039| CS: ({'0': 0.79, '1': 0.69, '2': 0.56, '3': 0.89, '4': 0.8, '5': 0.79, '6': 0.61, '7': 0.76, '8': 0.79, '9': 0.82}, 0.75)
Test | NLL Loss: 3.447229 | Acc: 0.2701 | MSE: 0.10706783900150475| CS: ({'0': 0.76, '1': 0.79, '2': 0.56, '3': 0.63, '4': 0.69, '5': 0.79, '6': 0.61, '7': 0.78, '8': 0.81, '9': 0.79}, 0.72)
Train Epoch: 13 | Loss: 1.587571 | Acc: 0.5227| MSE: 0.0668 || V Loss: 3.3898| V Acc: 0.2789| V MSE: 0.1041| CS: ({'0': 0.72, '1': 0.77, '2': 0.51, '3': 0.78, '4': 0.55, '5': 0.76, '6': 0.65, '7': 0.81, '8': 0.72, '9': 0.86}, 0.71)
Test | NLL Loss: 3.506869 | Acc: 0.2613 | MSE: 0.10725285381840441| CS: ({'0': 0.73, '1': 0.78, '2': 0.6, '3': 0.72, '4': 0.61, '5': 0.75, '6': 0.68, '7': 0.76, '8': 0.74, '9': 0.78}, 0.72)
Train Epoch: 14 | Loss: 1.613109 | Acc: 0.5353| MSE: 0.0662 || V Loss: 3.6919| V Acc: 0.2746| V MSE: 0.1095| CS: ({'0': 0.85, '1': 0.78, '2': 0.49, '3': 0.71, '4': 0.6, '5': 0.77, '6': 0.61, '7': 0.8, '8': 0.68, '9': 0.87}, 0.72)
Test | NLL Loss: 3.510564 | Acc: 0.2672 | MSE: 0.10774654395188006| CS: ({'0': 0.81, '1': 0.78, '2': 0.59, '3': 0.69, '4': 0.61, '5': 0.75, '6': 0.67, '7': 0.82, '8': 0.76, '9': 0.81}, 0.73)
Train Epoch: 15 | Loss: 1.594381 | Acc: 0.5403| MSE: 0.0652 || V Loss: 4.2943| V Acc: 0.2805| V MSE: 0.1126| CS: ({'0': 0.79, '1': 0.83, '2': 0.68, '3': 0.82, '4': 0.83, '5': 0.63, '6': 0.84, '7': 0.72, '8': 0.85, '9': 0.85}, 0.78)
Test | NLL Loss: 4.353864 | Acc: 0.2686 | MSE: 0.11446377313651215| CS: ({'0': 0.77, '1': 0.81, '2': 0.8, '3': 0.74, '4': 0.74, '5': 0.73, '6': 0.83, '7': 0.78, '8': 0.84, '9': 0.84}, 0.79)
Train Epoch: 16 | Loss: 1.707773 | Acc: 0.5263| MSE: 0.0680 || V Loss: 3.6478| V Acc: 0.2656| V MSE: 0.1089| CS: ({'0': 0.78, '1': 0.85, '2': 0.5, '3': 0.78, '4': 0.67, '5': 0.77, '6': 0.6, '7': 0.77, '8': 0.8, '9': 0.89}, 0.74)
Test | NLL Loss: 3.867671 | Acc: 0.2671 | MSE: 0.1105859776655325| CS: ({'0': 0.71, '1': 0.82, '2': 0.69, '3': 0.74, '4': 0.64, '5': 0.72, '6': 0.66, '7': 0.8, '8': 0.81, '9': 0.84}, 0.74)
Train Epoch: 17 | Loss: 1.560421 | Acc: 0.5467| MSE: 0.0641 || V Loss: 4.3024| V Acc: 0.2574| V MSE: 0.1135| CS: ({'0': 0.69, '1': 0.85, '2': 0.57, '3': 0.95, '4': 0.52, '5': 0.71, '6': 0.75, '7': 0.83, '8': 0.84, '9': 0.86}, 0.76)
Test | NLL Loss: 4.378017 | Acc: 0.2452 | MSE: 0.11569166550049767| CS: ({'0': 0.66, '1': 0.81, '2': 0.65, '3': 0.86, '4': 0.65, '5': 0.73, '6': 0.76, '7': 0.84, '8': 0.8, '9': 0.82}, 0.76)
Train Epoch: 18 | Loss: 1.573128 | Acc: 0.5629| MSE: 0.0624 || V Loss: 4.1060| V Acc: 0.2547| V MSE: 0.1142| CS: ({'0': 0.78, '1': 0.73, '2': 0.54, '3': 0.87, '4': 0.68, '5': 0.85, '6': 0.73, '7': 0.85, '8': 0.74, '9': 0.87}, 0.76)
Test | NLL Loss: 4.103670 | Acc: 0.2614 | MSE: 0.11255957060062086| CS: ({'0': 0.77, '1': 0.79, '2': 0.62, '3': 0.79, '4': 0.67, '5': 0.82, '6': 0.7, '7': 0.81, '8': 0.8, '9': 0.87}, 0.76)
Train Epoch: 19 | Loss: 1.388139 | Acc: 0.6018| MSE: 0.0572 || V Loss: 4.1355| V Acc: 0.2816| V MSE: 0.1086| CS: ({'0': 0.78, '1': 0.87, '2': 0.62, '3': 0.79, '4': 0.84, '5': 0.84, '6': 0.68, '7': 0.83, '8': 0.81, '9': 0.94}, 0.8)
Test | NLL Loss: 4.152891 | Acc: 0.2670 | MSE: 0.11293420595482896| CS: ({'0': 0.81, '1': 0.84, '2': 0.67, '3': 0.74, '4': 0.75, '5': 0.82, '6': 0.74, '7': 0.82, '8': 0.78, '9': 0.86}, 0.78)
Train Epoch: 20 | Loss: 1.401184 | Acc: 0.6036| MSE: 0.0572 || V Loss: 4.3251| V Acc: 0.2605| V MSE: 0.1120| CS: ({'0': 0.77, '1': 0.84, '2': 0.53, '3': 0.85, '4': 0.71, '5': 0.85, '6': 0.72, '7': 0.85, '8': 0.8, '9': 0.92}, 0.78)
Test | NLL Loss: 4.557874 | Acc: 0.2518 | MSE: 0.11655509552826135| CS: ({'0': 0.71, '1': 0.86, '2': 0.66, '3': 0.85, '4': 0.65, '5': 0.82, '6': 0.73, '7': 0.82, '8': 0.79, '9': 0.86}, 0.78)
Train Epoch: 21 | Loss: 1.481254 | Acc: 0.5851| MSE: 0.0598 || V Loss: 4.1278| V Acc: 0.3031| V MSE: 0.1087| CS: ({'0': 0.71, '1': 0.95, '2': 0.57, '3': 0.83, '4': 0.6, '5': 0.85, '6': 0.74, '7': 0.83, '8': 0.83, '9': 0.88}, 0.78)
Test | NLL Loss: 4.410754 | Acc: 0.2518 | MSE: 0.11536364373974145| CS: ({'0': 0.74, '1': 0.83, '2': 0.71, '3': 0.79, '4': 0.67, '5': 0.81, '6': 0.75, '7': 0.86, '8': 0.8, '9': 0.83}, 0.78)
Train Epoch: 22 | Loss: 1.363611 | Acc: 0.6209| MSE: 0.0552 || V Loss: 4.3491| V Acc: 0.3031| V MSE: 0.1108| CS: ({'0': 0.94, '1': 0.81, '2': 0.53, '3': 0.81, '4': 0.73, '5': 0.86, '6': 0.72, '7': 0.84, '8': 0.88, '9': 0.83}, 0.8)
Test | NLL Loss: 4.557885 | Acc: 0.2735 | MSE: 0.1147115615467294| CS: ({'0': 0.82, '1': 0.84, '2': 0.65, '3': 0.76, '4': 0.75, '5': 0.81, '6': 0.74, '7': 0.86, '8': 0.9, '9': 0.85}, 0.8)
Train Epoch: 23 | Loss: 1.280976 | Acc: 0.6333| MSE: 0.0533 || V Loss: 4.6861| V Acc: 0.2730| V MSE: 0.1149| CS: ({'0': 0.71, '1': 0.84, '2': 0.65, '3': 0.87, '4': 0.83, '5': 0.77, '6': 0.62, '7': 0.88, '8': 0.88, '9': 0.93}, 0.8)
Test | NLL Loss: 4.552932 | Acc: 0.2654 | MSE: 0.11532080499604107| CS: ({'0': 0.76, '1': 0.84, '2': 0.7, '3': 0.76, '4': 0.72, '5': 0.78, '6': 0.7, '7': 0.88, '8': 0.89, '9': 0.86}, 0.79)
Train Epoch: 24 | Loss: 1.246335 | Acc: 0.6503| MSE: 0.0514 || V Loss: 4.7864| V Acc: 0.2383| V MSE: 0.1199| CS: ({'0': 0.8, '1': 0.87, '2': 0.78, '3': 0.9, '4': 0.66, '5': 0.83, '6': 0.82, '7': 0.97, '8': 0.72, '9': 0.93}, 0.83)
Test | NLL Loss: 4.958718 | Acc: 0.2523 | MSE: 0.11939082796962117| CS: ({'0': 0.75, '1': 0.85, '2': 0.84, '3': 0.78, '4': 0.7, '5': 0.83, '6': 0.82, '7': 0.87, '8': 0.79, '9': 0.87}, 0.81)
Train Epoch: 25 | Loss: 1.288438 | Acc: 0.6481| MSE: 0.0518 || V Loss: 4.7994| V Acc: 0.2734| V MSE: 0.1152| CS: ({'0': 0.78, '1': 0.93, '2': 0.86, '3': 0.91, '4': 0.8, '5': 0.83, '6': 0.77, '7': 0.84, '8': 0.84, '9': 0.95}, 0.85)
Test | NLL Loss: 4.834234 | Acc: 0.2628 | MSE: 0.11632804139353596| CS: ({'0': 0.77, '1': 0.85, '2': 0.78, '3': 0.81, '4': 0.74, '5': 0.82, '6': 0.77, '7': 0.87, '8': 0.85, '9': 0.87}, 0.81)
Train Epoch: 26 | Loss: 1.194088 | Acc: 0.6711| MSE: 0.0487 || V Loss: 5.2361| V Acc: 0.2469| V MSE: 0.1210| CS: ({'0': 0.71, '1': 0.95, '2': 0.85, '3': 0.88, '4': 0.66, '5': 0.91, '6': 0.7, '7': 0.9, '8': 0.82, '9': 0.95}, 0.83)
Test | NLL Loss: 5.173812 | Acc: 0.2656 | MSE: 0.11896955333769131| CS: ({'0': 0.75, '1': 0.89, '2': 0.74, '3': 0.82, '4': 0.73, '5': 0.87, '6': 0.81, '7': 0.9, '8': 0.87, '9': 0.87}, 0.82)
Train Epoch: 27 | Loss: 1.144977 | Acc: 0.6844| MSE: 0.0472 || V Loss: 4.8835| V Acc: 0.2934| V MSE: 0.1118| CS: ({'0': 0.83, '1': 0.87, '2': 0.65, '3': 0.82, '4': 0.81, '5': 0.78, '6': 0.79, '7': 0.83, '8': 0.89, '9': 0.86}, 0.81)
Test | NLL Loss: 5.289743 | Acc: 0.2694 | MSE: 0.11717000760780737| CS: ({'0': 0.82, '1': 0.86, '2': 0.77, '3': 0.81, '4': 0.75, '5': 0.85, '6': 0.75, '7': 0.88, '8': 0.86, '9': 0.87}, 0.82)
Train Epoch: 28 | Loss: 1.155100 | Acc: 0.6825| MSE: 0.0469 || V Loss: 5.1919| V Acc: 0.2547| V MSE: 0.1188| CS: ({'0': 0.79, '1': 0.92, '2': 0.65, '3': 0.9, '4': 0.89, '5': 0.86, '6': 0.75, '7': 0.93, '8': 0.79, '9': 0.92}, 0.84)
Test | NLL Loss: 5.442241 | Acc: 0.2517 | MSE: 0.12049202670971045| CS: ({'0': 0.84, '1': 0.86, '2': 0.74, '3': 0.82, '4': 0.74, '5': 0.82, '6': 0.78, '7': 0.91, '8': 0.83, '9': 0.88}, 0.82)
Train Epoch: 29 | Loss: 1.127156 | Acc: 0.6867| MSE: 0.0464 || V Loss: 5.4971| V Acc: 0.2645| V MSE: 0.1182| CS: ({'0': 0.72, '1': 0.94, '2': 0.79, '3': 0.8, '4': 0.75, '5': 0.77, '6': 0.75, '7': 0.9, '8': 0.83, '9': 0.86}, 0.81)
Test | NLL Loss: 5.519082 | Acc: 0.2615 | MSE: 0.11970676362704925| CS: ({'0': 0.78, '1': 0.86, '2': 0.77, '3': 0.82, '4': 0.75, '5': 0.83, '6': 0.75, '7': 0.89, '8': 0.87, '9': 0.88}, 0.82)
Train Epoch: 30 | Loss: 1.072504 | Acc: 0.7010| MSE: 0.0444 || V Loss: 5.7593| V Acc: 0.2668| V MSE: 0.1194| CS: ({'0': 0.74, '1': 0.87, '2': 0.75, '3': 0.9, '4': 0.81, '5': 0.82, '6': 0.77, '7': 0.78, '8': 0.84, '9': 0.88}, 0.82)
Test | NLL Loss: 5.665137 | Acc: 0.2647 | MSE: 0.12011334378593647| CS: ({'0': 0.82, '1': 0.87, '2': 0.78, '3': 0.82, '4': 0.81, '5': 0.82, '6': 0.77, '7': 0.88, '8': 0.86, '9': 0.85}, 0.83)
Train Epoch: 31 | Loss: 1.007088 | Acc: 0.7135| MSE: 0.0423 || V Loss: 6.0720| V Acc: 0.2098| V MSE: 0.1298| CS: ({'0': 0.77, '1': 0.82, '2': 0.61, '3': 0.94, '4': 0.85, '5': 0.75, '6': 0.86, '7': 0.91, '8': 0.8, '9': 0.88}, 0.82)
Test | NLL Loss: 6.046238 | Acc: 0.2479 | MSE: 0.12417234911229283| CS: ({'0': 0.84, '1': 0.9, '2': 0.82, '3': 0.83, '4': 0.77, '5': 0.84, '6': 0.83, '7': 0.89, '8': 0.85, '9': 0.87}, 0.84)
Train Epoch: 32 | Loss: 1.037922 | Acc: 0.7164| MSE: 0.0426 || V Loss: 5.9333| V Acc: 0.2461| V MSE: 0.1238| CS: ({'0': 0.75, '1': 0.92, '2': 0.76, '3': 0.89, '4': 0.74, '5': 0.84, '6': 0.75, '7': 0.84, '8': 0.83, '9': 0.95}, 0.83)
Test | NLL Loss: 5.817778 | Acc: 0.2550 | MSE: 0.12163012446210789| CS: ({'0': 0.83, '1': 0.9, '2': 0.78, '3': 0.85, '4': 0.76, '5': 0.83, '6': 0.77, '7': 0.91, '8': 0.86, '9': 0.89}, 0.84)
Train Epoch: 33 | Loss: 0.981140 | Acc: 0.7215| MSE: 0.0411 || V Loss: 5.5778| V Acc: 0.2820| V MSE: 0.1191| CS: ({'0': 0.91, '1': 0.83, '2': 0.73, '3': 0.82, '4': 0.78, '5': 0.93, '6': 0.83, '7': 0.85, '8': 0.89, '9': 0.86}, 0.84)
Test | NLL Loss: 5.938884 | Acc: 0.2667 | MSE: 0.12195721804238736| CS: ({'0': 0.84, '1': 0.91, '2': 0.78, '3': 0.86, '4': 0.77, '5': 0.9, '6': 0.82, '7': 0.89, '8': 0.85, '9': 0.89}, 0.85)
Train Epoch: 34 | Loss: 1.015921 | Acc: 0.7217| MSE: 0.0417 || V Loss: 6.1722| V Acc: 0.2754| V MSE: 0.1219| CS: ({'0': 0.81, '1': 0.9, '2': 0.7, '3': 0.87, '4': 0.8, '5': 0.89, '6': 0.78, '7': 0.91, '8': 0.85, '9': 0.91}, 0.84)
Test | NLL Loss: 6.160253 | Acc: 0.2736 | MSE: 0.12159044657366726| CS: ({'0': 0.82, '1': 0.89, '2': 0.79, '3': 0.83, '4': 0.8, '5': 0.87, '6': 0.82, '7': 0.91, '8': 0.88, '9': 0.9}, 0.85)
Train Epoch: 35 | Loss: 1.008915 | Acc: 0.7280| MSE: 0.0407 || V Loss: 6.3790| V Acc: 0.2820| V MSE: 0.1211| CS: ({'0': 0.87, '1': 0.88, '2': 0.67, '3': 0.8, '4': 0.78, '5': 0.91, '6': 0.79, '7': 0.92, '8': 0.8, '9': 0.89}, 0.83)
Test | NLL Loss: 6.416889 | Acc: 0.2766 | MSE: 0.12175571104398551| CS: ({'0': 0.89, '1': 0.89, '2': 0.78, '3': 0.83, '4': 0.76, '5': 0.88, '6': 0.82, '7': 0.89, '8': 0.88, '9': 0.9}, 0.85)
Train Epoch: 36 | Loss: 0.944638 | Acc: 0.7390| MSE: 0.0386 || V Loss: 6.6534| V Acc: 0.2883| V MSE: 0.1202| CS: ({'0': 0.98, '1': 0.95, '2': 0.77, '3': 0.79, '4': 0.8, '5': 0.97, '6': 0.83, '7': 0.88, '8': 0.95, '9': 0.93}, 0.89)
Test | NLL Loss: 6.715051 | Acc: 0.2736 | MSE: 0.12284610244317558| CS: ({'0': 0.91, '1': 0.91, '2': 0.82, '3': 0.84, '4': 0.83, '5': 0.87, '6': 0.85, '7': 0.92, '8': 0.9, '9': 0.88}, 0.87)
Train Epoch: 37 | Loss: 1.021421 | Acc: 0.7268| MSE: 0.0412 || V Loss: 7.0175| V Acc: 0.2816| V MSE: 0.1221| CS: ({'0': 0.68, '1': 0.99, '2': 0.77, '3': 0.99, '4': 0.71, '5': 0.85, '6': 0.84, '7': 0.99, '8': 0.92, '9': 0.88}, 0.86)
Test | NLL Loss: 6.868479 | Acc: 0.2624 | MSE: 0.1248220352414317| CS: ({'0': 0.85, '1': 0.9, '2': 0.77, '3': 0.87, '4': 0.8, '5': 0.88, '6': 0.81, '7': 0.9, '8': 0.93, '9': 0.91}, 0.86)
Train Epoch: 38 | Loss: 0.960071 | Acc: 0.7469| MSE: 0.0381 || V Loss: 6.7504| V Acc: 0.2836| V MSE: 0.1233| CS: ({'0': 0.86, '1': 0.91, '2': 0.47, '3': 0.84, '4': 0.67, '5': 0.81, '6': 0.78, '7': 0.92, '8': 0.88, '9': 0.93}, 0.81)
Test | NLL Loss: 6.659703 | Acc: 0.2702 | MSE: 0.12278881400061872| CS: ({'0': 0.88, '1': 0.91, '2': 0.79, '3': 0.87, '4': 0.78, '5': 0.84, '6': 0.82, '7': 0.91, '8': 0.89, '9': 0.92}, 0.86)
Train Epoch: 39 | Loss: 0.880211 | Acc: 0.7611| MSE: 0.0357 || V Loss: 7.2363| V Acc: 0.2535| V MSE: 0.1285| CS: ({'0': 0.85, '1': 0.89, '2': 0.59, '3': 0.89, '4': 0.85, '5': 0.89, '6': 0.88, '7': 0.84, '8': 0.92, '9': 0.95}, 0.85)
Test | NLL Loss: 7.141428 | Acc: 0.2573 | MSE: 0.12636994827574435| CS: ({'0': 0.92, '1': 0.9, '2': 0.78, '3': 0.88, '4': 0.84, '5': 0.87, '6': 0.86, '7': 0.9, '8': 0.87, '9': 0.91}, 0.87)
Train Epoch: 40 | Loss: 0.821683 | Acc: 0.7724| MSE: 0.0346 || V Loss: 6.5592| V Acc: 0.2809| V MSE: 0.1220| CS: ({'0': 0.93, '1': 0.91, '2': 0.65, '3': 0.84, '4': 0.9, '5': 0.92, '6': 0.8, '7': 0.89, '8': 0.93, '9': 0.99}, 0.88)
Test | NLL Loss: 6.673253 | Acc: 0.2778 | MSE: 0.12234936778347333| CS: ({'0': 0.92, '1': 0.89, '2': 0.78, '3': 0.83, '4': 0.82, '5': 0.89, '6': 0.8, '7': 0.93, '8': 0.89, '9': 0.89}, 0.86)
Train Epoch: 41 | Loss: 0.903468 | Acc: 0.7577| MSE: 0.0366 || V Loss: 6.9116| V Acc: 0.2723| V MSE: 0.1251| CS: ({'0': 0.86, '1': 0.88, '2': 0.66, '3': 0.91, '4': 0.77, '5': 0.83, '6': 0.74, '7': 0.87, '8': 0.88, '9': 0.9}, 0.83)
Test | NLL Loss: 7.017350 | Acc: 0.2625 | MSE: 0.1251794779643464| CS: ({'0': 0.86, '1': 0.91, '2': 0.82, '3': 0.88, '4': 0.8, '5': 0.88, '6': 0.81, '7': 0.92, '8': 0.9, '9': 0.89}, 0.87)
Train Epoch: 42 | Loss: 0.886322 | Acc: 0.7711| MSE: 0.0357 || V Loss: 7.7376| V Acc: 0.2781| V MSE: 0.1243| CS: ({'0': 0.84, '1': 0.94, '2': 0.83, '3': 0.82, '4': 0.88, '5': 0.95, '6': 0.87, '7': 0.96, '8': 0.87, '9': 0.95}, 0.89)
Test | NLL Loss: 7.630944 | Acc: 0.2750 | MSE: 0.1260204241393854| CS: ({'0': 0.86, '1': 0.9, '2': 0.89, '3': 0.84, '4': 0.87, '5': 0.93, '6': 0.85, '7': 0.93, '8': 0.88, '9': 0.94}, 0.89)
Train Epoch: 43 | Loss: 0.740995 | Acc: 0.7948| MSE: 0.0311 || V Loss: 7.2836| V Acc: 0.2578| V MSE: 0.1251| CS: ({'0': 0.91, '1': 0.9, '2': 0.69, '3': 0.89, '4': 0.98, '5': 0.9, '6': 0.93, '7': 0.94, '8': 0.89, '9': 0.91}, 0.89)
Test | NLL Loss: 7.124181 | Acc: 0.2712 | MSE: 0.12463573702036763| CS: ({'0': 0.86, '1': 0.92, '2': 0.79, '3': 0.86, '4': 0.83, '5': 0.87, '6': 0.82, '7': 0.92, '8': 0.88, '9': 0.91}, 0.87)
Train Epoch: 44 | Loss: 0.664865 | Acc: 0.8072| MSE: 0.0290 || V Loss: 7.3530| V Acc: 0.2812| V MSE: 0.1230| CS: ({'0': 0.81, '1': 0.94, '2': 0.69, '3': 0.82, '4': 0.92, '5': 0.85, '6': 0.81, '7': 0.87, '8': 0.85, '9': 0.97}, 0.85)
Test | NLL Loss: 7.246360 | Acc: 0.2815 | MSE: 0.12325297103236658| CS: ({'0': 0.89, '1': 0.91, '2': 0.82, '3': 0.86, '4': 0.82, '5': 0.91, '6': 0.86, '7': 0.92, '8': 0.9, '9': 0.92}, 0.88)
Train Epoch: 45 | Loss: 0.694475 | Acc: 0.8070| MSE: 0.0292 || V Loss: 8.3413| V Acc: 0.2457| V MSE: 0.1322| CS: ({'0': 0.82, '1': 0.98, '2': 0.77, '3': 0.9, '4': 0.82, '5': 0.88, '6': 0.82, '7': 0.89, '8': 0.89, '9': 0.95}, 0.87)
Test | NLL Loss: 8.015818 | Acc: 0.2591 | MSE: 0.1278098953512911| CS: ({'0': 0.88, '1': 0.9, '2': 0.82, '3': 0.85, '4': 0.85, '5': 0.88, '6': 0.82, '7': 0.93, '8': 0.92, '9': 0.94}, 0.88)
Train Epoch: 46 | Loss: 0.885639 | Acc: 0.7781| MSE: 0.0345 || V Loss: 8.0574| V Acc: 0.2641| V MSE: 0.1246| CS: ({'0': 0.83, '1': 0.92, '2': 0.93, '3': 0.77, '4': 0.97, '5': 0.94, '6': 0.92, '7': 0.93, '8': 0.96, '9': 0.97}, 0.91)
Test | NLL Loss: 7.975996 | Acc: 0.2688 | MSE: 0.12697899255889672| CS: ({'0': 0.85, '1': 0.9, '2': 0.82, '3': 0.88, '4': 0.85, '5': 0.93, '6': 0.85, '7': 0.94, '8': 0.89, '9': 0.92}, 0.88)
Train Epoch: 47 | Loss: 0.906202 | Acc: 0.7745| MSE: 0.0346 || V Loss: 8.3061| V Acc: 0.2418| V MSE: 0.1307| CS: ({'0': 0.84, '1': 0.93, '2': 0.65, '3': 0.95, '4': 0.85, '5': 0.93, '6': 0.84, '7': 0.94, '8': 0.9, '9': 0.92}, 0.88)
Test | NLL Loss: 8.156995 | Acc: 0.2592 | MSE: 0.1288917628340066| CS: ({'0': 0.84, '1': 0.9, '2': 0.8, '3': 0.9, '4': 0.82, '5': 0.91, '6': 0.85, '7': 0.93, '8': 0.9, '9': 0.94}, 0.88)
Train Epoch: 48 | Loss: 0.802303 | Acc: 0.7913| MSE: 0.0323 || V Loss: 8.0542| V Acc: 0.2371| V MSE: 0.1305| CS: ({'0': 0.82, '1': 0.91, '2': 0.76, '3': 0.93, '4': 0.8, '5': 0.92, '6': 0.91, '7': 0.97, '8': 0.9, '9': 0.9}, 0.88)
Test | NLL Loss: 7.957332 | Acc: 0.2564 | MSE: 0.12828597981042375| CS: ({'0': 0.85, '1': 0.92, '2': 0.81, '3': 0.87, '4': 0.84, '5': 0.91, '6': 0.87, '7': 0.94, '8': 0.92, '9': 0.92}, 0.89)
Train Epoch: 49 | Loss: 0.743369 | Acc: 0.8037| MSE: 0.0303 || V Loss: 7.9188| V Acc: 0.2711| V MSE: 0.1261| CS: ({'0': 0.88, '1': 0.94, '2': 0.8, '3': 0.95, '4': 0.71, '5': 0.97, '6': 0.93, '7': 0.92, '8': 0.88, '9': 0.99}, 0.9)
Test | NLL Loss: 8.164059 | Acc: 0.2764 | MSE: 0.12648562883464293| CS: ({'0': 0.9, '1': 0.93, '2': 0.86, '3': 0.88, '4': 0.82, '5': 0.91, '6': 0.86, '7': 0.94, '8': 0.9, '9': 0.93}, 0.89)
Train Epoch: 50 | Loss: 0.775376 | Acc: 0.7991| MSE: 0.0308 || V Loss: 8.2420| V Acc: 0.2664| V MSE: 0.1275| CS: ({'0': 0.98, '1': 0.97, '2': 0.82, '3': 0.85, '4': 0.88, '5': 0.95, '6': 0.85, '7': 0.98, '8': 0.92, '9': 0.83}, 0.9)
Test | NLL Loss: 8.080349 | Acc: 0.2829 | MSE: 0.12476236920672865| CS: ({'0': 0.91, '1': 0.91, '2': 0.87, '3': 0.89, '4': 0.87, '5': 0.94, '6': 0.87, '7': 0.93, '8': 0.91, '9': 0.92}, 0.9)
Train Epoch: 51 | Loss: 0.631574 | Acc: 0.8309| MSE: 0.0263 || V Loss: 8.4595| V Acc: 0.2684| V MSE: 0.1307| CS: ({'0': 0.91, '1': 0.97, '2': 0.74, '3': 0.93, '4': 0.83, '5': 0.91, '6': 0.85, '7': 0.91, '8': 0.91, '9': 0.94}, 0.89)
Test | NLL Loss: 8.242691 | Acc: 0.2641 | MSE: 0.12818646178649257| CS: ({'0': 0.88, '1': 0.92, '2': 0.85, '3': 0.88, '4': 0.84, '5': 0.92, '6': 0.88, '7': 0.93, '8': 0.89, '9': 0.94}, 0.89)
Train Epoch: 52 | Loss: 0.739387 | Acc: 0.8105| MSE: 0.0293 || V Loss: 9.6001| V Acc: 0.2504| V MSE: 0.1329| CS: ({'0': 0.85, '1': 0.93, '2': 0.6, '3': 0.94, '4': 0.82, '5': 0.86, '6': 0.9, '7': 0.9, '8': 0.91, '9': 0.96}, 0.87)
Test | NLL Loss: 9.299715 | Acc: 0.2507 | MSE: 0.13184044424432534| CS: ({'0': 0.9, '1': 0.92, '2': 0.86, '3': 0.88, '4': 0.86, '5': 0.89, '6': 0.85, '7': 0.95, '8': 0.92, '9': 0.93}, 0.9)
Train Epoch: 53 | Loss: 0.789677 | Acc: 0.8073| MSE: 0.0298 || V Loss: 8.5086| V Acc: 0.2527| V MSE: 0.1293| CS: ({'0': 0.86, '1': 0.93, '2': 0.75, '3': 0.83, '4': 0.9, '5': 0.97, '6': 0.78, '7': 0.93, '8': 0.94, '9': 0.92}, 0.88)
Test | NLL Loss: 8.697133 | Acc: 0.2619 | MSE: 0.12879445199101877| CS: ({'0': 0.9, '1': 0.93, '2': 0.84, '3': 0.87, '4': 0.84, '5': 0.93, '6': 0.89, '7': 0.94, '8': 0.91, '9': 0.92}, 0.9)
Train Epoch: 54 | Loss: 0.608854 | Acc: 0.8368| MSE: 0.0254 || V Loss: 8.6926| V Acc: 0.2715| V MSE: 0.1268| CS: ({'0': 0.89, '1': 0.93, '2': 0.82, '3': 0.98, '4': 0.98, '5': 0.96, '6': 0.89, '7': 0.99, '8': 0.93, '9': 0.93}, 0.93)
Test | NLL Loss: 8.799239 | Acc: 0.2767 | MSE: 0.12704108972042893| CS: ({'0': 0.92, '1': 0.93, '2': 0.83, '3': 0.9, '4': 0.88, '5': 0.92, '6': 0.85, '7': 0.93, '8': 0.93, '9': 0.95}, 0.9)
Train Epoch: 55 | Loss: 0.570036 | Acc: 0.8395| MSE: 0.0243 || V Loss: 8.7149| V Acc: 0.2574| V MSE: 0.1275| CS: ({'0': 0.94, '1': 0.97, '2': 0.75, '3': 0.88, '4': 0.91, '5': 0.94, '6': 0.94, '7': 0.94, '8': 0.91, '9': 1.0}, 0.92)
Test | NLL Loss: 9.011570 | Acc: 0.2697 | MSE: 0.12773099922524472| CS: ({'0': 0.91, '1': 0.91, '2': 0.84, '3': 0.89, '4': 0.85, '5': 0.92, '6': 0.88, '7': 0.93, '8': 0.91, '9': 0.92}, 0.9)
Train Epoch: 56 | Loss: 0.540137 | Acc: 0.8567| MSE: 0.0221 || V Loss: 9.1228| V Acc: 0.2637| V MSE: 0.1303| CS: ({'0': 0.96, '1': 0.91, '2': 0.81, '3': 0.73, '4': 0.91, '5': 0.93, '6': 0.8, '7': 0.93, '8': 0.98, '9': 0.93}, 0.89)
Test | NLL Loss: 9.181004 | Acc: 0.2838 | MSE: 0.12673890140776436| CS: ({'0': 0.93, '1': 0.91, '2': 0.86, '3': 0.88, '4': 0.86, '5': 0.93, '6': 0.86, '7': 0.93, '8': 0.95, '9': 0.92}, 0.9)
Train Epoch: 57 | Loss: 0.614046 | Acc: 0.8361| MSE: 0.0253 || V Loss: 9.4565| V Acc: 0.2418| V MSE: 0.1327| CS: ({'0': 0.88, '1': 0.96, '2': 0.86, '3': 0.91, '4': 0.94, '5': 0.95, '6': 0.72, '7': 0.96, '8': 0.95, '9': 0.89}, 0.9)
Test | NLL Loss: 9.727106 | Acc: 0.2708 | MSE: 0.12931065049510412| CS: ({'0': 0.9, '1': 0.93, '2': 0.85, '3': 0.9, '4': 0.84, '5': 0.93, '6': 0.86, '7': 0.95, '8': 0.93, '9': 0.93}, 0.9)
Train Epoch: 58 | Loss: 0.662402 | Acc: 0.8371| MSE: 0.0256 || V Loss: 9.2564| V Acc: 0.2539| V MSE: 0.1301| CS: ({'0': 0.93, '1': 0.96, '2': 0.79, '3': 0.99, '4': 0.78, '5': 0.98, '6': 0.89, '7': 0.91, '8': 0.93, '9': 0.94}, 0.91)
Test | NLL Loss: 9.373301 | Acc: 0.2753 | MSE: 0.128292790617044| CS: ({'0': 0.9, '1': 0.93, '2': 0.84, '3': 0.9, '4': 0.85, '5': 0.92, '6': 0.89, '7': 0.94, '8': 0.93, '9': 0.94}, 0.9)
Train Epoch: 59 | Loss: 0.687576 | Acc: 0.8359| MSE: 0.0259 || V Loss: 9.5026| V Acc: 0.2711| V MSE: 0.1283| CS: ({'0': 0.88, '1': 0.96, '2': 0.84, '3': 0.88, '4': 0.71, '5': 0.93, '6': 0.91, '7': 0.87, '8': 0.96, '9': 0.93}, 0.89)
Test | NLL Loss: 9.649714 | Acc: 0.2744 | MSE: 0.1290342652331145| CS: ({'0': 0.91, '1': 0.94, '2': 0.89, '3': 0.9, '4': 0.84, '5': 0.91, '6': 0.89, '7': 0.94, '8': 0.93, '9': 0.92}, 0.91)
Train Epoch: 60 | Loss: 0.692749 | Acc: 0.8301| MSE: 0.0270 || V Loss: 9.5654| V Acc: 0.2875| V MSE: 0.1278| CS: ({'0': 0.9, '1': 0.94, '2': 0.75, '3': 0.97, '4': 0.82, '5': 0.94, '6': 0.79, '7': 0.99, '8': 0.94, '9': 0.93}, 0.9)
Test | NLL Loss: 9.625674 | Acc: 0.2860 | MSE: 0.1271239156587817| CS: ({'0': 0.91, '1': 0.93, '2': 0.87, '3': 0.89, '4': 0.86, '5': 0.94, '6': 0.89, '7': 0.94, '8': 0.92, '9': 0.94}, 0.91)
Train Epoch: 61 | Loss: 0.662488 | Acc: 0.8365| MSE: 0.0254 || V Loss: 9.8902| V Acc: 0.2469| V MSE: 0.1332| CS: ({'0': 0.9, '1': 0.96, '2': 0.65, '3': 0.92, '4': 0.76, '5': 0.93, '6': 0.84, '7': 0.86, '8': 0.96, '9': 0.91}, 0.87)
Test | NLL Loss: 10.074559 | Acc: 0.2630 | MSE: 0.1308192013742063| CS: ({'0': 0.89, '1': 0.94, '2': 0.89, '3': 0.92, '4': 0.84, '5': 0.92, '6': 0.9, '7': 0.94, '8': 0.93, '9': 0.93}, 0.91)
Train Epoch: 62 | Loss: 0.813023 | Acc: 0.8146| MSE: 0.0292 || V Loss: 9.7705| V Acc: 0.2855| V MSE: 0.1279| CS: ({'0': 0.89, '1': 0.94, '2': 0.78, '3': 0.88, '4': 0.82, '5': 0.93, '6': 0.92, '7': 0.89, '8': 0.94, '9': 0.91}, 0.89)
Test | NLL Loss: 10.293987 | Acc: 0.2727 | MSE: 0.12987878116460655| CS: ({'0': 0.9, '1': 0.94, '2': 0.89, '3': 0.91, '4': 0.86, '5': 0.94, '6': 0.92, '7': 0.93, '8': 0.93, '9': 0.92}, 0.91)
Train Epoch: 63 | Loss: 0.857417 | Acc: 0.8138| MSE: 0.0296 || V Loss: 9.8298| V Acc: 0.2922| V MSE: 0.1262| CS: ({'0': 0.93, '1': 0.97, '2': 0.81, '3': 0.97, '4': 0.95, '5': 0.98, '6': 0.93, '7': 0.91, '8': 0.93, '9': 0.88}, 0.93)
Test | NLL Loss: 10.515982 | Acc: 0.2726 | MSE: 0.13073848887754325| CS: ({'0': 0.91, '1': 0.93, '2': 0.85, '3': 0.91, '4': 0.88, '5': 0.93, '6': 0.9, '7': 0.95, '8': 0.94, '9': 0.93}, 0.91)
Train Epoch: 64 | Loss: 0.743785 | Acc: 0.8316| MSE: 0.0265 || V Loss: 10.3331| V Acc: 0.2664| V MSE: 0.1326| CS: ({'0': 0.91, '1': 0.95, '2': 0.78, '3': 0.95, '4': 0.86, '5': 0.96, '6': 0.84, '7': 0.93, '8': 0.9, '9': 0.93}, 0.9)
Test | NLL Loss: 10.298414 | Acc: 0.2743 | MSE: 0.12969278003841925| CS: ({'0': 0.92, '1': 0.94, '2': 0.88, '3': 0.91, '4': 0.88, '5': 0.92, '6': 0.87, '7': 0.95, '8': 0.92, '9': 0.93}, 0.91)
Train Epoch: 65 | Loss: 0.637334 | Acc: 0.8380| MSE: 0.0250 || V Loss: 10.6726| V Acc: 0.2633| V MSE: 0.1354| CS: ({'0': 0.86, '1': 0.94, '2': 0.78, '3': 0.9, '4': 0.84, '5': 0.9, '6': 0.84, '7': 0.91, '8': 0.94, '9': 0.97}, 0.89)
Test | NLL Loss: 10.507536 | Acc: 0.2735 | MSE: 0.13025878243648206| CS: ({'0': 0.91, '1': 0.93, '2': 0.85, '3': 0.9, '4': 0.87, '5': 0.95, '6': 0.9, '7': 0.94, '8': 0.93, '9': 0.95}, 0.91)
Train Epoch: 66 | Loss: 0.584599 | Acc: 0.8609| MSE: 0.0220 || V Loss: 10.8274| V Acc: 0.2613| V MSE: 0.1326| CS: ({'0': 0.87, '1': 0.95, '2': 0.79, '3': 1.0, '4': 0.9, '5': 0.93, '6': 0.8, '7': 0.96, '8': 0.95, '9': 0.96}, 0.91)
Test | NLL Loss: 10.525555 | Acc: 0.2588 | MSE: 0.13235368122593663| CS: ({'0': 0.86, '1': 0.94, '2': 0.89, '3': 0.91, '4': 0.88, '5': 0.91, '6': 0.89, '7': 0.95, '8': 0.93, '9': 0.93}, 0.91)
Train Epoch: 67 | Loss: 0.418815 | Acc: 0.8876| MSE: 0.0176 || V Loss: 10.6194| V Acc: 0.2434| V MSE: 0.1340| CS: ({'0': 0.93, '1': 0.97, '2': 0.87, '3': 0.86, '4': 0.93, '5': 0.94, '6': 0.72, '7': 0.98, '8': 0.92, '9': 0.93}, 0.91)
Test | NLL Loss: 10.353377 | Acc: 0.2743 | MSE: 0.12988651946139412| CS: ({'0': 0.92, '1': 0.92, '2': 0.87, '3': 0.89, '4': 0.89, '5': 0.91, '6': 0.86, '7': 0.94, '8': 0.93, '9': 0.95}, 0.91)
Train Epoch: 68 | Loss: 0.501032 | Acc: 0.8731| MSE: 0.0198 || V Loss: 10.7992| V Acc: 0.2457| V MSE: 0.1341| CS: ({'0': 0.9, '1': 0.95, '2': 0.8, '3': 0.98, '4': 0.87, '5': 0.98, '6': 0.89, '7': 0.98, '8': 0.94, '9': 0.91}, 0.92)
Test | NLL Loss: 10.831430 | Acc: 0.2584 | MSE: 0.13265344821892608| CS: ({'0': 0.91, '1': 0.94, '2': 0.88, '3': 0.9, '4': 0.85, '5': 0.94, '6': 0.88, '7': 0.95, '8': 0.92, '9': 0.94}, 0.91)
Train Epoch: 69 | Loss: 0.509647 | Acc: 0.8726| MSE: 0.0201 || V Loss: 11.6267| V Acc: 0.2551| V MSE: 0.1360| CS: ({'0': 0.94, '1': 0.93, '2': 0.87, '3': 0.89, '4': 0.89, '5': 0.97, '6': 0.95, '7': 0.92, '8': 0.89, '9': 0.94}, 0.92)
Test | NLL Loss: 11.206428 | Acc: 0.2718 | MSE: 0.1311264586048766| CS: ({'0': 0.94, '1': 0.93, '2': 0.87, '3': 0.93, '4': 0.88, '5': 0.93, '6': 0.88, '7': 0.95, '8': 0.93, '9': 0.95}, 0.92)
Train Epoch: 70 | Loss: 0.500552 | Acc: 0.8748| MSE: 0.0200 || V Loss: 11.1141| V Acc: 0.2613| V MSE: 0.1332| CS: ({'0': 0.99, '1': 0.94, '2': 0.88, '3': 0.89, '4': 0.87, '5': 0.89, '6': 0.96, '7': 0.94, '8': 0.93, '9': 0.94}, 0.92)
Test | NLL Loss: 11.181988 | Acc: 0.2645 | MSE: 0.13223077851933793| CS: ({'0': 0.94, '1': 0.95, '2': 0.87, '3': 0.92, '4': 0.85, '5': 0.95, '6': 0.89, '7': 0.95, '8': 0.93, '9': 0.95}, 0.92)
Train Epoch: 71 | Loss: 0.649633 | Acc: 0.8528| MSE: 0.0234 || V Loss: 11.9696| V Acc: 0.2637| V MSE: 0.1325| CS: ({'0': 0.93, '1': 0.97, '2': 0.92, '3': 0.89, '4': 0.92, '5': 0.97, '6': 0.89, '7': 0.9, '8': 0.93, '9': 0.96}, 0.93)
Test | NLL Loss: 11.962088 | Acc: 0.2650 | MSE: 0.13315004034164235| CS: ({'0': 0.94, '1': 0.95, '2': 0.89, '3': 0.93, '4': 0.88, '5': 0.94, '6': 0.92, '7': 0.95, '8': 0.93, '9': 0.95}, 0.93)
Train Epoch: 72 | Loss: 0.773031 | Acc: 0.8374| MSE: 0.0260 || V Loss: 10.8061| V Acc: 0.2637| V MSE: 0.1314| CS: ({'0': 0.94, '1': 0.96, '2': 0.79, '3': 0.94, '4': 0.9, '5': 0.97, '6': 0.87, '7': 0.95, '8': 0.94, '9': 0.96}, 0.92)
Test | NLL Loss: 11.059633 | Acc: 0.2755 | MSE: 0.1306545531121306| CS: ({'0': 0.94, '1': 0.95, '2': 0.89, '3': 0.91, '4': 0.88, '5': 0.92, '6': 0.91, '7': 0.95, '8': 0.93, '9': 0.92}, 0.92)
Train Epoch: 73 | Loss: 0.477738 | Acc: 0.8808| MSE: 0.0185 || V Loss: 11.8397| V Acc: 0.2629| V MSE: 0.1345| CS: ({'0': 0.92, '1': 0.95, '2': 0.91, '3': 0.99, '4': 0.94, '5': 0.92, '6': 0.84, '7': 0.98, '8': 0.92, '9': 0.98}, 0.93)
Test | NLL Loss: 11.652122 | Acc: 0.2708 | MSE: 0.13210666898530893| CS: ({'0': 0.92, '1': 0.95, '2': 0.89, '3': 0.9, '4': 0.89, '5': 0.93, '6': 0.91, '7': 0.96, '8': 0.92, '9': 0.94}, 0.92)
Train Epoch: 74 | Loss: 0.596930 | Acc: 0.8515| MSE: 0.0233 || V Loss: 11.4048| V Acc: 0.2590| V MSE: 0.1318| CS: ({'0': 0.83, '1': 0.89, '2': 0.84, '3': 0.9, '4': 0.95, '5': 0.97, '6': 0.86, '7': 0.96, '8': 0.98, '9': 0.97}, 0.92)
Test | NLL Loss: 12.230958 | Acc: 0.2597 | MSE: 0.1342793755209484| CS: ({'0': 0.92, '1': 0.91, '2': 0.87, '3': 0.89, '4': 0.89, '5': 0.95, '6': 0.91, '7': 0.96, '8': 0.95, '9': 0.94}, 0.92)
Train Epoch: 75 | Loss: 0.698702 | Acc: 0.8448| MSE: 0.0246 || V Loss: 12.5995| V Acc: 0.2586| V MSE: 0.1337| CS: ({'0': 0.91, '1': 0.92, '2': 0.95, '3': 0.88, '4': 0.92, '5': 0.99, '6': 0.93, '7': 0.95, '8': 0.93, '9': 0.92}, 0.93)
Test | NLL Loss: 12.301947 | Acc: 0.2707 | MSE: 0.13221107920804342| CS: ({'0': 0.93, '1': 0.94, '2': 0.88, '3': 0.89, '4': 0.88, '5': 0.95, '6': 0.9, '7': 0.96, '8': 0.95, '9': 0.95}, 0.92)
Train Epoch: 76 | Loss: 0.821283 | Acc: 0.8383| MSE: 0.0265 || V Loss: 12.3963| V Acc: 0.2547| V MSE: 0.1362| CS: ({'0': 0.98, '1': 1.0, '2': 0.8, '3': 0.98, '4': 0.88, '5': 0.99, '6': 0.97, '7': 0.96, '8': 0.95, '9': 0.98}, 0.95)
Test | NLL Loss: 12.109663 | Acc: 0.2817 | MSE: 0.1306795236258842| CS: ({'0': 0.94, '1': 0.96, '2': 0.91, '3': 0.92, '4': 0.89, '5': 0.96, '6': 0.91, '7': 0.94, '8': 0.95, '9': 0.95}, 0.93)
Train Epoch: 77 | Loss: 0.689328 | Acc: 0.8448| MSE: 0.0246 || V Loss: 12.4030| V Acc: 0.2590| V MSE: 0.1355| CS: ({'0': 0.85, '1': 0.91, '2': 0.8, '3': 0.98, '4': 0.97, '5': 0.94, '6': 0.92, '7': 0.95, '8': 0.88, '9': 0.96}, 0.92)
Test | NLL Loss: 11.833389 | Acc: 0.2683 | MSE: 0.13275907036309806| CS: ({'0': 0.9, '1': 0.95, '2': 0.89, '3': 0.93, '4': 0.9, '5': 0.94, '6': 0.91, '7': 0.96, '8': 0.93, '9': 0.94}, 0.93)
Train Epoch: 78 | Loss: 0.399252 | Acc: 0.8934| MSE: 0.0167 || V Loss: 11.6792| V Acc: 0.2477| V MSE: 0.1339| CS: ({'0': 0.87, '1': 0.93, '2': 0.94, '3': 0.94, '4': 0.91, '5': 0.98, '6': 0.92, '7': 0.97, '8': 0.94, '9': 0.93}, 0.93)
Test | NLL Loss: 11.623551 | Acc: 0.2667 | MSE: 0.13234090952637095| CS: ({'0': 0.9, '1': 0.94, '2': 0.89, '3': 0.92, '4': 0.89, '5': 0.95, '6': 0.9, '7': 0.97, '8': 0.93, '9': 0.95}, 0.92)
Train Epoch: 79 | Loss: 0.429875 | Acc: 0.8963| MSE: 0.0163 || V Loss: 12.6756| V Acc: 0.2613| V MSE: 0.1342| CS: ({'0': 0.88, '1': 0.96, '2': 0.81, '3': 0.92, '4': 0.95, '5': 0.94, '6': 0.9, '7': 0.97, '8': 0.93, '9': 0.95}, 0.92)
Test | NLL Loss: 12.384784 | Acc: 0.2806 | MSE: 0.13171730728480763| CS: ({'0': 0.94, '1': 0.94, '2': 0.91, '3': 0.94, '4': 0.92, '5': 0.94, '6': 0.91, '7': 0.96, '8': 0.94, '9': 0.96}, 0.94)
Train Epoch: 80 | Loss: 0.527474 | Acc: 0.8774| MSE: 0.0196 || V Loss: 12.4390| V Acc: 0.2570| V MSE: 0.1354| CS: ({'0': 0.85, '1': 0.94, '2': 0.82, '3': 0.94, '4': 0.97, '5': 0.99, '6': 0.92, '7': 0.91, '8': 0.95, '9': 0.96}, 0.93)
Test | NLL Loss: 12.189232 | Acc: 0.2700 | MSE: 0.13238477254637515| CS: ({'0': 0.94, '1': 0.94, '2': 0.89, '3': 0.91, '4': 0.88, '5': 0.96, '6': 0.87, '7': 0.96, '8': 0.94, '9': 0.95}, 0.92)
Train Epoch: 81 | Loss: 0.571222 | Acc: 0.8716| MSE: 0.0210 || V Loss: 13.2709| V Acc: 0.2289| V MSE: 0.1400| CS: ({'0': 0.8, '1': 0.94, '2': 0.97, '3': 0.94, '4': 0.91, '5': 0.95, '6': 1.0, '7': 0.95, '8': 0.96, '9': 0.96}, 0.94)
Test | NLL Loss: 13.214569 | Acc: 0.2693 | MSE: 0.1339475321598327| CS: ({'0': 0.9, '1': 0.95, '2': 0.92, '3': 0.93, '4': 0.91, '5': 0.93, '6': 0.91, '7': 0.96, '8': 0.95, '9': 0.94}, 0.93)
Train Epoch: 82 | Loss: 0.646499 | Acc: 0.8638| MSE: 0.0221 || V Loss: 13.0837| V Acc: 0.2836| V MSE: 0.1305| CS: ({'0': 0.95, '1': 0.89, '2': 0.77, '3': 0.95, '4': 0.87, '5': 0.95, '6': 0.97, '7': 0.91, '8': 0.91, '9': 0.97}, 0.91)
Test | NLL Loss: 12.893119 | Acc: 0.2796 | MSE: 0.13203827298868198| CS: ({'0': 0.93, '1': 0.94, '2': 0.9, '3': 0.9, '4': 0.89, '5': 0.95, '6': 0.92, '7': 0.95, '8': 0.94, '9': 0.96}, 0.93)
Train Epoch: 83 | Loss: 0.645769 | Acc: 0.8624| MSE: 0.0221 || V Loss: 13.8730| V Acc: 0.2367| V MSE: 0.1401| CS: ({'0': 0.95, '1': 0.89, '2': 0.93, '3': 0.9, '4': 0.92, '5': 0.97, '6': 0.98, '7': 1.0, '8': 0.9, '9': 0.92}, 0.94)
Test | NLL Loss: 13.837715 | Acc: 0.2616 | MSE: 0.13548209225407803| CS: ({'0': 0.97, '1': 0.95, '2': 0.88, '3': 0.92, '4': 0.9, '5': 0.95, '6': 0.9, '7': 0.96, '8': 0.93, '9': 0.95}, 0.93)
Train Epoch: 84 | Loss: 0.861859 | Acc: 0.8394| MSE: 0.0264 || V Loss: 12.5596| V Acc: 0.2801| V MSE: 0.1309| CS: ({'0': 0.91, '1': 0.94, '2': 0.73, '3': 0.9, '4': 0.83, '5': 0.99, '6': 0.91, '7': 0.92, '8': 0.97, '9': 0.99}, 0.91)
Test | NLL Loss: 13.520763 | Acc: 0.2669 | MSE: 0.13426879436348954| CS: ({'0': 0.93, '1': 0.94, '2': 0.92, '3': 0.9, '4': 0.89, '5': 0.95, '6': 0.91, '7': 0.95, '8': 0.94, '9': 0.96}, 0.93)
Train Epoch: 85 | Loss: 0.381133 | Acc: 0.8976| MSE: 0.0157 || V Loss: 13.1043| V Acc: 0.2715| V MSE: 0.1340| CS: ({'0': 0.94, '1': 0.91, '2': 0.88, '3': 0.9, '4': 0.85, '5': 0.97, '6': 0.79, '7': 0.92, '8': 0.85, '9': 0.95}, 0.9)
Test | NLL Loss: 13.313620 | Acc: 0.2628 | MSE: 0.13486550377009396| CS: ({'0': 0.93, '1': 0.95, '2': 0.9, '3': 0.92, '4': 0.9, '5': 0.96, '6': 0.88, '7': 0.96, '8': 0.93, '9': 0.94}, 0.93)
Train Epoch: 86 | Loss: 0.468190 | Acc: 0.8936| MSE: 0.0169 || V Loss: 13.4469| V Acc: 0.2492| V MSE: 0.1377| CS: ({'0': 0.96, '1': 0.93, '2': 0.82, '3': 0.94, '4': 0.82, '5': 0.94, '6': 0.91, '7': 0.94, '8': 0.93, '9': 0.99}, 0.92)
Test | NLL Loss: 13.464811 | Acc: 0.2618 | MSE: 0.13493996430128907| CS: ({'0': 0.93, '1': 0.95, '2': 0.89, '3': 0.94, '4': 0.89, '5': 0.93, '6': 0.92, '7': 0.96, '8': 0.95, '9': 0.94}, 0.93)
Train Epoch: 87 | Loss: 0.573052 | Acc: 0.8733| MSE: 0.0201 || V Loss: 13.4678| V Acc: 0.2687| V MSE: 0.1344| CS: ({'0': 0.99, '1': 0.95, '2': 0.88, '3': 0.91, '4': 0.89, '5': 0.94, '6': 0.92, '7': 0.99, '8': 0.97, '9': 0.97}, 0.94)
Test | NLL Loss: 13.352500 | Acc: 0.2754 | MSE: 0.13294501690723645| CS: ({'0': 0.95, '1': 0.95, '2': 0.9, '3': 0.92, '4': 0.89, '5': 0.96, '6': 0.92, '7': 0.96, '8': 0.93, '9': 0.96}, 0.93)
Train Epoch: 88 | Loss: 0.303507 | Acc: 0.9178| MSE: 0.0128 || V Loss: 13.6080| V Acc: 0.2555| V MSE: 0.1348| CS: ({'0': 0.93, '1': 0.94, '2': 0.85, '3': 0.97, '4': 0.84, '5': 0.98, '6': 0.87, '7': 0.93, '8': 0.95, '9': 0.99}, 0.93)
Test | NLL Loss: 13.250259 | Acc: 0.2712 | MSE: 0.13399555743597566| CS: ({'0': 0.94, '1': 0.95, '2': 0.92, '3': 0.93, '4': 0.91, '5': 0.94, '6': 0.93, '7': 0.96, '8': 0.93, '9': 0.95}, 0.94)
Train Epoch: 89 | Loss: 0.242766 | Acc: 0.9310| MSE: 0.0103 || V Loss: 13.2545| V Acc: 0.2695| V MSE: 0.1340| CS: ({'0': 0.87, '1': 0.97, '2': 0.95, '3': 0.97, '4': 0.98, '5': 0.96, '6': 0.91, '7': 0.96, '8': 0.97, '9': 0.97}, 0.95)
Test | NLL Loss: 13.328173 | Acc: 0.2799 | MSE: 0.13218865248437126| CS: ({'0': 0.91, '1': 0.95, '2': 0.93, '3': 0.94, '4': 0.9, '5': 0.95, '6': 0.92, '7': 0.95, '8': 0.96, '9': 0.95}, 0.94)
Train Epoch: 90 | Loss: 0.190763 | Acc: 0.9459| MSE: 0.0084 || V Loss: 13.2251| V Acc: 0.2523| V MSE: 0.1346| CS: ({'0': 0.95, '1': 0.96, '2': 0.84, '3': 0.98, '4': 0.83, '5': 0.96, '6': 0.95, '7': 0.94, '8': 0.96, '9': 0.99}, 0.94)
Test | NLL Loss: 13.344635 | Acc: 0.2718 | MSE: 0.13346811719595814| CS: ({'0': 0.94, '1': 0.94, '2': 0.89, '3': 0.94, '4': 0.9, '5': 0.93, '6': 0.91, '7': 0.96, '8': 0.95, '9': 0.95}, 0.93)
Train Epoch: 91 | Loss: 0.282580 | Acc: 0.9328| MSE: 0.0106 || V Loss: 14.0237| V Acc: 0.2473| V MSE: 0.1389| CS: ({'0': 0.87, '1': 0.97, '2': 0.76, '3': 0.92, '4': 0.92, '5': 0.99, '6': 0.88, '7': 0.93, '8': 0.95, '9': 0.96}, 0.91)
Test | NLL Loss: 13.841080 | Acc: 0.2728 | MSE: 0.134121095005887| CS: ({'0': 0.94, '1': 0.94, '2': 0.91, '3': 0.93, '4': 0.9, '5': 0.96, '6': 0.89, '7': 0.96, '8': 0.94, '9': 0.95}, 0.93)
Train Epoch: 92 | Loss: 0.708118 | Acc: 0.8667| MSE: 0.0222 || V Loss: 14.8379| V Acc: 0.2395| V MSE: 0.1404| CS: ({'0': 0.89, '1': 0.96, '2': 0.89, '3': 0.96, '4': 0.98, '5': 0.94, '6': 0.96, '7': 0.95, '8': 0.85, '9': 1.0}, 0.94)
Test | NLL Loss: 14.641044 | Acc: 0.2652 | MSE: 0.1355243014118161| CS: ({'0': 0.94, '1': 0.94, '2': 0.92, '3': 0.92, '4': 0.91, '5': 0.95, '6': 0.88, '7': 0.96, '8': 0.95, '9': 0.96}, 0.93)
Train Epoch: 93 | Loss: 0.862758 | Acc: 0.8397| MSE: 0.0265 || V Loss: 14.7793| V Acc: 0.2457| V MSE: 0.1385| CS: ({'0': 0.99, '1': 0.96, '2': 0.93, '3': 0.95, '4': 0.88, '5': 0.96, '6': 0.89, '7': 0.99, '8': 0.94, '9': 0.96}, 0.94)
Test | NLL Loss: 14.483279 | Acc: 0.2737 | MSE: 0.13428435258019847| CS: ({'0': 0.96, '1': 0.94, '2': 0.91, '3': 0.92, '4': 0.91, '5': 0.95, '6': 0.92, '7': 0.95, '8': 0.94, '9': 0.95}, 0.93)
Train Epoch: 94 | Loss: 0.963771 | Acc: 0.8352| MSE: 0.0276 || V Loss: 14.1033| V Acc: 0.2766| V MSE: 0.1336| CS: ({'0': 0.91, '1': 0.99, '2': 0.88, '3': 1.0, '4': 0.95, '5': 0.94, '6': 0.91, '7': 0.95, '8': 0.95, '9': 0.98}, 0.95)
Test | NLL Loss: 14.612357 | Acc: 0.2769 | MSE: 0.13346023919483344| CS: ({'0': 0.94, '1': 0.95, '2': 0.92, '3': 0.94, '4': 0.9, '5': 0.96, '6': 0.92, '7': 0.96, '8': 0.95, '9': 0.96}, 0.94)
Train Epoch: 95 | Loss: 0.624401 | Acc: 0.8725| MSE: 0.0205 || V Loss: 15.1541| V Acc: 0.2523| V MSE: 0.1386| CS: ({'0': 0.95, '1': 0.94, '2': 0.89, '3': 0.93, '4': 0.9, '5': 0.96, '6': 0.96, '7': 0.94, '8': 0.95, '9': 0.99}, 0.94)
Test | NLL Loss: 14.603973 | Acc: 0.2710 | MSE: 0.13439877873982864| CS: ({'0': 0.94, '1': 0.96, '2': 0.91, '3': 0.92, '4': 0.92, '5': 0.95, '6': 0.9, '7': 0.96, '8': 0.93, '9': 0.95}, 0.93)
Train Epoch: 96 | Loss: 0.498737 | Acc: 0.8924| MSE: 0.0174 || V Loss: 14.0485| V Acc: 0.2441| V MSE: 0.1378| CS: ({'0': 0.9, '1': 0.97, '2': 0.84, '3': 0.9, '4': 0.9, '5': 0.95, '6': 0.92, '7': 0.97, '8': 0.99, '9': 0.97}, 0.93)
Test | NLL Loss: 14.451099 | Acc: 0.2593 | MSE: 0.1364635878001539| CS: ({'0': 0.93, '1': 0.96, '2': 0.92, '3': 0.93, '4': 0.91, '5': 0.96, '6': 0.94, '7': 0.96, '8': 0.94, '9': 0.96}, 0.94)
Train Epoch: 97 | Loss: 0.391000 | Acc: 0.9091| MSE: 0.0146 || V Loss: 14.8216| V Acc: 0.2484| V MSE: 0.1388| CS: ({'0': 0.96, '1': 0.95, '2': 0.79, '3': 0.94, '4': 0.93, '5': 0.97, '6': 0.91, '7': 0.95, '8': 0.91, '9': 0.98}, 0.93)
Test | NLL Loss: 14.870702 | Acc: 0.2655 | MSE: 0.13552635970016638| CS: ({'0': 0.94, '1': 0.96, '2': 0.94, '3': 0.92, '4': 0.92, '5': 0.96, '6': 0.9, '7': 0.96, '8': 0.94, '9': 0.97}, 0.94)
Train Epoch: 98 | Loss: 0.351548 | Acc: 0.9091| MSE: 0.0144 || V Loss: 14.2905| V Acc: 0.2641| V MSE: 0.1361| CS: ({'0': 0.96, '1': 0.96, '2': 0.92, '3': 0.95, '4': 0.88, '5': 0.95, '6': 0.87, '7': 0.98, '8': 0.92, '9': 0.95}, 0.93)
Test | NLL Loss: 14.867856 | Acc: 0.2768 | MSE: 0.13386782822898402| CS: ({'0': 0.95, '1': 0.96, '2': 0.9, '3': 0.91, '4': 0.91, '5': 0.96, '6': 0.94, '7': 0.96, '8': 0.95, '9': 0.96}, 0.94)
Train Epoch: 99 | Loss: 0.596463 | Acc: 0.8869| MSE: 0.0185 || V Loss: 15.6858| V Acc: 0.2473| V MSE: 0.1395| CS: ({'0': 0.95, '1': 1.0, '2': 0.9, '3': 0.99, '4': 0.85, '5': 0.93, '6': 0.9, '7': 0.96, '8': 0.96, '9': 0.99}, 0.94)
Test | NLL Loss: 14.941952 | Acc: 0.2728 | MSE: 0.13446749337374592| CS: ({'0': 0.95, '1': 0.95, '2': 0.9, '3': 0.93, '4': 0.9, '5': 0.95, '6': 0.92, '7': 0.96, '8': 0.95, '9': 0.97}, 0.94)
Train Epoch: 100 | Loss: 0.416721 | Acc: 0.9041| MSE: 0.0155 || V Loss: 15.2270| V Acc: 0.2590| V MSE: 0.1374| CS: ({'0': 0.83, '1': 0.95, '2': 0.85, '3': 0.99, '4': 0.82, '5': 0.97, '6': 0.85, '7': 0.94, '8': 0.99, '9': 1.0}, 0.92)
Test | NLL Loss: 15.335717 | Acc: 0.2643 | MSE: 0.13617378130507546| CS: ({'0': 0.93, '1': 0.96, '2': 0.91, '3': 0.93, '4': 0.91, '5': 0.95, '6': 0.9, '7': 0.95, '8': 0.96, '9': 0.96}, 0.94)
Test | NLL Loss: 15.329942 | Acc: 0.2642 | MSE: 0.13619699790930975| CS: ({'0': 0.93, '1': 0.96, '2': 0.91, '3': 0.93, '4': 0.91, '5': 0.95, '6': 0.9, '7': 0.95, '8': 0.96, '9': 0.96}, 0.94)
Took 415.32475185394287 seconds
